BER Performance of Bit-based Message Passing in MIMO Channel
Number of transmit antenna is 4
Number of receive antenna is 4
Maximum number of bits of simulation = 8000000

Eb/No     BER
0.000000 2.200485e-01 1.833449e-01 1.784972e-01 1.847299e-01 1.783241e-01 1.748615e-01 1.713989e-01 1.743421e-01 1.733033e-01 1.736496e-01 
1.000000 2.147436e-01 1.707875e-01 1.599512e-01 1.555250e-01 1.553724e-01 1.532357e-01 1.549145e-01 1.530830e-01 1.529304e-01 1.529304e-01 
2.000000 2.045218e-01 1.522869e-01 1.339657e-01 1.290281e-01 1.339657e-01 1.338358e-01 1.295478e-01 1.251299e-01 1.277287e-01 1.300676e-01 
3.000000 1.970787e-01 1.343141e-01 1.212955e-01 1.162151e-01 1.080652e-01 1.079594e-01 1.042549e-01 1.010796e-01 1.055250e-01 1.062659e-01 
4.000000 1.771688e-01 1.066823e-01 9.144197e-02 8.264947e-02 8.191676e-02 7.883939e-02 7.759379e-02 7.678781e-02 7.407679e-02 7.341735e-02 
5.000000 1.750129e-01 9.976768e-02 7.485803e-02 7.208312e-02 6.937274e-02 6.724316e-02 6.433918e-02 6.356479e-02 6.304853e-02 6.459732e-02 
6.000000 1.655961e-01 8.299075e-02 5.986639e-02 5.155875e-02 4.714800e-02 4.710517e-02 4.466427e-02 4.363652e-02 4.256595e-02 4.295135e-02 
7.000000 1.562865e-01 6.972332e-02 4.903105e-02 4.021714e-02 3.566425e-02 3.373803e-02 3.140322e-02 3.192855e-02 2.997315e-02 2.924352e-02 
8.000000 1.445389e-01 5.871014e-02 3.668214e-02 2.919599e-02 2.582722e-02 2.401183e-02 2.161626e-02 2.032490e-02 1.950142e-02 1.873409e-02 
9.000000 1.353711e-01 4.490811e-02 2.559327e-02 1.974975e-02 1.685030e-02 1.483183e-02 1.354938e-02 1.232269e-02 1.178740e-02 1.116290e-02 
10.000000 1.194715e-01 3.565829e-02 1.896459e-02 1.378075e-02 1.098946e-02 9.475534e-03 8.644228e-03 7.610165e-03 7.110030e-03 6.772101e-03 
11.000000 1.063323e-01 2.499478e-02 1.181843e-02 8.177396e-03 6.360611e-03 5.532426e-03 4.734085e-03 4.193154e-03 3.920823e-03 3.734294e-03 
12.000000 9.357110e-02 1.829977e-02 8.383359e-03 5.680011e-03 4.385485e-03 3.712133e-03 3.202771e-03 2.917031e-03 2.688439e-03 2.487179e-03 
13.000000 8.040943e-02 1.268374e-02 5.366030e-03 3.527199e-03 2.617188e-03 2.162905e-03 1.820023e-03 1.653646e-03 1.464120e-03 1.451100e-03 
14.000000 6.723881e-02 8.415761e-03 3.357395e-03 2.156442e-03 1.628241e-03 1.312775e-03 1.132768e-03 1.027310e-03 9.591258e-04 9.109422e-04 
15.000000 5.473338e-02 5.297176e-03 1.961060e-03 1.259397e-03 9.484028e-04 7.854523e-04 6.841865e-04 5.957717e-04 5.541345e-04 5.155816e-04 
16.000000 4.261326e-02 3.164869e-03 1.066296e-03 6.458624e-04 4.685856e-04 3.785098e-04 3.183795e-04 2.843615e-04 2.556139e-04 2.398028e-04 
Total elapsed time: 193753(sec)

BER Performance of Bit-based Message Passing in MIMO Channel
Number of transmit antenna is 4
Number of receive antenna is 4
Maximum number of bits of simulation = 8000000

Eb/No     BER
0.000000 2.259078e-01 1.824372e-01 1.813897e-01 1.799930e-01 1.775489e-01 1.730098e-01 1.754539e-01 1.735335e-01 1.707402e-01 1.710894e-01 1.763268e-01 1.730098e-01 1.721369e-01 1.702165e-01 1.665503e-01 1.758031e-01 1.761522e-01 1.733589e-01 1.737081e-01 1.751047e-01 
1.000000 2.068470e-01 1.649885e-01 1.520426e-01 1.493096e-01 1.454258e-01 1.504603e-01 1.481588e-01 1.475834e-01 1.493096e-01 1.431243e-01 1.403913e-01 1.464327e-01 1.426928e-01 1.439873e-01 1.385213e-01 1.452819e-01 1.444189e-01 1.447066e-01 1.448504e-01 1.441312e-01 
2.000000 2.152985e-01 1.557214e-01 1.388060e-01 1.325871e-01 1.268657e-01 1.303483e-01 1.242537e-01 1.269900e-01 1.277363e-01 1.283582e-01 1.272388e-01 1.233831e-01 1.262438e-01 1.271144e-01 1.291045e-01 1.272388e-01 1.247512e-01 1.237562e-01 1.247512e-01 1.245025e-01 
3.000000 1.974199e-01 1.261728e-01 1.050625e-01 1.006646e-01 1.005668e-01 9.910086e-02 1.007623e-01 9.812353e-02 9.900313e-02 9.704848e-02 9.841673e-02 9.880766e-02 9.734167e-02 9.636435e-02 9.538702e-02 9.421423e-02 9.998045e-02 9.636435e-02 9.724394e-02 9.783034e-02 
4.000000 1.913051e-01 1.185233e-01 9.836464e-02 9.358808e-02 8.945920e-02 9.043070e-02 8.743523e-02 8.354922e-02 8.095855e-02 8.282060e-02 8.500648e-02 8.411593e-02 8.452073e-02 7.950130e-02 7.739637e-02 8.031088e-02 8.176813e-02 8.136334e-02 7.925842e-02 8.103951e-02 
5.000000 1.732331e-01 9.860623e-02 7.698639e-02 7.067603e-02 6.946883e-02 6.749342e-02 6.414618e-02 6.162204e-02 6.074407e-02 6.008560e-02 5.832968e-02 5.843942e-02 5.904302e-02 5.811018e-02 5.832968e-02 5.843942e-02 5.684811e-02 5.778095e-02 5.607989e-02 5.503731e-02 
6.000000 1.577869e-01 7.976900e-02 5.663189e-02 4.862146e-02 4.582712e-02 4.433681e-02 4.225037e-02 4.146796e-02 4.076006e-02 4.079732e-02 3.833830e-02 3.818927e-02 3.733234e-02 3.796572e-02 3.755589e-02 3.755589e-02 3.748137e-02 3.643815e-02 3.662444e-02 3.729508e-02 
7.000000 1.531614e-01 6.819163e-02 4.453496e-02 3.924795e-02 3.431161e-02 3.196483e-02 3.102072e-02 2.975291e-02 2.861998e-02 2.810747e-02 2.783772e-02 2.713638e-02 2.832326e-02 2.845814e-02 2.897065e-02 2.751403e-02 2.778377e-02 2.651597e-02 2.702849e-02 2.700151e-02 
8.000000 1.460885e-01 5.649388e-02 3.305342e-02 2.673949e-02 2.296692e-02 2.140422e-02 1.938376e-02 1.845246e-02 1.745801e-02 1.712653e-02 1.592688e-02 1.553226e-02 1.527971e-02 1.632151e-02 1.600581e-02 1.622680e-02 1.548491e-02 1.565854e-02 1.556383e-02 1.580061e-02 
9.000000 1.347970e-01 4.643800e-02 2.793705e-02 2.116162e-02 1.747999e-02 1.581965e-02 1.464401e-02 1.337555e-02 1.190083e-02 1.152958e-02 1.131301e-02 1.123051e-02 1.065300e-02 1.066331e-02 1.034362e-02 1.039518e-02 1.015799e-02 1.060144e-02 1.003424e-02 1.033331e-02 
10.000000 1.196844e-01 3.362583e-02 1.732828e-02 1.230950e-02 1.001058e-02 8.656046e-03 7.679273e-03 7.112637e-03 6.648534e-03 6.362518e-03 6.135863e-03 5.946984e-03 5.650175e-03 5.736519e-03 5.504468e-03 5.580020e-03 5.385745e-03 5.477486e-03 5.347969e-03 5.412727e-03 
11.000000 1.071466e-01 2.532803e-02 1.232733e-02 8.742364e-03 6.981853e-03 6.067742e-03 5.334196e-03 4.976827e-03 4.574318e-03 4.378705e-03 4.100334e-03 4.104096e-03 3.885913e-03 3.968672e-03 3.784345e-03 3.859580e-03 3.735442e-03 3.735442e-03 3.679015e-03 3.769298e-03 
12.000000 9.420809e-02 1.820491e-02 8.290056e-03 5.587720e-03 4.170504e-03 3.517565e-03 3.055224e-03 2.781594e-03 2.553254e-03 2.419270e-03 2.239995e-03 2.175833e-03 2.081478e-03 2.021090e-03 1.960703e-03 1.938058e-03 1.953154e-03 1.934283e-03 1.875783e-03 1.888993e-03 
13.000000 8.091050e-02 1.297298e-02 5.591151e-03 3.611581e-03 2.709945e-03 2.208756e-03 1.898976e-03 1.735272e-03 1.605567e-03 1.540085e-03 1.444381e-03 1.420455e-03 1.381417e-03 1.378899e-03 1.360010e-03 1.332306e-03 1.304602e-03 1.305861e-03 1.294528e-03 1.260527e-03 
14.000000 6.728532e-02 8.356225e-03 3.308085e-03 2.104586e-03 1.565981e-03 1.282002e-03 1.129090e-03 1.002119e-03 9.318068e-04 8.690037e-04 8.164402e-04 8.102964e-04 7.747990e-04 7.584156e-04 7.283794e-04 7.427148e-04 7.160918e-04 7.085827e-04 6.962952e-04 6.846902e-04 
15.000000 5.441650e-02 5.398450e-03 1.970419e-03 1.235397e-03 9.214971e-04 7.400725e-04 6.316840e-04 5.706911e-04 5.221299e-04 4.980436e-04 4.661874e-04 4.537558e-04 4.327773e-04 4.320003e-04 4.117989e-04 4.106334e-04 4.028636e-04 4.005327e-04 3.943169e-04 3.888780e-04 
16.000000 4.274907e-02 3.201529e-03 1.102322e-03 6.874005e-04 5.042315e-04 4.188491e-04 3.529000e-04 3.156874e-04 2.861240e-04 2.666907e-04 2.547000e-04 2.435362e-04 2.298915e-04 2.253433e-04 2.199681e-04 2.176940e-04 2.116987e-04 2.129391e-04 2.081841e-04 2.069437e-04 
