BER Performance of Bit-based Message Passing in MIMO Channel
Receiver Channel Selection
Number of transmit antenna is 2
Number of receive antenna is 2
Maximum Doppler frequency: 810.185185
Channel fading rate: 0.074075
Maximum number of bits of simulation = 122880

Eb/No     BER
0.000000:
2.553711e-001 
2.259521e-001 
2.186279e-001 
2.189941e-001 
2.193604e-001 
2.191162e-001 

5.000000:
2.086182e-001 
1.464844e-001 
1.312256e-001 
1.282959e-001 
1.284180e-001 
1.273193e-001 

10.000000:
1.527100e-001 
6.742350e-002 
5.045573e-002 
4.504395e-002 
4.207357e-002 
4.121908e-002 

15.000000:
1.189209e-001 
3.571777e-002 
1.972656e-002 
1.571045e-002 
1.406250e-002 
1.320801e-002 

20.000000:
9.615072e-002 
2.377116e-002 
1.143392e-002 
7.161458e-003 
5.843099e-003 
5.143229e-003 

25.000000:
8.228353e-002 
1.817220e-002 
8.577474e-003 
6.087240e-003 
4.711914e-003 
3.849284e-003 

30.000000:
7.802734e-002 
1.582845e-002 
6.665039e-003 
4.231771e-003 
3.483073e-003 
3.116862e-003 

35.000000:
6.195068e-002 
2.172852e-002 
3.887939e-002 
6.072998e-002 
7.952881e-002 
9.729004e-002 

40.000000:
5.725098e-002 
1.278076e-001 
2.349854e-001 
3.026123e-001 
3.488770e-001 
3.839111e-001 

Total elapsed time: 1729(sec)

