BER Performance of Bit-based Message Passinlg in MIMO Channel
Gallager (20, 7) LDPC code
Dimension of Parity Check matrix: (15,20)
Column Weight = 3, Row Weight = 4
Number of transmit antenna is 4
Number of receive antenna is 4
Vehicular speed: 250.000000 km/h
Maximum Doppler frequency: 578.703704
Channel fading rate: 0.059525
Maximum number of bits of simulation = 1022500

Eb/No     BER
0.000000:
2.254279e-001 1.960880e-001 1.904645e-001 1.867971e-001 1.790954e-001 1.751834e-001 1.737164e-001 1.755501e-001 1.744499e-001 1.764059e-001 

2.000000:
1.781174e-001 1.298900e-001 1.118582e-001 9.651589e-002 9.070905e-002 8.838631e-002 9.052567e-002 8.991443e-002 8.954768e-002 8.734719e-002 

4.000000:
1.420782e-001 6.955990e-002 3.990220e-002 2.672372e-002 2.618582e-002 2.841076e-002 2.772616e-002 2.616137e-002 2.594132e-002 2.545232e-002 

6.000000:
1.221170e-001 3.945599e-002 1.378362e-002 9.973513e-003 1.105338e-002 1.162388e-002 1.118582e-002 1.054401e-002 1.034026e-002 1.029951e-002 

8.000000:
8.220441e-002 8.958918e-003 1.438317e-003 1.432280e-003 1.658668e-003 1.655649e-003 1.556039e-003 1.636029e-003 1.622446e-003 1.533400e-003 

10.000000:
6.025721e-002 1.547188e-003 3.716381e-004 4.009780e-004 3.638142e-004 3.403423e-004 3.432763e-004 3.599022e-004 3.550122e-004 3.530562e-004 

12.000000:
4.271785e-002 1.731051e-004 9.975550e-005 8.508557e-005 8.019560e-005 7.921760e-005 7.432763e-005 7.921760e-005 6.943765e-005 7.237164e-005 

14.000000:
2.750122e-002 1.564792e-005 3.129584e-005 1.955990e-005 1.662592e-005 1.271394e-005 1.955990e-005 1.662592e-005 1.369193e-005 1.369193e-005 

