BER Performance of Bit-based Message Passinlg in MIMO Channel
Gallager (20, 7) LDPC code
Dimension of Parity Check matrix: (15,20)
Column Weight = 3, Row Weight = 4
Number of transmit antenna is 2
Number of receive antenna is 2
Vehicular speed: 500.000000 km/h
Maximum Doppler frequency: 1157.407407
Channel fading rate: 0.119051
Maximum number of bits of simulation = 1022500

Eb/No     BER
BER Performance of Bit-based Message Passinlg in MIMO Channel
Gallager (20, 7) LDPC code
Dimension of Parity Check matrix: (15,20)
Column Weight = 3, Row Weight = 4
Number of transmit antenna is 2
Number of receive antenna is 2
Vehicular speed: 500.000000 km/h
Maximum Doppler frequency: 1157.407407
Channel fading rate: 0.119051
Maximum number of bits of simulation = 1022500

Eb/No     BER
0.000000:
3.053056e-001 
2.785330e-001 
2.703667e-001 
2.650856e-001 
2.625428e-001 
2.627873e-001 
2.598533e-001 
2.587775e-001 
2.589731e-001 
2.586064e-001 

2.000000:
2.774654e-001 
2.451711e-001 
2.351059e-001 
2.294621e-001 
2.256316e-001 
2.237775e-001 
2.214955e-001 
2.194580e-001 
2.202526e-001 
2.202323e-001 

4.000000:
2.480440e-001 
1.932220e-001 
1.721407e-001 
1.574980e-001 
1.502445e-001 
1.447433e-001 
1.443629e-001 
1.454496e-001 
1.453817e-001 
1.441184e-001 

6.000000:
2.067665e-001 
1.312225e-001 
9.717604e-002 
7.709658e-002 
6.968826e-002 
6.780562e-002 
6.783007e-002 
6.760391e-002 
6.641809e-002 
6.536675e-002 

8.000000:
1.895681e-001 
1.064711e-001 
6.791769e-002 
5.021190e-002 
4.368786e-002 
4.330481e-002 
4.352486e-002 
4.299511e-002 
4.219641e-002 
4.169927e-002 

10.000000:
1.697108e-001 
6.863322e-002 
3.032539e-002 
1.828458e-002 
1.634067e-002 
1.633010e-002 
1.632407e-002 
1.596336e-002 
1.536569e-002 
1.511063e-002 

12.000000:
1.507844e-001 
4.317164e-002 
1.395208e-002 
8.952567e-003 
8.085086e-003 
7.979462e-003 
7.873839e-003 
7.442543e-003 
7.309535e-003 
7.095355e-003 

14.000000:
1.313966e-001 
2.461320e-002 
4.682641e-003 
3.206846e-003 
2.891932e-003 
2.758924e-003 
2.661125e-003 
2.597555e-003 
2.378484e-003 
2.303178e-003 

16.000000:
1.240753e-001 
2.012029e-002 
3.901222e-003 
2.625917e-003 
2.265037e-003 
1.948166e-003 
1.874817e-003 
1.753545e-003 
1.646944e-003 
1.527628e-003 

Total elapsed time: 39041(sec)

BER Performance of Bit-based Message Passinlg in MIMO Channel
Gallager (20, 7) LDPC code
Dimension of Parity Check matrix: (15,20)
Column Weight = 3, Row Weight = 4
Number of transmit antenna is 2
Number of receive antenna is 2
Vehicular speed: 500.000000 km/h
Maximum Doppler frequency: 1157.407407
Channel fading rate: 0.119051
Maximum number of bits of simulation = 1022500

Eb/No     BER
0.000000:
3.285819e-001 
3.154768e-001 
3.116137e-001 
3.085819e-001 
3.087775e-001 
3.074083e-001 
3.075795e-001 
3.067971e-001 
3.068215e-001 
3.067237e-001 

2.000000:
2.534535e-001 
2.126528e-001 
1.974022e-001 
1.887378e-001 
1.811736e-001 
1.751987e-001 
1.730134e-001 
1.725856e-001 
1.745721e-001 
1.742054e-001 

4.000000:
2.318960e-001 
1.757279e-001 
1.516115e-001 
1.387531e-001 
1.308068e-001 
1.274728e-001 
1.270727e-001 
1.259280e-001 
1.259947e-001 
1.256168e-001 

6.000000:
2.107885e-001 
1.433833e-001 
1.146394e-001 
9.850244e-002 
9.073197e-002 
8.766809e-002 
8.573502e-002 
8.468826e-002 
8.395477e-002 
8.266351e-002 

8.000000:
1.911088e-001 
9.982819e-002 
5.978986e-002 
4.150532e-002 
3.557788e-002 
3.546884e-002 
3.580255e-002 
3.533007e-002 
3.450737e-002 
3.354259e-002 

10.000000:
1.726144e-001 
7.276851e-002 
3.375146e-002 
2.103575e-002 
1.872010e-002 
1.910988e-002 
1.910634e-002 
1.867935e-002 
1.831083e-002 
1.803090e-002 

12.000000:
1.470377e-001 
4.345232e-002 
1.434914e-002 
8.076284e-003 
7.305623e-003 
7.324205e-003 
7.153056e-003 
6.975061e-003 
6.822494e-003 
6.586797e-003 

14.000000:
1.291130e-001 
2.206455e-002 
4.146699e-003 
2.735452e-003 
2.455746e-003 
2.311980e-003 
2.212225e-003 
2.122249e-003 
2.029340e-003 
1.942298e-003 

16.000000:
1.115980e-001 
1.420342e-002 
2.666993e-003 
1.827873e-003 
1.460147e-003 
1.295844e-003 
1.253790e-003 
1.106112e-003 
1.075795e-003 
1.066993e-003 

Total elapsed time: 38460(sec)

