0 1465
1 929
2 529
3 1846
4 856
5 1029
6 1613
7 1721
8 798
9 674
10 1263
11 1995
12 181
13 889
14 2046
15 1388
16 1304
17 271
18 492
19 988
20 1099
21 584
22 635
23 1905
24 145
25 743
26 37
27 459
28 73
29 707
30 1571
31 1347
32 404
33 343
34 1160
35 238
36 1686
37 1529
38 1456
39 847
40 537
41 781
42 1609
43 1744
44 2014
45 1211
46 1795
47 1845
48 1060
49 1948
50 1287
51 1398
52 897
53 1023
54 991
55 504
56 628
57 1247
58 935
59 1100
60 749
61 155
62 712
63 12
64 275
65 374
66 1644
67 585
68 1137
69 1702
70 1552
71 1507
72 1877
73 434
74 1589
75 845
76 1745
77 2031
78 71
79 1843
80 806
81 1197
82 1952
83 321
84 1809
85 670
86 1455
87 538
88 890
89 973
90 1401
91 237
92 204
93 154
94 1084
95 1330
96 1008
97 38
98 378
99 1911
100 1295
101 1648
102 621
103 1505
104 1118
105 491
106 1879
107 276
108 429
109 1615
110 1731
111 1582
112 1697
113 1233
114 780
115 827
116 1179
117 98
118 1435
119 565
120 662
121 881
122 1953
123 1367
124 218
125 2016
126 142
127 697
128 1328
129 1844
130 946
131 1763
132 319
133 66
134 371
135 1061
136 1536
137 1291
138 1876
139 600
140 9
141 1796
142 1504
143 745
144 1682
145 448
146 1914
147 1221
148 523
149 1472
150 1433
151 1000
152 1104
153 99
154 650
155 1617
156 1149
157 1188
158 229
159 153
160 809
161 1323
162 2023
163 490
164 861
165 563
166 390
167 278
168 954
169 1046
170 1839
171 1746
172 1375
173 1285
174 1971
175 1873
176 915
177 435
178 1909
179 685
180 1792
181 1475
182 51
183 1530
184 341
185 1569
186 8
187 1095
188 1710
189 1227
190 525
191 126
192 624
193 719
194 176
195 821
196 1663
197 221
198 477
199 281
200 872
201 1342
202 786
203 2010
204 971
205 394
206 1966
207 1386
208 1872
209 1284
210 86
211 572
212 440
213 1170
214 930
215 2044
216 1627
217 1128
218 318
219 1043
220 1462
221 1566
222 41
223 1220
224 615
225 1708
226 1923
227 160
228 1765
229 1511
230 1804
231 509
232 878
233 231
234 1659
235 649
236 800
237 124
238 199
239 387
240 842
241 1999
242 1256
243 269
244 443
245 1335
246 750
247 88
248 1598
249 1187
250 1422
251 1054
252 1116
253 1382
254 2037
255 987
256 1467
257 706
258 31
259 1223
260 305
261 1543
262 1787
263 1918
264 1741
265 156
266 1701
267 936
268 551
269 495
270 875
271 1662
272 225
273 598
274 1865
275 652
276 804
277 1257
278 355
279 419
280 1599
281 760
282 64
283 265
284 455
285 1974
286 1127
287 1314
288 1397
289 684
290 1451
291 1201
292 28
293 1013
294 720
295 1560
296 1933
297 109
298 1761
299 1045
300 937
301 543
302 185
303 315
304 905
305 1800
306 1700
307 2029
308 808
309 1252
310 489
311 1650
312 398
313 230
314 1526
315 773
316 1348
317 644
318 457
319 1881
320 1109
321 858
322 366
323 1154
324 1991
325 14
326 700
327 1596
328 999
329 1194
330 1414
331 103
332 596
333 1834
334 1077
335 1381
336 535
337 1758
338 925
339 303
340 738
341 1942
342 263
343 959
344 2041
345 189
346 1790
347 772
348 222
349 1301
350 1676
351 1868
352 1521
353 1559
354 1226
355 1157
356 639
357 32
358 362
359 1120
360 453
361 1269
362 1629
363 1901
364 400
365 814
366 860
367 580
368 123
369 1442
370 1833
371 1006
372 1055
373 1392
374 499
375 932
376 80
377 163
378 702
379 747
380 310
381 1487
382 893
383 1309
384 1669
385 246
386 1722
387 1979
388 1204
389 1585
390 1525
391 1088
392 346
393 1151
394 48
395 2021
396 541
397 1912
398 825
399 623
400 202
401 1454
402 668
403 385
404 10
405 1276
406 1031
407 1813
408 418
409 112
410 506
411 715
412 1620
413 1416
414 291
415 147
416 892
417 1370
418 859
419 1720
420 1320
421 1967
422 1523
423 1219
424 1764
425 1168
426 1114
427 1674
428 1856
429 575
430 1928
431 76
432 1573
433 227
434 540
435 620
436 26
437 332
438 768
439 364
440 995
441 1485
442 816
443 476
444 678
445 729
446 1453
447 939
448 127
449 1641
450 1049
451 1355
452 1718
453 874
454 282
455 1989
456 1255
457 1316
458 1217
459 1132
460 1165
461 1520
462 1821
463 586
464 1855
465 405
466 2039
467 907
468 233
469 1565
470 630
471 323
472 18
473 1601
474 1097
475 774
476 545
477 83
478 811
479 669
480 166
481 128
482 975
483 449
484 1402
485 1483
486 1637
487 1977
488 1026
489 1290
490 1926
491 1231
492 869
493 710
494 1349
495 1793
496 1849
497 1143
498 502
499 1684
500 262
501 1730
502 375
503 1192
504 30
505 927
506 1887
507 766
508 558
509 211
510 1557
511 591
512 1062
513 1098
514 1591
515 65
516 159
517 430
518 1424
519 1384
520 295
521 1466
522 1498
523 978
524 1014
525 1239
526 1628
527 1278
528 1772
529 466
530 672
531 521
532 876
533 1142
534 1310
535 1810
536 1997
537 631
538 1725
539 779
540 345
541 1950
542 377
543 1858
544 120
545 13
546 711
547 839
548 1691
549 588
550 1351
551 1577
552 297
553 926
554 2033
555 1064
556 226
557 46
558 1632
559 1409
560 1535
561 462
562 986
563 174
564 526
565 671
566 1182
567 1107
568 1258
569 883
570 1990
571 771
572 1812
573 1020
574 1771
575 1145
576 1850
577 89
578 342
579 1915
580 846
581 574
582 637
583 1499
584 409
585 928
586 1739
587 1956
588 1460
589 722
590 56
591 1294
592 1357
593 465
594 1653
595 228
596 3
597 184
598 1177
599 688
600 1572
601 1604
602 1696
603 1399
604 1532
605 2006
606 1241
607 1138
608 279
609 794
610 365
611 1059
612 1789
613 1863
614 1898
615 516
616 643
617 397
618 911
619 144
620 590
621 1458
622 85
623 828
624 1091
625 732
626 964
627 224
628 1277
629 1
630 43
631 1658
632 1190
633 1326
634 676
635 870
636 1935
637 1826
638 331
639 1510
640 1570
641 1373
642 363
643 436
644 2028
645 473
646 1410
647 1234
648 1859
649 527
650 1133
651 170
652 784
653 289
654 1041
655 1774
656 568
657 1614
658 1717
659 213
660 718
661 84
662 609
663 1283
664 1196
665 27
666 1448
667 948
668 1327
669 1975
670 838
671 677
672 1902
673 1652
674 401
675 1491
676 1551
677 137
678 1076
679 356
680 984
681 1372
682 1110
683 461
684 899
685 260
686 1830
687 767
688 564
689 311
690 1685
691 2011
692 1864
693 505
694 1608
695 602
696 1021
697 1243
698 1934
699 190
700 33
701 938
702 1189
703 96
704 864
705 1432
706 708
707 1493
708 640
709 1734
710 830
711 1075
712 1313
713 408
714 1139
715 376
716 1380
717 1528
718 1783
719 261
720 470
721 316
722 751
723 1985
724 1563
725 1816
726 976
727 1861
728 571
729 1665
730 1924
731 136
732 2
733 2045
734 1265
735 919
736 1205
737 1597
738 694
739 1488
740 35
741 795
742 868
743 1427
744 622
745 1322
746 93
747 1035
748 1086
749 659
750 1364
751 1736
752 1773
753 488
754 426
755 214
756 1164
757 1823
758 966
759 1558
760 1698
761 1857
762 1998
763 134
764 1647
765 561
766 1955
767 307
768 1262
769 383
770 835
771 2038
772 20
773 250
774 1522
775 724
776 877
777 1468
778 102
779 62
780 1893
781 1412
782 933
783 1202
784 690
785 1374
786 444
787 1600
788 1140
789 1340
790 1754
791 169
792 1009
793 1692
794 977
795 1994
796 503
797 1817
798 612
799 349
800 1945
801 560
802 757
803 1271
804 403
805 272
806 309
807 1639
808 1065
809 1550
810 25
811 129
812 823
813 1406
814 1913
815 2030
816 69
817 1445
818 451
819 686
820 910
821 1481
822 1308
823 197
824 1584
825 1210
826 994
827 1693
828 721
829 1983
830 1360
831 507
832 1820
833 1727
834 347
835 1156
836 1111
837 1779
838 597
839 776
840 629
841 290
842 164
843 958
844 1245
845 1951
846 851
847 1058
848 1538
849 2034
850 92
851 384
852 906
853 1470
854 1875
855 1621
856 1302
857 200
858 251
859 683
860 34
861 726
862 1371
863 487
864 132
865 531
866 1838
867 1425
868 810
869 1801
870 1150
871 2000
872 1004
873 566
874 633
875 1729
876 1339
877 765
878 328
879 284
880 1929
881 1548
882 1186
883 1508
884 1038
885 1687
886 957
887 425
888 1651
889 175
890 1587
891 2042
892 67
893 1261
894 1769
895 703
896 7
897 484
898 601
899 1394
900 1079
901 518
902 1440
903 1878
904 901
905 1970
906 836
907 135
908 1831
909 234
910 754
911 337
912 796
913 1333
914 1545
915 2002
916 298
917 392
918 1001
919 1155
920 439
921 1299
922 1206
923 1512
924 1586
925 58
926 1123
927 1638
928 1777
929 1740
930 183
931 567
932 716
933 5
934 1415
935 1919
936 916
937 2036
938 1242
939 666
940 141
941 1036
942 963
943 1835
944 785
945 1699
946 330
947 611
948 242
949 871
950 1961
951 95
952 1174
953 1874
954 395
955 1469
956 1336
957 60
958 517
959 1070
960 280
961 1759
962 432
963 1279
964 1549
965 570
966 23
967 191
968 727
969 1368
970 1631
971 1515
972 1122
973 660
974 1920
975 138
976 801
977 1842
978 1405
979 1218
980 2013
981 480
982 982
983 106
984 357
985 317
986 841
987 1473
988 885
989 1798
990 1666
991 223
992 1724
993 1069
994 63
995 942
996 1595
997 389
998 569
999 1884
1000 536
1001 1032
1002 1282
1003 1185
1004 1756
1005 667
1006 447
1007 1527
1008 742
1009 1922
1010 1980
1011 1228
1012 616
1013 497
1014 4
1015 1430
1016 1359
1017 108
1018 1141
1019 1102
1020 884
1021 850
1022 778
1023 283
1024 1642
1025 205
1026 989
1027 934
1028 1828
1029 1689
1030 2047
1031 1393
1032 1871
1033 1053
1034 1325
1035 2015
1036 140
1037 1751
1038 1464
1039 692
1040 324
1041 1574
1042 1938
1043 1249
1044 733
1045 469
1046 513
1047 386
1048 1358
1049 589
1050 1533
1051 97
1052 54
1053 896
1054 420
1055 253
1056 1656
1057 797
1058 16
1059 1124
1060 1785
1061 288
1062 180
1063 833
1064 1880
1065 1712
1066 1068
1067 548
1068 1420
1069 1180
1070 1832
1071 2007
1072 648
1073 146
1074 1019
1075 1236
1076 1592
1077 741
1078 680
1079 931
1080 1383
1081 1949
1082 979
1083 1280
1084 1471
1085 1337
1086 327
1087 485
1088 1748
1089 255
1090 380
1091 1503
1092 74
1093 428
1094 775
1095 894
1096 1677
1097 1544
1098 605
1099 1625
1100 1106
1101 1153
1102 40
1103 6
1104 1419
1105 1906
1106 1825
1107 192
1108 1984
1109 125
1110 651
1111 549
1112 1782
1113 837
1114 1005
1115 1274
1116 941
1117 1232
1118 1317
1119 296
1120 1377
1121 1713
1122 241
1123 360
1124 1489
1125 2025
1126 1579
1127 510
1128 458
1129 1657
1130 882
1131 1944
1132 698
1133 783
1134 617
1135 414
1136 1622
1137 1087
1138 1896
1139 1200
1140 50
1141 90
1142 1534
1143 1040
1144 1797
1145 1147
1146 550
1147 11
1148 920
1149 173
1150 1421
1151 1007
1152 1341
1153 961
1154 1988
1155 313
1156 820
1157 207
1158 1760
1159 1240
1160 1567
1161 1289
1162 1478
1163 1852
1164 354
1165 704
1166 1941
1167 764
1168 277
1169 627
1170 1716
1171 873
1172 1892
1173 393
1174 59
1175 454
1176 1633
1177 91
1178 532
1179 1112
1180 1681
1181 1057
1182 1518
1183 1418
1184 2035
1185 1166
1186 1002
1187 1331
1188 578
1189 208
1190 1987
1191 158
1192 1568
1193 923
1194 1369
1195 245
1196 359
1197 498
1198 1477
1199 1293
1200 1230
1201 803
1202 641
1203 1925
1204 1840
1205 753
1206 1753
1207 411
1208 45
1209 705
1210 955
1211 1808
1212 78
1213 463
1214 1080
1215 1403
1216 1886
1217 852
1218 1719
1219 325
1220 2020
1221 554
1222 1664
1223 196
1224 1121
1225 904
1226 1169
1227 1018
1228 273
1229 1338
1230 1554
1231 1623
1232 1986
1233 1292
1234 632
1235 1208
1236 1438
1237 148
1238 1506
1239 1853
1240 15
1241 1930
1242 1752
1243 734
1244 952
1245 770
1246 379
1247 116
1248 695
1249 467
1250 592
1251 1885
1252 1818
1253 47
1254 308
1255 1588
1256 2024
1257 840
1258 908
1259 1244
1260 1130
1261 257
1262 1356
1263 1675
1264 533
1265 1078
1266 1298
1267 1025
1268 647
1269 1555
1270 182
1271 427
1272 1457
1273 1203
1274 1502
1275 737
1276 1946
1277 1171
1278 391
1279 117
1280 1732
1281 217
1282 1396
1283 471
1284 689
1285 53
1286 1883
1287 1616
1288 593
1289 791
1290 299
1291 1246
1292 891
1293 1822
1294 1786
1295 1670
1296 539
1297 1345
1298 947
1299 259
1300 350
1301 1556
1302 1981
1303 21
1304 165
1305 832
1306 1103
1307 2027
1308 1039
1309 1431
1310 399
1311 645
1312 1750
1313 209
1314 1495
1315 1178
1316 101
1317 1927
1318 442
1319 1146
1320 1714
1321 481
1322 756
1323 577
1324 1214
1325 1851
1326 1811
1327 981
1328 1654
1329 1253
1330 1350
1331 895
1332 285
1333 610
1334 1387
1335 326
1336 528
1337 1612
1338 1537
1339 2005
1340 1315
1341 1037
1342 42
1343 1436
1344 831
1345 1757
1346 248
1347 1108
1348 679
1349 717
1350 1891
1351 133
1352 188
1353 1163
1354 863
1355 407
1356 479
1357 1212
1358 762
1359 0
1360 1940
1361 1848
1362 1803
1363 1264
1364 993
1365 82
1366 1575
1367 372
1368 1690
1369 1354
1370 1610
1371 2032
1372 1541
1373 1311
1374 1071
1375 557
1376 1426
1377 802
1378 254
1379 515
1380 1463
1381 709
1382 1033
1383 1976
1384 114
1385 1770
1386 626
1387 918
1388 1655
1389 663
1390 1890
1391 193
1392 1148
1393 956
1394 314
1395 431
1396 862
1397 68
1398 1576
1399 1270
1400 369
1401 24
1402 483
1403 1390
1404 1814
1405 1737
1406 1090
1407 161
1408 1181
1409 552
1410 752
1411 1847
1412 1452
1413 252
1414 1238
1415 799
1416 2001
1417 1484
1418 1047
1419 1963
1420 1306
1421 1694
1422 1646
1423 113
1424 1144
1425 212
1426 286
1427 450
1428 854
1429 950
1430 1519
1431 1904
1432 701
1433 998
1434 382
1435 336
1436 1376
1437 914
1438 1784
1439 1564
1440 618
1441 149
1442 79
1443 555
1444 1611
1445 1819
1446 665
1447 22
1448 501
1449 1096
1450 1259
1451 1996
1452 1733
1453 415
1454 1482
1455 769
1456 1158
1457 1937
1458 1050
1459 1413
1460 1213
1461 249
1462 849
1463 1307
1464 1903
1465 817
1466 1449
1467 970
1468 367
1469 301
1470 699
1471 1781
1472 587
1473 1344
1474 887
1475 1516
1476 57
1477 130
1478 1602
1479 1634
1480 625
1481 17
1482 1695
1483 2043
1484 1268
1485 1728
1486 1827
1487 186
1488 333
1489 731
1490 1173
1491 1561
1492 1117
1493 658
1494 1034
1495 782
1496 1960
1497 924
1498 1443
1499 1082
1500 1391
1501 486
1502 960
1503 244
1504 1762
1505 573
1506 1352
1507 1862
1508 424
1509 1494
1510 534
1511 118
1512 1235
1513 1626
1514 1907
1515 1794
1516 75
1517 1680
1518 2040
1519 853
1520 996
1521 1829
1522 29
1523 1296
1524 1198
1525 681
1526 1119
1527 353
1528 1982
1529 1723
1530 162
1531 1542
1532 1073
1533 1590
1534 300
1535 777
1536 267
1537 1439
1538 388
1539 595
1540 638
1541 736
1542 917
1543 542
1544 1486
1545 1237
1546 493
1547 1867
1548 61
1549 1630
1550 433
1551 1767
1552 815
1553 194
1554 121
1555 1395
1556 1805
1557 949
1558 1167
1559 1300
1560 865
1561 1726
1562 1954
1563 983
1564 352
1565 1056
1566 2019
1567 1115
1568 236
1569 302
1570 1900
1571 1668
1572 1346
1573 675
1574 1450
1575 1016
1576 1594
1577 1553
1578 594
1579 546
1580 19
1581 913
1582 1260
1583 500
1584 713
1585 1497
1586 157
1587 763
1588 1866
1589 77
1590 636
1591 410
1592 880
1593 1636
1594 1965
1595 818
1596 967
1597 1195
1598 464
1599 119
1600 1083
1601 215
1602 1136
1603 1688
1604 344
1605 1755
1606 1788
1607 268
1608 1022
1609 1329
1610 1562
1611 1379
1612 39
1613 1916
1614 1251
1615 1428
1616 603
1617 1297
1618 2018
1619 746
1620 514
1621 553
1622 306
1623 655
1624 421
1625 152
1626 1882
1627 1973
1628 807
1629 1199
1630 902
1631 965
1632 848
1633 714
1634 1496
1635 195
1636 381
1637 1640
1638 1678
1639 1135
1640 115
1641 1799
1642 1742
1643 1606
1644 1052
1645 52
1646 1939
1647 1429
1648 607
1649 1248
1650 468
1651 1531
1652 1003
1653 235
1654 348
1655 761
1656 1281
1657 654
1658 1860
1659 1318
1660 416
1661 530
1662 1361
1663 2004
1664 819
1665 693
1666 900
1667 178
1668 951
1669 867
1670 304
1671 1461
1672 111
1673 1176
1674 1706
1675 1126
1676 1806
1677 1671
1678 1738
1679 1089
1680 582
1681 1222
1682 1408
1683 1514
1684 1546
1685 1030
1686 992
1687 1899
1688 1273
1689 1607
1690 1932
1691 220
1692 445
1693 1319
1694 406
1695 1365
1696 361
1697 1969
1698 646
1699 179
1700 723
1701 787
1702 945
1703 1447
1704 107
1705 292
1706 909
1707 1162
1708 143
1709 544
1710 1715
1711 1094
1712 579
1713 682
1714 1791
1715 614
1716 1509
1717 755
1718 834
1719 508
1720 1272
1721 1869
1722 72
1723 243
1724 472
1725 1618
1726 990
1727 2026
1728 351
1729 1581
1730 1978
1731 1225
1732 1921
1733 396
1734 943
1735 793
1736 1028
1737 1417
1738 1660
1739 1191
1740 177
1741 312
1742 1334
1743 1072
1744 105
1745 866
1746 1807
1747 1131
1748 608
1749 687
1750 1480
1751 759
1752 829
1753 559
1754 1288
1755 1540
1756 520
1757 1854
1758 725
1759 247
1760 36
1761 1747
1762 441
1763 1703
1764 2017
1765 1603
1766 1895
1767 1943
1768 997
1769 953
1770 1229
1771 912
1772 1172
1773 139
1774 1667
1775 1353
1776 1400
1777 172
1778 1044
1779 70
1780 1085
1781 1802
1782 1434
1783 642
1784 824
1785 581
1786 1305
1787 789
1788 320
1789 1479
1790 1841
1791 1134
1792 1635
1793 368
1794 474
1795 1707
1796 511
1797 232
1798 1517
1799 1992
1800 696
1801 413
1802 1207
1803 1958
1804 266
1805 748
1806 1917
1807 974
1808 1766
1809 547
1810 151
1811 1378
1812 921
1813 1027
1814 1672
1815 879
1816 198
1817 1093
1818 653
1819 792
1820 1593
1821 87
1822 1459
1823 1254
1824 604
1825 1175
1826 1332
1827 1125
1828 446
1829 1704
1830 1500
1831 826
1832 1423
1833 358
1834 2003
1835 1824
1836 482
1837 1539
1838 293
1839 1947
1840 1216
1841 1888
1842 730
1843 256
1844 412
1845 1776
1846 1743
1847 980
1848 1649
1849 1015
1850 656
1851 922
1852 150
1853 55
1854 206
1855 1286
1856 1385
1857 1092
1858 104
1859 1583
1860 1129
1861 888
1862 1476
1863 855
1864 822
1865 1441
1866 1705
1867 576
1868 1250
1869 373
1870 1993
1871 334
1872 1513
1873 1936
1874 1870
1875 735
1876 788
1877 294
1878 437
1879 1215
1880 1643
1881 1837
1882 1768
1883 524
1884 239
1885 673
1886 944
1887 1011
1888 1404
1889 475
1890 1303
1891 1161
1892 1051
1893 168
1894 44
1895 94
1896 1580
1897 131
1898 613
1899 903
1900 1446
1901 1711
1902 203
1903 1972
1904 402
1905 1910
1906 370
1907 1679
1908 335
1909 857
1910 728
1911 790
1912 1224
1913 2022
1914 1547
1915 1501
1916 1815
1917 1624
1918 1105
1919 1778
1920 968
1921 496
1922 1017
1923 562
1924 1066
1925 452
1926 691
1927 287
1928 1389
1929 110
1930 634
1931 1267
1932 599
1933 1437
1934 210
1935 1964
1936 49
1937 1931
1938 1183
1939 417
1940 322
1941 1735
1942 744
1943 1321
1944 886
1945 1673
1946 2008
1947 171
1948 813
1949 1578
1950 1897
1951 1780
1952 985
1953 1836
1954 1524
1955 1619
1956 494
1957 556
1958 1492
1959 274
1960 1081
1961 1113
1962 1024
1963 81
1964 606
1965 460
1966 661
1967 940
1968 1366
1969 1275
1970 122
1971 1411
1972 1444
1973 339
1974 1193
1975 1159
1976 1959
1977 216
1978 1683
1979 1324
1980 2009
1981 739
1982 843
1983 1894
1984 167
1985 1775
1986 805
1987 972
1988 898
1989 512
1990 422
1991 1605
1992 1067
1993 270
1994 1010
1995 1645
1996 1490
1997 478
1998 583
1999 657
2000 1363
2001 1266
2002 1101
2003 1407
2004 100
2005 338
2006 1209
2007 619
2008 1968
2009 219
2010 1152
2011 1709
2012 2012
2013 1312
2014 758
2015 1889
2016 187
2017 844
2018 812
2019 962
2020 1749
2021 522
2022 423
2023 456
2024 1063
2025 264
2026 1012
2027 1661
2028 1474
2029 1362
2030 1048
2031 664
2032 258
2033 240
2034 1042
2035 201
2036 1074
2037 340
2038 1184
2039 438
2040 1957
2041 1343
2042 329
2043 519
2044 1962
2045 969
2046 740
2047 1908
