BER Performance of Bit-based Message Passing in MIMO Channel
Number of transmit antenna is 4
Number of receive antenna is 4
Maximum number of bits of simulation = 8000000

Eb/No     BER
0.000000 3.048913e-01 5.451087e-01 3.048913e-01 5.451087e-01 3.048913e-01 5.451087e-01 3.048913e-01 5.451087e-01 3.048913e-01 5.451087e-01 
1.000000 3.108836e-01 5.393319e-01 3.108836e-01 5.393319e-01 3.108836e-01 5.393319e-01 3.108836e-01 5.393319e-01 3.108836e-01 5.393319e-01 
2.000000 3.091518e-01 5.591518e-01 3.091518e-01 5.602679e-01 3.091518e-01 5.602679e-01 3.091518e-01 5.602679e-01 3.091518e-01 5.602679e-01 
3.000000 3.114035e-01 5.493421e-01 3.114035e-01 5.493421e-01 3.114035e-01 5.493421e-01 3.114035e-01 5.493421e-01 3.114035e-01 5.493421e-01 
4.000000 3.025442e-01 5.547566e-01 3.025442e-01 5.547566e-01 3.025442e-01 5.547566e-01 3.025442e-01 5.547566e-01 3.025442e-01 5.547566e-01 
5.000000 3.119420e-01 5.597098e-01 3.119420e-01 5.597098e-01 3.119420e-01 5.597098e-01 3.119420e-01 5.597098e-01 3.119420e-01 5.597098e-01 
6.000000 3.032511e-01 5.610987e-01 3.032511e-01 5.610987e-01 3.032511e-01 5.610987e-01 3.032511e-01 5.610987e-01 3.032511e-01 5.610987e-01 
7.000000 3.003472e-01 5.792824e-01 3.003472e-01 5.792824e-01 3.003472e-01 5.792824e-01 3.003472e-01 5.792824e-01 3.003472e-01 5.792824e-01 
8.000000 3.233568e-01 5.874413e-01 3.233568e-01 5.874413e-01 3.233568e-01 5.874413e-01 3.233568e-01 5.874413e-01 3.233568e-01 5.874413e-01 
9.000000 3.066143e-01 5.610987e-01 3.066143e-01 5.610987e-01 3.066143e-01 5.610987e-01 3.066143e-01 5.610987e-01 3.066143e-01 5.610987e-01 
10.000000 3.136161e-01 5.591518e-01 3.136161e-01 5.591518e-01 3.136161e-01 5.591518e-01 3.136161e-01 5.591518e-01 3.136161e-01 5.591518e-01 
11.000000 3.215909e-01 5.715909e-01 3.215909e-01 5.715909e-01 3.215909e-01 5.715909e-01 3.215909e-01 5.715909e-01 3.215909e-01 5.715909e-01 
12.000000 3.169643e-01 5.602679e-01 3.169643e-01 5.602679e-01 3.169643e-01 5.602679e-01 3.169643e-01 5.602679e-01 3.169643e-01 5.602679e-01 
13.000000 3.166300e-01 5.534141e-01 3.166300e-01 5.534141e-01 3.166300e-01 5.534141e-01 3.166300e-01 5.534141e-01 3.166300e-01 5.534141e-01 
14.000000 3.116667e-01 5.572222e-01 3.116667e-01 5.572222e-01 3.116667e-01 5.572222e-01 3.116667e-01 5.572222e-01 3.116667e-01 5.572222e-01 
15.000000 3.052575e-01 5.380901e-01 3.052575e-01 5.380901e-01 3.052575e-01 5.380901e-01 3.052575e-01 5.380901e-01 3.052575e-01 5.380901e-01 
16.000000 3.012821e-01 5.347222e-01 3.007479e-01 5.347222e-01 3.002137e-01 5.347222e-01 3.007479e-01 5.347222e-01 3.007479e-01 5.347222e-01 
Total elapsed time: 650(sec)

