BER Performance of Bit-based Message Passinlg in MIMO Channel
Gallager (20, 7) LDPC code
Dimension of Parity Check matrix: (15,20)
Column Weight = 3, Row Weight = 4
Number of transmit antenna is 4
Number of receive antenna is 4
Vehicular speed: 120.000000 km/h
Maximum Doppler frequency: 277.777778
Channel fading rate: 0.028572
Maximum number of bits of simulation = 10225000

Eb/No     BER
0.000000:
2.494091e-001
2.337612e-001
2.276487e-001
2.234923e-001
2.208028e-001
2.193765e-001
2.177669e-001
2.170130e-001
2.162999e-001
2.163203e-001
2.000000:
1.944654e-001
1.545232e-001
1.388309e-001
1.298733e-001
1.262392e-001
1.216381e-001
1.209380e-001
1.197822e-001
1.185263e-001
1.178262e-001
4.000000:
1.383456e-001
7.218670e-002
4.577769e-002
3.526425e-002
3.314839e-002
3.475958e-002
3.411698e-002
3.318601e-002
3.209203e-002
3.162184e-002
6.000000:
1.176542e-001
3.726536e-002
1.411093e-002
9.539396e-003
1.028768e-002
1.073231e-002
1.042373e-002
1.023839e-002
9.948537e-003
9.921918e-003
BER Performance of Bit-based Message Passinlg in MIMO Channel
Gallager (20, 7) LDPC code
Dimension of Parity Check matrix: (15,20)
Column Weight = 3, Row Weight = 4
Number of transmit antenna is 4
Number of receive antenna is 4
Vehicular speed: 120.000000 km/h
Maximum Doppler frequency: 277.777778
Channel fading rate: 0.028572
Maximum number of bits of simulation = 10225000

Eb/No     BER
0.000000:
2.466993e-001
2.317441e-001
2.264262e-001
2.229829e-001
2.217604e-001
2.192543e-001
2.175428e-001
2.171149e-001
2.161777e-001
2.176447e-001
2.000000:
1.920760e-001
1.514892e-001
1.356857e-001
1.262947e-001
1.198266e-001
1.169816e-001
1.156590e-001
1.153479e-001
1.150811e-001
1.141031e-001
4.000000:
1.381136e-001
7.262868e-002
4.719767e-002
3.643659e-002
3.379098e-002
3.533948e-002
3.474390e-002
3.321422e-002
3.229892e-002
3.167513e-002
6.000000:
1.177965e-001
3.788509e-002
1.489405e-002
1.010595e-002
1.086288e-002
1.151182e-002
1.110941e-002
1.077730e-002
1.048085e-002
1.020884e-002
8.000000:
8.740406e-002
1.083679e-002
1.936678e-003
1.835690e-003
1.962900e-003
2.016229e-003
1.960420e-003
1.888487e-003
1.837816e-003
1.772262e-003
10.000000:
6.467824e-002
1.982103e-003
3.456235e-004
3.305623e-004
3.184352e-004
3.173594e-004
3.188264e-004
3.065037e-004
2.943765e-004
2.863570e-004
12.000000:
4.604812e-002
2.317848e-004
9.476773e-005
6.425428e-005
5.310513e-005
4.929095e-005
4.283619e-005
4.430318e-005
4.146699e-005
3.980440e-005
14.000000:
3.083941e-002
2.493888e-005
2.249389e-005
9.682152e-006
9.877751e-006
8.117359e-006
7.921760e-006
7.334963e-006
7.139364e-006
6.748166e-006
16.000000:
1.834230e-002
3.325183e-006
4.205379e-006
1.369193e-006
1.075795e-006
6.845966e-007
2.933985e-007
4.889976e-007
2.933985e-007
1.955990e-007
Total elapsed time: 884767(sec)

