BER Performance of Bit-based Message Passinlg in MIMO Channel
Gallager (20, 7) LDPC code
Dimension of Parity Check matrix: (15,20)
Column Weight = 3, Row Weight = 4
Number of transmit antenna is 4
Number of receive antenna is 4
Vehicular speed: 250.000000 km/h
Maximum Doppler frequency: 578.703704
Channel fading rate: 0.059525
Maximum number of bits of simulation = 1022500

Eb/No     BER
0.000000:
4.558680e-001 4.786064e-001 4.861858e-001 4.842298e-001 4.836186e-001 4.833741e-001 4.863081e-001 4.848411e-001 4.849633e-001 4.847188e-001 

2.000000:
4.617359e-001 4.865526e-001 4.929095e-001 4.957213e-001 5.001222e-001 4.975550e-001 4.962103e-001 4.990220e-001 4.952323e-001 4.957213e-001 

4.000000:
4.634474e-001 4.908313e-001 4.924205e-001 4.932763e-001 4.941320e-001 4.908313e-001 4.918093e-001 4.937653e-001 4.946210e-001 4.919315e-001 

6.000000:
4.416870e-001 4.768949e-001 4.826406e-001 4.815403e-001 4.836186e-001 4.821516e-001 4.812958e-001 4.793399e-001 4.770171e-001 4.760391e-001 

8.000000:
4.662592e-001 4.858191e-001 4.854523e-001 4.855746e-001 4.881418e-001 4.853301e-001 4.852078e-001 4.844743e-001 4.815403e-001 4.848411e-001 

10.000000:
4.506112e-001 4.689487e-001 4.657702e-001 4.628362e-001 4.677262e-001 4.633252e-001 4.597800e-001 4.654034e-001 4.619804e-001 4.628362e-001 

12.000000:
4.497555e-001 4.476773e-001 4.429095e-001 4.425428e-001 4.470660e-001 4.438875e-001 4.393643e-001 4.443765e-001 4.399756e-001 4.465770e-001 

14.000000:
4.443765e-001 4.376528e-001 4.347188e-001 4.316626e-001 4.265281e-001 4.301956e-001 4.353301e-001 4.327628e-001 4.297066e-001 4.325183e-001 

16.000000:
4.437653e-001 4.089242e-001 4.162592e-001 4.139364e-001 4.173594e-001 4.078240e-001 4.089242e-001 4.114914e-001 4.117359e-001 4.086797e-001 

Total elapsed time: 1050(sec)

BER Performance of Bit-based Message Passinlg in MIMO Channel
Gallager (20, 7) LDPC code
Dimension of Parity Check matrix: (15,20)
Column Weight = 3, Row Weight = 4
Number of transmit antenna is 4
Number of receive antenna is 4
Vehicular speed: 250.000000 km/h
Maximum Doppler frequency: 578.703704
Channel fading rate: 0.059525
Maximum number of bits of simulation = 1022500

Eb/No     BER
BER Performance of Bit-based Message Passinlg in MIMO Channel
Gallager (20, 7) LDPC code
Dimension of Parity Check matrix: (15,20)
Column Weight = 3, Row Weight = 4
Number of transmit antenna is 4
Number of receive antenna is 4
Vehicular speed: 250.000000 km/h
Maximum Doppler frequency: 578.703704
Channel fading rate: 0.059525
Maximum number of bits of simulation = 1022500

Eb/No     BER
0.000000:
4.634474e-001 4.891198e-001 4.960880e-001 4.995110e-001 5.000000e-001 5.028117e-001 4.988998e-001 4.992665e-001 4.982885e-001 5.002445e-001 

2.000000:
4.536675e-001 4.754279e-001 4.831296e-001 4.839853e-001 4.843521e-001 4.865526e-001 4.834963e-001 4.823961e-001 4.831296e-001 4.827628e-001 

4.000000:
4.580685e-001 4.847188e-001 4.889976e-001 4.919315e-001 4.930318e-001 4.908313e-001 4.918093e-001 4.905868e-001 4.907090e-001 4.910758e-001 

6.000000:
4.498778e-001 4.757946e-001 4.799511e-001 4.804401e-001 4.814181e-001 4.810513e-001 4.822738e-001 4.814181e-001 4.804401e-001 4.809291e-001 

8.000000:
4.555012e-001 4.768949e-001 4.787286e-001 4.750611e-001 4.768949e-001 4.767726e-001 4.699267e-001 4.723716e-001 4.776284e-001 4.775061e-001 

10.000000:
4.454768e-001 4.644254e-001 4.567237e-001 4.592910e-001 4.573350e-001 4.561125e-001 4.546455e-001 4.574572e-001 4.596577e-001 4.577017e-001 

12.000000:
4.497555e-001 4.403423e-001 4.427873e-001 4.430318e-001 4.426650e-001 4.427873e-001 4.370416e-001 4.426650e-001 4.386308e-001 4.344743e-001 

14.000000:
4.465770e-001 4.271394e-001 4.289731e-001 4.260391e-001 4.260391e-001 4.276284e-001 4.184597e-001 4.185819e-001 4.300733e-001 4.261614e-001 

16.000000:
4.312958e-001 4.096577e-001 4.143032e-001 4.058680e-001 4.042787e-001 4.048900e-001 4.019560e-001 4.040342e-001 3.975550e-001 4.006112e-001 

Total elapsed time: 1034(sec)

BER Performance of Bit-based Message Passinlg in MIMO Channel
Gallager (20, 7) LDPC code
Dimension of Parity Check matrix: (15,20)
Column Weight = 3, Row Weight = 4
Number of transmit antenna is 4
Number of receive antenna is 4
Vehicular speed: 120.000000 km/h
Maximum Doppler frequency: 277.777778
Channel fading rate: 0.028572
Maximum number of bits of simulation = 10225000

Eb/No     BER
0.000000:
2.497963e-001
2.350041e-001
2.291565e-001
2.253464e-001
2.224531e-001
2.197840e-001
2.177465e-001
2.173390e-001
2.167889e-001
2.165444e-001
2.000000:
2.001889e-001
1.610802e-001
1.445321e-001
1.335408e-001
1.272283e-001
1.233052e-001
1.220827e-001
1.215381e-001
1.207491e-001
1.194154e-001
4.000000:
1.399209e-001
7.436302e-002
4.930511e-002
3.810320e-002
3.515957e-002
3.594454e-002
3.565178e-002
3.425878e-002
3.359928e-002
3.320036e-002
6.000000:
1.179962e-001
3.968003e-002
1.625492e-002
1.096630e-002
1.149357e-002
1.213990e-002
1.178378e-002
1.138089e-002
1.096205e-002
1.071330e-002
8.000000:
8.895314e-002
1.186664e-002
2.134058e-003
1.936533e-003
2.105362e-003
2.156660e-003
2.127965e-003
2.068609e-003
2.001588e-003
1.971714e-003
10.000000:
6.581858e-002
2.272078e-003
3.669438e-004
3.503178e-004
3.354523e-004
3.361369e-004
3.340831e-004
3.303667e-004
3.279218e-004
3.173594e-004
