BER Performance of Bit-based Message Passinlg in MIMO Channel
Gallager (20, 7) LDPC code
Dimension of Parity Check matrix: (15,20)
Column Weight = 3, Row Weight = 4
Number of transmit antenna is 4
Number of receive antenna is 4
Vehicular speed: 250.000000 km/h
Maximum Doppler frequency: 578.703704
Channel fading rate: 0.059525
Maximum number of bits of simulation = 10225000

Eb/No     BER
0.000000:
2.318198e-001 2.063919e-001 1.962976e-001 1.899756e-001 1.863779e-001 1.826231e-001 1.798638e-001 1.793224e-001 1.792001e-001 1.777506e-001 

2.000000:
1.945701e-001 1.534230e-001 1.336695e-001 1.212714e-001 1.150469e-001 1.111553e-001 1.096475e-001 1.072942e-001 1.067441e-001 1.052262e-001 

4.000000:
1.563651e-001 9.100244e-002 6.131214e-002 4.706601e-002 4.327628e-002 4.530155e-002 4.482070e-002 4.349226e-002 4.230236e-002 4.159332e-002 

6.000000:
1.119532e-001 3.310067e-002 1.134524e-002 8.137844e-003 9.125752e-003 9.489196e-003 9.105101e-003 8.659056e-003 8.474030e-003 8.291482e-003 

8.000000:
8.302313e-002 9.262280e-003 1.666850e-003 1.736216e-003 1.864475e-003 1.880786e-003 1.819833e-003 1.782746e-003 1.743599e-003 1.717673e-003 

10.000000:
6.054562e-002 1.585819e-003 3.698778e-004 3.476773e-004 3.443521e-004 3.305623e-004 3.291932e-004 3.114914e-004 3.090465e-004 3.054279e-004 

12.000000:
4.249056e-002 1.738875e-004 1.015159e-004 6.102689e-005 4.909535e-005 4.557457e-005 4.743276e-005 4.332518e-005 3.921760e-005 4.088020e-005 

14.000000:
2.762455e-002 1.564792e-005 2.141809e-005 1.134474e-005 8.704156e-006 6.845966e-006 7.530562e-006 5.672372e-006 5.476773e-006 4.107579e-006 

16.000000:
1.557927e-002 3.422983e-006 5.476773e-006 3.325183e-006 2.347188e-006 1.271394e-006 1.564792e-006 1.564792e-006 1.760391e-006 1.760391e-006 

BER Performance of Bit-based Message Passinlg in MIMO Channel
Gallager (20, 7) LDPC code
Dimension of Parity Check matrix: (15,20)
Column Weight = 3, Row Weight = 4
Number of transmit antenna is 4
Number of receive antenna is 4
Vehicular speed: 250.000000 km/h
Maximum Doppler frequency: 578.703704
Channel fading rate: 0.059525
Maximum number of bits of simulation = 1022500

Eb/No     BER
0.000000:
2.286522e-001 2.066626e-001 1.963784e-001 1.898380e-001 1.847341e-001 1.821210e-001 1.793246e-001 1.788203e-001 1.779340e-001 1.774450e-001 

2.000000:
1.971068e-001 1.535452e-001 1.322229e-001 1.211491e-001 1.124185e-001 1.085778e-001 1.085167e-001 1.093623e-001 1.078953e-001 1.074368e-001 

4.000000:
1.570456e-001 9.076610e-002 6.133659e-002 4.759576e-002 4.332518e-002 4.456398e-002 4.396496e-002 4.308476e-002 4.167482e-002 4.113692e-002 

6.000000:
1.112851e-001 3.356186e-002 1.170562e-002 8.305134e-003 9.467971e-003 9.942298e-003 9.514914e-003 9.186308e-003 8.901711e-003 8.772616e-003 

8.000000:
8.249878e-002 9.088509e-003 1.400489e-003 1.578484e-003 1.622494e-003 1.644010e-003 1.605868e-003 1.635208e-003 1.555012e-003 1.519804e-003 

10.000000:
6.076381e-002 1.620538e-003 3.951100e-004 3.569682e-004 3.471883e-004 4.009780e-004 3.501222e-004 3.266504e-004 3.354523e-004 3.158924e-004 

12.000000:
4.262298e-002 1.378973e-004 9.290954e-005 5.965770e-005 5.574572e-005 5.867971e-005 5.867971e-005 5.183374e-005 5.378973e-005 5.378973e-005 

14.000000:
2.747971e-002 1.760391e-005 2.836186e-005 2.347188e-005 1.858191e-005 1.662592e-005 1.760391e-005 1.760391e-005 1.662592e-005 1.466993e-005 

16.000000:
1.526161e-002 9.779951e-007 2.933985e-006 0.000000e+000 0.000000e+000 0.000000e+000 0.000000e+000 0.000000e+000 0.000000e+000 0.000000e+000 

Total elapsed time: 115621(sec)

