0 5676
1 3052
2 7829
3 6801
4 7079
5 1655
6 5180
7 5884
8 7376
9 1718
10 4164
11 5320
12 7907
13 2057
14 2792
15 2379
16 4944
17 5928
18 4507
19 3395
20 633
21 3772
22 6388
23 5431
24 6104
25 4387
26 2919
27 3361
28 3479
29 5561
30 4468
31 4045
32 5722
33 6999
34 2590
35 3458
36 6496
37 1050
38 1951
39 1508
40 5322
41 7782
42 1114
43 6425
44 6714
45 7978
46 5163
47 6560
48 4453
49 5464
50 7341
51 3665
52 7913
53 1865
54 8098
55 602
56 5727
57 1914
58 1946
59 7187
60 4747
61 7212
62 7710
63 2551
64 1745
65 3781
66 7246
67 178
68 5368
69 6785
70 8060
71 4143
72 4964
73 4301
74 3750
75 4429
76 6515
77 672
78 3186
79 93
80 3107
81 7982
82 7208
83 5978
84 4626
85 5363
86 2918
87 567
88 2293
89 1563
90 440
91 34
92 4561
93 5096
94 3688
95 2570
96 3439
97 6485
98 2200
99 607
100 7434
101 6393
102 5517
103 4633
104 6986
105 557
106 2382
107 5883
108 374
109 4465
110 5486
111 1817
112 3301
113 4108
114 6694
115 3480
116 6325
117 1205
118 8128
119 6380
120 3501
121 4360
122 6860
123 6131
124 3928
125 522
126 3842
127 2525
128 312
129 7126
130 162
131 4155
132 5030
133 3628
134 7668
135 1921
136 7003
137 7355
138 5762
139 4456
140 571
141 7328
142 4740
143 7824
144 6770
145 2858
146 1986
147 480
148 8131
149 1109
150 4891
151 3013
152 899
153 1287
154 7277
155 8154
156 104
157 1839
158 7866
159 1253
160 6833
161 5208
162 6767
163 625
164 330
165 3857
166 6644
167 790
168 5887
169 1867
170 1154
171 3066
172 7146
173 3586
174 4917
175 2861
176 3104
177 7266
178 4544
179 231
180 158
181 2346
182 2783
183 2540
184 2383
185 2177
186 4743
187 7827
188 6471
189 5396
190 1183
191 3727
192 3893
193 6948
194 7746
195 1365
196 3043
197 4586
198 5168
199 3069
200 5546
201 1643
202 2514
203 1756
204 4653
205 94
206 7954
207 6670
208 2817
209 7392
210 6602
211 2409
212 3495
213 5383
214 6729
215 4432
216 3335
217 6124
218 7124
219 1603
220 6319
221 4014
222 5531
223 516
224 1389
225 6074
226 2028
227 3064
228 1052
229 2121
230 2471
231 207
232 6846
233 6954
234 2546
235 7528
236 5067
237 3521
238 6701
239 4334
240 1104
241 5161
242 6728
243 1309
244 4725
245 4244
246 5296
247 3316
248 6049
249 1398
250 2231
251 1638
252 3575
253 2835
254 2348
255 2130
256 6335
257 3917
258 8142
259 3771
260 2516
261 1373
262 7924
263 5514
264 4069
265 5665
266 6534
267 4777
268 6069
269 2020
270 1871
271 466
272 4690
273 4601
274 1213
275 1972
276 7091
277 7418
278 1421
279 6673
280 6012
281 7494
282 1271
283 2343
284 5560
285 4476
286 1093
287 7516
288 4788
289 4609
290 4748
291 66
292 2315
293 6435
294 2295
295 6868
296 7198
297 714
298 409
299 5477
300 3911
301 4097
302 6182
303 106
304 1652
305 5381
306 4021
307 4910
308 6677
309 3483
310 1476
311 569
312 2983
313 5757
314 1352
315 7411
316 5115
317 5688
318 5432
319 7533
320 1088
321 2371
322 1458
323 1580
324 6874
325 5374
326 4948
327 131
328 275
329 3775
330 7802
331 8132
332 873
333 5919
334 5519
335 1723
336 5705
337 473
338 791
339 4564
340 2973
341 2291
342 2531
343 2094
344 7754
345 3568
346 6719
347 4096
348 6495
349 3401
350 4521
351 5026
352 4636
353 5230
354 4974
355 1788
356 4950
357 3881
358 5947
359 4565
360 6472
361 3616
362 6963
363 2456
364 5184
365 3764
366 7231
367 6231
368 920
369 6698
370 2213
371 5392
372 7400
373 8
374 221
375 4399
376 4986
377 4034
378 6816
379 8021
380 5118
381 5526
382 6721
383 5976
384 2175
385 7861
386 5696
387 7051
388 6294
389 2211
390 6429
391 831
392 6622
393 8160
394 5482
395 3721
396 1191
397 4552
398 36
399 1862
400 239
401 1347
402 4957
403 8078
404 4466
405 2704
406 7236
407 5040
408 7363
409 5303
410 4038
411 136
412 2147
413 669
414 7683
415 3907
416 3100
417 4851
418 6328
419 315
420 46
421 2060
422 6080
423 4718
424 1523
425 7659
426 1755
427 959
428 1697
429 175
430 6154
431 214
432 6924
433 4940
434 2001
435 7333
436 2164
437 468
438 3129
439 685
440 4827
441 2661
442 886
443 4452
444 5035
445 591
446 2283
447 1199
448 3339
449 429
450 6290
451 7088
452 2145
453 6112
454 4319
455 7701
456 1084
457 3168
458 6237
459 2713
460 1792
461 5992
462 5286
463 7820
464 4076
465 4291
466 2248
467 1230
468 2413
469 681
470 3612
471 254
472 6295
473 4415
474 6232
475 395
476 2715
477 6925
478 4693
479 2199
480 4018
481 553
482 796
483 2093
484 3694
485 5056
486 4664
487 1908
488 513
489 7948
490 3979
491 7705
492 3448
493 7346
494 2997
495 2700
496 1171
497 1094
498 1926
499 5031
500 5844
501 6930
502 6073
503 3472
504 4310
505 19
506 1504
507 2016
508 6469
509 3993
510 954
511 1569
512 4362
513 741
514 6847
515 7011
516 1219
517 5172
518 3088
519 6050
520 2663
521 1240
522 2351
523 3193
524 6588
525 5624
526 6373
527 7727
528 1860
529 1535
530 720
531 4835
532 6195
533 663
534 933
535 4667
536 6626
537 3747
538 7023
539 3854
540 7675
541 7302
542 1439
543 2069
544 5038
545 6445
546 1997
547 3648
548 2401
549 7803
550 5607
551 3302
552 3025
553 4172
554 6229
555 5178
556 1849
557 4646
558 7638
559 3281
560 879
561 2323
562 1144
563 5529
564 5690
565 5309
566 7325
567 7665
568 1097
569 4786
570 2354
571 2281
572 3053
573 4629
574 4341
575 5331
576 693
577 7514
578 3095
579 5939
580 1351
581 6013
582 6861
583 4435
584 7311
585 7652
586 635
587 1507
588 1874
589 2852
590 6274
591 1395
592 2065
593 5335
594 7634
595 3437
596 5538
597 5090
598 187
599 7894
600 3014
601 2324
602 1016
603 3986
604 6621
605 3554
606 2707
607 5620
608 3176
609 2161
610 6804
611 1061
612 3959
613 7588
614 2596
615 2367
616 265
617 4489
618 4836
619 1773
620 4211
621 6448
622 4568
623 3334
624 7870
625 4162
626 5730
627 3005
628 2671
629 5527
630 3411
631 3510
632 7224
633 3680
634 6350
635 2306
636 4962
637 1786
638 3549
639 6919
640 2727
641 956
642 2457
643 4004
644 4494
645 7905
646 4132
647 6490
648 3237
649 5164
650 3795
651 2776
652 5063
653 7988
654 4790
655 7553
656 3734
657 194
658 4098
659 6115
660 2701
661 4634
662 392
663 2499
664 3375
665 4668
666 2151
667 2655
668 6589
669 963
670 5504
671 2124
672 4496
673 2250
674 5845
675 4079
676 285
677 1423
678 2043
679 7004
680 83
681 3889
682 4591
683 2007
684 362
685 448
686 7361
687 3622
688 3952
689 2510
690 5146
691 4991
692 206
693 2427
694 7575
695 1604
696 3820
697 6105
698 5009
699 8030
700 6085
701 4379
702 7084
703 7601
704 552
705 1566
706 4959
707 6304
708 6269
709 1532
710 623
711 6580
712 5424
713 1401
714 3300
715 641
716 8187
717 1738
718 6338
719 3079
720 6519
721 8155
722 4929
723 3403
724 2731
725 6025
726 2977
727 558
728 7483
729 2665
730 6895
731 896
732 6211
733 5703
734 2917
735 3877
736 4905
737 4287
738 1123
739 5325
740 4220
741 7901
742 2339
743 2159
744 608
745 5760
746 6129
747 3344
748 2176
749 2297
750 3937
751 1060
752 3990
753 2819
754 3749
755 5234
756 6563
757 3124
758 7234
759 2636
760 1343
761 1564
762 2965
763 2923
764 4486
765 1688
766 1516
767 4886
768 5567
769 5943
770 568
771 5224
772 8174
773 1033
774 7394
775 5960
776 7154
777 2637
778 611
779 2076
780 1714
781 3744
782 4855
783 8034
784 6065
785 3481
786 5114
787 6382
788 24
789 4583
790 4189
791 85
792 3840
793 7111
794 3660
795 7867
796 2332
797 4089
798 723
799 1953
800 1555
801 5469
802 5134
803 3327
804 4881
805 7769
806 4985
807 223
808 7500
809 5022
810 4662
811 1072
812 814
813 2911
814 6422
815 5975
816 4035
817 4380
818 4520
819 3159
820 3238
821 6517
822 7809
823 3814
824 6476
825 6346
826 1155
827 5095
828 3303
829 7951
830 6411
831 490
832 2628
833 4612
834 6992
835 5366
836 3191
837 3240
838 2948
839 6230
840 7839
841 2742
842 8161
843 1732
844 3386
845 7149
846 1506
847 845
848 4983
849 3421
850 4056
851 340
852 1481
853 3751
854 8029
855 6538
856 1540
857 4031
858 1156
859 4616
860 244
861 7410
862 292
863 5310
864 7600
865 3015
866 6158
867 3360
868 3225
869 5743
870 4394
871 5871
872 2737
873 2921
874 5051
875 7
876 7496
877 2374
878 7033
879 7694
880 6067
881 8134
882 7415
883 2009
884 3712
885 3649
886 7381
887 6784
888 3190
889 29
890 8065
891 3566
892 7312
893 6810
894 7064
895 7293
896 3748
897 7862
898 5993
899 4364
900 545
901 2712
902 2929
903 7997
904 6569
905 3844
906 1387
907 2878
908 6498
909 2260
910 1923
911 2108
912 684
913 323
914 5241
915 978
916 6409
917 5389
918 7607
919 7811
920 6389
921 2964
922 1157
923 823
924 5825
925 2225
926 6883
927 2205
928 2987
929 7569
930 6302
931 3942
932 898
933 2011
934 447
935 952
936 398
937 1209
938 3427
939 1107
940 5735
941 7792
942 698
943 6945
944 4814
945 5901
946 7850
947 2106
948 4615
949 2583
950 1711
951 4860
952 5770
953 1651
954 2862
955 7931
956 8069
957 1030
958 2710
959 1884
960 6552
961 7017
962 5596
963 2690
964 6890
965 5103
966 3798
967 3256
968 4348
969 1379
970 5064
971 6204
972 1193
973 6136
974 632
975 2845
976 6256
977 7070
978 3540
979 3172
980 6094
981 3122
982 7556
983 5507
984 6752
985 5927
986 2285
987 7359
988 399
989 7994
990 6931
991 7531
992 6000
993 7721
994 981
995 3577
996 6494
997 255
998 3696
999 1729
1000 5595
1001 1118
1002 6795
1003 3131
1004 3858
1005 3311
1006 5005
1007 574
1008 1275
1009 3333
1010 3602
1011 410
1012 7268
1013 8082
1014 4194
1015 5554
1016 8181
1017 643
1018 1799
1019 2729
1020 2638
1021 6285
1022 514
1023 1853
1024 6187
1025 4913
1026 2464
1027 7421
1028 5973
1029 435
1030 4696
1031 7520
1032 5787
1033 3035
1034 861
1035 1413
1036 6579
1037 3875
1038 4889
1039 8052
1040 3328
1041 1614
1042 596
1043 5909
1044 1976
1045 4812
1046 7564
1047 4230
1048 6228
1049 3247
1050 900
1051 4197
1052 7512
1053 1196
1054 2385
1055 7150
1056 4388
1057 7759
1058 5275
1059 3006
1060 3941
1061 5640
1062 6058
1063 7890
1064 7968
1065 5658
1066 27
1067 1813
1068 3271
1069 7473
1070 1891
1071 5798
1072 7874
1073 1649
1074 2639
1075 7097
1076 869
1077 5272
1078 5238
1079 1338
1080 6064
1081 6312
1082 7540
1083 1001
1084 3629
1085 486
1086 3296
1087 114
1088 4968
1089 4081
1090 7882
1091 5842
1092 2860
1093 6713
1094 1137
1095 3230
1096 6344
1097 6819
1098 1208
1099 3962
1100 3171
1101 5150
1102 7481
1103 6800
1104 772
1105 2288
1106 5958
1107 4643
1108 7526
1109 8126
1110 1346
1111 1090
1112 6410
1113 1035
1114 2798
1115 4799
1116 4424
1117 5452
1118 6309
1119 5858
1120 4
1121 769
1122 272
1123 2876
1124 3070
1125 5484
1126 6842
1127 3167
1128 7100
1129 5779
1130 2026
1131 4285
1132 6257
1133 6090
1134 6205
1135 1483
1136 347
1137 3886
1138 7324
1139 1617
1140 3832
1141 7170
1142 7445
1143 1766
1144 2309
1145 1141
1146 3686
1147 4138
1148 5923
1149 8107
1150 5801
1151 4767
1152 987
1153 5745
1154 305
1155 2725
1156 2140
1157 7020
1158 3663
1159 8031
1160 1335
1161 5195
1162 95
1163 5862
1164 2479
1165 4993
1166 2054
1167 1581
1168 1922
1169 851
1170 5081
1171 4085
1172 5333
1173 1036
1174 150
1175 342
1176 7466
1177 974
1178 4022
1179 7329
1180 3175
1181 439
1182 783
1183 3482
1184 2802
1185 497
1186 7698
1187 7107
1188 3109
1189 8084
1190 5302
1191 3953
1192 6027
1193 590
1194 5377
1195 1658
1196 5487
1197 1283
1198 3659
1199 6661
1200 5609
1201 180
1202 4575
1203 743
1204 5793
1205 2481
1206 7608
1207 4651
1208 6830
1209 2372
1210 6161
1211 811
1212 1486
1213 4802
1214 2562
1215 640
1216 4673
1217 4163
1218 930
1219 452
1220 7502
1221 3278
1222 3105
1223 2082
1224 7139
1225 2119
1226 3924
1227 7571
1228 7229
1229 2249
1230 3848
1231 7947
1232 3179
1233 4009
1234 1689
1235 160
1236 1970
1237 6103
1238 5777
1239 3623
1240 519
1241 5957
1242 3975
1243 6536
1244 7527
1245 5513
1246 7242
1247 2127
1248 6740
1249 7479
1250 6186
1251 2708
1252 2891
1253 5045
1254 1811
1255 958
1256 5833
1257 3364
1258 4736
1259 6076
1260 5179
1261 1642
1262 2441
1263 284
1264 3524
1265 2841
1266 7823
1267 4576
1268 6620
1269 2625
1270 113
1271 7703
1272 5808
1273 1522
1274 7757
1275 1831
1276 4932
1277 1436
1278 2678
1279 2162
1280 2133
1281 7389
1282 7581
1283 3968
1284 4065
1285 5456
1286 5953
1287 2277
1288 773
1289 1018
1290 3813
1291 469
1292 2344
1293 5818
1294 3538
1295 3984
1296 8055
1297 4558
1298 4184
1299 4963
1300 92
1301 7979
1302 1899
1303 7142
1304 382
1305 1855
1306 7611
1307 6159
1308 5984
1309 683
1310 7043
1311 6653
1312 3465
1313 1726
1314 7808
1315 4173
1316 8115
1317 8007
1318 5899
1319 3220
1320 6764
1321 5821
1322 7343
1323 5334
1324 7775
1325 7160
1326 1022
1327 6953
1328 4831
1329 7626
1330 5037
1331 2013
1332 2031
1333 5954
1334 2659
1335 7848
1336 1548
1337 7096
1338 6601
1339 935
1340 4683
1341 1067
1342 4178
1343 5364
1344 126
1345 4992
1346 5065
1347 6260
1348 1422
1349 2527
1350 826
1351 2223
1352 5747
1353 6834
1354 3457
1355 7651
1356 7167
1357 5839
1358 7715
1359 6988
1360 6932
1361 997
1362 1833
1363 419
1364 3347
1365 794
1366 7471
1367 2789
1368 7319
1369 6584
1370 4949
1371 6756
1372 6259
1373 6084
1374 5060
1375 7834
1376 7047
1377 4368
1378 2607
1379 673
1380 1259
1381 2467
1382 1645
1383 989
1384 3194
1385 1164
1386 7295
1387 6685
1388 7952
1389 3132
1390 510
1391 4157
1392 6942
1393 2709
1394 7837
1395 6385
1396 3486
1397 4043
1398 1815
1399 3234
1400 1410
1401 4071
1402 3065
1403 1120
1404 4843
1405 695
1406 7524
1407 4597
1408 2195
1409 6840
1410 2426
1411 6163
1412 7255
1413 7503
1414 5965
1415 20
1416 6442
1417 3227
1418 2909
1419 1095
1420 533
1421 7046
1422 3034
1423 2549
1424 1907
1425 101
1426 923
1427 6146
1428 1537
1429 302
1430 4440
1431 2104
1432 2691
1433 6194
1434 4130
1435 1856
1436 1099
1437 2152
1438 5185
1439 7048
1440 6707
1441 4192
1442 7864
1443 6541
1444 1235
1445 2974
1446 2453
1447 5144
1448 1984
1449 2614
1450 355
1451 5348
1452 4409
1453 2080
1454 3673
1455 5121
1456 6812
1457 7272
1458 6624
1459 4116
1460 7188
1461 7407
1462 7016
1463 2978
1464 745
1465 3619
1466 7797
1467 2027
1468 2805
1469 6019
1470 5385
1471 1628
1472 5447
1473 4842
1474 2132
1475 6723
1476 5810
1477 5153
1478 1868
1479 82
1480 726
1481 5409
1482 4411
1483 1358
1484 3485
1485 6783
1486 7303
1487 6504
1488 427
1489 701
1490 1770
1491 1142
1492 3412
1493 1113
1494 5329
1495 6355
1496 6168
1497 7453
1498 6018
1499 5669
1500 4547
1501 1233
1502 4026
1503 5944
1504 2755
1505 2561
1506 5847
1507 2072
1508 1724
1509 1671
1510 6960
1511 2957
1512 4124
1513 8044
1514 184
1515 7309
1516 400
1517 499
1518 528
1519 6524
1520 7336
1521 6424
1522 4590
1523 6567
1524 5566
1525 2530
1526 3502
1527 6365
1528 4357
1529 6070
1530 992
1531 155
1532 3358
1533 5330
1534 6251
1535 5677
1536 6449
1537 6521
1538 538
1539 7039
1540 1641
1541 3469
1542 2870
1543 4896
1544 2833
1545 3999
1546 2693
1547 5906
1548 5347
1549 8054
1550 2139
1551 7386
1552 4112
1553 7278
1554 2504
1555 7436
1556 6460
1557 5841
1558 4845
1559 2752
1560 5279
1561 5247
1562 2838
1563 585
1564 6245
1565 7927
1566 8004
1567 3539
1568 1272
1569 4441
1570 6047
1571 3148
1572 2265
1573 3304
1574 5963
1575 2400
1576 3846
1577 4652
1578 7492
1579 7822
1580 60
1581 10
1582 2384
1583 4222
1584 5491
1585 3209
1586 5402
1587 4199
1588 5201
1589 1698
1590 6156
1591 5675
1592 620
1593 4290
1594 6052
1595 7010
1596 6026
1597 7558
1598 3964
1599 8179
1600 5506
1601 4752
1602 1006
1603 7660
1604 6961
1605 8086
1606 6807
1607 2407
1608 444
1609 6086
1610 7183
1611 613
1612 6462
1613 3285
1614 5356
1615 1933
1616 1403
1617 5165
1618 4309
1619 6671
1620 1994
1621 5962
1622 7535
1623 785
1624 2666
1625 6935
1626 1685
1627 5753
1628 3811
1629 4051
1630 2222
1631 3011
1632 1470
1633 2869
1634 7307
1635 2437
1636 6203
1637 3267
1638 1057
1639 6744
1640 5346
1641 5850
1642 495
1643 2322
1644 6003
1645 2597
1646 7420
1647 5729
1648 7269
1649 1340
1650 5111
1651 5137
1652 6554
1653 1680
1654 887
1655 4493
1656 5373
1657 4996
1658 3606
1659 4393
1660 2077
1661 4518
1662 7441
1663 2347
1664 1659
1665 7960
1666 7523
1667 7735
1668 2940
1669 1214
1670 3252
1671 2422
1672 2719
1673 1261
1674 754
1675 2050
1676 2473
1677 1194
1678 1321
1679 6814
1680 5649
1681 2251
1682 4975
1683 5695
1684 7992
1685 2930
1686 6322
1687 3496
1688 3282
1689 870
1690 529
1691 3355
1692 4400
1693 6039
1694 6879
1695 7743
1696 5369
1697 3518
1698 7120
1699 1572
1700 3322
1701 7348
1702 776
1703 2642
1704 7647
1705 4330
1706 7973
1707 7567
1708 2979
1709 5792
1710 624
1711 4954
1712 4987
1713 2732
1714 3529
1715 7184
1716 5457
1717 4257
1718 4082
1719 5305
1720 7270
1721 2246
1722 2334
1723 2206
1724 3662
1725 3827
1726 5570
1727 236
1728 1175
1729 5243
1730 4540
1731 8067
1732 3498
1733 6982
1734 5736
1735 3963
1736 4398
1737 423
1738 6684
1739 6600
1740 2153
1741 397
1742 4700
1743 560
1744 3565
1745 7742
1746 797
1747 4674
1748 8146
1749 3312
1750 2524
1751 5425
1752 18
1753 8002
1754 3816
1755 881
1756 1940
1757 6123
1758 1426
1759 450
1760 6710
1761 5249
1762 6809
1763 2451
1764 6226
1765 3517
1766 5933
1767 357
1768 5395
1769 3242
1770 2651
1771 1333
1772 1296
1773 4443
1774 5338
1775 3431
1776 3801
1777 7842
1778 762
1779 7918
1780 1632
1781 3899
1782 5767
1783 5181
1784 5307
1785 2318
1786 670
1787 2692
1788 3199
1789 4926
1790 3041
1791 646
1792 1881
1793 8015
1794 15
1795 183
1796 1672
1797 5800
1798 5823
1799 1418
1800 2728
1801 2750
1802 4426
1803 3797
1804 3438
1805 7227
1806 5126
1807 7920
1808 2688
1809 3853
1810 4981
1811 2387
1812 3752
1813 6481
1814 7078
1815 7379
1816 3920
1817 5474
1818 2955
1819 8096
1820 4260
1821 770
1822 5141
1823 7940
1824 8117
1825 1370
1826 8053
1827 7583
1828 6032
1829 293
1830 30
1831 2616
1832 2123
1833 1188
1834 2257
1835 6607
1836 4787
1837 5920
1838 1149
1839 5288
1840 1556
1841 5635
1842 4145
1843 3977
1844 6040
1845 219
1846 649
1847 2410
1848 5176
1849 983
1850 4998
1851 6731
1852 2781
1853 7929
1854 1116
1855 5502
1856 2613
1857 8162
1858 3449
1859 7351
1860 5430
1861 7477
1862 7029
1863 7655
1864 260
1865 4928
1866 1490
1867 7849
1868 2480
1869 5666
1870 7594
1871 45
1872 3650
1873 90
1874 7548
1875 4745
1876 6650
1877 3083
1878 6859
1879 5376
1880 2703
1881 7296
1882 2735
1883 3459
1884 5413
1885 3387
1886 28
1887 3038
1888 4952
1889 8182
1890 2411
1891 8100
1892 615
1893 2146
1894 3294
1895 3442
1896 115
1897 1469
1898 7015
1899 2178
1900 6873
1901 2830
1902 2096
1903 7478
1904 6100
1905 7708
1906 8010
1907 7259
1908 3402
1909 1092
1910 5458
1911 3692
1912 6082
1913 5783
1914 8109
1915 7562
1916 7032
1917 5738
1918 4346
1919 2676
1920 834
1921 3708
1922 1834
1923 4587
1924 5261
1925 1028
1926 4539
1927 3951
1928 4151
1929 5343
1930 5080
1931 7752
1932 2046
1933 5836
1934 4033
1935 6454
1936 4187
1937 5169
1938 3201
1939 6916
1940 79
1941 6243
1942 6831
1943 4439
1944 1911
1945 7812
1946 5636
1947 7868
1948 1880
1949 5098
1950 3831
1951 8116
1952 6971
1953 1311
1954 3551
1955 5237
1956 7539
1957 7789
1958 4371
1959 658
1960 5754
1961 5018
1962 4514
1963 1419
1964 7737
1965 6107
1966 7327
1967 32
1968 4204
1969 6184
1970 5575
1971 6823
1972 6765
1973 5315
1974 7369
1975 4834
1976 1615
1977 730
1978 1136
1979 674
1980 4350
1981 3177
1982 7833
1983 5442
1984 6320
1985 966
1986 3325
1987 1098
1988 333
1989 7713
1990 57
1991 472
1992 7956
1993 5501
1994 2971
1995 5797
1996 6150
1997 4445
1998 6678
1999 2506
2000 734
2001 7560
2002 1736
2003 8038
2004 6181
2005 2150
2006 6645
2007 3589
2008 2183
2009 542
2010 4727
2011 5070
2012 3346
2013 1405
2014 7495
2015 2494
2016 2475
2017 7161
2018 890
2019 4538
2020 5539
2021 1820
2022 8062
2023 3654
2024 744
2025 3824
2026 4099
2027 2697
2028 7380
2029 6315
2030 4148
2031 4127
2032 1467
2033 2553
2034 7804
2035 3054
2036 5782
2037 475
2038 4769
2039 3392
2040 6347
2041 1429
2042 7677
2043 2320
2044 5219
2045 4212
2046 5912
2047 2051
2048 5872
2049 2023
2050 2744
2051 3678
2052 3661
2053 74
2054 4499
2055 8190
2056 2953
2057 1075
2058 2370
2059 6720
2060 828
2061 2684
2062 3024
2063 2438
2064 5761
2065 7080
2066 3223
2067 2185
2068 5916
2069 3330
2070 7793
2071 1324
2072 3473
2073 6962
2074 3272
2075 3617
2076 1837
2077 7771
2078 6443
2079 5639
2080 1278
2081 5218
2082 561
2083 3850
2084 1686
2085 5562
2086 5819
2087 5336
2088 1307
2089 5131
2090 4750
2091 3226
2092 682
2093 7297
2094 5358
2095 8039
2096 1252
2097 5384
2098 3988
2099 7741
2100 6599
2101 2660
2102 5741
2103 2458
2104 6634
2105 2025
2106 5982
2107 4708
2108 1354
2109 6525
2110 1388
2111 4019
2112 2529
2113 1931
2114 365
2115 788
2116 4339
2117 1888
2118 1790
2119 6862
2120 4101
2121 216
2122 6757
2123 4444
2124 7265
2125 7547
2126 3429
2127 7408
2128 6214
2129 7636
2130 2509
2131 6503
2132 5048
2133 7764
2134 4870
2135 5073
2136 4703
2137 3000
2138 7337
2139 6031
2140 4126
2141 4955
2142 2264
2143 6386
2144 1640
2145 7213
2146 3262
2147 6329
2148 4042
2149 3788
2150 2292
2151 7140
2152 2569
2153 2349
2154 5053
2155 3594
2156 41
2157 7909
2158 2730
2159 732
2160 2677
2161 6929
2162 2867
2163 3161
2164 3576
2165 3291
2166 1262
2167 5974
2168 1955
2169 2218
2170 7671
2171 645
2172 7344
2173 5917
2174 2999
2175 1592
2176 505
2177 4191
2178 5599
2179 4661
2180 852
2181 597
2182 7452
2183 4397
2184 3343
2185 5204
2186 7925
2187 2610
2188 461
2189 1983
2190 7688
2191 4911
2192 3123
2193 3739
2194 4271
2195 5646
2196 4858
2197 7576
2198 2061
2199 7798
2200 7199
2201 893
2202 84
2203 3562
2204 526
2205 5066
2206 6345
2207 4048
2208 4599
2209 1842
2210 5087
2211 7226
2212 2157
2213 213
2214 7112
2215 4697
2216 7316
2217 1929
2218 3946
2219 3195
2220 2654
2221 2722
2222 8158
2223 7141
2224 865
2225 5317
2226 3613
2227 6968
2228 2906
2229 1110
2230 4068
2231 5950
2232 316
2233 190
2234 4231
2235 7261
2236 1963
2237 2641
2238 3376
2239 3033
2240 6489
2241 1878
2242 3921
2243 3103
2244 3735
2245 4428
2246 2943
2247 7460
2248 7209
2249 2194
2250 3615
2251 1936
2252 7586
2253 4648
2254 4299
2255 196
2256 7763
2257 1294
2258 654
2259 1433
2260 6468
2261 1744
2262 1968
2263 7926
2264 2079
2265 4150
2266 4965
2267 6236
2268 5569
2269 1320
2270 6878
2271 3440
2272 2262
2273 1159
2274 3462
2275 962
2276 3573
2277 4602
2278 6703
2279 2949
2280 2762
2281 2452
2282 2100
2283 5772
2284 6984
2285 4724
2286 7831
2287 6450
2288 2904
2289 6564
2290 1268
2291 110
2292 4873
2293 578
2294 748
2295 1111
2296 3559
2297 4495
2298 7102
2299 6952
2300 7055
2301 4105
2302 2687
2303 2342
2304 2765
2305 4783
2306 884
2307 2837
2308 5521
2309 4239
2310 6882
2311 798
2312 573
2313 2073
2314 3280
2315 7163
2316 4922
2317 5301
2318 5039
2319 3389
2320 6152
2321 3077
2322 8056
2323 3426
2324 4027
2325 7378
2326 1962
2327 3711
2328 6180
2329 570
2330 102
2331 1894
2332 7818
2333 5454
2334 4313
2335 5857
2336 4676
2337 4934
2338 5925
2339 6423
2340 2880
2341 2746
2342 4255
2343 2420
2344 289
2345 3487
2346 3588
2347 6629
2348 4866
2349 1437
2350 5991
2351 6891
2352 3532
2353 4218
2354 4735
2355 6557
2356 192
2357 4982
2358 3939
2359 6687
2360 3664
2361 1210
2362 6133
2363 3211
2364 1708
2365 1353
2366 4678
2367 2141
2368 375
2369 7563
2370 47
2371 1038
2372 6618
2373 2859
2374 6730
2375 4649
2376 3972
2377 2685
2378 6824
2379 420
2380 7760
2381 6643
2382 6911
2383 2836
2384 6324
2385 2576
2386 1000
2387 631
2388 5848
2389 3002
2390 2436
2391 2881
2392 871
2393 3377
2394 2982
2395 4406
2396 2325
2397 3567
2398 7615
2399 1715
2400 5173
2401 2056
2402 2266
2403 7219
2404 172
2405 6121
2406 6796
2407 503
2408 1383
2409 5108
2410 3779
2411 1485
2412 915
2413 1251
2414 2793
2415 4427
2416 56
2417 2925
2418 7570
2419 4935
2420 7018
2421 2220
2422 2966
2423 4028
2424 5579
2425 3141
2426 7456
2427 1677
2428 3513
2429 1934
2430 4404
2431 6702
2432 857
2433 5268
2434 5120
2435 8037
2436 5412
2437 1995
2438 7612
2439 5680
2440 2474
2441 5479
2442 6581
2443 532
2444 2787
2445 6546
2446 6853
2447 1551
2448 422
2449 6286
2450 8106
2451 2271
2452 7365
2453 5207
2454 7776
2455 1381
2456 7271
2457 226
2458 4817
2459 3759
2460 4005
2461 6738
2462 4114
2463 716
2464 3852
2465 370
2466 825
2467 2675
2468 3368
2469 7886
2470 5055
2471 4527
2472 4675
2473 6591
2474 6808
2475 6402
2476 14
2477 2336
2478 4789
2479 3092
2480 7470
2481 6835
2482 7731
2483 1675
2484 7573
2485 7550
2486 6444
2487 1217
2488 3934
2489 4706
2490 5485
2491 2934
2492 1158
2493 4093
2494 1751
2495 1832
2496 2243
2497 4541
2498 6363
2499 6926
2500 5311
2501 4608
2502 6576
2503 2299
2504 5281
2505 7489
2506 5415
2507 1299
2508 1960
2509 1772
2510 8050
2511 4483
2512 1613
2513 4308
2514 1133
2515 2626
2516 6125
2517 6400
2518 7127
2519 6949
2520 6339
2521 250
2522 1037
2523 2782
2524 7356
2525 4324
2526 277
2527 3251
2528 1696
2529 6568
2530 2914
2531 1161
2532 894
2533 6419
2534 4302
2535 5198
2536 7911
2537 4936
2538 6293
2539 6225
2540 5589
2541 6314
2542 2593
2543 4826
2544 3286
2545 1942
2546 531
2547 210
2548 1474
2549 487
2550 122
2551 4904
2552 6556
2553 3514
2554 7474
2555 1003
2556 2361
2557 4090
2558 4810
2559 5117
2560 946
2561 3608
2562 7629
2563 1264
2564 7314
2565 6969
2566 2187
2567 5874
2568 4632
2569 7574
2570 7908
2571 1530
2572 4011
2573 5616
2574 6278
2575 7025
2576 3630
2577 3699
2578 3563
2579 1054
2580 864
2581 249
2582 4931
2583 911
2584 990
2585 6987
2586 2088
2587 5012
2588 6391
2589 6351
2590 5236
2591 4209
2592 3596
2593 71
2594 2961
2595 335
2596 6922
2597 7358
2598 7641
2599 4473
2600 7941
2601 414
2602 3153
2603 6499
2604 2460
2605 5588
2606 4338
2607 2772
2608 6371
2609 3976
2610 2075
2611 6667
2612 266
2613 2179
2614 8088
2615 5463
2616 7618
2617 1898
2618 8165
2619 7054
2620 4210
2621 6153
2622 1091
2623 6964
2624 6781
2625 2617
2626 170
2627 5755
2628 6565
2629 3508
2630 6680
2631 3331
2632 7859
2633 4671
2634 1525
2635 1841
2636 2724
2637 6116
2638 6463
2639 5046
2640 1577
2641 4349
2642 2844
2643 2600
2644 5200
2645 2490
2646 5835
2647 3611
2648 6480
2649 7728
2650 3653
2651 2907
2652 1115
2653 4688
2654 4007
2655 3790
2656 3081
2657 949
2658 4171
2659 2649
2660 4811
2661 7413
2662 6843
2663 7258
2664 1939
2665 4776
2666 7821
2667 4705
2668 7841
2669 2459
2670 1201
2671 7631
2672 6145
2673 2745
2674 6361
2675 108
2676 3874
2677 8068
2678 5352
2679 7159
2680 7205
2681 388
2682 841
2683 589
2684 8118
2685 2063
2686 6836
2687 1140
2688 6157
2689 276
2690 2126
2691 5010
2692 6367
2693 5592
2694 6467
2695 5619
2696 5988
2697 7439
2698 1576
2699 6748
2700 1896
2701 379
2702 4484
2703 4699
2704 6630
2705 5316
2706 154
2707 4451
2708 1851
2709 5104
2710 638
2711 6686
2712 6506
2713 4839
2714 127
2715 5433
2716 7028
2717 1211
2718 7252
2719 6276
2720 7593
2721 2191
2722 1930
2723 5873
2724 2024
2725 7116
2726 6610
2727 6048
2728 905
2729 5024
2730 6641
2731 4119
2732 4386
2733 432
2734 5202
2735 1826
2736 6856
2737 5253
2738 7899
2739 7352
2740 6354
2741 3930
2742 2547
2743 3415
2744 5577
2745 3992
2746 5277
2747 1633
2748 5955
2749 6436
2750 3255
2751 2519
2752 3136
2753 5664
2754 4167
2755 5044
2756 2101
2757 1400
2758 735
2759 8092
2760 3020
2761 3671
2762 1170
2763 3884
2764 6307
2765 1282
2766 7889
2767 5264
2768 6140
2769 5880
2770 6768
2771 5788
2772 7480
2773 3856
2774 6994
2775 1248
2776 3494
2777 3476
2778 326
2779 7087
2780 3878
2781 2926
2782 4894
2783 4529
2784 351
2785 3943
2786 51
2787 2038
2788 7696
2789 3270
2790 7974
2791 1270
2792 2759
2793 6056
2794 6311
2795 1717
2796 4502
2797 4864
2798 4457
2799 2842
2800 3785
2801 4296
2802 4200
2803 7653
2804 6416
2805 8063
2806 4262
2807 587
2808 5212
2809 3996
2810 5681
2811 4961
2812 6965
2813 3839
2814 4422
2815 5112
2816 3732
2817 5723
2818 6246
2819 1425
2820 1498
2821 5359
2822 7800
2823 6866
2824 1203
2825 7334
2826 752
2827 1083
2828 2359
2829 5251
2830 689
2831 6006
2832 6453
2833 1858
2834 7165
2835 5020
2836 2825
2837 1684
2838 2996
2839 8110
2840 6212
2841 6918
2842 5530
2843 7136
2844 2680
2845 4133
2846 2485
2847 2180
2848 2526
2849 6041
2850 3165
2851 1965
2852 3746
2853 6353
2854 3213
2855 3118
2856 1277
2857 8178
2858 3974
2859 1106
2860 6590
2861 8003
2862 5516
2863 7384
2864 3444
2865 6135
2866 3143
2867 3229
2868 5075
2869 394
2870 5693
2871 2466
2872 3499
2873 3796
2874 3004
2875 888
2876 6706
2877 1461
2878 5644
2879 662
2880 7332
2881 2267
2882 3574
2883 5299
2884 4847
2885 5138
2886 916
2887 5869
2888 4272
2889 5319
2890 3998
2891 1587
2892 709
2893 63
2894 6977
2895 5367
2896 5199
2897 6695
2898 1616
2899 4365
2900 2192
2901 1825
2902 7211
2903 548
2904 8148
2905 264
2906 426
2907 4937
2908 939
2909 3359
2910 1904
2911 846
2912 8041
2913 2084
2914 687
2915 586
2916 3450
2917 1750
2918 7983
2919 2380
2920 4141
2921 4049
2922 2110
2923 7257
2924 2184
2925 5438
2926 6871
2927 4304
2928 7371
2929 2491
2930 2699
2931 2630
2932 4355
2933 4326
2934 1207
2935 5480
2936 7700
2937 5702
2938 6099
2939 168
2940 1384
2941 3882
2942 5908
2943 2198
2944 91
2945 6917
2946 5085
2947 1100
2948 3530
2949 7649
2950 4449
2951 5472
2952 736
2953 5659
2954 4265
2955 3570
2956 5934
2957 1777
2958 6461
2959 2170
2960 4433
2961 3130
2962 2557
2963 5602
2964 5072
2965 5905
2966 3526
2967 7871
2968 8167
2969 1716
2970 2629
2971 6044
2972 1959
2973 3778
2974 2581
2975 1385
2976 2242
2977 539
2978 62
2979 1044
2980 8151
2981 7784
2982 2770
2983 5166
2984 6016
2985 3800
2986 4573
2987 119
2988 3868
2989 3969
2990 3082
2991 7423
2992 1663
2993 1848
2994 1807
2995 3228
2996 6430
2997 4994
2998 3208
2999 145
3000 26
3001 4714
3002 5429
3003 6864
3004 6464
3005 4087
3006 3374
3007 8122
3008 1040
3009 4166
3010 5882
3011 4343
3012 5328
3013 2579
3014 1683
3015 181
3016 3528
3017 7019
3018 4924
3019 566
3020 7244
3021 2345
3022 5401
3023 5938
3024 373
3025 3196
3026 7267
3027 1206
3028 7162
3029 4113
3030 1378
3031 4325
3032 2501
3033 5337
3034 3180
3035 6407
3036 1152
3037 4729
3038 3978
3039 8120
3040 2915
3041 5870
3042 6466
3043 2541
3044 4185
3045 7490
3046 6574
3047 4064
3048 3096
3049 6009
3050 1760
3051 3063
3052 536
3053 3257
3054 6208
3055 7195
3056 806
3057 3888
3058 496
3059 2920
3060 3241
3061 4779
3062 696
3063 6950
3064 7644
3065 4901
3066 5817
3067 3745
3068 6189
3069 7217
3070 4315
3071 6132
3072 7509
3073 5875
3074 7958
3075 4356
3076 6693
3077 2095
3078 7753
3079 2189
3080 3404
3081 612
3082 2012
3083 2804
3084 5533
3085 4268
3086 2720
3087 1993
3088 1173
3089 5855
3090 6939
3091 931
3092 69
3093 6316
3094 4757
3095 6427
3096 6679
3097 3618
3098 7233
3099 2577
3100 4939
3101 3601
3102 805
3103 7442
3104 2606
3105 1244
3106 5822
3107 6376
3108 4002
3109 4190
3110 78
3111 7777
3112 3101
3113 3275
3114 2975
3115 985
3116 4217
3117 3657
3118 3818
3119 2751
3120 1601
3121 2935
3122 6787
3123 4794
3124 657
3125 2508
3126 3910
3127 3843
3128 6718
3129 6046
3130 4475
3131 1292
3132 5203
3133 4977
3134 2533
3135 6566
3136 2109
3137 4946
3138 2784
3139 7498
3140 7814
3141 3156
3142 5007
3143 7628
3144 2741
3145 4347
3146 3557
3147 3509
3148 1068
3149 1404
3150 863
3151 813
3152 6798
3153 1660
3154 2356
3155 4248
3156 7989
3157 2226
3158 5977
3159 7008
3160 2705
3161 2894
3162 5036
3163 5229
3164 2572
3165 4413
3166 3533
3167 4436
3168 7214
3169 4109
3170 6200
3171 2275
3172 7368
3173 7125
3174 2868
3175 6083
3176 556
3177 7996
3178 164
3179 6797
3180 5505
3181 3214
3182 1451
3183 1828
3184 5488
3185 6688
3186 5187
3187 7729
3188 2156
3189 54
3190 4563
3191 6901
3192 6288
3193 738
3194 1694
3195 4594
3196 5749
3197 7156
3198 2003
3199 3794
3200 4205
3201 4467
3202 1890
3203 3037
3204 1195
3205 2848
3206 7283
3207 8012
3208 7885
3209 7914
3210 3283
3211 5262
3212 3309
3213 5210
3214 1300
3215 412
3216 3222
3217 995
3218 1584
3219 5742
3220 1488
3221 8140
3222 458
3223 7069
3224 918
3225 5778
3226 7367
3227 1518
3228 3460
3229 7883
3230 4830
3231 3031
3232 4883
3233 7580
3234 6452
3235 253
3236 5475
3237 675
3238 579
3239 7133
3240 7854
3241 4623
3242 4689
3243 2512
3244 994
3245 6531
3246 5877
3247 6927
3248 3157
3249 540
3250 5903
3251 443
3252 3067
3253 4828
3254 5057
3255 3047
3256 1117
3257 7108
3258 6334
3259 7203
3260 1850
3261 4446
3262 1303
3263 5656
3264 5746
3265 3008
3266 4884
3267 1759
3268 5584
3269 4516
3270 5287
3271 4311
3272 5443
3273 5244
3274 2377
3275 6570
3276 7370
3277 4488
3278 332
3279 7699
3280 6967
3281 3349
3282 808
3283 6780
3284 4951
3285 5460
3286 5362
3287 1620
3288 6683
3289 4801
3290 4554
3291 2801
3292 6892
3293 1818
3294 4753
3295 5910
3296 4617
3297 86
3298 7748
3299 1511
3300 1954
3301 5714
3302 6392
3303 1902
3304 7606
3305 4117
3306 2757
3307 4345
3308 7321
3309 583
3310 7815
3311 5600
3312 7684
3313 1928
3314 4976
3315 1076
3316 4410
3317 1364
3318 456
3319 5459
3320 6023
3321 386
3322 3639
3323 3693
3324 1344
3325 5170
3326 1836
3327 3488
3328 4775
3329 3292
3330 4336
3331 5881
3332 2449
3333 8017
3334 7658
3335 6359
3336 2378
3337 5421
3338 325
3339 5859
3340 6734
3341 2763
3342 822
3343 1197
3344 7679
3345 7451
3346 4183
3347 5720
3348 3080
3349 1731
3350 2397
3351 2892
3352 3531
3353 1910
3354 3912
3355 1316
3356 4614
3357 7338
3358 4437
3359 5478
3360 6375
3361 4219
3362 4919
3363 1648
3364 4407
3365 5671
3366 1547
3367 4535
3368 6943
3369 2653
3370 5191
3371 7177
3372 4578
3373 5434
3374 6235
3375 1148
3376 4390
3377 6404
3378 7201
3379 1431
3380 5843
3381 7904
3382 1308
3383 6370
3384 5891
3385 938
3386 4782
3387 509
3388 233
3389 3385
3390 2212
3391 1064
3392 4829
3393 4566
3394 3980
3395 2487
3396 1375
3397 2544
3398 5707
3399 7637
3400 3956
3401 1153
3402 1612
3403 6072
3404 6587
3405 5445
3406 2329
3407 3864
3408 6608
3409 2155
3410 2686
3411 7857
3412 224
3413 6528
3414 3809
3415 6191
3416 1863
3417 4503
3418 80
3419 1048
3420 5128
3421 2513
3422 6826
3423 4213
3424 4852
3425 2884
3426 97
3427 2286
3428 488
3429 6606
3430 1691
3431 6805
3432 2230
3433 4504
3434 2036
3435 7912
3436 5717
3437 6562
3438 2269
3439 6940
3440 4385
3441 859
3442 2995
3443 7853
3444 1310
3445 3310
3446 2947
3447 5985
3448 3873
3449 6263
3450 6305
3451 1947
3452 4654
3453 2503
3454 1644
3455 2620
3456 4102
3457 6280
3458 4015
3459 1503
3460 6594
3461 4577
3462 3935
3463 5304
3464 7529
3465 7887
3466 212
3467 7561
3468 5997
3469 4945
3470 7845
3471 2778
3472 2821
3473 7772
3474 7949
3475 3742
3476 2224
3477 4389
3478 402
3479 2398
3480 2062
3481 817
3482 1345
3483 1877
3484 58
3485 1787
3486 1985
3487 2664
3488 6845
3489 2902
3490 353
3491 1290
3492 5159
3493 2634
3494 7132
3495 6234
3496 4639
3497 2272
3498 7072
3499 5318
3500 2874
3501 2536
3502 301
3503 8026
3504 5926
3505 1557
3506 2791
3507 7891
3508 6403
3509 6549
3510 318
3511 3297
3512 7695
3513 6774
3514 4320
3515 4256
3516 3757
3517 4967
3518 2696
3519 5001
3520 6818
3521 1961
3522 721
3523 1002
3524 146
3525 1543
3526 837
3527 4877
3528 42
3529 986
3530 7395
3531 5612
3532 5308
3533 1591
3534 4498
3535 4972
3536 5453
3537 8141
3538 2916
3539 449
3540 8094
3541 1752
3542 7274
3543 6321
3544 7592
3545 404
3546 6111
3547 3702
3548 4317
3549 1670
3550 702
3551 1178
3552 5449
3553 941
3554 6759
3555 5990
3556 3268
3557 3249
3558 5780
3559 3169
3560 4061
3561 5499
3562 1228
3563 1124
3564 4459
3565 7427
3566 6957
3567 1062
3568 6160
3569 680
3570 1740
3571 889
3572 2005
3573 2695
3574 5708
3575 3550
3576 2273
3577 6378
3578 3905
3579 3224
3580 6253
3581 6799
3582 4024
3583 5776
3584 6456
3585 7552
3586 7422
3587 7155
3588 8057
3589 1626
3590 1131
3591 4246
3592 2115
3593 2932
3594 1225
3595 1791
3596 4062
3597 4487
3598 3295
3599 7109
3600 2657
3601 5306
3602 1496
3603 227
3604 6508
3605 5967
3606 2136
3607 4421
3608 5357
3609 5721
3610 6109
3611 6406
3612 6642
3613 273
3614 4059
3615 6091
3616 2674
3617 294
3618 1808
3619 4885
3620 5324
3621 211
3622 2604
3623 774
3624 564
3625 1318
3626 8157
3627 3188
3628 5701
3629 1679
3630 1221
3631 2330
3632 433
3633 6042
3634 7922
3635 7145
3636 5547
3637 6004
3638 3556
3639 3373
3640 5580
3641 1900
3642 6848
3643 3326
3644 1981
3645 2754
3646 4402
3647 1462
3648 4721
3649 5490
3650 5417
3651 1674
3652 1541
3653 5811
3654 4792
3655 5739
3656 8043
3657 1369
3658 4622
3659 1427
3660 1256
3661 3525
3662 697
3663 67
3664 1066
3665 621
3666 6914
3667 3254
3668 6446
3669 4925
3670 3072
3671 4533
3672 438
3673 5258
3674 5174
3675 3949
3676 3913
3677 6533
3678 2944
3679 765
3680 348
3681 3641
3682 2500
3683 4804
3684 7484
3685 5136
3686 1163
3687 2922
3688 7706
3689 2575
3690 4853
3691 6005
3692 5637
3693 7294
3694 1475
3695 280
3696 4052
3697 322
3698 8042
3699 3042
3700 2747
3701 1362
3702 5420
3703 5740
3704 4755
3705 4807
3706 5571
3707 1326
3708 5394
3709 3371
3710 1459
3711 7610
3712 1990
3713 3707
3714 5015
3715 6888
3716 2416
3717 5902
3718 924
3719 803
3720 1392
3721 5802
3722 3018
3723 2357
3724 2209
3725 867
3726 4391
3727 7447
3728 5633
3729 8130
3730 1266
3731 1866
3732 7962
3733 61
3734 2247
3735 6102
3736 8108
3737 1549
3738 3627
3739 4585
3740 3765
3741 6336
3742 2066
3743 2768
3744 7865
3745 3916
3746 4107
3747 3895
3748 655
3749 2560
3750 3609
3751 2429
3752 7172
3753 2786
3754 8102
3755 7050
3756 2807
3757 6638
3758 1447
3759 7921
3760 5139
3761 2839
3762 3367
3763 7305
3764 2532
3765 1978
3766 4918
3767 7609
3768 895
3769 6593
3770 5773
3771 6176
3772 2598
3773 7557
3774 3490
3775 7147
3776 3313
3777 5544
3778 1737
3779 6990
3780 3758
3781 629
3782 667
3783 5209
3784 883
3785 2290
3786 2644
3787 4040
3788 8189
3789 1121
3790 7614
3791 6885
3792 8136
3793 4251
3794 2980
3795 3354
3796 3218
3797 6652
3798 5041
3799 6087
3800 6855
3801 6989
3802 7068
3803 5160
3804 4270
3805 291
3806 4562
3807 3235
3808 1514
3809 3709
3810 22
3811 6011
3812 1020
3813 1229
3814 5914
3815 3113
3816 7216
3817 5573
3818 5511
3819 2478
3820 642
3821 7440
3822 4023
3823 1151
3824 6333
3825 2268
3826 2328
3827 139
3828 8186
3829 3584
3830 1665
3831 6438
3832 1893
3833 7597
3834 4988
3835 3248
3836 5441
3837 1273
3838 3768
3839 5023
3840 2681
3841 679
3842 1455
3843 4041
3844 2743
3845 554
3846 2263
3847 594
3848 7153
3849 377
3850 3319
3851 3519
3852 3652
3853 6196
3854 5130
3855 5270
3856 3260
3857 1176
3858 6475
3859 3789
3860 99
3861 2882
3862 1568
3863 4067
3864 616
3865 2368
3866 7399
3867 3321
3868 518
3869 1222
3870 7773
3871 7114
3872 1128
3873 6985
3874 442
3875 4895
3876 3835
3877 2099
3878 4960
3879 2174
3880 7082
3881 5273
3882 7723
3883 3471
3884 1534
3885 5467
3886 1814
3887 1059
3888 307
3889 3216
3890 912
3891 1892
3892 4131
3893 6654
3894 278
3895 2070
3896 5894
3897 3545
3898 2706
3899 4666
3900 4732
3901 7717
3902 6093
3903 3497
3904 6996
3905 8121
3906 3755
3907 4875
3908 8169
3909 4990
3910 2022
3911 4966
3912 3184
3913 5483
3914 7750
3915 1257
3916 7880
3917 4293
3918 493
3919 470
3920 7403
3921 7280
3922 2053
3923 4492
3924 7237
3925 7716
3926 3093
3927 6665
3928 5692
3929 4416
3930 6465
3931 6081
3932 5355
3933 7896
3934 6782
3935 1775
3936 1472
3937 618
3938 109
3939 2863
3940 2591
3941 8101
3942 7876
3943 406
3944 768
3945 6426
3946 4589
3947 7645
3948 5918
3949 3684
3950 2672
3951 1653
3952 1102
3953 3700
3954 3120
3955 5049
3956 6190
3957 2363
3958 1332
3959 2254
3960 7191
3961 7036
3962 6820
3963 4136
3964 5003
3965 5290
3966 89
3967 7230
3968 3723
3969 3417
3970 2539
3971 7151
3972 5564
3973 7504
3974 8058
3975 708
3976 6572
3977 6937
3978 979
3979 4882
3980 1630
3981 7738
3982 152
3983 3059
3984 7071
3985 1596
3986 2399
3987 3729
3988 7799
3989 3825
3990 2
3991 2105
3992 5987
3993 1080
3994 3021
3995 1845
3996 8059
3997 2623
3998 6051
3999 4995
4000 7662
4001 5228
4002 4890
4003 7589
4004 7431
4005 6755
4006 2233
4007 3677
4008 6555
4009 5868
4010 200
4011 248
4012 7566
4013 6267
4014 7975
4015 3591
4016 2542
4017 3542
4018 6033
4019 4182
4020 6432
4021 6736
4022 6666
4023 4250
4024 7192
4025 7115
4026 2114
4027 2314
4028 1599
4029 4103
4030 3784
4031 7674
4032 7860
4033 2985
4034 3689
4035 2204
4036 2608
4037 2403
4038 584
4039 5930
4040 7181
4041 313
4042 7923
4043 2497
4044 21
4045 7197
4046 4738
4047 551
4048 1797
4049 6342
4050 3717
4051 163
4052 5177
4053 5274
4054 7819
4055 6271
4056 2169
4057 4221
4058 4920
4059 8103
4060 5069
4061 3786
4062 2498
4063 1220
4064 4450
4065 1707
4066 2809
4067 242
4068 4806
4069 5924
4070 6595
4071 5008
4072 3599
4073 7464
4074 6951
4075 1463
4076 441
4077 4321
4078 6662
4079 3726
4080 7113
4081 1952
4082 6377
4083 1086
4084 2963
4085 2463
4086 3626
4087 6732
4088 4728
4089 7083
4090 3859
4091 4196
4092 634
4093 1179
4094 7790
4095 4933
4096 6813
4097 5052
4098 7433
4099 4641
4100 50
4101 3317
4102 761
4103 2166
4104 3087
4105 4242
4106 6837
4107 6356
4108 543
4109 951
4110 3378
4111 7284
4112 7725
4113 3815
4114 6166
4115 1189
4116 4650
4117 2994
4118 7879
4119 1409
4120 2353
4121 4604
4122 7026
4123 4478
4124 6296
4125 8018
4126 767
4127 1430
4128 7643
4129 6077
4130 4900
4131 7987
4132 5618
4133 1693
4134 3003
4135 4506
4136 143
4137 7009
4138 549
4139 7207
4140 2362
4141 6540
4142 3880
4143 4874
4144 344
4145 960
4146 4149
4147 2815
4148 2197
4149 6817
4150 3896
4151 2454
4152 2015
4153 771
4154 3624
4155 3086
4156 5622
4157 4605
4158 2307
4159 6114
4160 1730
4161 6038
4162 5498
4163 530
4164 4849
4165 3676
4166 932
4167 8144
4168 498
4169 6970
4170 1096
4171 3089
4172 3954
4173 2556
4174 5979
4175 5182
4176 4454
4177 6250
4178 7225
4179 7806
4180 5054
4181 2767
4182 7970
4183 6881
4184 6372
4185 3885
4186 7673
4187 2232
4188 7158
4189 6170
4190 5763
4191 1289
4192 7565
4193 5426
4194 408
4195 5011
4196 1448
4197 3261
4198 1629
4199 7463
4200 1328
4201 7840
4202 4294
4203 943
4204 5557
4205 6803
4206 6616
4207 6151
4208 479
4209 6369
4210 2302
4211 258
4212 1460
4213 5898
4214 5175
4215 2928
4216 4030
4217 1509
4218 728
4219 4153
4220 6854
4221 1184
4222 2432
4223 349
4224 5496
4225 3647
4226 1847
4227 7976
4228 758
4229 4943
4230 464
4231 2587
4232 7678
4233 5830
4234 5342
4235 2820
4236 3947
4237 6772
4238 6201
4239 3989
4240 189
4241 4010
4242 167
4243 1634
4244 4086
4245 644
4246 1859
4247 1932
4248 6735
4249 2462
4250 4557
4251 3445
4252 4657
4253 1295
4254 2872
4255 2071
4256 8006
4257 4581
4258 6973
4259 7005
4260 4073
4261 8113
4262 7235
4263 2240
4264 2160
4265 6631
4266 5534
4267 7939
4268 7310
4269 868
4270 8046
4271 7287
4272 7602
4273 4100
4274 1169
4275 651
4276 2545
4277 5404
4278 5162
4279 3646
4280 3259
4281 6717
4282 507
4283 6242
4284 1471
4285 6944
4286 2059
4287 5444
4288 3733
4289 996
4290 6289
4291 6993
4292 3424
4293 2673
4294 6880
4295 5100
4296 5710
4297 1783
4298 6206
4299 6668
4300 4754
4301 202
4302 7488
4303 5192
4304 1293
4305 5986
4306 636
4307 4003
4308 7995
4309 4382
4310 6585
4311 5028
4312 8166
4313 5585
4314 4717
4315 12
4316 6934
4317 3793
4318 4273
4319 337
4320 6021
4321 3590
4322 3125
4323 712
4324 2333
4325 8099
4326 3607
4327 4170
4328 6875
4329 1187
4330 4369
4331 928
4332 3323
4333 1917
4334 7001
4335 1
4336 7791
4337 2423
4338 4635
4339 241
4340 3651
4341 7448
4342 5694
4343 7385
4344 5900
4345 2898
4346 1869
4347 1428
4348 6605
4349 4434
4350 3981
4351 5555
4352 4328
4353 5476
4354 6054
4355 2814
4356 1720
4357 2103
4358 1337
4359 7985
4360 3108
4361 4046
4362 1876
4363 7937
4364 129
4365 7122
4366 8175
4367 4180
4368 6398
4369 256
4370 1047
4371 1909
4372 2811
4373 3966
4374 5403
4375 4758
4376 4531
4377 3890
4378 48
4379 5375
4380 1646
4381 3777
4382 8005
4383 2408
4384 7148
4385 3644
4386 6015
4387 6478
4388 1089
4389 4372
4390 3435
4391 1348
4392 8076
4393 778
4394 4897
4395 1031
4396 2945
4397 3452
4398 2433
4399 7027
4400 1454
4401 3870
4402 1005
4403 1545
4404 5339
4405 3536
4406 6210
4407 117
4408 5267
4409 929
4410 6747
4411 7110
4412 2414
4413 7143
4414 718
4415 306
4416 6775
4417 6177
4418 5864
4419 3944
4420 6281
4421 7062
4422 7340
4423 416
4424 3900
4425 919
4426 4168
4427 1393
4428 6676
4429 8177
4430 2771
4431 1215
4432 6844
4433 7734
4434 5834
4435 3636
4436 459
4437 2518
4438 7838
4439 5285
4440 7584
4441 3231
4442 8014
4443 7099
4444 7347
4445 1150
4446 4593
4447 4560
4448 6213
4449 5222
4450 7702
4451 502
4452 1491
4453 2366
4454 4186
4455 5149
4456 7577
4457 3200
4458 1605
4459 8001
4460 5682
4461 5553
4462 2032
4463 3991
4464 6604
4465 2055
4466 563
4467 6412
4468 7362
4469 3127
4470 7383
4471 7672
4472 4704
4473 3812
4474 5617
4475 5283
4476 3342
4477 4243
4478 3062
4479 2129
4480 1809
4481 1371
4482 847
4483 6596
4484 7719
4485 2313
4486 4739
4487 2029
4488 1844
4489 2341
4490 4898
4491 908
4492 1269
4493 4469
4494 100
4495 2181
4496 8137
4497 1778
4498 2412
4499 7063
4500 6303
4501 7555
4502 7961
4503 760
4504 1903
4505 5809
4506 297
4507 3703
4508 8025
4509 81
4510 6275
4511 1182
4512 2992
4513 1597
4514 3632
4515 5697
4516 7180
4517 2780
4518 2476
4519 580
4520 5626
4521 428
4522 891
4523 1819
4524 7393
4525 8013
4526 251
4527 5568
4528 1996
4529 1785
4530 3140
4531 148
4532 5390
4533 3023
4534 8173
4535 1765
4536 7248
4537 6045
4538 8090
4539 4070
4540 7175
4541 1368
4542 527
4543 2390
4544 2010
4545 4280
4546 8147
4547 1162
4548 4838
4549 700
4550 1510
4551 2445
4552 2338
4553 5851
4554 546
4555 2586
4556 6171
4557 1357
4558 4208
4559 3679
4560 5578
4561 2773
4562 7419
4563 4923
4564 2086
4565 7291
4566 4288
4567 4763
4568 1085
4569 4053
4570 2937
4571 2167
4572 4610
4573 7507
4574 7724
4575 2984
4576 2739
4577 2469
4578 5838
4579 5803
4580 3799
4581 424
4582 8191
4583 5552
4584 336
4585 161
4586 130
4587 5654
4588 907
4589 7685
4590 3336
4591 7766
4592 7372
4593 5734
4594 3314
4595 3394
4596 2472
4597 4232
4598 2938
4599 2316
4600 6648
4601 6904
4602 544
4603 7648
4604 3500
4605 4063
4606 1739
4607 2258
4608 6955
4609 3121
4610 1190
4611 3044
4612 6627
4613 1070
4614 965
4615 3544
4616 5643
4617 5123
4618 4447
4619 2394
4620 1769
4621 3516
4622 6884
4623 3914
4624 2137
4625 2239
4626 2856
4627 5084
4628 4906
4629 6364
4630 2278
4631 4500
4632 7707
4633 1239
4634 1682
4635 8022
4636 1989
4637 7121
4638 4523
4639 6674
4640 7472
4641 3049
4642 872
4643 7895
4644 3084
4645 2855
4646 6972
4647 3610
4648 3555
4649 4713
4650 2618
4651 7437
4652 182
4653 1367
4654 4060
4655 118
4656 2885
4657 8135
4658 7298
4659 1565
4660 7510
4661 2643
4662 2388
4663 4970
4664 6858
4665 7749
4666 2311
4667 2622
4668 1302
4669 5615
4670 1624
4671 4555
4672 7980
4673 4509
4674 7616
4675 1800
4676 5766
4677 1432
4678 4638
4679 2698
4680 2829
4681 4879
4682 5824
4683 508
4684 2960
4685 2142
4686 4366
4687 1823
4688 5156
4689 135
4690 6758
4691 4300
4692 3246
4693 5298
4694 1885
4695 8045
4696 3352
4697 70
4698 5419
4699 1767
4700 2364
4701 622
4702 6128
4703 3468
4704 7013
4705 304
4706 4692
4707 1440
4708 6769
4709 1237
4710 2229
4711 2523
4712 5638
4713 1969
4714 2259
4715 1015
4716 3152
4717 209
4718 2563
4719 5013
4720 1322
4721 6331
4722 2956
4723 5951
4724 421
4725 3110
4726 4401
4727 358
4728 6743
4729 4316
4730 6933
4731 5101
4732 2017
4733 5678
4734 1465
4735 6061
4736 8163
4737 7331
4738 5981
4739 6889
4740 731
4741 2822
4742 6117
4743 6851
4744 6097
4745 1561
4746 5397
4747 230
4748 5532
4749 1527
4750 934
4751 7551
4752 4110
4753 4283
4754 299
4755 3704
4756 396
4757 6218
4758 576
4759 3687
4760 1390
4761 6619
4762 7056
4763 1011
4764 6421
4765 6966
4766 437
4767 6635
4768 2484
4769 7718
4770 6264
4771 3133
4772 3197
4773 6007
4774 2000
4775 6399
4776 5594
4777 7943
4778 4044
4779 4909
4780 5806
4781 2574
4782 4354
4783 5205
4784 4274
4785 7903
4786 4684
4787 38
4788 1497
4789 3902
4790 215
4791 1376
4792 950
4793 7443
4794 2901
4795 3697
4796 904
4797 7487
4798 4546
4799 1200
4800 6766
4801 7740
4802 1821
4803 5752
4804 3366
4805 121
4806 1281
4807 1987
4808 844
4809 2812
4810 1477
4811 1304
4812 3464
4813 174
4814 2241
4815 4686
4816 5885
4817 5345
4818 1025
4819 6583
4820 2355
4821 648
4822 7323
4823 779
4824 7194
4825 7243
4826 44
4827 2188
4828 5709
4829 6240
4830 2582
4831 1424
4832 274
4833 2041
4834 4323
4835 4278
4836 827
4837 6547
4838 3269
4839 7934
4840 6144
4841 5582
4842 1631
4843 6192
4844 5092
4845 6724
4846 5455
4847 1533
4848 3245
4849 8064
4850 2650
4851 4803
4852 4607
4853 1883
4854 7098
4855 53
4856 6516
4857 3010
4858 5574
4859 5189
4860 7687
4861 7830
4862 3961
4863 5327
4864 7000
4865 1611
4866 6639
4867 4161
4868 5151
4869 3597
4870 4508
4871 3350
4872 6284
4873 3446
4874 3892
4875 2939
4876 5549
4877 5774
4878 5122
4879 331
4880 7210
4881 3160
4882 3091
4883 3806
4884 5297
4885 2237
4886 3212
4887 4869
4888 4276
4889 2714
4890 6108
4891 3894
4892 2158
4893 262
4894 2083
4895 678
4896 3511
4897 7135
4898 947
4899 2682
4900 7308
4901 149
4902 2125
4903 1948
4904 892
4905 3453
4906 4423
4907 7768
4908 7522
4909 5522
4910 7012
4911 3221
4912 614
4913 5332
4914 2968
4915 5601
4916 8072
4917 478
4918 3276
4919 3645
4920 4254
4921 1204
4922 4289
4923 4227
4924 5493
4925 6408
4926 7081
4927 3135
4928 4865
4929 7732
4930 7585
4931 6439
4932 6265
4933 5814
4934 2502
4935 3520
4936 418
4937 1988
4938 3887
4939 6537
4940 1242
4941 4050
4942 6055
4943 4252
4944 1168
4945 5248
4946 3022
4947 6202
4948 5535
4949 1627
4950 3725
4951 96
4952 4549
4953 2888
4954 1442
4955 4225
4956 7412
4957 5559
4958 6737
4959 2580
4960 1802
4961 7623
4962 4778
4963 4261
4964 5952
4965 3855
4966 4893
4967 3012
4968 460
4969 2927
4970 4438
4971 5852
4972 910
4973 3264
4974 829
4975 7666
4976 1889
4977 3675
4978 7006
4979 2538
4980 7202
4981 6806
4982 6270
4983 4228
4984 7554
4985 1974
4986 7795
4987 1456
4988 1377
4989 6428
4990 366
4991 111
4992 8188
4993 1487
4994 2078
4995 462
4996 6947
4997 1573
4998 5972
4999 7603
5000 1135
5001 5590
5002 3420
5003 1069
5004 1538
5005 4793
5006 4658
5007 1306
5008 4202
5009 257
5010 4525
5011 5135
5012 7774
5013 6725
5014 3134
5015 4953
5016 2074
5017 5941
5018 6561
5019 665
5020 5550
5021 1231
5022 2004
5023 5623
5024 1446
5025 5439
5026 7424
5027 7220
5028 2238
5029 5391
5030 3370
5031 6014
5032 474
5033 7810
5034 6167
5035 6896
5036 6794
5037 2818
5038 6101
5039 3340
5040 6530
5041 3957
5042 4461
5043 2486
5044 1964
5045 2933
5046 7730
5047 8145
5048 1550
5049 4857
5050 7779
5051 6867
5052 5699
5053 6762
5054 1806
5055 6722
5056 259
5057 5524
5058 3558
5059 3512
5060 927
5061 7942
5062 6413
5063 7497
5064 3822
5065 4726
5066 8152
5067 3477
5068 7345
5069 6548
5070 5846
5071 4408
5072 2573
5073 7559
5074 3279
5075 5289
5076 5886
5077 4761
5078 2895
5079 4245
5080 1650
5081 3204
5082 2049
5083 6222
5084 2864
5085 6147
5086 7357
5087 3701
5088 2558
5089 1690
5090 8105
5091 7765
5092 1505
5093 4159
5094 4134
5095 7185
5096 2327
5097 2298
5098 2439
5099 3783
5100 132
5101 2823
5102 491
5103 1132
5104 5361
5105 2360
5106 6024
5107 792
5108 1979
5109 3455
5110 6254
5111 4665
5112 3410
5113 5733
5114 652
5115 4848
5116 5127
5117 6664
5118 4442
5119 6974
5120 4808
5121 65
5122 5027
5123 6505
5124 6470
5125 5094
5126 1010
5127 1186
5128 8089
5129 3351
5130 6089
5131 1559
5132 686
5133 4941
5134 2112
5135 948
5136 225
5137 5410
5138 4363
5139 3548
5140 1416
5141 1824
5142 6872
5143 1733
5144 9
5145 2873
5146 2468
5147 6983
5148 3030
5149 1701
5150 283
5151 4670
5152 1468
5153 3144
5154 4378
5155 4179
5156 5621
5157 5446
5158 659
5159 5263
5160 7781
5161 87
5162 5508
5163 5931
5164 3414
5165 1356
5166 4862
5167 7426
5168 3454
5169 6802
5170 3263
5171 5143
5172 914
5173 804
5174 6368
5175 303
5176 2296
5177 5719
5178 7037
5179 7801
5180 203
5181 7517
5182 4374
5183 6628
5184 3738
5185 6754
5186 6827
5187 7739
5188 3203
5189 5492
5190 5408
5191 3051
5192 5572
5193 7881
5194 5093
5195 1457
5196 3090
5197 5110
5198 5145
5199 7625
5200 156
5201 1801
5202 6542
5203 840
5204 451
5205 2305
5206 3397
5207 4203
5208 4510
5209 1323
5210 4322
5211 3198
5212 5428
5213 3985
5214 3922
5215 6455
5216 5293
5217 1479
5218 4094
5219 2611
5220 3766
5221 3507
5222 3142
5223 2381
5224 1397
5225 1913
5226 5042
5227 4490
5228 3847
5229 6130
5230 7984
5231 6057
5232 6697
5233 980
5234 1105
5235 653
5236 5140
5237 2052
5238 807
5239 7092
5240 1013
5241 3284
5242 3102
5243 7794
5244 5282
5245 7374
5246 6899
5247 1579
5248 5769
5249 4474
5250 4682
5251 4383
5252 2434
5253 1249
5254 3585
5255 4603
5256 5718
5257 1412
5258 4233
5259 7292
5260 7650
5261 1014
5262 7917
5263 6527
5264 1719
5265 5750
5266 5971
5267 3114
5268 7101
5269 1291
5270 6571
5271 483
5272 1746
5273 7074
5274 4640
5275 2668
5276 7390
5277 1024
5278 6188
5279 5471
5280 6512
5281 2652
5282 243
5283 3329
5284 521
5285 3277
5286 5086
5287 971
5288 1349
5289 2594
5290 3904
5291 7164
5292 4139
5293 4672
5294 7040
5295 4902
5296 4818
5297 6777
5298 4695
5299 601
5300 1314
5301 6592
5302 6545
5303 8133
5304 1623
5305 2419
5306 6348
5307 3592
5308 5323
5309 5300
5310 973
5311 6893
5312 4731
5313 6575
5314 3674
5315 1288
5316 3399
5317 588
5318 1499
5319 5520
5320 8035
5321 1920
5322 4532
5323 6215
5324 802
5325 1366
5326 7633
5327 7977
5328 7590
5329 5543
5330 6726
5331 5365
5332 4236
5333 2952
5334 267
5335 7387
5336 7438
5337 660
5338 6791
5339 6362
5340 5876
5341 2603
5342 850
5343 7843
5344 1637
5345 7955
5346 2393
5347 7404
5348 2913
5349 3274
5350 7073
5351 1495
5352 8073
5353 6745
5354 2998
5355 1607
5356 515
5357 7873
5358 4825
5359 2658
5360 6850
5361 4556
5362 2144
5363 7007
5364 7928
5365 5713
5366 1861
5367 4147
5368 7981
5369 755
5370 6751
5371 5512
5372 6366
5373 1901
5374 4376
5375 7105
5376 415
5377 3315
5378 6301
5379 6841
5380 5994
5381 3560
5382 7377
5383 5795
5384 547
5385 3149
5386 6733
5387 5059
5388 5897
5389 1762
5390 8011
5391 7430
5392 6658
5393 4269
5394 2340
5395 4956
5396 7304
5397 4805
5398 2689
5399 6938
5400 5313
5401 3192
5402 290
5403 1077
5404 4193
5405 5614
5406 3546
5407 7964
5408 6262
5409 3126
5410 3173
5411 6655
5412 5907
5413 909
5414 7681
5415 1927
5416 4854
5417 8081
5418 1895
5419 1582
5420 7591
5421 1238
5422 6923
5423 7486
5424 4536
5425 1784
5426 1172
5427 1045
5428 7313
5429 5913
5430 1618
5431 977
5432 3970
5433 5257
5434 4066
5435 4377
5436 581
5437 3099
5438 2018
5439 1924
5440 5353
5441 7057
5442 7513
5443 5220
5444 7459
5445 2482
5446 2571
5447 2236
5448 897
5449 2202
5450 1753
5451 76
5452 7174
5453 5142
5454 133
5455 2287
5456 4821
5457 692
5458 1780
5459 6283
5460 4175
5461 7778
5462 1843
5463 4548
5464 6447
5465 5687
5466 3139
5467 5542
5468 4859
5469 4980
5470 6420
5471 901
5472 1588
5473 4146
5474 2903
5475 8123
5476 1570
5477 6887
5478 4702
5479 3879
5480 4749
5481 5831
5482 7022
5483 7670
5484 6586
5485 7360
5486 7525
5487 7595
5488 346
5489 7476
5490 2276
5491 5102
5492 8124
5493 1912
5494 1687
5495 8047
5496 2589
5497 3504
5498 3682
5499 142
5500 4001
5501 4784
5502 5674
5503 3828
5504 6696
5505 7900
5506 7014
5507 6910
5508 650
5509 5896
5510 6553
5511 3447
5512 3106
5513 4631
5514 4513
5515 3861
5516 2042
5517 7232
5518 8080
5519 5225
5520 1574
5521 413
5522 4798
5523 903
5524 179
5525 6002
5526 5904
5527 2777
5528 7429
5529 6020
5530 2165
5531 367
5532 1406
5533 6178
5534 1029
5535 8139
5536 4122
5537 5078
5538 2402
5539 7682
5540 839
5541 6277
5542 4072
5543 6838
5544 5106
5545 7664
5546 1749
5547 6510
5548 759
5549 2289
5550 7549
5551 3537
5552 72
5553 1058
5554 2800
5555 7450
5556 159
5557 2148
5558 11
5559 2766
5560 186
5561 6164
5562 5840
5563 492
5564 2081
5565 4751
5566 2421
5567 3434
5568 5213
5569 6921
5570 5980
5571 8077
5572 6526
5573 3407
5574 5231
5575 2190
5576 707
5577 3466
5578 3085
5579 4337
5580 6113
5581 2890
5582 4249
5583 2827
5584 5407
5585 4624
5586 7171
5587 6711
5588 8033
5589 3060
5590 6431
5591 4519
5592 4174
5593 7826
5594 4480
5595 7059
5596 3288
5597 4104
5598 5961
5599 1473
5600 7936
5601 7238
5602 4058
5603 626
5604 2274
5605 605
5606 2085
5607 2559
5608 2850
5609 263
5610 4135
5611 5826
5612 3515
5613 6484
5614 7077
5615 5921
5616 7545
5617 4448
5618 1695
5619 7578
5620 116
5621 5082
5622 6387
5623 445
5624 7409
5625 7640
5626 2034
5627 314
5628 2566
5629 3348
5630 3690
5631 1870
5632 3960
5633 815
5634 4774
5635 4660
5636 1804
5637 8127
5638 2851
5639 5239
5640 6327
5641 6640
5642 3055
5643 5382
5644 3115
5645 7805
5646 6609
5647 1554
5648 1905
5649 7168
5650 2832
5651 3353
5652 2721
5653 7656
5654 3154
5655 7893
5656 2461
5657 352
5658 6119
5659 2764
5660 6682
5661 7711
5662 6513
5663 5983
5664 2134
5665 5466
5666 2310
5667 5058
5668 1285
5669 878
5670 2091
5671 165
5672 4156
5673 2624
5674 2972
5675 2221
5676 1126
5677 3362
5678 6788
5679 2067
5680 832
5681 4419
5682 953
5683 7416
5684 4867
5685 6282
5686 4331
5687 6224
5688 3413
5689 4481
5690 5565
5691 4989
5692 1224
5693 4846
5694 5689
5695 6793
5696 7169
5697 4505
5698 1464
5699 1519
5700 2535
5701 1937
5702 1202
5703 4687
5704 2854
5705 6507
5706 4020
5707 7094
5708 5645
5709 4417
5710 5827
5711 7957
5712 3971
5713 506
5714 5611
5715 3838
5716 8125
5717 3572
5718 1079
5719 5076
5720 6126
5721 4606
5722 2799
5723 2317
5724 7676
5725 3094
5726 1810
5727 8091
5728 5321
5729 4029
5730 2294
5731 5922
5732 4418
5733 816
5734 6287
5735 2391
5736 7817
5737 5206
5738 5605
5739 4719
5740 153
5741 2044
5742 1396
5743 6539
5744 5945
5745 4115
5746 875
5747 1101
5748 195
5749 4471
5750 463
5751 4181
5752 7373
5753 1049
5754 1339
5755 3724
5756 7223
5757 6876
5758 5269
5759 7910
5760 1761
5761 2564
5762 6492
5763 4307
5764 2337
5765 6137
5766 1779
5767 5604
5768 715
5769 4797
5770 6811
5771 4327
5772 3357
5773 5966
5774 2609
5775 4106
5776 6474
5777 6381
5778 1449
5779 4574
5780 2511
5781 5711
5782 5632
5783 2748
5784 1517
5785 4915
5786 2465
5787 5344
5788 5473
5789 2207
5790 2810
5791 385
5792 1399
5793 3604
5794 2936
5795 1915
5796 5227
5797 5435
5798 4656
5799 1223
5800 7704
5801 5155
5802 2612
5803 2656
5804 2969
5805 3001
5806 619
5807 4880
5808 5684
5809 876
5810 235
5811 1758
5812 6502
5813 6473
5814 6437
5815 3244
5816 5450
5817 5354
5818 4470
5819 1925
5820 6143
5821 2853
5822 2507
5823 2417
5824 7060
5825 2392
5826 2217
5827 2986
5828 6716
5829 1712
5830 5014
5831 6493
5832 6946
5833 4515
5834 7544
5835 3763
5836 5968
5837 1342
5838 6434
5839 232
5840 970
5841 6374
5842 311
5843 5034
5844 173
5845 6776
5846 3320
5847 3582
5848 191
5849 6825
5850 7288
5851 6343
5852 3909
5853 6220
5854 5158
5855 3422
5856 3925
5857 2769
5858 3710
5859 1998
5860 6001
5861 8097
5862 5129
5863 7041
5864 8114
5865 1026
5866 6440
5867 5074
5868 1816
5869 6063
5870 2102
5871 7932
5872 4679
5873 8070
5874 2143
5875 4032
5876 2843
5877 6273
5878 848
5879 7391
5880 5370
5881 4927
5882 3655
5883 7897
5884 7733
5885 3808
5886 3181
5887 4235
5888 727
5889 1071
5890 2555
5891 7950
5892 5340
5893 984
5894 7598
5895 5915
5896 2808
5897 5700
5898 1754
5899 1265
5900 2716
5901 2905
5902 3836
5903 3638
5904 4872
5905 5816
5906 5748
5907 7250
5908 7726
5909 6909
5910 1441
5911 2308
5912 1023
5913 2006
5914 3908
5915 3299
5916 477
5917 8048
5918 7061
5919 2599
5920 1484
5921 5183
5922 1619
5923 2284
5924 2171
5925 7543
5926 550
5927 7872
5928 6709
5929 3666
5930 4663
5931 2803
5932 4619
5933 7852
5934 1254
5935 3802
5936 7689
5937 3695
5938 1216
5939 3332
5940 3393
5941 2014
5942 205
5943 2037
5944 4815
5945 7021
5946 1438
5947 112
5948 2723
5949 2279
5950 885
5951 7953
5952 764
5953 5537
5954 4240
5955 7744
5956 2647
5957 6483
5958 582
5959 4567
5960 8074
5961 1661
5962 4542
5963 6543
5964 4765
5965 7326
5966 6898
5967 7635
5968 3391
5969 1250
5970 3728
5971 7663
5972 3432
5973 3461
5974 3805
5975 5378
5976 5794
5977 4284
5978 2477
5979 7388
5980 381
5981 4491
5982 1886
5983 3871
5984 4125
5985 7709
5986 6699
5987 4999
5988 7339
5989 1494
5990 565
5991 16
5992 0
5993 3074
5994 866
5995 6672
5996 2431
5997 6509
5998 4809
5999 4501
6000 201
6001 4340
6002 3381
6003 1526
6004 7093
6005 300
6006 6865
6007 3147
6008 4772
6009 6750
6010 1771
6011 8066
6012 3927
6013 3767
6014 6657
6015 4582
6016 3363
6017 5280
6018 6614
6019 7182
6020 2648
6021 2615
6022 6959
6023 4295
6024 1478
6025 1267
6026 1053
6027 8111
6028 3791
6029 7599
6030 7844
6031 2552
6032 7627
6033 6248
6034 7572
6035 706
6036 1967
6037 6332
6038 3523
6039 7959
6040 7878
6041 5784
6042 4720
6043 3372
6044 4463
6045 2447
6046 4485
6047 2967
6048 7536
6049 1918
6050 610
6051 5252
6052 7301
6053 5194
6054 3433
6055 3409
6056 8112
6057 7972
6058 5132
6059 5737
6060 1590
6061 2116
6062 3948
6063 5828
6064 6712
6065 7335
6066 4572
6067 777
6068 757
6069 3050
6070 4737
6071 4773
6072 6110
6073 4279
6074 6433
6075 7281
6076 3683
6077 7511
6078 6778
6079 2120
6080 4973
6081 6318
6082 1982
6083 5642
6084 2554
6085 2097
6086 842
6087 809
6088 3643
6089 7129
6090 6906
6091 1949
6092 763
6093 6340
6094 5861
6095 5105
6096 4253
6097 7366
6098 188
6099 3290
6100 140
6101 2168
6102 6598
6103 1078
6104 4078
6105 3250
6106 6165
6107 5660
6108 2495
6109 3670
6110 5849
6111 6708
6112 3578
6113 6207
6114 5813
6115 288
6116 471
6117 7119
6118 380
6119 329
6120 2058
6121 3936
6122 2959
6123 3637
6124 5528
6125 5211
6126 2203
6127 4816
6128 3614
6129 125
6130 7518
6131 3182
6132 810
6133 7621
6134 1160
6135 2877
6136 5820
6137 2300
6138 4216
6139 1386
6140 3
6141 6172
6142 6193
6143 7262
6144 7049
6145 454
6146 176
6147 2118
6148 6900
6149 3467
6150 2033
6151 4659
6152 3769
6153 4625
6154 4095
6155 3621
6156 2981
6157 279
6158 1051
6159 7130
6160 6405
6161 4759
6162 5581
6163 320
6164 4795
6165 1502
6166 4887
6167 5551
6168 1434
6169 6059
6170 7630
6171 5799
6172 4685
6173 4914
6174 2900
6175 2796
6176 6341
6177 5672
6178 5648
6179 5016
6180 3158
6181 4746
6182 2950
6183 1610
6184 7770
6185 3598
6186 3773
6187 1056
6188 3872
6189 838
6190 1805
6191 4016
6192 902
6193 1008
6194 6360
6195 1654
6196 5940
6197 185
6198 1415
6199 5509
6200 3425
6201 1027
6202 2196
6203 4169
6204 5892
6205 4215
6206 1482
6207 489
6208 6066
6209 218
6210 8171
6211 6415
6212 2440
6213 2350
6214 5226
6215 4477
6216 6488
6217 3205
6218 3681
6219 7446
6220 3505
6221 4770
6222 6907
6223 6886
6224 5545
6225 7103
6226 3919
6227 7239
6228 4570
6229 343
6230 6198
6231 710
6232 6227
6233 5647
6234 436
6235 5461
6236 3862
6237 4277
6238 639
6239 361
6240 1274
6241 3587
6242 595
6243 3032
6244 8036
6245 4083
6246 1594
6247 5704
6248 2135
6249 874
6250 6029
6251 2951
6252 3390
6253 4969
6254 4013
6255 354
6256 1794
6257 957
6258 4234
6259 3730
6260 1012
6261 7971
6262 6096
6263 4123
6264 391
6265 5863
6266 371
6267 7123
6268 6978
6269 8172
6270 2470
6271 7855
6272 1975
6273 5663
6274 4947
6275 1595
6276 3950
6277 6790
6278 3579
6279 830
6280 4832
6281 5047
6282 7432
6283 668
6284 3522
6285 4710
6286 4055
6287 2131
6288 6646
6289 1145
6290 2068
6291 2515
6292 2893
6293 2775
6294 204
6295 6071
6296 128
6297 7285
6298 3443
6299 368
6300 5608
6301 2045
6302 5756
6303 1529
6304 2738
6305 2954
6306 3770
6307 2373
6308 4226
6309 1007
6310 795
6311 821
6312 4762
6313 1329
6314 1041
6315 3233
6316 6233
6317 5216
6318 6920
6319 1255
6320 5083
6321 6174
6322 1382
6323 7787
6324 6894
6325 1500
6326 6997
6327 4129
6328 4517
6329 5462
6330 1763
6331 5147
6332 7176
6333 500
6334 999
6335 7289
6336 2039
6337 5265
6338 4621
6339 7632
6340 7247
6341 4537
6342 5860
6343 5948
6344 4863
6345 1668
6346 7031
6347 5890
6348 1286
6349 7944
6350 430
6351 6197
6352 6739
6353 1552
6354 3863
6355 3009
6356 555
6357 1906
6358 2021
6359 818
6360 2335
6361 5260
6362 922
6363 8071
6364 6979
6365 166
6366 7755
6367 2896
6368 2871
6369 6216
6370 7482
6371 1621
6372 1546
6373 2645
6374 7299
6375 1181
6376 5895
6377 3718
6378 5416
6379 1019
6380 3243
6381 1857
6382 835
6383 7215
6384 2214
6385 7661
6386 308
6387 389
6388 800
6389 926
6390 8176
6391 1798
6392 3039
6393 3406
6394 4263
6395 2235
6396 1297
6397 5233
6398 5088
6399 7807
6400 3642
6401 5679
6402 1280
6403 4430
6404 5215
6405 5266
6406 4669
6407 220
6408 1408
6409 647
6410 781
6411 6632
6412 2089
6413 6223
6414 1609
6415 8040
6416 961
6417 3138
6418 858
6419 7966
6420 3564
6421 6746
6422 7425
6423 4370
6424 6068
6425 7919
6426 5865
6427 537
6428 1450
6429 7519
6430 2117
6431 4074
6432 1748
6433 2785
6434 4140
6435 384
6436 6241
6437 2352
6438 3547
6439 5651
6440 2244
6441 3150
6442 1042
6443 2528
6444 5785
6445 1512
6446 2326
6447 6199
6448 6219
6449 4543
6450 2098
6451 1776
6452 7382
6453 1575
6454 6863
6455 2002
6456 2253
6457 88
6458 5167
6459 2446
6460 824
6461 6258
6462 3451
6463 4595
6464 4458
6465 1284
6466 6615
6467 713
6468 2736
6469 4512
6470 138
6471 2404
6472 6357
6473 6815
6474 6418
6475 4297
6476 2788
6477 753
6478 1435
6479 7117
6480 455
6481 3423
6482 5525
6483 3787
6484 1119
6485 7796
6486 1074
6487 3945
6488 4207
6489 5360
6490 504
6491 4620
6492 4188
6493 6647
6494 1305
6495 1336
6496 1742
6497 481
6498 5706
6499 1143
6500 3396
6501 2376
6502 4247
6503 7254
6504 7138
6505 2941
6506 4637
6507 4286
6508 6313
6509 5019
6510 4744
6511 3341
6512 5091
6513 2828
6514 747
6515 5655
6516 5223
6517 4267
6518 4545
6519 7945
6520 2448
6521 1087
6522 4822
6523 8087
6524 6095
6525 7693
6526 5017
6527 4979
6528 6037
6529 2567
6530 2942
6531 393
6532 3672
6533 7468
6534 6414
6535 3418
6536 4412
6537 5152
6538 2840
6539 7654
6540 237
6541 4460
6542 5379
6543 3048
6544 5440
6545 1656
6546 5276
6547 819
6548 345
6549 6352
6550 7986
6551 2228
6552 1501
6553 7030
6554 6261
6555 4128
6556 1600
6557 3416
6558 3958
6559 6034
6560 1636
6561 2889
6562 55
6563 1167
6564 6134
6565 4238
6566 2846
6567 7189
6568 1872
6569 5470
6570 3600
6571 6306
6572 476
6573 6869
6574 3155
6575 4482
6576 7783
6577 2795
6578 4677
6579 5715
6580 637
6581 6162
6582 4958
6583 8051
6584 1838
6585 7619
6586 5489
6587 4017
6588 575
6589 7720
6590 7761
6591 5989
6592 2488
6593 4722
6594 2430
6595 3441
6596 5349
6597 2008
6598 5099
6599 7193
6600 7967
6601 8032
6602 7475
6603 6459
6604 4054
6605 1245
6606 5670
6607 7579
6608 7756
6609 2047
6610 5062
6611 120
6612 5879
6613 5221
6614 6870
6615 4282
6616 4121
6617 2520
6618 7428
6619 2824
6620 2946
6621 6941
6622 5497
6623 1585
6624 2899
6625 1452
6626 3430
6627 1112
6628 1298
6629 6597
6630 5089
6631 925
6632 1521
6633 3973
6634 4642
6635 2216
6636 6659
6637 6297
6638 6390
6639 75
6640 7568
6641 2756
6642 3470
6643 2405
6644 1879
6645 3897
6646 5465
6647 6139
6648 6092
6649 6477
6650 3253
6651 7396
6652 4223
6653 2543
6654 3119
6655 789
6656 7353
6657 3145
6658 6857
6659 836
6660 5764
6661 6551
6662 1882
6663 8150
6664 5548
6665 1622
6666 737
6667 6623
6668 3287
6669 3891
6670 5240
6671 855
6672 1941
6673 998
6674 2568
6675 7898
6676 1139
6677 7315
6678 2831
6679 3266
6680 7042
6681 2261
6682 6008
6683 1725
6684 750
6685 8085
6686 4275
6687 4303
6688 2619
6689 5503
6690 6298
6691 1840
6692 1127
6693 7024
6694 3776
6695 4618
6696 627
6697 609
6698 1279
6699 7402
6700 4176
6701 4681
6702 3685
6703 269
6704 1524
6705 4057
6706 4856
6707 6936
6708 7137
6709 6169
6710 4361
6711 1583
6712 3019
6713 3903
6714 5387
6715 5250
6716 2740
6717 3762
6718 5935
6719 5888
6720 6141
6721 5232
6722 5856
6723 407
6724 3071
6725 711
6726 3098
6727 1034
6728 853
6729 882
6730 3116
6731 2849
6732 2280
6733 5393
6734 8180
6735 1598
6736 5606
6737 6299
6738 4373
6739 3384
6740 245
6741 1673
6742 4195
6743 3876
6744 4942
6745 4259
6746 5556
6747 5805
6748 8009
6749 722
6750 2358
6751 937
6752 2578
6753 1444
6754 295
6755 1692
6756 2396
6757 6660
6758 6753
6759 2632
6760 5341
6761 3478
6762 4892
6763 3994
6764 2173
6765 5652
6766 5998
6767 1966
6768 5448
6769 4479
6770 7118
6771 3552
6772 3036
6773 1943
6774 5911
6775 1315
6776 7279
6777 17
6778 7888
6779 5423
6780 3061
6781 105
6782 7501
6783 6062
6784 8156
6785 5077
6786 2924
6787 3851
6788 4781
6789 880
6790 2826
6791 4698
6792 2505
6793 1394
6794 59
6795 4921
6796 517
6797 7131
6798 3298
6799 6991
6800 6829
6801 812
6802 2489
6803 6482
6804 6217
6805 3112
6806 6138
6807 6179
6808 1420
6809 3057
6810 5641
6811 3027
6812 5942
6813 431
6814 2879
6815 6518
6816 5437
6817 411
6818 729
6819 3931
6820 6292
6821 5759
6822 6075
6823 376
6824 7435
6825 5025
6826 4559
6827 5716
6828 3982
6829 972
6830 2163
6831 5541
6832 1411
6833 6
6834 4647
6835 7712
6836 7963
6837 6010
6838 7095
6839 6689
6840 1835
6841 4764
6842 7508
6843 7065
6844 356
6845 7892
6846 5050
6847 137
6848 3456
6849 5071
6850 5893
6851 5634
6852 2816
6853 3474
6854 3117
6855 5418
6856 7851
6857 5217
6858 7457
6859 4691
6860 4111
6861 5518
6862 7282
6863 1727
6864 1009
6865 310
6866 784
6867 1520
6868 5148
6869 7186
6870 6458
6871 7639
6872 3715
6873 6060
6874 6760
6875 5245
6876 559
6877 7228
6878 524
6879 5481
6880 1852
6881 2418
6882 3883
6883 5032
6884 5188
6885 8159
6886 4144
6887 4395
6888 2621
6889 1453
6890 6239
6891 7542
6892 6663
6893 339
6894 33
6895 656
6896 8019
6897 4335
6898 6828
6899 3774
6900 3841
6901 390
6902 7686
6903 4229
6904 3807
6905 1174
6906 7642
6907 7398
6908 7320
6909 4353
6910 2548
6911 1764
6912 4824
6913 7847
6914 4707
6915 4768
6916 2988
6917 4551
6918 3743
6919 7935
6920 5728
6921 1958
6922 5583
6923 1705
6924 8143
6925 7206
6926 849
6927 3308
6928 6127
6929 2208
6930 5627
6931 2331
6932 7458
6933 7044
6934 2522
6935 7152
6936 387
6937 1263
6938 446
6939 520
6940 3821
6941 1243
6942 4036
6943 6742
6944 1341
6945 3337
6946 68
6947 3731
6948 177
6949 3860
6950 4820
6951 6773
6952 3007
6953 691
6954 5254
6955 6690
6956 3183
6957 4351
6958 3803
6959 1363
6960 862
6961 2602
6962 501
6963 5959
6964 534
6965 1063
6966 1493
6967 4077
6968 1977
6969 1531
6970 6255
6971 4530
6972 5523
6973 7869
6974 600
6975 7045
6976 2415
6977 6028
6978 3698
6979 1103
6980 5133
6981 2758
6982 5683
6983 3543
6984 7493
6985 7300
6986 261
6987 5235
6988 7534
6989 5613
6990 4899
6991 3056
6992 3667
6993 6501
6994 6326
6995 3834
6996 2030
6997 7788
6998 801
6999 3620
7000 7875
7001 5889
7002 453
7003 4333
7004 2087
7005 7264
7006 3722
7007 6149
7008 8061
7009 6691
7010 1812
7011 1768
7012 1916
7013 6088
7014 1991
7015 4628
7016 7835
7017 5278
7018 3845
7019 766
7020 4592
7021 3398
7022 6529
7023 8129
7024 2875
7025 228
7026 5726
7027 6300
7028 1789
7029 7173
7030 6573
7031 7035
7032 3178
7033 4733
7034 1407
7035 4367
7036 7657
7037 1606
7038 5406
7039 1246
7040 7998
7041 3829
7042 2970
7043 4613
7044 2584
7045 7856
7046 1571
7047 3561
7048 6379
7049 2256
7050 2425
7051 485
7052 4160
7053 4329
7054 6417
7055 1639
7056 1706
7057 3078
7058 4711
7059 2958
7060 1043
7061 1829
7062 2550
7063 465
7064 724
7065 4198
7066 3210
7067 3428
7068 8000
7069 666
7070 1073
7071 4118
7072 5116
7073 7469
7074 4008
7075 4912
7076 4571
7077 2534
7078 3338
7079 2990
7080 2883
7081 6279
7082 2794
7083 3741
7084 5631
7085 4840
7086 482
7087 4645
7088 338
7089 4756
7090 5946
7091 2210
7092 3997
7093 5405
7094 742
7095 3833
7096 1935
7097 6479
7098 5725
7099 2369
7100 8153
7101 5500
7102 4861
7103 6681
7104 1361
7105 2886
7106 5765
7107 6741
7108 7692
7109 5536
7110 6956
7111 2806
7112 3923
7113 4680
7114 2537
7115 2428
7116 3995
7117 1466
7118 1138
7119 1919
7120 7930
7121 4579
7122 6832
7123 169
7124 4907
7125 2912
7126 4165
7127 1212
7128 7058
7129 7256
7130 319
7131 8028
7132 719
7133 1046
7134 7306
7135 833
7136 6976
7137 2444
7138 7397
7139 1957
7140 7204
7141 5068
7142 3400
7143 4332
7144 3869
7145 3849
7146 4266
7147 2640
7148 3187
7149 6905
7150 3436
7151 4785
7152 3075
7153 7414
7154 434
7155 4596
7156 1528
7157 7884
7158 1108
7159 2565
7160 5698
7161 208
7162 1330
7163 64
7164 969
7165 4000
7166 3206
7167 7317
7168 2389
7169 144
7170 6142
7171 8008
7172 2128
7173 3635
7174 4403
7175 1945
7176 6550
7177 782
7178 363
7179 3669
7180 964
7181 5768
7182 5789
7183 6651
7184 3719
7185 6185
7186 229
7187 2496
7188 7532
7189 5291
7190 5576
7191 1992
7192 3383
7193 1669
7194 7969
7195 7462
7196 4405
7197 6763
7198 7863
7199 4844
7200 1313
7201 6522
7202 7085
7203 1703
7204 5061
7205 572
7206 7330
7207 1553
7208 604
7209 268
7210 417
7211 5
7212 3918
7213 7251
7214 4396
7215 6106
7216 3571
7217 7541
7218 6514
7219 3265
7220 6849
7221 123
7222 3073
7223 5029
7224 6656
7225 2107
7226 628
7227 3740
7228 3867
7229 3170
7230 7461
7231 1081
7232 5002
7233 5686
7234 6079
7235 7617
7236 913
7237 5124
7238 3324
7239 1359
7240 2435
7241 3306
7242 6822
7243 4655
7244 2962
7245 5653
7246 4088
7247 562
7248 282
7249 7758
7250 1301
7251 3906
7252 7067
7253 2365
7254 35
7255 5515
7256 6617
7257 4598
7258 3097
7259 4997
7260 7691
7261 793
7262 2627
7263 3583
7264 2483
7265 1017
7266 1875
7267 5598
7268 1796
7269 5796
7270 3405
7271 6272
7272 197
7273 7406
7274 3634
7275 3356
7276 3307
7277 2406
7278 5259
7279 6897
7280 2035
7281 1165
7282 3258
7283 4462
7284 940
7285 7491
7286 921
7287 4771
7288 6839
7289 1608
7290 4878
7291 7144
7292 3026
7293 2270
7294 5414
7295 2857
7296 8168
7297 3046
7298 2193
7299 2718
7300 2989
7301 6247
7302 5969
7303 3419
7304 6511
7305 511
7306 5021
7307 5196
7308 8093
7309 7134
7310 6633
7311 6727
7312 7786
7313 7515
7314 4569
7315 6155
7316 7858
7317 690
7318 7401
7319 775
7320 3901
7321 2733
7322 4381
7323 2182
7324 1827
7325 7166
7326 3625
7327 8104
7328 7245
7329 3569
7330 3408
7331 2443
7332 2219
7333 1227
7334 5866
7335 7836
7336 3938
7337 3760
7338 5812
7339 4237
7340 1602
7341 5661
7342 246
7343 3605
7344 5558
7345 3668
7346 733
7347 4298
7348 6221
7349 1781
7350 1973
7351 1130
7352 1741
7353 4871
7354 4742
7355 3369
7356 4611
7357 4006
7358 5350
7359 5271
7360 7596
7361 7828
7362 3926
7363 6053
7364 7762
7365 103
7366 1021
7367 688
7368 7736
7369 7467
7370 4137
7371 157
7372 6523
7373 6491
7374 787
7375 7624
7376 4712
7377 1666
7378 982
7379 8016
7380 2040
7381 360
7382 942
7383 1055
7384 4258
7385 1492
7386 1360
7387 23
7388 7604
7389 5079
7390 6036
7391 6209
7392 3506
7393 535
7394 703
7395 6761
7396 6266
7397 1241
7398 1678
7399 6397
7400 7813
7401 3656
7402 2113
7403 1567
7404 1589
7405 1734
7406 98
7407 4600
7408 3164
7409 4644
7410 7417
7411 3929
7412 6998
7413 199
7414 4534
7415 1122
7416 494
7417 6457
7418 6786
7419 3780
7420 6637
7421 7816
7422 4715
7423 425
7424 5751
7425 5214
7426 3345
7427 5628
7428 6183
7429 988
7430 5109
7431 3189
7432 7680
7433 5422
7434 4152
7435 694
7436 7106
7437 234
7438 749
7439 8184
7440 6349
7441 7196
7442 7128
7443 1713
7444 6035
7445 7349
7446 2749
7447 6486
7448 2048
7449 5380
7450 4281
7451 5000
7452 4420
7453 2252
7454 5657
7455 6625
7456 7521
7457 3489
7458 3289
7459 6148
7460 7241
7461 1662
7462 2450
7463 2375
7464 1146
7465 2019
7466 3826
7467 1391
7468 3736
7469 3534
7470 3388
7471 6384
7472 906
7473 7537
7474 2064
7475 6017
7476 5832
7477 5312
7478 5157
7479 5630
7480 4497
7481 8020
7482 593
7483 3217
7484 2172
7485 4730
7486 5610
7487 6118
7488 8164
7489 2304
7490 1704
7491 1236
7492 6451
7493 369
7494 39
7495 3068
7496 1774
7497 7465
7498 617
7499 3810
7500 1681
7501 3782
7502 4916
7503 705
7504 3239
7505 6244
7506 6043
7507 5193
7508 1004
7509 3379
7510 2517
7511 4431
7512 4694
7513 6559
7514 1334
7515 4580
7516 3305
7517 4264
7518 6821
7519 4206
7520 270
7521 5388
7522 3830
7523 1822
7524 2601
7525 4930
7526 1699
7527 2774
7528 7104
7529 5468
7530 2154
7531 6500
7532 1417
7533 5929
7534 147
7535 4833
7536 2122
7537 3756
7538 8027
7539 7751
7540 1445
7541 1380
7542 2493
7543 7454
7544 525
7545 944
7546 2866
7547 5186
7548 2717
7549 7221
7550 5744
7551 7075
7552 3823
7553 4823
7554 6122
7555 2186
7556 317
7557 5587
7558 5771
7559 1782
7560 671
7561 6396
7562 3714
7563 364
7564 6749
7565 512
7566 6544
7567 1700
7568 107
7569 7613
7570 955
7571 8170
7572 5732
7573 3603
7574 1331
7575 2227
7576 1950
7577 222
7578 405
7579 383
7580 541
7581 467
7582 3716
7583 240
7584 6337
7585 5829
7586 3792
7587 5650
7588 4025
7589 856
7590 3128
7591 6912
7592 4047
7593 5451
7594 5006
7595 2834
7596 1177
7597 3174
7598 2976
7599 6789
7600 4630
7601 4526
7602 286
7603 5372
7604 7052
7605 4305
7606 5427
7607 1325
7608 6913
7609 3983
7610 6613
7611 4888
7612 2662
7613 3865
7614 3475
7615 5593
7616 1260
7617 2761
7618 3162
7619 2215
7620 1560
7621 1198
7622 7667
7623 3492
7624 7538
7625 5673
7626 606
7627 5937
7628 4791
7629 630
7630 7506
7631 1873
7632 1747
7633 976
7634 3028
7635 1795
7636 134
7637 1728
7638 4984
7639 5190
7640 7485
7641 2592
7642 7946
7643 5970
7644 4224
7645 6497
7646 6582
7647 7747
7648 2442
7649 3761
7650 7455
7651 1887
7652 6238
7653 3915
7654 350
7655 6308
7656 3965
7657 4080
7658 281
7659 1702
7660 7200
7661 6771
7662 3493
7663 7089
7664 7620
7665 252
7666 5326
7667 3535
7668 7546
7669 4344
7670 324
7671 5781
7672 6383
7673 523
7674 2245
7675 4760
7676 1709
7677 2711
7678 5995
7679 4978
7680 4780
7681 5758
7682 5867
7683 2694
7684 6175
7685 2631
7686 2201
7687 2303
7688 7745
7689 2595
7690 599
7691 7933
7692 2897
7693 4819
7694 1489
7695 677
7696 403
7697 780
7698 1039
7699 6022
7700 2521
7701 7290
7702 746
7703 287
7704 151
7705 4375
7706 2312
7707 5255
7708 7190
7709 1593
7710 7066
7711 1402
7712 3804
7713 1312
7714 7405
7715 3273
7716 4075
7717 1743
7718 4766
7719 7222
7720 1539
7721 3553
7722 6394
7723 751
7724 4524
7725 3898
7726 4709
7727 5597
7728 577
7729 5351
7730 2234
7731 1147
7732 2726
7733 7034
7734 3029
7735 3232
7736 3987
7737 73
7738 7714
7739 5712
7740 8119
7741 5398
7742 3866
7743 37
7744 1234
7745 603
7746 4903
7747 5854
7748 3207
7749 1180
7750 4584
7751 6520
7752 5936
7753 124
7754 7916
7755 8023
7756 4154
7757 2779
7758 4358
7759 725
7760 1944
7761 6908
7762 5386
7763 2865
7764 7499
7765 5603
7766 6877
7767 6669
7768 3580
7769 7991
7770 4550
7771 1247
7772 6291
7773 298
7774 5996
7775 4342
7776 3463
7777 52
7778 3166
7779 661
7780 1676
7781 1956
7782 4039
7783 3137
7784 5256
7785 1166
7786 8083
7787 6981
7788 217
7789 2585
7790 968
7791 5411
7792 2683
7793 3940
7794 49
7795 3705
7796 7318
7797 4796
7798 4292
7799 3595
7800 4837
7801 1897
7802 4312
7803 5685
7804 5197
7805 5629
7806 2149
7807 3967
7808 2424
7809 7915
7810 945
7811 3163
7812 5107
7813 1232
7814 5791
7815 7697
7816 457
7817 2588
7818 1082
7819 4352
7820 3658
7821 2319
7822 7249
7823 3111
7824 2605
7825 7825
7826 917
7827 6558
7828 43
7829 3527
7830 1980
7831 820
7832 3933
7833 6902
7834 6317
7835 4318
7836 13
7837 1065
7838 7354
7839 6715
7840 5295
7841 3202
7842 2492
7843 7965
7844 3720
7845 6577
7846 2395
7847 5371
7848 1657
7849 3837
7850 991
7851 7505
7852 7993
7853 975
7854 7646
7855 717
7856 7605
7857 4241
7858 4938
7859 5563
7860 5113
7861 6700
7862 6928
7863 7444
7864 4177
7865 1536
7866 1999
7867 321
7868 238
7869 5284
7870 2301
7871 6358
7872 3713
7873 7038
7874 8185
7875 2090
7876 6675
7877 7582
7878 5043
7879 341
7880 4627
7881 1226
7882 4455
7883 7832
7884 3016
7885 6120
7886 2679
7887 2734
7888 2255
7889 7669
7890 3691
7891 7350
7892 3932
7893 799
7894 4868
7895 1578
7896 2991
7897 1846
7898 1350
7899 1185
7900 198
7901 6903
7902 4588
7903 6779
7904 327
7905 5510
7906 1735
7907 5494
7908 6532
7909 8149
7910 1542
7911 4012
7912 1372
7913 77
7914 5932
7915 4908
7916 592
7917 5242
7918 2847
7919 1134
7920 2702
7921 2386
7922 3058
7923 3753
7924 7273
7925 4084
7926 7846
7927 4214
7928 7906
7929 7780
7930 1374
7931 2753
7932 2646
7933 8095
7934 2910
7935 740
7936 6612
7937 5625
7938 8075
7939 7587
7940 1971
7941 25
7942 1558
7943 3581
7944 4511
7945 1319
7946 1721
7947 4201
7948 3293
7949 1414
7950 2669
7951 854
7952 5999
7953 401
7954 7999
7955 993
7956 6098
7957 4091
7958 5853
7959 7364
7960 6030
7961 7449
7962 6649
7963 5540
7964 1192
7965 4701
7966 3215
7967 5586
7968 1125
7969 5436
7970 4850
7971 2092
7972 309
7973 6173
7974 4741
7975 2633
7976 7722
7977 484
7978 1803
7979 40
7980 6915
7981 5125
7982 7530
7983 2993
7984 2931
7985 3819
7986 6995
7987 7240
7988 1938
7989 786
7990 7622
7991 3633
7992 6704
7993 7785
7994 3491
7995 7342
7996 3151
7997 6487
7998 8183
7999 3955
8000 2797
8001 7263
8002 171
8003 378
8004 271
8005 2635
8006 7218
8007 6249
8008 1515
8009 1586
8010 4464
8011 247
8012 6636
8013 5804
8014 6958
8015 4716
8016 4971
8017 3754
8018 1355
8019 3380
8020 5731
8021 1327
8022 4876
8023 3640
8024 1664
8025 7877
8026 5171
8027 7938
8028 5495
8029 1757
8030 7902
8031 6330
8032 6975
8033 7253
8034 5400
8035 4841
8036 3185
8037 7767
8038 843
8039 7322
8040 664
8041 5033
8042 7076
8043 5790
8044 1544
8045 5691
8046 5004
8047 4392
8048 5314
8049 8024
8050 699
8051 2908
8052 4092
8053 5949
8054 3040
8055 7275
8056 8079
8057 756
8058 4414
8059 739
8060 5399
8061 3382
8062 7090
8063 3484
8064 5724
8065 6395
8066 3236
8067 5591
8068 598
8069 7053
8070 704
8071 877
8072 3045
8073 6611
8074 6078
8075 1647
8076 5662
8077 3365
8078 7157
8079 5837
8080 4142
8081 5154
8082 6401
8083 4359
8084 1793
8085 860
8086 31
8087 1710
8088 2670
8089 296
8090 5294
8091 6578
8092 7375
8093 1032
8094 5775
8095 5097
8096 1317
8097 3631
8098 4314
8099 1129
8100 3503
8101 1667
8102 1635
8103 7286
8104 7002
8105 4734
8106 6603
8107 6980
8108 141
8109 5964
8110 676
8111 5668
8112 2887
8113 1854
8114 4553
8115 936
8116 3219
8117 4472
8118 3817
8119 1513
8120 7276
8121 372
8122 6705
8123 5815
8124 6310
8125 6441
8126 1258
8127 3318
8128 7086
8129 4800
8130 1722
8131 1276
8132 2790
8133 4158
8134 7260
8135 3017
8136 7690
8137 359
8138 6252
8139 193
8140 5667
8141 2760
8142 5292
8143 4425
8144 3593
8145 4813
8146 1864
8147 2282
8148 3541
8149 3146
8150 967
8151 4120
8152 7178
8153 4528
8154 1218
8155 5956
8156 7990
8157 5878
8158 2455
8159 2138
8160 8138
8161 2111
8162 8049
8163 1830
8164 1480
8165 5246
8166 4037
8167 328
8168 3706
8169 6323
8170 6792
8171 4522
8172 7179
8173 5807
8174 1562
8175 3076
8176 5786
8177 4306
8178 5119
8179 2667
8180 4723
8181 6692
8182 1443
8183 6535
8184 4384
8185 6268
8186 334
8187 2321
8188 6852
8189 1625
8190 2813
8191 3737
