BER Performance of Bit-based Message Passing in MIMO Channel
Receiver Channel Selection
Number of transmit antenna is 2
Number of receive antenna is 2
Maximum Doppler frequency: 810.185185
Channel fading rate: 0.074075
Maximum number of bits of simulation = 1024000

Eb/No     BER
0.000000:
1.627197e-001 
1.387939e-001 
1.394043e-001 
1.395264e-001 
1.391602e-001 
1.391602e-001 

5.000000:
7.934570e-002 
5.380859e-002 
5.297852e-002 
5.288086e-002 
5.249023e-002 
5.214844e-002 

10.000000:
3.742981e-002 
1.771545e-002 
1.631165e-002 
1.594543e-002 
1.586914e-002 
1.559448e-002 

15.000000:
1.108686e-002 
4.215016e-003 
3.802131e-003 
3.683651e-003 
3.719554e-003 
3.665700e-003 

20.000000:
4.031107e-003 
1.275328e-003 
1.157160e-003 
1.121486e-003 
1.117027e-003 
1.115912e-003 

25.000000:
2.677734e-003 
8.525391e-004 
7.753906e-004 
7.568359e-004 
7.373047e-004 
7.197266e-004 

30.000000:
2.152344e-003 
6.796875e-004 
6.132813e-004 
5.986328e-004 
5.937500e-004 
5.800781e-004 

Total elapsed time: 9702(sec)

