BER Performance of Bit-based Message Passinlg in MIMO Channel
Gallager (20, 7) LDPC code
Dimension of Parity Check matrix: (15,20)
Column Weight = 3, Row Weight = 4
Number of transmit antenna is 2
Number of receive antenna is 2
Vehicular speed: 350.000000 km/h
Maximum Doppler frequency: 810.185185
Channel fading rate: 0.083336
Maximum number of bits of simulation = 10200000

Eb/No     BER
0.000000:
3.084865e-001 
2.715533e-001 
2.387868e-001 
2.109835e-001 
1.935662e-001 
1.815717e-001 
1.734528e-001 
1.677543e-001 
1.642463e-001 
1.611826e-001 

2.000000:
2.831019e-001 
2.439134e-001 
2.117102e-001 
1.910267e-001 
1.750681e-001 
1.623094e-001 
1.543028e-001 
1.481345e-001 
1.445942e-001 
1.397059e-001 

4.000000:
2.206925e-001 
1.628181e-001 
1.243534e-001 
9.848248e-002 
8.086671e-002 
6.986337e-002 
6.417918e-002 
5.870880e-002 
5.455257e-002 
5.249791e-002 

6.000000:
1.592043e-001 
8.671218e-002 
5.148518e-002 
3.455445e-002 
2.563317e-002 
2.133666e-002 
1.884775e-002 
1.708829e-002 
1.573004e-002 
1.465190e-002 

8.000000:
1.053791e-001 
3.170763e-002 
1.190348e-002 
6.291797e-003 
4.564981e-003 
3.745382e-003 
3.233400e-003 
2.865397e-003 
2.591645e-003 
2.378517e-003 

10.000000:
6.367108e-002 
8.938137e-003 
2.152353e-003 
9.868627e-004 
6.795098e-004 
5.586275e-004 
4.745098e-004 
4.108824e-004 
3.686275e-004 
3.253922e-004 

12.000000:
3.422363e-002 
1.735784e-003 
2.678431e-004 
1.047059e-004 
6.882353e-005 
4.803922e-005 
3.970588e-005 
3.166667e-005 
2.872549e-005 
2.470588e-005 

14.000000:
1.580814e-002 
2.314706e-004 
2.843137e-005 
1.186275e-005 
7.549020e-006 
4.901961e-006 
4.901961e-006 
3.725490e-006 
3.333333e-006 
2.156863e-006 

16.000000:
7.513529e-003 
4.852941e-005 
4.509804e-006 
9.803922e-007 
4.901961e-007 
4.901961e-007 
4.901961e-007 
2.941176e-007 
2.941176e-007 
9.803922e-008 

Total elapsed time: 253013(sec)

