BER Performance of coded MMSE Detector with PPIC in MIMO-OFDM system
Gallager (20, 7) LDPC code
Dimension of Parity Check matrix: (15,20)
Column Weight = 3, Row Weight = 4
Number of transmit antenna is 2
Number of receive antenna is 2
Vehicular speed: 500.000000 km/h
Maximum Doppler frequency: 1157.407407
Channel fading rate: 0.119051
Maximum number of bits of simulation = 10200000

Eb/No     BER
0.000000:
2.383673e-001 
2.269796e-001 
2.214555e-001 
2.190422e-001 
2.153469e-001 
2.140837e-001 
2.123303e-001 
2.110483e-001 
2.095777e-001 
2.091063e-001 

2.000000:
1.884570e-001 
1.632236e-001 
1.512722e-001 
1.451681e-001 
1.398459e-001 
1.362628e-001 
1.328782e-001 
1.286064e-001 
1.271709e-001 
1.250817e-001 

4.000000:
1.236562e-001 
8.341785e-002 
6.732590e-002 
5.921231e-002 
5.418780e-002 
5.189317e-002 
4.868999e-002 
4.596011e-002 
4.415568e-002 
4.284990e-002 

6.000000:
7.454136e-002 
3.409808e-002 
2.225343e-002 
1.773542e-002 
1.574623e-002 
1.436506e-002 
1.299756e-002 
1.193933e-002 
1.111357e-002 
1.059918e-002 

8.000000:
4.007720e-002 
1.071848e-002 
5.603709e-003 
4.027030e-003 
3.470161e-003 
3.107231e-003 
2.734237e-003 
2.467334e-003 
2.254315e-003 
2.096857e-003 

10.000000:
2.001873e-002 
2.559510e-003 
9.500980e-004 
6.123529e-004 
4.998039e-004 
4.418627e-004 
3.838235e-004 
3.333333e-004 
2.992157e-004 
2.775490e-004 

12.000000:
9.700392e-003 
5.612745e-004 
1.551961e-004 
9.205882e-005 
7.333333e-005 
6.764706e-005 
5.882353e-005 
5.333333e-005 
4.774510e-005 
4.127451e-005 

14.000000:
4.872157e-003 
1.427451e-004 
3.460784e-005 
1.617647e-005 
1.303922e-005 
9.803922e-006 
8.627451e-006 
7.254902e-006 
7.058824e-006 
6.274510e-006 

16.000000:
2.497745e-003 
5.715686e-005 
1.450980e-005 
8.333333e-006 
8.039216e-006 
6.764706e-006 
6.078431e-006 
5.098039e-006 
4.803922e-006 
5.000000e-006 

Total elapsed time: 136604(sec)

