BER Performance of Bit-based Message Passinlg in MIMO Channel
Gallager (20, 7) LDPC code
Dimension of Parity Check matrix: (15,20)
Column Weight = 3, Row Weight = 4
Number of transmit antenna is 4
Number of receive antenna is 4
Vehicular speed: 120.000000 km/h
Maximum Doppler frequency: 277.777778
Channel fading rate: 0.028572
Maximum number of bits of simulation = 10225000

Eb/No     BER
0.000000:
2.609209e-001
2.483700e-001
2.421557e-001
2.381622e-001
2.357376e-001
2.345762e-001
2.336593e-001
2.332926e-001
2.330888e-001
2.330481e-001
2.000000:
2.166565e-001
1.854523e-001
1.739762e-001
1.663967e-001
1.620874e-001
1.586950e-001
1.564945e-001
1.547066e-001
1.546608e-001
1.540801e-001
4.000000:
1.635988e-001
1.062114e-001
8.216905e-002
6.959483e-002
6.435557e-002
6.323786e-002
6.333683e-002
6.195715e-002
6.076959e-002
5.951799e-002
6.000000:
1.258789e-001
5.312727e-002
2.751107e-002
1.874050e-002
1.788476e-002
1.833245e-002
1.805491e-002
1.765017e-002
1.695962e-002
1.664079e-002
8.000000:
1.045992e-001
2.607473e-002
8.003614e-003
5.364091e-003
5.691506e-003
5.895610e-003
5.845647e-003
5.619751e-003
5.518763e-003
5.323164e-003
10.000000:
8.247864e-002
8.830907e-003
1.397669e-003
1.154301e-003
1.189811e-003
1.247600e-003
1.224303e-003
1.187323e-003
1.150795e-003
1.132136e-003
12.000000:
6.450621e-002
2.410171e-003
3.426895e-004
2.778484e-004
2.685575e-004
2.679707e-004
2.509535e-004
2.590709e-004
2.453790e-004
2.468460e-004
