BER Performance of Bit-based Message Passinlg in MIMO Channel
Gallager (20, 7) LDPC code
Dimension of Parity Check matrix: (15,20)
Column Weight = 3, Row Weight = 4
Number of transmit antenna is 4
Number of receive antenna is 4
Vehicular speed: 250.000000 km/h
Maximum Doppler frequency: 578.703704
Channel fading rate: 0.059525
Maximum number of bits of simulation = 1022500

Eb/No     BER
0.000000:
2.299511e-001 2.028881e-001 1.910605e-001 1.860941e-001 1.809749e-001 1.772311e-001 1.751528e-001 1.745874e-001 1.737775e-001 1.736705e-001 

2.000000:
1.981051e-001 1.542176e-001 1.339853e-001 1.210880e-001 1.138957e-001 1.117258e-001 1.110432e-001 1.106968e-001 1.081907e-001 1.075896e-001 

4.000000:
1.578443e-001 9.058680e-002 6.172372e-002 4.748166e-002 4.371638e-002 4.538305e-002 4.510595e-002 4.366341e-002 4.245314e-002 4.164629e-002 

6.000000:
1.110377e-001 3.305428e-002 1.140342e-002 8.268949e-003 9.124694e-003 9.572616e-003 9.335941e-003 9.150122e-003 8.777506e-003 8.697311e-003 

8.000000:
8.224743e-002 8.895844e-003 1.436675e-003 1.616626e-003 1.721271e-003 1.668460e-003 1.687042e-003 1.647922e-003 1.641076e-003 1.593154e-003 

10.000000:
6.063961e-002 1.657702e-003 3.745721e-004 3.775061e-004 3.784841e-004 3.442543e-004 3.462103e-004 3.276284e-004 3.100244e-004 3.246944e-004 

12.000000:
4.224743e-002 1.633252e-004 1.056235e-004 5.867971e-005 5.476773e-005 4.303178e-005 4.498778e-005 4.107579e-005 2.738386e-005 2.053790e-005 

