0 2615
1 7685
2 6606
3 8137
4 1284
5 1603
6 3175
7 5626
8 2142
9 93
10 4043
11 3185
12 541
13 6383
14 7406
15 1980
16 4699
17 789
18 2582
19 2231
20 5203
21 5046
22 1246
23 416
24 26
25 5659
26 4282
27 6184
28 5229
29 7844
30 7901
31 3529
32 3501
33 5561
34 7514
35 601
36 3624
37 3844
38 393
39 1248
40 7066
41 221
42 4524
43 1703
44 5620
45 4102
46 4562
47 1169
48 2907
49 921
50 6140
51 6830
52 3444
53 5438
54 2943
55 5646
56 3039
57 4513
58 5033
59 6355
60 6145
61 7460
62 6567
63 1162
64 5639
65 4305
66 422
67 7868
68 7975
69 914
70 7993
71 959
72 6441
73 5028
74 2299
75 7122
76 1831
77 1097
78 3957
79 1642
80 6033
81 957
82 6978
83 4038
84 4979
85 3436
86 5744
87 1225
88 4859
89 7266
90 1322
91 6409
92 6966
93 515
94 4500
95 4900
96 2330
97 5372
98 3831
99 4947
100 3193
101 6174
102 2113
103 20
104 7065
105 3328
106 1565
107 1854
108 286
109 5023
110 5101
111 771
112 8042
113 47
114 806
115 5337
116 4263
117 2171
118 1402
119 3702
120 2885
121 1669
122 5362
123 2450
124 2729
125 3692
126 572
127 3310
128 4131
129 7059
130 7494
131 661
132 6400
133 3084
134 866
135 8099
136 2306
137 942
138 7106
139 5615
140 4119
141 6085
142 3515
143 5766
144 1804
145 5111
146 5166
147 5974
148 6246
149 5065
150 2905
151 5937
152 3329
153 3253
154 671
155 6270
156 3063
157 7805
158 7052
159 5167
160 4547
161 7614
162 6676
163 6387
164 679
165 3272
166 2587
167 2732
168 7243
169 5805
170 7739
171 5667
172 152
173 3009
174 3322
175 1057
176 1376
177 2040
178 7651
179 4346
180 3933
181 2731
182 7440
183 487
184 1147
185 6629
186 4331
187 6653
188 6284
189 763
190 5894
191 4047
192 1228
193 5461
194 2522
195 3102
196 3912
197 2971
198 6689
199 1347
200 7215
201 6434
202 7444
203 271
204 1307
205 2735
206 8118
207 7818
208 6849
209 1205
210 4351
211 7135
212 372
213 7625
214 639
215 1131
216 5867
217 7510
218 7237
219 1300
220 4754
221 2047
222 6876
223 1863
224 6064
225 5987
226 4021
227 496
228 5464
229 2509
230 6552
231 5928
232 6740
233 5417
234 4049
235 5587
236 5651
237 2717
238 2832
239 4148
240 2877
241 246
242 6332
243 7748
244 17
245 6318
246 5433
247 2856
248 2712
249 7355
250 6253
251 1209
252 155
253 3538
254 6669
255 5741
256 2056
257 311
258 7882
259 1686
260 467
261 1197
262 6433
263 5292
264 1927
265 3569
266 3960
267 6016
268 6336
269 2926
270 2248
271 1660
272 2635
273 3468
274 1897
275 8165
276 4459
277 1111
278 3018
279 4286
280 7209
281 1664
282 3941
283 5098
284 1004
285 2468
286 3058
287 3218
288 3657
289 731
290 8134
291 4124
292 6385
293 4455
294 1752
295 4475
296 6749
297 2116
298 7195
299 610
300 6873
301 7555
302 1926
303 1568
304 6979
305 715
306 1998
307 5282
308 3711
309 1031
310 3460
311 6269
312 4149
313 4691
314 5782
315 5801
316 2504
317 2197
318 3355
319 114
320 6308
321 6813
322 4476
323 300
324 5408
325 4205
326 6267
327 5154
328 168
329 3031
330 2676
331 5839
332 7963
333 3150
334 2018
335 2897
336 8050
337 1270
338 5924
339 6051
340 6397
341 8066
342 2537
343 6084
344 4654
345 5483
346 6260
347 1475
348 7168
349 6775
350 2167
351 7035
352 8151
353 7482
354 7584
355 2797
356 3832
357 6319
358 3316
359 796
360 4652
361 4370
362 3596
363 4171
364 2936
365 3044
366 5139
367 7652
368 2201
369 5105
370 946
371 640
372 4497
373 223
374 166
375 3753
376 6473
377 1372
378 8059
379 3977
380 6099
381 6792
382 4321
383 7299
384 7343
385 257
386 5371
387 2028
388 3440
389 273
390 7187
391 522
392 3878
393 2229
394 193
395 7014
396 4170
397 4742
398 7986
399 4303
400 4233
401 349
402 5582
403 7907
404 7898
405 4425
406 4964
407 3773
408 876
409 3615
410 7413
411 2072
412 4720
413 6164
414 337
415 7819
416 1473
417 5731
418 2271
419 7856
420 792
421 2183
422 161
423 1744
424 4539
425 7621
426 955
427 587
428 2350
429 4347
430 6050
431 3893
432 5336
433 4620
434 5765
435 398
436 4356
437 5284
438 3115
439 1503
440 2319
441 5735
442 2457
443 7812
444 5040
445 6678
446 429
447 1163
448 7610
449 4804
450 21
451 2117
452 7930
453 3585
454 1193
455 335
456 5549
457 6367
458 6613
459 5377
460 4167
461 841
462 6707
463 2642
464 3410
465 5226
466 1272
467 6910
468 5576
469 842
470 977
471 7940
472 3906
473 4210
474 4307
475 5842
476 5796
477 3117
478 3394
479 744
480 7545
481 2216
482 3621
483 386
484 4385
485 1428
486 7418
487 7287
488 291
489 3369
490 4265
491 3681
492 8132
493 619
494 4791
495 766
496 4312
497 1196
498 1212
499 5846
500 6872
501 3154
502 6679
503 3637
504 1242
505 6624
506 5868
507 2077
508 7454
509 6733
510 3163
511 7890
512 4484
513 4946
514 2645
515 1716
516 2387
517 1646
518 7079
519 1045
520 2415
521 6306
522 7093
523 5413
524 718
525 1559
526 2269
527 1629
528 6484
529 1846
530 3502
531 7327
532 4271
533 6659
534 5359
535 2341
536 128
537 5548
538 6584
539 5051
540 7265
541 7116
542 5968
543 8039
544 4014
545 5093
546 7179
547 2408
548 853
549 5421
550 4024
551 782
552 1689
553 4100
554 4492
555 1488
556 2017
557 2245
558 1472
559 4363
560 1254
561 4819
562 3199
563 5460
564 6330
565 5770
566 2
567 2573
568 2824
569 4982
570 7674
571 310
572 1181
573 4803
574 46
575 3462
576 3367
577 2149
578 3770
579 5693
580 3546
581 902
582 6190
583 6048
584 1468
585 2046
586 1450
587 3802
588 4962
589 4734
590 899
591 2074
592 2901
593 1745
594 7233
595 7672
596 1453
597 3894
598 6931
599 7874
600 7121
601 4736
602 4685
603 7943
604 3429
605 6616
606 589
607 5674
608 6759
609 7170
610 6943
611 5418
612 5969
613 7349
614 4845
615 8014
616 1668
617 8070
618 3457
619 2488
620 3852
621 3035
622 7931
623 8078
624 8021
625 4551
626 1103
627 5123
628 1033
629 3048
630 4581
631 5845
632 5183
633 1156
634 4763
635 595
636 290
637 1797
638 2521
639 4494
640 204
641 6955
642 565
643 8023
644 4896
645 4195
646 50
647 1456
648 4967
649 6368
650 265
651 4480
652 3383
653 6893
654 6297
655 3202
656 1276
657 4000
658 362
659 3349
660 1132
661 5908
662 7682
663 4530
664 3494
665 880
666 6420
667 5966
668 4765
669 1127
670 4821
671 3929
672 2258
673 7521
674 6802
675 4160
676 6234
677 1567
678 1794
679 4208
680 4050
681 2456
682 896
683 3829
684 8170
685 4611
686 4796
687 6576
688 7914
689 174
690 2039
691 2444
692 1776
693 457
694 1167
695 5819
696 3699
697 898
698 6875
699 4019
700 1335
701 6774
702 3952
703 4637
704 931
705 7069
706 1043
707 5268
708 5221
709 6686
710 2949
711 5840
712 222
713 8083
714 2759
715 6496
716 2664
717 6282
718 870
719 6199
720 4752
721 4874
722 1903
723 3129
724 3484
725 6427
726 2778
727 4421
728 1832
729 5341
730 5905
731 561
732 4234
733 1921
734 2314
735 3025
736 7492
737 3015
738 1816
739 4683
740 1070
741 4924
742 6752
743 184
744 4179
745 6094
746 1936
747 5527
748 3550
749 8034
750 6301
751 7318
752 7457
753 969
754 3559
755 4221
756 5210
757 6811
758 7240
759 5820
760 7011
761 3670
762 7156
763 1065
764 2834
765 8108
766 3601
767 1463
768 8177
769 5985
770 4857
771 474
772 7719
773 1185
774 7297
775 6824
776 6097
777 7847
778 8098
779 2796
780 4682
781 1915
782 5858
783 4143
784 237
785 7984
786 1667
787 6523
788 7323
789 81
790 3869
791 4452
792 2366
793 1426
794 1311
795 2124
796 6903
797 2384
798 6758
799 1328
800 4961
801 780
802 4994
803 6444
804 698
805 5982
806 3390
807 3733
808 5083
809 1116
810 7501
811 4302
812 571
813 5457
814 1130
815 707
816 6132
817 7765
818 2241
819 7617
820 6949
821 579
822 4541
823 3263
824 6040
825 6878
826 8005
827 6745
828 6003
829 2486
830 458
831 7193
832 4855
833 5294
834 5508
835 5696
836 2755
837 1988
838 1302
839 1098
840 8055
841 6739
842 2770
843 3213
844 2661
845 4529
846 7045
847 6227
848 1726
849 4591
850 7731
851 7246
852 1787
853 4133
854 7542
855 3267
856 1042
857 3506
858 1178
859 7487
860 4393
861 5865
862 2412
863 1932
864 6497
865 6071
866 6115
867 453
868 4384
869 6014
870 5316
871 703
872 664
873 5155
874 240
875 6187
876 5063
877 3707
878 376
879 7203
880 6768
881 6414
882 7534
883 1051
884 1881
885 6851
886 73
887 2780
888 7153
889 3335
890 1546
891 7645
892 5822
893 4164
894 1956
895 1113
896 6574
897 1005
898 1693
899 6598
900 2996
901 5324
902 7922
903 7127
904 2008
905 4005
906 5635
907 5949
908 8127
909 4634
910 5871
911 1715
912 5728
913 7388
914 4496
915 233
916 5475
917 4839
918 97
919 786
920 529
921 5774
922 4250
923 6178
924 3060
925 3818
926 6086
927 6240
928 3790
929 3327
930 3951
931 3270
932 5052
933 6933
934 1226
935 2840
936 1495
937 1234
938 1901
939 1067
940 6944
941 6435
942 5929
943 4826
944 1195
945 3579
946 3443
947 5567
948 7666
949 647
950 7146
951 7760
952 8095
953 1438
954 2963
955 4297
956 7955
957 4323
958 534
959 1159
960 3145
961 1835
962 945
963 2775
964 7759
965 3614
966 4157
967 2235
968 883
969 7600
970 4664
971 918
972 7333
973 3291
974 5738
975 7198
976 4365
977 6285
978 1493
979 3738
980 3747
981 6896
982 7809
983 4436
984 3157
985 4324
986 4589
987 3788
988 440
989 5192
990 3676
991 4868
992 5075
993 3777
994 2259
995 4409
996 833
997 3271
998 4165
999 777
1000 6834
1001 4235
1002 1963
1003 2487
1004 318
1005 1494
1006 2548
1007 3482
1008 410
1009 7152
1010 4188
1011 5510
1012 2416
1013 4585
1014 3062
1015 6229
1016 1235
1017 1781
1018 4185
1019 4046
1020 5939
1021 4456
1022 3219
1023 3299
1024 2285
1025 1680
1026 7763
1027 4915
1028 5519
1029 2869
1030 5378
1031 5267
1032 248
1033 2565
1034 2529
1035 1201
1036 711
1037 997
1038 6553
1039 15
1040 5293
1041 3235
1042 1213
1043 6188
1044 6036
1045 1391
1046 3095
1047 2597
1048 4572
1049 3396
1050 6863
1051 3222
1052 6906
1053 3029
1054 3997
1055 493
1056 4087
1057 7446
1058 7541
1059 7385
1060 5654
1061 6477
1062 848
1063 2304
1064 4279
1065 4399
1066 3057
1067 4510
1068 7773
1069 4697
1070 4521
1071 1056
1072 5365
1073 7762
1074 5797
1075 1239
1076 1199
1077 7857
1078 52
1079 5201
1080 3384
1081 1339
1082 3519
1083 6268
1084 2454
1085 1985
1086 2184
1087 1357
1088 7906
1089 6887
1090 823
1091 4380
1092 7966
1093 2423
1094 2981
1095 1320
1096 1190
1097 5836
1098 4202
1099 3470
1100 1732
1101 4515
1102 39
1103 6125
1104 3736
1105 5857
1106 4139
1107 3296
1108 5171
1109 79
1110 683
1111 6236
1112 5501
1113 2857
1114 3053
1115 2426
1116 438
1117 5382
1118 6907
1119 3488
1120 7056
1121 1496
1122 6571
1123 6495
1124 3881
1125 7120
1126 2710
1127 7599
1128 757
1129 3171
1130 1419
1131 5670
1132 6862
1133 2400
1134 2107
1135 2917
1136 1121
1137 3311
1138 2031
1139 3170
1140 3402
1141 3344
1142 7088
1143 1444
1144 1855
1145 316
1146 8006
1147 2003
1148 4638
1149 2434
1150 1637
1151 2773
1152 5994
1153 622
1154 5070
1155 6746
1156 224
1157 65
1158 1267
1159 6985
1160 1074
1161 6697
1162 2274
1163 719
1164 6215
1165 2240
1166 4294
1167 5012
1168 1275
1169 1026
1170 2849
1171 3930
1172 867
1173 7393
1174 2187
1175 4689
1176 3870
1177 2311
1178 3659
1179 6578
1180 2390
1181 6799
1182 1387
1183 5885
1184 5420
1185 2841
1186 6675
1187 5206
1188 936
1189 77
1190 7103
1191 401
1192 7340
1193 2967
1194 3471
1195 3375
1196 2221
1197 1609
1198 5560
1199 762
1200 2784
1201 2461
1202 6599
1203 5401
1204 3297
1205 199
1206 2571
1207 6987
1208 1299
1209 1084
1210 948
1211 2462
1212 2237
1213 983
1214 4343
1215 6651
1216 2743
1217 7771
1218 5723
1219 2115
1220 3265
1221 6363
1222 3907
1223 1429
1224 6379
1225 4918
1226 481
1227 3564
1228 3995
1229 3917
1230 8038
1231 2368
1232 1584
1233 6087
1234 70
1235 6374
1236 7395
1237 5113
1238 1047
1239 428
1240 6158
1241 4054
1242 299
1243 1748
1244 7630
1245 557
1246 5531
1247 1120
1248 7380
1249 1377
1250 5485
1251 2524
1252 6601
1253 1597
1254 7428
1255 8141
1256 2502
1257 7220
1258 2329
1259 4879
1260 2984
1261 6883
1262 3915
1263 7273
1264 5060
1265 6274
1266 5380
1267 7609
1268 3486
1269 4563
1270 5045
1271 1018
1272 4315
1273 350
1274 336
1275 2734
1276 6100
1277 3092
1278 5611
1279 6031
1280 7259
1281 6975
1282 5993
1283 5720
1284 1398
1285 454
1286 1929
1287 7965
1288 4862
1289 2033
1290 5632
1291 2316
1292 3186
1293 4113
1294 4462
1295 1943
1296 6542
1297 7361
1298 726
1299 2335
1300 3180
1301 5048
1302 6677
1303 3600
1304 2071
1305 6874
1306 4929
1307 2474
1308 4741
1309 4834
1310 5507
1311 2564
1312 2692
1313 1064
1314 7554
1315 1288
1316 5200
1317 4036
1318 5180
1319 2944
1320 4829
1321 956
1322 4333
1323 3037
1324 3514
1325 394
1326 6135
1327 1620
1328 8010
1329 6870
1330 7451
1331 2305
1332 6210
1333 5463
1334 5050
1335 1433
1336 7958
1337 708
1338 3833
1339 3472
1340 3412
1341 3325
1342 7583
1343 2439
1344 4630
1345 644
1346 1560
1347 818
1348 281
1349 433
1350 4501
1351 7830
1352 1208
1353 1877
1354 2851
1355 4417
1356 5962
1357 7128
1358 1312
1359 5026
1360 7037
1361 4727
1362 2014
1363 1751
1364 465
1365 2276
1366 3217
1367 5131
1368 3727
1369 4828
1370 5718
1371 5877
1372 8036
1373 1252
1374 7917
1375 7271
1376 8105
1377 1919
1378 3354
1379 3876
1380 4583
1381 2724
1382 2634
1383 1779
1384 3439
1385 7034
1386 6198
1387 3607
1388 341
1389 5224
1390 5664
1391 924
1392 6814
1393 3019
1394 1364
1395 4042
1396 4858
1397 1890
1398 2702
1399 1793
1400 755
1401 4523
1402 6790
1403 2783
1404 6980
1405 7991
1406 1962
1407 5725
1408 852
1409 7596
1410 1431
1411 6382
1412 3541
1413 4552
1414 4006
1415 986
1416 7429
1417 4770
1418 1823
1419 8091
1420 2611
1421 425
1422 4231
1423 4440
1424 7956
1425 7173
1426 3760
1427 1639
1428 2953
1429 5385
1430 2788
1431 1471
1432 5270
1433 5429
1434 7506
1435 909
1436 4629
1437 3076
1438 5889
1439 2777
1440 3989
1441 2055
1442 3415
1443 7347
1444 4570
1445 5795
1446 4537
1447 406
1448 5715
1449 5133
1450 3134
1451 8184
1452 7832
1453 2369
1454 6612
1455 2530
1456 5964
1457 2402
1458 7278
1459 5143
1460 5281
1461 3744
1462 5952
1463 7479
1464 187
1465 5931
1466 3413
1467 2327
1468 6915
1469 5593
1470 4860
1471 5205
1472 243
1473 6217
1474 3361
1475 1723
1476 6012
1477 6847
1478 1489
1479 1462
1480 933
1481 3631
1482 2555
1483 2826
1484 5750
1485 1176
1486 5236
1487 5061
1488 4116
1489 2622
1490 7025
1491 7725
1492 7468
1493 3082
1494 6030
1495 6550
1496 7920
1497 251
1498 1856
1499 1843
1500 1864
1501 7853
1502 2884
1503 24
1504 6405
1505 4726
1506 6696
1507 1261
1508 4076
1509 151
1510 2215
1511 7876
1512 7701
1513 3932
1514 4424
1515 8175
1516 5543
1517 6073
1518 5430
1519 6786
1520 3767
1521 6524
1522 2032
1523 380
1524 4750
1525 227
1526 307
1527 3722
1528 2852
1529 3756
1530 3897
1531 5568
1532 3285
1533 3309
1534 3148
1535 42
1536 7043
1537 6956
1538 7142
1539 1735
1540 6756
1541 4222
1542 4686
1543 359
1544 8017
1545 6788
1546 1615
1547 3560
1548 2831
1549 247
1550 7062
1551 2410
1552 3785
1553 6728
1554 3177
1555 475
1556 7285
1557 6643
1558 5307
1559 4404
1560 7646
1561 3026
1562 5655
1563 1451
1564 8115
1565 7042
1566 7634
1567 7000
1568 1105
1569 6133
1570 6095
1571 5286
1572 734
1573 7210
1574 3547
1575 953
1576 5692
1577 904
1578 6204
1579 2494
1580 7466
1581 2690
1582 8004
1583 5072
1584 167
1585 5633
1586 3241
1587 87
1588 2941
1589 8172
1590 564
1591 7578
1592 8057
1593 885
1594 5901
1595 1997
1596 5218
1597 3545
1598 4287
1599 4951
1600 7713
1601 8153
1602 377
1603 1906
1604 231
1605 3147
1606 739
1607 2887
1608 3968
1609 5257
1610 7260
1611 4998
1612 4034
1613 2961
1614 4761
1615 548
1616 5082
1617 4313
1618 7404
1619 815
1620 5600
1621 7821
1622 3765
1623 6753
1624 4836
1625 1784
1626 342
1627 34
1628 1993
1629 7793
1630 7837
1631 7695
1632 886
1633 3011
1634 6345
1635 3104
1636 7764
1637 4288
1638 3919
1639 6324
1640 2845
1641 2570
1642 1271
1643 7810
1644 7843
1645 5351
1646 5970
1647 4228
1648 6309
1649 1844
1650 2889
1651 3996
1652 3864
1653 7949
1654 4575
1655 1928
1656 6555
1657 1631
1658 4156
1659 5295
1660 593
1661 1879
1662 4059
1663 5973
1664 7366
1665 7784
1666 1066
1667 4379
1668 5069
1669 7714
1670 6886
1671 8158
1672 209
1673 4625
1674 4403
1675 3481
1676 5470
1677 667
1678 6577
1679 6077
1680 5285
1681 4706
1682 3260
1683 6602
1684 4810
1685 6809
1686 4423
1687 344
1688 6537
1689 2491
1690 6407
1691 1925
1692 3623
1693 3059
1694 5997
1695 2975
1696 666
1697 7329
1698 1172
1699 1345
1700 6700
1701 2998
1702 3172
1703 6117
1704 1139
1705 2693
1706 2636
1707 5488
1708 4939
1709 8145
1710 1909
1711 2219
1712 3290
1713 6346
1714 2121
1715 3030
1716 7875
1717 5153
1718 3087
1719 5724
1720 7841
1721 6343
1722 4259
1723 6295
1724 2991
1725 138
1726 321
1727 4339
1728 7495
1729 4926
1730 1996
1731 5977
1732 6489
1733 4017
1734 3493
1735 4601
1736 3166
1737 317
1738 2025
1739 4032
1740 411
1741 6422
1742 4075
1743 6767
1744 89
1745 3883
1746 2745
1747 754
1748 4299
1749 7715
1750 544
1751 7862
1752 5837
1753 6693
1754 5683
1755 5364
1756 4198
1757 797
1758 5961
1759 2162
1760 4511
1761 3858
1762 7926
1763 7424
1764 1655
1765 6463
1766 1418
1767 855
1768 4604
1769 3313
1770 4633
1771 123
1772 7159
1773 5391
1774 2257
1775 2908
1776 6517
1777 109
1778 1955
1779 2703
1780 242
1781 4753
1782 6035
1783 861
1784 5691
1785 1762
1786 5870
1787 6136
1788 974
1789 6062
1790 2101
1791 7826
1792 7849
1793 3259
1794 2774
1795 8173
1796 2721
1797 1040
1798 1233
1799 3662
1800 5575
1801 7678
1802 2599
1803 5422
1804 3006
1805 3730
1806 2624
1807 1862
1808 3420
1809 1785
1810 6771
1811 4934
1812 4361
1813 2915
1814 1219
1815 7174
1816 5640
1817 1593
1818 3800
1819 7530
1820 4079
1821 6798
1822 1790
1823 3127
1824 3745
1825 7184
1826 5353
1827 2397
1828 1975
1829 3962
1830 3562
1831 5851
1832 7929
1833 7660
1834 2374
1835 2455
1836 3516
1837 6024
1838 5262
1839 1757
1840 4991
1841 1157
1842 6973
1843 813
1844 7869
1845 1574
1846 4023
1847 4491
1848 6698
1849 6378
1850 2322
1851 1411
1852 4431
1853 188
1854 6004
1855 3075
1856 3364
1857 4738
1858 6292
1859 4746
1860 5141
1861 1378
1862 801
1863 6819
1864 2916
1865 2768
1866 3001
1867 5472
1868 6120
1869 7304
1870 2067
1871 6148
1872 3197
1873 1907
1874 8018
1875 3136
1876 6054
1877 5109
1878 2421
1879 6108
1880 5476
1881 584
1882 3097
1883 6748
1884 7213
1885 3510
1886 7903
1887 1416
1888 211
1889 4869
1890 6116
1891 1149
1892 5957
1893 5799
1894 6505
1895 7938
1896 560
1897 8043
1898 2906
1899 5339
1900 2011
1901 6658
1902 5381
1903 5828
1904 928
1905 1908
1906 6835
1907 2801
1908 2483
1909 5806
1910 3304
1911 7758
1912 919
1913 7746
1914 732
1915 6832
1916 6142
1917 6352
1918 7571
1919 628
1920 5007
1921 7647
1922 712
1923 8191
1924 5254
1925 662
1926 1255
1927 2595
1928 214
1929 2233
1930 3976
1931 6247
1932 7123
1933 5539
1934 361
1935 543
1936 1240
1937 6992
1938 5231
1939 2608
1940 385
1941 7680
1942 7330
1943 4621
1944 5319
1945 6264
1946 4461
1947 6940
1948 2972
1949 1754
1950 4948
1951 1527
1952 3530
1953 8013
1954 5953
1955 5019
1956 5344
1957 1350
1958 824
1959 6043
1960 7567
1961 7474
1962 2760
1963 5473
1964 1850
1965 244
1966 6501
1967 1257
1968 4807
1969 2843
1970 709
1971 1676
1972 5333
1973 3918
1974 6487
1975 5606
1976 348
1977 2234
1978 4332
1979 7592
1980 1775
1981 6504
1982 5443
1983 2126
1984 3284
1985 5249
1986 4909
1987 5566
1988 4927
1989 3728
1990 4919
1991 95
1992 4865
1993 2680
1994 7403
1995 1592
1996 5163
1997 4241
1998 6218
1999 3027
2000 3279
2001 1030
2002 3689
2003 944
2004 5198
2005 4091
2006 5684
2007 7883
2008 6183
2009 3089
2010 3654
2011 5117
2012 6212
2013 2628
2014 807
2015 7486
2016 5354
2017 8063
2018 164
2019 7505
2020 7469
2021 6447
2022 4306
2023 198
2024 4420
2025 4098
2026 5697
2027 7656
2028 620
2029 2853
2030 6426
2031 5650
2032 3352
2033 696
2034 749
2035 5222
2036 4758
2037 7798
2038 1164
2039 4376
2040 2278
2041 2388
2042 702
2043 400
2044 3317
2045 8102
2046 8028
2047 3303
2048 1753
2049 4016
2050 981
2051 858
2052 6429
2053 4366
2054 6816
2055 2848
2056 6238
2057 4506
2058 2089
2059 3725
2060 5119
2061 2672
2062 1789
2063 2075
2064 1759
2065 4336
2066 6547
2067 634
2068 6713
2069 1021
2070 2810
2071 5076
2072 8136
2073 2198
2074 1951
2075 8150
2076 4650
2077 6513
2078 6982
2079 6008
2080 960
2081 2688
2082 2283
2083 5462
2084 6657
2085 2920
2086 364
2087 1892
2088 2404
2089 984
2090 7823
2091 3551
2092 2176
2093 2586
2094 3911
2095 7794
2096 2024
2097 6451
2098 6143
2099 4224
2100 384
2101 4968
2102 4518
2103 7792
2104 6106
2105 7570
2106 4607
2107 485
2108 4322
2109 2925
2110 6078
2111 8103
2112 2407
2113 4978
2114 738
2115 395
2116 1206
2117 5146
2118 6403
2119 5776
2120 6917
2121 7562
2122 3714
2123 3251
2124 3774
2125 5850
2126 1037
2127 7484
2128 7201
2129 7526
2130 1029
2131 7683
2132 2652
2133 3954
2134 5182
2135 5979
2136 4574
2137 1046
2138 3664
2139 407
2140 8188
2141 6416
2142 6721
2143 5585
2144 6244
2145 6360
2146 1830
2147 5291
2148 3201
2149 1729
2150 2533
2151 1342
2152 5525
2153 3045
2154 550
2155 4262
2156 1827
2157 5439
2158 1249
2159 7180
2160 2179
2161 172
2162 8048
2163 6430
2164 2422
2165 5458
2166 3903
2167 7632
2168 5852
2169 3103
2170 4669
2171 4132
2172 7642
2173 2007
2174 2990
2175 7027
2176 56
2177 6302
2178 6927
2179 4704
2180 3500
2181 169
2182 575
2183 1287
2184 7379
2185 1989
2186 3679
2187 33
2188 4126
2189 201
2190 2192
2191 4311
2192 4701
2193 4907
2194 845
2195 6880
2196 5434
2197 5603
2198 1937
2199 2976
2200 2517
2201 1983
2202 7509
2203 968
2204 4888
2205 5308
2206 1755
2207 5299
2208 3809
2209 6243
2210 2603
2211 1536
2212 3056
2213 1795
2214 728
2215 3363
2216 1553
2217 71
2218 7511
2219 7094
2220 5110
2221 1374
2222 2090
2223 3813
2224 3672
2225 5835
2226 6557
2227 5396
2228 3478
2229 5668
2230 4067
2231 3942
2232 6216
2233 2053
2234 2707
2235 7944
2236 533
2237 2835
2238 7587
2239 67
2240 4191
2241 8182
2242 1858
2243 5058
2244 7741
2245 7371
2246 7504
2247 7107
2248 6155
2249 854
2250 4481
2251 5551
2252 3904
2253 3616
2254 502
2255 7275
2256 2806
2257 5088
2258 4853
2259 6028
2260 1222
2261 637
2262 4703
2263 292
2264 2246
2265 2170
2266 3647
2267 2696
2268 1094
2269 3677
2270 6425
2271 2063
2272 5215
2273 6326
2274 6123
2275 2544
2276 3042
2277 2361
2278 5479
2279 1948
2280 6894
2281 5899
2282 1443
2283 4020
2284 4774
2285 7761
2286 5630
2287 5721
2288 6595
2289 793
2290 2511
2291 4426
2292 3638
2293 2762
2294 4785
2295 6920
2296 5902
2297 1092
2298 6011
2299 4415
2300 3432
2301 5149
2302 8047
2303 602
2304 354
2305 2751
2306 7158
2307 2994
2308 6558
2309 4993
2310 1873
2311 555
2312 7850
2313 4659
2314 3066
2315 4914
2316 2769
2317 6993
2318 1575
2319 2742
2320 1334
2321 2562
2322 4950
2323 7519
2324 491
2325 8109
2326 4881
2327 907
2328 5415
2329 7791
2330 6573
2331 6648
2332 3476
2333 2970
2334 2019
2335 2199
2336 3752
2337 2358
2338 2891
2339 5265
2340 966
2341 141
2342 4145
2343 1062
2344 4498
2345 7670
2346 3655
2347 650
2348 1293
2349 4817
2350 4107
2351 4482
2352 7067
2353 3955
2354 2911
2355 6960
2356 7536
2357 3144
2358 7913
2359 5989
2360 7005
2361 1599
2362 5036
2363 4561
2364 2194
2365 3555
2366 228
2367 6063
2368 7303
2369 1019
2370 7706
2371 5786
2372 1966
2373 6263
2374 6271
2375 1522
2376 1765
2377 4695
2378 1683
2379 469
2380 5404
2381 1362
2382 2818
2383 6575
2384 973
2385 4368
2386 678
2387 6708
2388 1604
2389 729
2390 8190
2391 4175
2392 1742
2393 4335
2394 6283
2395 315
2396 3225
2397 7101
2398 5956
2399 5067
2400 4885
2401 4103
2402 7277
2403 4058
2404 1440
2405 5425
2406 964
2407 4200
2408 3640
2409 4814
2410 5451
2411 1400
2412 5773
2413 7374
2414 3710
2415 4550
2416 1078
2417 6634
2418 1223
2419 3575
2420 3067
2421 1614
2422 4886
2423 4999
2424 6691
2425 3312
2426 566
2427 3295
2428 3735
2429 2583
2430 1143
2431 4223
2432 2264
2433 176
2434 4458
2435 7212
2436 6070
2437 7576
2438 4837
2439 3188
2440 5687
2441 2293
2442 6329
2443 7722
2444 2446
2445 7194
2446 6623
2447 6438
2448 4798
2449 2086
2450 2937
2451 2952
2452 3248
2453 1772
2454 2122
2455 2037
2456 6005
2457 5376
2458 6445
2459 4973
2460 6342
2461 4895
2462 4317
2463 3447
2464 1285
2465 568
2466 8061
2467 4090
2468 7817
2469 7434
2470 7017
2471 1812
2472 4713
2473 3558
2474 8086
2475 6717
2476 3599
2477 3697
2478 1076
2479 6371
2480 4847
2481 7288
2482 6930
2483 1484
2484 4681
2485 2627
2486 8114
2487 6974
2488 2420
2489 4899
2490 6989
2491 3849
2492 2476
2493 1308
2494 7476
2495 4199
2496 5194
2497 1154
2498 5588
2499 1492
2500 2266
2501 186
2502 6723
2503 5980
2504 3587
2505 116
2506 3851
2507 1859
2508 5074
2509 5363
2510 3734
2511 5703
2512 4605
2513 6151
2514 5513
2515 5649
2516 4483
2517 3673
2518 2657
2519 910
2520 2730
2521 3610
2522 1905
2523 1701
2524 1231
2525 7854
2526 7401
2527 995
2528 6091
2529 4429
2530 4662
2531 5022
2532 3682
2533 7267
2534 1741
2535 3827
2536 812
2537 3658
2538 2100
2539 1303
2540 6453
2541 7286
2542 5140
2543 2185
2544 6899
2545 3909
2546 906
2547 4509
2548 4784
2549 764
2550 3072
2551 5717
2552 1513
2553 4648
2554 2155
2555 4301
2556 402
2557 3889
2558 3454
2559 5426
2560 6972
2561 5340
2562 3828
2563 3378
2564 2206
2565 213
2566 4586
2567 1516
2568 5844
2569 7855
2570 630
2571 6065
2572 4782
2573 4454
2574 2321
2575 3176
2576 6354
2577 6514
2578 3656
2579 470
2580 1326
2581 137
2582 2547
2583 483
2584 6710
2585 6857
2586 7838
2587 7136
2588 7558
2589 4414
2590 4108
2591 3535
2592 574
2593 3070
2594 2309
2595 5320
2596 6594
2597 23
2598 2473
2599 7707
2600 4039
2601 2213
2602 408
2603 2295
2604 4051
2605 2838
2606 207
2607 1800
2608 1151
2609 2598
2610 5049
2611 2395
2612 7373
2613 7282
2614 396
2615 6448
2616 6825
2617 1155
2618 1490
2619 1295
2620 6424
2621 2334
2622 5314
2623 7866
2624 2750
2625 6045
2626 814
2627 3716
2628 1581
2629 1369
2630 7370
2631 992
2632 3416
2633 5686
2634 3452
2635 3549
2636 5530
2637 6103
2638 4805
2639 4728
2640 2673
2641 2662
2642 912
2643 7335
2644 7041
2645 7396
2646 900
2647 5114
2648 2087
2649 5584
2650 4733
2651 4820
2652 2440
2653 241
2654 2738
2655 1967
2656 1011
2657 314
2658 2224
2659 4913
2660 6339
2661 2809
2662 196
2663 6795
2664 6766
2665 139
2666 2417
2667 5195
2668 523
2669 4526
2670 7356
2671 8156
2672 6958
2673 603
2674 1895
2675 8094
2676 3227
2677 1658
2678 617
2679 6129
2680 6226
2681 1014
2682 2980
2683 509
2684 3433
2685 7461
2686 6946
2687 5389
2688 6493
2689 3370
2690 2748
2691 5514
2692 7999
2693 1971
2694 5712
2695 6081
2696 5128
2697 5963
2698 7199
2699 7358
2700 5187
2701 27
2702 4665
2703 5402
2704 7865
2705 4743
2706 7290
2707 5178
2708 6947
2709 3863
2710 8097
2711 5512
2712 5938
2713 6727
2714 6760
2715 5800
2716 7635
2717 742
2718 5047
2719 6278
2720 1313
2721 6245
2722 3998
2723 3609
2724 1662
2725 6559
2726 5053
2727 4493
2728 8079
2729 7013
2730 448
2731 7884
2732 7745
2733 5242
2734 6664
2735 1188
2736 3307
2737 7149
2738 7407
2739 1001
2740 3137
2741 1170
2742 2144
2743 5290
2744 3808
2745 3902
2746 1112
2747 1705
2748 6534
2749 6001
2750 6888
2751 5881
2752 113
2753 3229
2754 2811
2755 6797
2756 6522
2757 7768
2758 3981
2759 7788
2760 7801
2761 3210
2762 2247
2763 3162
2764 3787
2765 6525
2766 5440
2767 651
2768 4645
2769 4600
2770 7851
2771 4360
2772 3010
2773 6867
2774 436
2775 6914
2776 1624
2777 6725
2778 2983
2779 5428
2780 1952
2781 6137
2782 2092
2783 3231
2784 7564
2785 5147
2786 2114
2787 4555
2788 2145
2789 2394
2790 7113
2791 7775
2792 1140
2793 4374
2794 7256
2795 14
2796 4504
2797 7675
2798 6667
2799 3857
2800 2507
2801 926
2802 2447
2803 2802
2804 6905
2805 1359
2806 5817
2807 3586
2808 6255
2809 805
2810 5798
2811 1526
2812 6203
2813 4464
2814 2581
2815 937
2816 7085
2817 7139
2818 1808
2819 3644
2820 5769
2821 1548
2822 4388
2823 5529
2824 4273
2825 4749
2826 1571
2827 6034
2828 1422
2829 6321
2830 489
2831 542
2832 5298
2833 2016
2834 3879
2835 3571
2836 5188
2837 53
2838 6475
2839 7658
2840 6452
2841 1425
2842 1022
2843 949
2844 6009
2845 3395
2846 4378
2847 3234
2848 7204
2849 7673
2850 2747
2851 7040
2852 5414
2853 4771
2854 72
2855 8049
2856 8090
2857 4162
2858 3536
2859 7624
2860 3685
2861 5209
2862 7880
2863 2867
2864 8160
2865 7441
2866 1264
2867 5631
2868 6538
2869 1321
2870 5243
2871 4392
2872 6491
2873 378
2874 7742
2875 29
2876 3314
2877 7756
2878 5407
2879 6320
2880 5913
2881 3242
2882 5498
2883 5030
2884 3552
2885 6722
2886 2553
2887 1379
2888 1621
2889 1640
2890 7402
2891 1388
2892 5647
2893 1918
2894 4255
2895 3781
2896 5707
2897 235
2898 5662
2899 3195
2900 6279
2901 447
2902 2964
2903 3865
2904 1537
2905 19
2906 3051
2907 5861
2908 7182
2909 5701
2910 6954
2911 781
2912 343
2913 7155
2914 6112
2915 5112
2916 839
2917 1102
2918 3107
2919 3156
2920 7015
2921 283
2922 6027
2923 1576
2924 5523
2925 57
2926 1585
2927 3581
2928 1709
2929 3740
2930 4230
2931 1403
2932 877
2933 1041
2934 1588
2935 1259
2936 1099
2937 2238
2938 1724
2939 5289
2940 5172
2941 3274
2942 982
2943 2302
2944 5259
2945 4864
2946 7615
2947 7280
2948 4594
2949 6751
2950 2506
2951 418
2952 149
2953 7443
2954 5184
2955 4242
2956 8186
2957 84
2958 3650
2959 6645
2960 5207
2961 2836
2962 162
2963 5872
2964 3359
2965 2875
2966 5021
2967 1100
2968 2653
2969 4534
2970 3007
2971 1685
2972 4013
2973 837
2974 4963
2975 3324
2976 230
2977 3442
2978 2277
2979 7354
2980 1290
2981 4010
2982 1106
2983 5000
2984 938
2985 1758
2986 5672
2987 653
2988 8133
2989 5986
2990 528
2991 3456
2992 1590
2993 2610
2994 5716
2995 604
2996 748
2997 4463
2998 6846
2999 4089
3000 3521
3001 2348
3002 414
3003 4912
3004 267
3005 2874
3006 7964
3007 787
3008 5001
3009 7051
3010 778
3011 7894
3012 6730
3013 1815
3014 32
3015 8164
3016 1135
3017 940
3018 6056
3019 2364
3020 3958
3021 795
3022 4001
3023 7218
3024 5759
3025 7889
3026 7905
3027 1020
3028 4487
3029 1945
3030 4635
3031 8106
3032 6082
3033 3353
3034 646
3035 3220
3036 3925
3037 3094
3038 439
3039 5814
3040 1348
3041 5161
3042 1595
3043 4451
3044 319
3045 1750
3046 3492
3047 1524
3048 6208
3049 6935
3050 4773
3051 6853
3052 2556
3053 1541
3054 4280
3055 2338
3056 5853
3057 2085
3058 7009
3059 6206
3060 7125
3061 4159
3062 5663
3063 6314
3064 2433
3065 7539
3066 834
3067 4290
3068 1654
3069 1684
3070 6361
3071 4045
3072 1788
3073 7057
3074 3563
3075 1613
3076 4068
3077 2073
3078 5521
3079 7310
3080 1109
3081 5623
3082 2208
3083 4778
3084 1133
3085 7597
3086 3678
3087 6470
3088 1523
3089 4218
3090 7023
3091 947
3092 7464
3093 3937
3094 2323
3095 5580
3096 1992
3097 7375
3098 6663
3099 40
3100 7257
3101 1081
3102 4887
3103 5682
3104 784
3105 2960
3106 6443
3107 6458
3108 925
3109 5423
3110 1055
3111 5984
3112 5841
3113 2136
3114 2035
3115 7502
3116 329
3117 6256
3118 3054
3119 2912
3120 2554
3121 5965
3122 3778
3123 3398
3124 340
3125 1421
3126 2604
3127 4383
3128 963
3129 4729
3130 6787
3131 1268
3132 6951
3133 105
3134 61
3135 8037
3136 2978
3137 1920
3138 8179
3139 5876
3140 2425
3141 4577
3142 3533
3143 3983
3144 4957
3145 7816
3146 7789
3147 6170
3148 5834
3149 3408
3150 6105
3151 2383
3152 4026
3153 6530
3154 7357
3155 2632
3156 4387
3157 3723
3158 7962
3159 5895
3160 2095
3161 4891
3162 118
3163 189
3164 6251
3165 8176
3166 6022
3167 256
3168 978
3169 798
3170 7493
3171 3153
3172 2684
3173 6337
3174 7806
3175 1465
3176 7262
3177 1091
3178 1666
3179 6261
3180 165
3181 7274
3182 3717
3183 3817
3184 643
3185 4684
3186 1315
3187 4355
3188 3315
3189 4334
3190 4666
3191 6289
3192 4209
3193 3669
3194 1236
3195 4114
3196 2935
3197 2782
3198 1449
3199 6074
3200 2448
3201 6241
3202 1898
3203 4109
3204 1946
3205 7835
3206 1182
3207 4220
3208 6317
3209 5042
3210 4419
3211 3414
3212 4718
3213 4943
3214 7896
3215 5544
3216 8022
3217 2484
3218 2691
3219 5185
3220 6068
3221 4676
3222 7946
3223 456
3224 2382
3225 4083
3226 2794
3227 3859
3228 254
3229 2200
3230 90
3231 4565
3232 4980
3233 3301
3234 7332
3235 7322
3236 5435
3237 1736
3238 5241
3239 7144
3240 611
3241 8009
3242 3348
3243 2789
3244 3207
3245 6127
3246 1325
3247 871
3248 3256
3249 4917
3250 668
3251 2262
3252 6462
3253 1256
3254 1712
3255 569
3256 6743
3257 2242
3258 5217
3259 7626
3260 624
3261 5789
3262 736
3263 3206
3264 1913
3265 5084
3266 4538
3267 5848
3268 2480
3269 1737
3270 6152
3271 1893
3272 927
3273 7720
3274 6384
3275 1338
3276 7414
3277 7032
3278 6286
3279 0
3280 1643
3281 7508
3282 3553
3283 5764
3284 5528
3285 7143
3286 216
3287 2942
3288 1006
3289 3276
3290 2349
3291 4104
3292 4996
3293 922
3294 3497
3295 7727
3296 7490
3297 5199
3298 7643
3299 570
3300 8040
3301 722
3302 545
3303 4118
3304 3784
3305 435
3306 5990
3307 3905
3308 6636
3309 6153
3310 3461
3311 7291
3312 7538
3313 217
3314 691
3315 7206
3316 3877
3317 4028
3318 3789
3319 6928
3320 4371
3321 7871
3322 1659
3323 4066
3324 2681
3325 3135
3326 3194
3327 3597
3328 4843
3329 2878
3330 1034
3331 5763
3332 4792
3333 7132
3334 3380
3335 3211
3336 7
3337 3437
3338 1739
3339 7661
3340 5891
3341 6080
3342 670
3343 3628
3344 6541
3345 6362
3346 1396
3347 5624
3348 171
3349 5068
3350 4799
3351 1469
3352 2243
3353 3755
3354 2954
3355 2386
3356 7619
3357 4856
3358 4122
3359 5318
3360 7399
3361 1572
3362 3764
3363 4298
3364 863
3365 3799
3366 6804
3367 423
3368 5824
3369 6622
3370 2741
3371 1351
3372 7692
3373 4556
3374 7971
3375 4573
3376 7263
3377 7160
3378 2621
3379 3
3380 4822
3381 3109
3382 1562
3383 3931
3384 2795
3385 4488
3386 962
3387 1796
3388 88
3389 3401
3390 2002
3391 5642
3392 3061
3393 4640
3394 612
3395 51
3396 7573
3397 4944
3398 75
3399 1090
3400 13
3401 999
3402 5896
3403 5657
3404 8121
3405 590
3406 1123
3407 1632
3408 1543
3409 6110
3410 163
3411 6500
3412 3106
3413 6741
3414 1059
3415 2409
3416 3892
3417 3247
3418 504
3419 7522
3420 7207
3421 7223
3422 3289
3423 2938
3424 6350
3425 5726
3426 5999
3427 6592
3428 2337
3429 434
3430 7923
3431 92
3432 4275
3433 1972
3434 2822
3435 3619
3436 4465
3437 2918
3438 5767
3439 4229
3440 3065
3441 5906
3442 3872
3443 4832
3444 3577
3445 701
3446 5169
3447 7873
3448 3392
3449 1973
3450 3036
3451 7217
3452 5951
3453 8168
3454 2955
3455 808
3456 3556
3457 3534
3458 3474
3459 4197
3460 5589
3461 2413
3462 539
3463 1814
3464 3924
3465 192
3466 1394
3467 811
3468 645
3469 3674
3470 2070
3471 7242
3472 2531
3473 2418
3474 7563
3475 142
3476 2186
3477 3928
3478 1692
3479 1532
3480 8138
3481 5186
3482 5151
3483 5099
3484 153
3485 6315
3486 6388
3487 7145
3488 6410
3489 7226
3490 1801
3491 4027
3492 182
3493 6460
3494 1849
3495 2817
3496 4823
3497 6536
3498 7927
3499 8123
3500 6096
3501 6829
3502 154
3503 7671
3504 6181
3505 5055
3506 8111
3507 2066
3508 1718
3509 3985
3510 5441
3511 6280
3512 1612
3513 3368
3514 6130
3515 2061
3516 5066
3517 5211
3518 3842
3519 2620
3520 6457
3521 4806
3522 600
3523 8046
3524 5517
3525 6590
3526 3169
3527 2933
3528 8
3529 7769
3530 499
3531 112
3532 4503
3533 6365
3534 6162
3535 6737
3536 7376
3537 2482
3538 7840
3539 774
3540 2671
3541 7124
3542 6418
3543 2280
3544 582
3545 2354
3546 3882
3547 7006
3548 3179
3549 6715
3550 2064
3551 2006
3552 6128
3553 1728
3554 4008
3555 7382
3556 1485
3557 7644
3558 472
3559 5950
3560 5574
3561 6228
3562 2098
3563 7433
3564 2643
3565 2441
3566 2525
3567 5482
3568 6610
3569 4449
3570 5343
3571 3617
3572 2574
3573 6665
3574 6019
3575 4111
3576 6540
3577 2038
3578 7114
3579 7089
3580 3737
3581 1799
3582 5179
3583 2355
3584 810
3585 229
3586 3634
3587 7757
3588 7724
3589 1393
3590 1010
3591 4128
3592 1500
3593 1882
3594 8000
3595 7593
3596 6485
3597 5579
3598 191
3599 1939
3600 3986
3601 699
3602 1610
3603 1174
3604 2428
3605 3430
3606 2062
3607 219
3608 6995
3609 8129
3610 7778
3611 7728
3612 3949
3613 3895
3614 597
3615 2771
3616 5757
3617 6334
3618 1069
3619 1404
3620 2088
3621 6159
3622 7561
3623 5818
3624 4795
3625 5886
3626 3544
3627 3404
3628 4184
3629 556
3630 6581
3631 4472
3632 5596
3633 5903
3634 7581
3635 7921
3636 5190
3637 8008
3638 7235
3639 1651
3640 4007
3641 7012
3642 6465
3643 6432
3644 6913
3645 3264
3646 1672
3647 3182
3648 4790
3649 7653
3650 4212
3651 538
3652 3793
3653 4908
3654 4261
3655 1611
3656 6061
3657 83
3658 6699
3659 917
3660 6275
3661 1323
3662 4177
3663 3244
3664 7937
3665 5373
3666 8012
3667 4293
3668 3405
3669 6621
3670 1777
3671 1627
3672 3357
3673 3651
3674 2638
3675 6057
3676 1845
3677 5955
3678 3594
3679 7008
3680 5754
3681 7244
3682 7726
3683 4875
3684 1125
3685 3508
3686 365
3687 1807
3688 6469
3689 5665
3690 7916
3691 1153
3692 6627
3693 5144
3694 1773
3695 3708
3696 2650
3697 1811
3698 2076
3699 3794
3700 3403
3701 6902
3702 136
3703 106
3704 2347
3705 7559
3706 6597
3707 5605
3708 6684
3709 7239
3710 6464
3711 6652
3712 3505
3713 6179
3714 3835
3715 8031
3716 3038
3717 7777
3718 1556
3719 2005
3720 794
3721 3636
3722 8149
3723 3360
3724 2381
3725 2217
3726 3987
3727 6889
3728 6716
3729 7988
3730 4777
3731 4002
3732 5978
3733 5689
3734 445
3735 6483
3736 1198
3737 4325
3738 7475
3739 7877
3740 3695
3741 1296
3742 7419
3743 710
3744 5680
3745 1346
3746 5386
3747 8033
3748 3891
3749 3822
3750 6531
3751 5142
3752 7785
3753 7640
3754 5564
3755 4710
3756 1782
3757 3086
3758 6408
3759 7767
3760 263
3761 7064
3762 7786
3763 578
3764 3871
3765 7557
3766 7169
3767 6333
3768 7833
3769 5722
3770 5887
3771 4052
3772 8178
3773 6467
3774 130
3775 4651
3776 745
3777 5504
3778 2679
3779 1017
3780 2148
3781 5370
3782 5251
3783 2543
3784 869
3785 1582
3786 3853
3787 3900
3788 5335
3789 673
3790 3922
3791 1459
3792 7314
3793 5279
3794 4760
3795 3776
3796 3389
3797 633
3798 3120
3799 4216
3800 6047
3801 2027
3802 2536
3803 8180
3804 2798
3805 4543
3806 3085
3807 5009
3808 6844
3809 2103
3810 1039
3811 7331
3812 4011
3813 1656
3814 4647
3815 6373
3816 5469
3817 6273
3818 6391
3819 119
3820 5346
3821 7115
3822 3008
3823 3663
3824 609
3825 468
3826 2068
3827 5515
3828 7449
3829 7693
3830 1148
3831 1054
3832 6588
3833 5563
3834 3100
3835 3927
3836 1349
3837 3023
3838 911
3839 7499
3840 6991
3841 4064
3842 1483
3843 4712
3844 1075
3845 4470
3846 6589
3847 5608
3848 4121
3849 6533
3850 831
3851 6635
3852 2004
3853 7939
3854 6502
3855 8125
3856 7743
3857 3965
3858 1128
3859 993
3860 2618
3861 2705
3862 2647
3863 7772
3864 2903
3865 7392
3866 2360
3867 4952
3868 4125
3869 2352
3870 64
3871 7420
3872 287
3873 967
3874 7846
3875 1297
3876 3688
3877 7662
3878 4411
3879 5831
3880 2658
3881 5803
3882 5811
3883 7590
3884 6526
3885 2558
3886 5326
3887 753
3888 8131
3889 1872
3890 3940
3891 6904
3892 1934
3893 5897
3894 2414
3895 2236
3896 1519
3897 6486
3898 8011
3899 99
3900 3608
3901 2182
3902 2204
3903 5679
3904 5538
3905 6331
3906 6480
3907 6322
3908 2467
3909 4341
3910 6549
3911 3807
3912 2110
3913 8044
3914 2141
3915 1535
3916 2540
3917 5644
3918 1016
3919 3453
3920 3959
3921 4207
3922 4707
3923 6556
3924 63
3925 759
3926 7117
3927 3373
3928 7166
3929 4974
3930 6413
3931 3499
3932 1027
3933 2663
3934 5524
3935 4181
3936 3381
3937 3143
3938 3838
3939 6194
3940 3757
3941 2950
3942 3780
3943 1719
3944 7687
3945 4779
3946 2534
3947 5610
3948 5783
3949 5138
3950 3567
3951 2344
3952 7613
3953 2866
3954 1894
3955 4732
3956 2516
3957 4849
3958 821
3959 6916
3960 7185
3961 5220
3962 4395
3963 7537
3964 1853
3965 6827
3966 7172
3967 5572
3968 2464
3969 2545
3970 7633
3971 3371
3972 134
3973 1505
3974 4844
3975 3320
3976 5115
3977 5491
3978 2997
3979 7774
3980 5571
3981 4711
3982 7941
3983 5086
3984 6682
3985 7004
3986 5862
3987 7770
3988 6288
3989 6668
3990 7637
3991 11
3992 2728
3993 5367
3994 5127
3995 1570
3996 7261
3997 3306
3998 7631
3999 5296
4000 1077
4001 7050
4002 2902
4003 2992
4004 7605
4005 7864
4006 86
4007 790
4008 7852
4009 5592
4010 4671
4011 4597
4012 6067
4013 5890
4014 7601
4015 2740
4016 2143
4017 546
4018 3112
4019 6639
4020 6779
4021 6307
4022 8064
4023 7336
4024 1564
4025 7665
4026 6869
4027 5038
4028 4514
4029 6459
4030 3632
4031 1146
4032 2592
4033 1383
4034 4316
4035 4285
4036 8025
4037 7525
4038 3557
4039 3613
4040 5752
4041 1999
4042 3696
4043 6922
4044 303
4045 6856
4046 6468
4047 5907
4048 5802
4049 4416
4050 179
4051 2009
4052 540
4053 1382
4054 4626
4055 1435
4056 4533
4057 463
4058 2489
4059 1888
4060 6291
4061 6564
4062 2739
4063 6705
4064 4548
4065 4598
4066 5057
4067 4073
4068 7367
4069 91
4070 3203
4071 6161
4072 7628
4073 2591
4074 4613
4075 5983
4076 3255
4077 7405
4078 4092
4079 4636
4080 5932
4081 3014
4082 1448
4083 1050
4084 3077
4085 6182
4086 5283
4087 513
4088 1587
4089 2860
4090 1093
4091 7415
4092 3991
4093 6656
4094 2367
4095 78
4096 3049
4097 6455
4098 6561
4099 2453
4100 1508
4101 5398
4102 4078
4103 7827
4104 8085
4105 2842
4106 2668
4107 7389
4108 4151
4109 4142
4110 5032
4111 2764
4112 7575
4113 1470
4114 1024
4115 5216
4116 2279
4117 2899
4118 7488
4119 3972
4120 3741
4121 2563
4122 6294
4123 6449
4124 4158
4125 3814
4126 374
4127 4193
4128 382
4129 5677
4130 7055
4131 4227
4132 3582
4133 1981
4134 4614
4135 3875
4136 464
4137 3570
4138 6860
4139 2987
4140 4407
4141 7368
4142 3294
4143 5946
4144 862
4145 1834
4146 580
4147 4675
4148 2526
4149 5597
4150 3648
4151 331
4152 7899
4153 1491
4154 5125
4155 1806
4156 4781
4157 3580
4158 733
4159 6848
4160 4397
4161 3850
4162 5287
4163 6232
4164 8071
4165 2977
4166 3771
4167 5213
4168 6831
4169 327
4170 4657
4171 2000
4172 4680
4173 1424
4174 4508
4175 6900
4176 4801
4177 2640
4178 636
4179 49
4180 5297
4181 6864
4182 1118
4183 7974
4184 706
4185 405
4186 4588
4187 1244
4188 682
4189 5916
4190 3759
4191 1410
4192 1478
4193 8120
4194 3860
4195 4187
4196 1867
4197 3477
4198 3252
4199 80
4200 6929
4201 1771
4202 2538
4203 6006
4204 3239
4205 3913
4206 6436
4207 5625
4208 2633
4209 8003
4210 3606
4211 8124
4212 1904
4213 3400
4214 2150
4215 6411
4216 4709
4217 1511
4218 4130
4219 6566
4220 4576
4221 3873
4222 7885
4223 175
4224 2698
4225 2616
4226 6088
4227 1821
4228 279
4229 1583
4230 535
4231 2892
4232 5168
4233 3340
4234 6719
4235 1087
4236 7189
4237 320
4238 4517
4239 2325
4240 6936
4241 420
4242 7648
4243 7076
4244 7365
4245 3343
4246 181
4247 6843
4248 743
4249 8072
4250 7552
4251 66
4252 7752
4253 4977
4254 5266
4255 7967
4256 5688
4257 7119
4258 3028
4259 5397
4260 6744
4261 177
4262 8110
4263 4772
4264 4558
4265 1670
4266 5095
4267 4127
4268 5638
4269 1803
4270 250
4271 2601
4272 1702
4273 6618
4274 7779
4275 4443
4276 7080
4277 2202
4278 4838
4279 1291
4280 3002
4281 5704
4282 6399
4283 399
4284 308
4285 2637
4286 3128
4287 5445
4288 3649
4289 7641
4290 160
4291 7595
4292 5526
4293 7007
4294 6704
4295 6109
4296 3190
4297 4074
4298 6842
4299 7214
4300 2391
4301 7766
4302 7305
4303 1360
4304 6488
4305 3845
4306 36
4307 7363
4308 6053
4309 756
4310 4267
4311 524
4312 6817
4313 5387
4314 5760
4315 7241
4316 4244
4317 2973
4318 975
4319 2399
4320 838
4321 5813
4322 3666
4323 7478
4324 4827
4325 6398
4326 6340
4327 7394
4328 5859
4329 7936
4330 1675
4331 4884
4332 1331
4333 3509
4334 7038
4335 2697
4336 4292
4337 3652
4338 7309
4339 8067
4340 1698
4341 5360
4342 4225
4343 7919
4344 5892
4345 2125
4346 625
4347 697
4348 4479
4349 5044
4350 8171
4351 4490
4352 7717
4353 6646
4354 2709
4355 5466
4356 7471
4357 8015
4358 339
4359 5581
4360 4353
4361 1008
4362 3485
4363 5914
4364 4182
4365 4080
4366 7252
4367 3847
4368 929
4369 7061
4370 2239
4371 5148
4372 5758
4373 6146
4374 897
4375 3321
4376 7523
4377 4427
4378 3198
4379 443
4380 1082
4381 716
4382 4816
4383 2363
4384 1810
4385 3843
4386 4660
4387 5553
4388 4140
4389 1573
4390 7980
4391 4226
4392 4270
4393 2263
4394 2163
4395 3866
4396 2326
4397 5126
4398 3512
4399 5014
4400 7782
4401 8146
4402 1824
4403 825
4404 5212
4405 2923
4406 5437
4407 3466
4408 1805
4409 7629
4410 4560
4411 7162
4412 1089
4413 3020
4414 3885
4415 3532
4416 6303
4417 1976
4418 988
4419 18
4420 5315
4421 1336
4422 4554
4423 1136
4424 4278
4425 6839
4426 6890
4427 2205
4428 972
4429 6312
4430 6472
4431 5534
4432 2218
4433 3005
4434 1028
4435 5356
4436 2542
4437 5235
4438 7870
4439 758
4440 3052
4441 8139
4442 843
4443 3718
4444 2821
4445 6999
4446 3939
4447 3138
4448 4169
4449 7033
4450 3754
4451 6959
4452 5152
4453 7582
4454 7531
4455 5547
4456 2660
4457 1406
4458 4942
4459 8045
4460 1579
4461 4450
4462 3034
4463 437
4464 2320
4465 6347
4466 3249
4467 6104
4468 508
4469 3422
4470 6490
4471 7721
4472 3923
4473 387
4474 747
4475 367
4476 238
4477 2173
4478 7432
4479 6868
4480 1009
4481 2452
4482 7918
4483 2993
4484 4437
4485 2958
4486 5743
4487 4567
4488 5219
4489 3108
4490 7191
4491 6720
4492 3118
4493 5129
4494 1274
4495 7083
4496 6349
4497 249
4498 4608
4499 5274
4500 5936
4501 2442
4502 1203
4503 3605
4504 7264
4505 3033
4506 7254
4507 4246
4508 7438
4509 3318
4510 195
4511 6994
4512 7664
4513 3578
4514 7351
4515 4863
4516 4571
4517 2398
4518 5666
4519 3511
4520 770
4521 1694
4522 278
4523 1479
4524 4330
4525 5323
4526 1277
4527 6826
4528 1625
4529 2174
4530 1767
4531 4477
4532 68
4533 351
4534 7427
4535 730
4536 7586
4537 1072
4538 4997
4539 5345
4540 1861
4541 658
4542 4544
4543 5181
4544 3406
4545 5552
4546 2226
4547 375
4548 1200
4549 2059
4550 2290
4551 6223
4552 4702
4553 4897
4554 2069
4555 1464
4556 3262
4557 206
4558 1671
4559 494
4560 5446
4561 6224
4562 6114
4563 2862
4564 4693
4565 1761
4566 1187
4567 2220
4568 4870
4569 2736
4570 527
4571 6018
4572 5847
4573 441
4574 2273
4575 2787
4576 5011
4577 6233
4578 3675
4579 4672
4580 3080
4581 7489
4582 6126
4583 690
4584 7820
4585 2711
4586 4780
4587 4247
4588 6154
4589 1390
4590 5613
4591 2605
4592 5450
4593 6499
4594 497
4595 5202
4596 2105
4597 1227
4598 6257
4599 2781
4600 3888
4601 1119
4602 8077
4603 6718
4604 3336
4605 1991
4606 2093
4607 663
4608 2879
4609 3293
4610 1417
4611 1310
4612 5018
4613 1617
4614 4215
4615 5911
4616 2888
4617 4841
4618 827
4619 6852
4620 3407
4621 3196
4622 7995
4623 3690
4624 1706
4625 4716
4626 1874
4627 7951
4628 356
4629 7800
4630 2265
4631 531
4632 1756
4633 460
4634 1289
4635 3926
4636 7659
4637 4958
4638 2180
4639 2580
4640 7977
4641 2686
4642 2896
4643 7131
4644 4135
4645 2082
4646 4903
4647 3938
4648 3278
4649 5008
4650 41
4651 2445
4652 5700
4653 1179
4654 126
4655 5312
4656 3451
4657 7952
4658 3520
4659 2153
4660 82
4661 6474
4662 5880
4663 1048
4664 2665
4665 3540
4666 558
4667 2609
4668 3215
4669 4439
4670 2772
4671 1780
4672 3990
4673 2683
4674 3934
4675 2535
4676 1798
4677 6423
4678 6761
4679 1730
4680 6912
4681 5081
4682 3854
4683 2820
4684 6119
4685 4342
4686 7888
4687 413
4688 7735
4689 737
4690 1207
4691 6335
4692 2700
4693 586
4694 5565
4695 894
4696 5698
4697 5136
4698 245
4699 5092
4700 3409
4701 6897
4702 6083
4703 7612
4704 6687
4705 3021
4706 2847
4707 6021
4708 4457
4709 8080
4710 4883
4711 1365
4712 6953
4713 6454
4714 6818
4715 5863
4716 1987
4717 1817
4718 5748
4719 202
4720 1337
4721 479
4722 7138
4723 5628
4724 6963
4725 5480
4726 122
4727 5124
4728 5375
4729 156
4730 6390
4731 859
4732 5239
4733 4759
4734 1309
4735 442
4736 7129
4737 7307
4738 7892
4739 3797
4740 7359
4741 7202
4742 7341
4743 4764
4744 5875
4745 8119
4746 1409
4747 2054
4748 4911
4749 7229
4750 3604
4751 1869
4752 7572
4753 3639
4754 5411
4755 1950
4756 1502
4757 5159
4758 4134
4759 3566
4760 5609
4761 4505
4762 7097
4763 5392
4764 5960
4765 3772
4766 3003
4767 5809
4768 4549
4769 3073
4770 4447
4771 5995
4772 1769
4773 4639
4774 588
4775 6582
4776 5400
4777 8027
4778 157
4779 1306
4780 2181
4781 1250
4782 345
4783 850
4784 1569
4785 6918
4786 7269
4787 657
4788 7740
4789 7825
4790 1942
4791 4658
4792 7397
4793 2800
4794 1533
4795 2718
4796 3331
4797 6780
4798 7470
4799 6107
4800 7319
4801 7950
4802 3022
4803 7190
4804 5106
4805 2042
4806 4615
4807 5934
4808 333
4809 6938
4810 7047
4811 4358
4812 7390
4813 5705
4814 1540
4815 4065
4816 371
4817 2931
4818 7540
4819 3151
4820 6670
4821 856
4822 8143
4823 3713
4824 4284
4825 3041
4826 2758
4827 3098
4828 4612
4829 8093
4830 6323
4831 7598
4832 3837
4833 2157
4834 5503
4835 328
4836 3091
4837 5516
4838 4756
4839 3861
4840 5591
4841 1251
4842 7709
4843 1979
4844 144
4845 208
4846 7096
4847 1641
4848 6919
4849 2268
4850 4033
4851 403
4852 1454
4853 6945
4854 4970
4855 2214
4856 7171
4857 1708
4858 2890
4859 2282
4860 3475
4861 6266
4862 2763
4863 7804
4864 3792
4865 5193
4866 5878
4867 4971
4868 4236
4869 3068
4870 3887
4871 623
4872 289
4873 2744
4874 1482
4875 2049
4876 43
4877 1870
4878 6625
4879 6376
4880 1389
4881 7293
4882 693
4883 8074
4884 5118
4885 8101
4886 6259
4887 819
4888 1749
4889 7224
4890 2872
4891 1842
4892 1619
4893 7369
4894 5619
4895 1002
4896 642
4897 2189
4898 4507
4899 4364
4900 7339
4901 3326
4902 7863
4903 7912
4904 1878
4905 5120
4906 295
4907 1191
4908 562
4909 1558
4910 3205
4911 941
4912 6983
4913 1911
4914 517
4915 7164
4916 1381
4917 2988
4918 370
4919 1938
4920 101
4921 8154
4922 2833
4923 5740
4924 4337
4925 1343
4926 312
4927 6381
4928 462
4929 1216
4930 3458
4931 705
4932 7435
4933 4815
4934 881
4935 1770
4936 4545
4937 1531
4938 724
4939 6712
4940 5489
4941 3899
4942 8187
4943 2850
4944 3228
4945 4655
4946 6207
4947 3214
4948 2756
4949 5768
4950 688
4951 2825
4952 506
4953 4375
4954 2459
4955 4408
4956 7300
4957 2373
4958 1
4959 2559
4960 5976
4961 6254
4962 7426
4963 7831
4964 2655
4965 1866
4966 4474
4967 6782
4968 4189
4969 1352
4970 704
4971 2723
4972 2578
4973 6706
4974 2934
4975 563
4976 6396
4977 3548
4978 6822
4979 7811
4980 6058
4981 5100
4982 7216
4983 3646
4984 5010
4985 2029
4986 4097
4987 6235
4988 4893
4989 302
4990 1828
4991 323
4992 5015
4993 615
4994 6328
4995 4166
4996 6840
4997 2552
4998 934
4999 3839
5000 4035
5001 6986
5002 1953
5003 3868
5004 451
5005 652
5006 980
5007 3970
5008 5586
5009 3374
5010 3281
5011 804
5012 5325
5013 1695
5014 3815
5015 3920
5016 2251
5017 2982
5018 3435
5019 6520
5020 686
5021 5
5022 4592
5023 2539
5024 1294
5025 6293
5026 5272
5027 3237
5028 6175
5029 452
5030 5577
5031 2244
5032 5459
5033 3948
5034 676
5035 3687
5036 7437
5037 7108
5038 7551
5039 7579
5040 2568
5041 1025
5042 2719
5043 5301
5044 7353
5045 3372
5046 6941
5047 8104
5048 6885
5049 4906
5050 3667
5051 4123
5052 1044
5053 6358
5054 2713
5055 461
5056 3050
5057 6042
5058 2493
5059 5410
5060 3783
5061 3155
5062 5849
5063 3064
5064 5321
5065 4940
5066 4274
5067 4401
5068 2761
5069 3209
5070 7219
5071 6025
5072 3449
5073 1538
5074 1809
5075 4319
5076 7183
5077 868
5078 2726
5079 5456
5080 2270
5081 5177
5082 888
5083 2253
5084 5399
5085 1114
5086 5933
5087 5675
5088 4735
5089 5975
5090 2753
5091 3816
5092 3146
5093 7222
5094 2865
5095 145
5096 3046
5097 8026
5098 7729
5099 6250
5100 322
5101 6695
5102 424
5103 6909
5104 882
5105 3292
5106 5090
5107 769
5108 5035
5109 4088
5110 3450
5111 583
5112 6970
5113 865
5114 388
5115 7734
5116 4904
5117 3686
5118 3224
5119 5395
5120 4646
5121 2294
5122 1557
5123 1679
5124 3633
5125 5130
5126 6565
5127 404
5128 4920
5129 4203
5130 1634
5131 4120
5132 6901
5133 5468
5134 6248
5135 4724
5136 7020
5137 5991
5138 1279
5139 2356
5140 525
5141 1914
5142 5393
5143 270
5144 713
5145 4953
5146 2752
5147 2372
5148 7886
5149 5275
5150 2579
5151 3124
5152 3705
5153 5616
5154 6587
5155 5317
5156 44
5157 7272
5158 2669
5159 520
5160 5967
5161 6791
5162 5338
5163 2351
5164 4688
5165 4211
5166 779
5167 140
5168 3288
5169 5532
5170 2109
5171 5102
5172 3342
5173 6219
5174 7018
5175 4086
5176 692
5177 6855
5178 7516
5179 1910
5180 4619
5181 4663
5182 6580
5183 7100
5184 4176
5185 6609
5186 1704
5187 5175
5188 4566
5189 5930
5190 3110
5191 7141
5192 4546
5193 4721
5194 6841
5195 6124
5196 1455
5197 6781
5198 6044
5199 4794
5200 5888
5201 7565
5202 4467
5203 5442
5204 687
5205 6205
5206 6507
5207 6394
5208 1083
5209 1038
5210 6591
5211 7442
5212 2868
5213 2128
5214 6431
5215 4559
5216 3867
5217 2895
5218 4061
5219 627
5220 6359
5221 4989
5222 7234
5223 4257
5224 2164
5225 5727
5226 2699
5227 6763
5228 3425
5229 1375
5230 1896
5231 1101
5232 6803
5233 4809
5234 6655
5235 6895
5236 6850
5237 6090
5238 5959
5239 3967
5240 2490
5241 2250
5242 8082
5243 3884
5244 7289
5245 5073
5246 3590
5247 6637
5248 7251
5249 4289
5250 296
5251 1941
5252 6222
5253 4445
5254 2158
5255 1883
5256 3017
5257 2607
5258 1507
5259 3791
5260 4499
5261 143
5262 6160
5263 573
5264 3473
5265 6649
5266 8147
5267 6353
5268 38
5269 6738
5270 6239
5271 1847
5272 3236
5273 8112
5274 3491
5275 4044
5276 391
5277 8029
5278 7915
5279 6783
5280 501
5281 5518
5282 7942
5283 6366
5284 765
5285 2678
5286 4053
5287 7221
5288 7423
5289 8087
5290 412
5291 2013
5292 6406
5293 4715
5294 1935
5295 4256
5296 7028
5297 1332
5298 6456
5299 1623
5300 7411
5301 4138
5302 5941
5303 3812
5304 6770
5305 2667
5306 8002
5307 5246
5308 714
5309 3665
5310 5225
5311 4988
5312 2551
5313 2111
5314 1547
5315 6714
5316 2479
5317 7755
5318 889
5319 2589
5320 4653
5321 1476
5322 7283
5323 7529
5324 3805
5325 4984
5326 4788
5327 1166
5328 873
5329 7058
5330 5912
5331 3257
5332 4150
5333 5025
5334 5900
5335 7669
5336 5330
5337 3703
5338 7456
5339 4219
5340 2284
5341 3069
5342 272
5343 2689
5344 1517
5345 5107
5346 347
5347 2670
5348 5311
5349 6079
5350 2715
5351 1608
5352 1477
5353 5874
5354 150
5355 6785
5356 5490
5357 3518
5358 2292
5359 8052
5360 6503
5361 5313
5362 6585
5363 7790
5364 5787
5365 5355
5366 2776
5367 2449
5368 4106
5369 4433
5370 415
5371 1766
5372 618
5373 2694
5374 7068
5375 7681
5376 6532
5377 7026
5378 836
5379 7879
5380 280
5381 5327
5382 760
5383 5954
5384 7520
5385 7602
5386 7082
5387 7421
5388 2339
5389 3750
5390 1731
5391 1499
5392 1204
5393 1305
5394 3391
5395 7911
5396 5471
5397 7802
5398 7075
5399 4935
5400 7543
5401 895
5402 3880
5403 7957
5404 6815
5405 1960
5406 7861
5407 1601
5408 6476
5409 6939
5410 2873
5411 98
5412 7708
5413 1986
5414 476
5415 6796
5416 4540
5417 2957
5418 1747
5419 6211
5420 2099
5421 4921
5422 3079
5423 7690
5424 7611
5425 3351
5426 3525
5427 3204
5428 1969
5429 5280
5430 638
5431 3898
5432 3846
5433 3592
5434 2648
5435 7455
5436 2472
5437 2108
5438 7110
5439 2196
5440 1292
5441 7296
5442 4442
5443 5829
5444 3240
5445 4854
5446 5240
5447 4283
5448 5394
5449 672
5450 1134
5451 621
5452 5746
5453 55
5454 5685
5455 2844
5456 1007
5457 5719
5458 2443
5459 7663
5460 7384
5461 305
5462 4105
5463 7803
5464 7878
5465 2362
5466 7829
5467 1053
5468 3694
5469 2001
5470 1681
5471 7157
5472 5869
5473 767
5474 5678
5475 430
5476 4878
5477 1000
5478 6419
5479 5992
5480 7439
5481 6167
5482 4557
5483 2805
5484 178
5485 5390
5486 3620
5487 5332
5488 5884
5489 6023
5490 131
5491 2498
5492 2333
5493 1544
5494 1947
5495 3890
5496 3411
5497 4400
5498 6304
5499 1095
5500 7902
5501 1970
5502 958
5503 6380
5504 1598
5505 5197
5506 1924
5507 3184
5508 4489
5509 484
5510 5379
5511 2020
5512 4739
5513 7577
5514 5607
5515 3490
5516 7655
5517 6200
5518 2779
5519 7087
5520 6370
5521 4101
5522 5003
5523 6498
5524 1452
5525 173
5526 5024
5527 2864
5528 3334
5529 4254
5530 6988
5531 3226
5532 7046
5533 1725
5534 5601
5535 7881
5536 1961
5537 5121
5538 3803
5539 3974
5540 1504
5541 4391
5542 2411
5543 3116
5544 3434
5545 816
5546 6440
5547 6163
5548 6674
5549 1902
5550 4055
5551 3000
5552 2617
5553 5306
5554 1923
5555 259
5556 104
5557 820
5558 60
5559 3704
5560 3302
5561 6838
5562 4851
5563 6171
5564 3994
5565 1851
5566 864
5567 7994
5568 6131
5569 2432
5570 1457
5571 2211
5572 6932
5573 6421
5574 3164
5575 6201
5576 4096
5577 5883
5578 8053
5579 5816
5580 1566
5581 3950
5582 4304
5583 108
5584 5637
5585 3810
5586 5384
5587 549
5588 9
5589 4485
5590 6543
5591 124
5592 3140
5593 2914
5594 147
5595 2195
5596 6311
5597 2022
5598 591
5599 4955
5600 2814
5601 5583
5602 4062
5603 480
5604 1674
5605 6237
5606 519
5607 190
5608 5403
5609 7377
5610 3273
5611 5777
5612 3081
5613 6492
5614 1871
5615 4852
5616 5348
5617 6020
5618 6186
5619 7638
5620 3726
5621 3191
5622 4418
5623 1978
5624 1916
5625 478
5626 4512
5627 6690
5628 2232
5629 4277
5630 5714
5631 1314
5632 5305
5633 6157
5634 2463
5635 5416
5636 4933
5637 1142
5638 890
5639 2112
5640 6820
5641 6660
5642 2052
5643 7231
5644 334
5645 2596
5646 1324
5647 6777
5648 1591
5649 7308
5650 7998
5651 1263
5652 3806
5653 6562
5654 8024
5655 887
5656 6351
5657 6836
5658 7095
5659 1180
5660 4667
5661 5604
5662 2169
5663 3584
5664 2207
5665 2566
5666 7982
5667 5349
5668 2910
5669 7031
5670 4352
5671 225
5672 500
5673 7697
5674 4522
5675 5909
5676 3660
5677 7148
5678 7959
5679 5922
5680 7311
5681 803
5682 4153
5683 284
5684 1217
5685 822
5686 7992
5687 3591
5688 4486
5689 4369
5690 6998
5691 7348
5692 197
5693 369
5694 1860
5695 4595
5696 2254
5697 5971
5698 4048
5699 3503
5700 7002
5701 4976
5702 599
5703 6093
5704 5948
5705 45
5706 4714
5707 1645
5708 1691
5709 5174
5710 7696
5711 313
5712 5495
5713 363
5714 7281
5715 8058
5716 2154
5717 6032
5718 3739
5719 5264
5720 4412
5721 115
5722 5550
5723 4641
5724 6007
5725 4377
5726 6
5727 1549
5728 22
5729 236
5730 6213
5731 4252
5732 2267
5733 2478
5734 326
5735 6688
5736 4960
5737 5160
5738 4949
5739 6765
5740 3427
5741 5653
5742 791
5743 2792
5744 5673
5745 6316
5746 5506
5747 6807
5748 4740
5749 5431
5750 3572
5751 2212
5752 7677
5753 7467
5754 7622
5755 7086
5756 3055
5757 741
5758 3377
5759 7730
5760 2501
5761 5176
5762 6961
5763 2057
5764 3189
5765 4155
5766 6593
5767 6512
5768 7010
5769 7036
5770 4825
5771 2138
5772 2043
5773 100
5774 6258
5775 258
5776 7099
5777 4344
5778 4357
5779 6310
5780 4183
5781 2288
5782 1085
5783 4910
5784 1649
5785 7636
5786 1700
5787 7712
5788 7344
5789 2641
5790 2894
5791 3612
5792 4239
5793 1253
5794 2828
5795 6964
5796 1273
5797 2131
5798 7688
5799 4194
5800 4296
5801 2846
5802 5304
5803 1841
5804 3848
5805 6338
5806 3438
5807 4093
5808 2785
5809 2606
5810 5452
5811 5558
5812 7154
5813 5444
5814 2313
5815 3595
5816 409
5817 3684
5818 5150
5819 381
5820 6189
5821 5537
5822 5854
5823 5492
5824 2094
5825 417
5826 8130
5827 521
5828 7112
5829 3463
5830 7092
5831 7279
5832 6509
5833 7450
5834 6298
5835 7409
5836 2260
5837 2175
5838 5643
5839 503
5840 5947
5841 7021
5842 5578
5843 4030
5844 2727
5845 857
5846 107
5847 3947
5848 1265
5849 2034
5850 2091
5851 2532
5852 5780
5853 879
5854 6442
5855 1408
5856 4012
5857 7167
5858 761
5859 4180
5860 5919
5861 1194
5862 3376
5863 5855
5864 2927
5865 2301
5866 915
5867 5734
5868 7795
5869 170
5870 8140
5871 1515
5872 4390
5873 7001
5874 990
5875 5540
5876 2550
5877 4178
5878 4725
5879 2317
5880 3625
5881 4762
5882 2159
5883 5617
5884 6925
5885 455
5886 1126
5887 1368
5888 4362
5889 5694
5890 6196
5891 976
5892 1959
5893 6990
5894 4876
5895 1446
5896 1528
5897 8113
5898 444
5899 3183
5900 1930
5901 1165
5902 7513
5903 6516
5904 5708
5905 7842
5906 4248
5907 3298
5908 4642
5909 6147
5910 2929
5911 6052
5912 4359
5913 6568
5914 3798
5915 6701
5916 3715
5917 6647
5918 3341
5919 7317
5920 8181
5921 3386
5922 7996
5923 4281
5924 1430
5925 6858
5926 3524
5927 4432
5928 8088
5929 951
5930 1763
5931 2012
5932 5569
5933 3825
5934 2989
5935 6102
5936 7458
5937 3719
5938 3526
5939 4757
5940 7496
5941 3167
5942 85
5943 7313
5944 1652
5945 3238
5946 5481
5947 5648
5948 1786
5949 1367
5950 62
5951 7718
5952 3088
5953 4569
5954 4349
5955 1933
5956 3495
5957 5893
5958 5276
5959 2714
5960 7808
5961 1414
5962 932
5963 1616
5964 6735
5965 2345
5966 4525
5967 4789
5968 1628
5969 6510
5970 5546
5971 6926
5972 2178
5973 3975
5974 3418
5975 875
5976 6026
5977 3338
5978 7822
5979 3786
5980 8142
5981 4291
5982 6845
5983 2549
5984 901
5985 751
5986 2165
5987 3174
5988 828
5989 6313
5990 7498
5991 3441
5992 970
5993 5037
5994 2666
5995 8116
5996 3387
5997 6828
5998 5737
5999 4687
6000 3830
6001 2389
6002 6437
6003 5622
6004 553
6005 7073
6006 6402
6007 5122
6008 7654
6009 7978
6010 2045
6011 4471
6012 4959
6013 2985
6014 5843
6015 7352
6016 7548
6017 6711
6018 5478
6019 1501
6020 7594
6021 3874
6022 3417
6023 239
6024 2619
6025 5427
6026 7737
6027 2147
6028 4833
6029 5347
6030 4690
6031 606
6032 2135
6033 5208
6034 3004
6035 4196
6036 5334
6037 2995
6038 3796
6039 6644
6040 3345
6041 2766
6042 2497
6043 6037
6044 4768
6045 5595
6046 2505
6047 2959
6048 2021
6049 7053
6050 1964
6051 4163
6052 2514
6053 3916
6054 4258
6055 4622
6056 7700
6057 2560
6058 3126
6059 3635
6060 3099
6061 5771
6062 4
6063 5904
6064 5013
6065 1514
6066 4969
6067 2928
6068 7815
6069 4783
6070 1889
6071 4009
6072 4345
6073 4441
6074 2704
6075 1145
6076 185
6077 5590
6078 552
6079 6762
6080 8001
6081 6942
6082 1833
6083 6742
6084 4755
6085 4446
6086 6515
6087 293
6088 498
6089 1968
6090 309
6091 6750
6092 3504
6093 4831
6094 5406
6095 4972
6096 3122
6097 677
6098 5233
6099 2133
6100 7211
6101 1202
6102 2499
6103 5790
6104 4880
6105 4717
6106 2359
6107 6640
6108 31
6109 3158
6110 7970
6111 1596
6112 4983
6113 2793
6114 3993
6115 971
6116 1474
6117 788
6118 4314
6119 6072
6120 6977
6121 3527
6122 1304
6123 935
6124 5054
6125 1467
6126 1171
6127 3161
6128 1141
6129 1129
6130 1439
6131 3539
6132 3531
6133 2722
6134 5237
6135 1073
6136 669
6137 2376
6138 4985
6139 5029
6140 2328
6141 2137
6142 2079
6143 3834
6144 4578
6145 4673
6146 7518
6147 1215
6148 6778
6149 2808
6150 4941
6151 5005
6152 6769
6153 4295
6154 5486
6155 7292
6156 2481
6157 2569
6158 6732
6159 4264
6160 5945
6161 4037
6162 5361
6163 37
6164 6296
6165 6642
6166 1115
6167 180
6168 1822
6169 5484
6170 4694
6171 6921
6172 3131
6173 2419
6174 6101
6175 2858
6176 7196
6177 7620
6178 1673
6179 5860
6180 8152
6181 655
6182 5751
6183 6981
6184 3111
6185 6466
6186 3093
6187 2041
6188 2331
6189 4469
6190 2315
6191 4747
6192 2871
6193 2999
6194 547
6195 5352
6196 6600
6197 6038
6198 7549
6199 3013
6200 7102
6201 8169
6202 1329
6203 2123
6204 616
6205 7787
6206 2044
6207 4326
6208 133
6209 2424
6210 4677
6211 6412
6212 7294
6213 3221
6214 7084
6215 1792
6216 4723
6217 1327
6218 7383
6219 6924
6220 3944
6221 772
6222 2962
6223 5856
6224 2677
6225 7649
6226 7908
6227 4015
6228 1636
6229 4872
6230 1657
6231 567
6232 3720
6233 3399
6234 8122
6235 4889
6236 2026
6237 5419
6238 5303
6239 4602
6240 2297
6241 7372
6242 1384
6243 700
6244 6066
6245 2863
6246 4318
6247 4776
6248 2646
6249 3979
6250 4901
6251 7350
6252 905
6253 5681
6254 5636
6255 1237
6256 5432
6257 8162
6258 6544
6259 5006
6260 1577
6261 1177
6262 1542
6263 5329
6264 4882
6265 1711
6266 3192
6267 4438
6268 4410
6269 943
6270 1550
6271 6626
6272 4705
6273 6122
6274 2256
6275 4434
6276 1183
6277 220
6278 4775
6279 7342
6280 7480
6281 6976
6282 7228
6283 3642
6284 3496
6285 7060
6286 4643
6287 3308
6288 389
6289 6185
6290 851
6291 4871
6292 5383
6293 129
6294 7527
6295 7893
6296 2883
6297 3731
6298 7276
6299 4190
6300 8183
6301 6620
6302 979
6303 5925
6304 5244
6305 4430
6306 4945
6307 752
6308 3856
6309 1512
6310 2854
6311 680
6312 3165
6313 5002
6314 7412
6315 1086
6316 1944
6317 8041
6318 6192
6319 1768
6320 285
6321 297
6322 2291
6323 2190
6324 3254
6325 7503
6326 7753
6327 5732
6328 7679
6329 4808
6330 908
6331 3910
6332 1510
6333 6144
6334 1269
6335 3795
6336 6521
6337 3841
6338 4031
6339 1630
6340 6479
6341 2083
6342 5660
6343 775
6344 735
6345 7813
6346 6604
6347 3691
6348 2613
6349 3980
6350 2746
6351 2675
6352 7824
6353 6478
6354 397
6355 1432
6356 660
6357 641
6358 6214
6359 3123
6360 2561
6361 7200
6362 3522
6363 1506
6364 6272
6365 7776
6366 2058
6367 1353
6368 1857
6369 4137
6370 1589
6371 3266
6372 4846
6373 2685
6374 6908
6375 7230
6376 1720
6377 1880
6378 1650
6379 7249
6380 4340
6381 3701
6382 2096
6383 2546
6384 6060
6385 2227
6386 674
6387 930
6388 419
6389 5448
6390 2816
6391 2900
6392 3305
6393 5943
6394 1214
6395 1940
6396 5915
6397 7872
6398 6805
6399 2508
6400 1370
6401 2469
6402 2523
6403 6633
6404 7797
6405 2427
6406 1561
6407 2377
6408 6401
6409 3721
6410 2986
6411 1829
6412 1107
6413 3246
6414 5730
6415 7532
6416 3693
6417 1721
6418 656
6419 4894
6420 6242
6421 1530
6422 4986
6423 473
6424 7473
6425 5039
6426 6729
6427 2572
6428 6471
6429 7568
6430 2749
6431 6249
6432 1137
6433 3611
6434 1876
6435 4240
6436 8075
6437 1653
6438 6969
6439 1848
6440 6138
6441 3160
6442 3706
6443 6049
6444 5027
6445 2956
6446 4232
6447 4890
6448 6195
6449 5094
6450 4147
6451 6262
6452 4206
6453 7417
6454 1509
6455 2430
6456 203
6457 6962
6458 4081
6459 427
6460 4144
6461 2870
6462 4056
6463 3012
6464 1722
6465 505
6466 7072
6467 3769
6468 1697
6469 5555
6470 5921
6471 6650
6472 2286
6473 1539
6474 4389
6475 449
6476 6685
6477 7528
6478 28
6479 7895
6480 3366
6481 3114
6482 840
6483 7192
6484 2132
6485 3464
6486 5747
6487 8144
6488 6821
6489 5827
6490 4670
6491 2051
6492 4590
6493 6731
6494 4214
6495 2909
6496 5873
6497 459
6498 5204
6499 3446
6500 1713
6501 6877
6502 5634
6503 7422
6504 5273
6505 4003
6506 3489
6507 5602
6508 7301
6509 1663
6510 5755
6511 298
6512 4516
6513 3671
6514 2438
6515 4372
6516 2118
6517 2081
6518 135
6519 7544
6520 5823
6521 1023
6522 596
6523 6121
6524 2146
6525 4004
6526 5271
6527 4141
6528 2106
6529 5807
6530 218
6531 5350
6532 2403
6533 5079
6534 3358
6535 6392
6536 3762
6537 1442
6538 893
6539 6511
6540 3339
6541 3090
6542 2060
6543 2120
6544 2222
6545 1397
6546 7236
6547 59
6548 6369
6549 8100
6550 4129
6551 7074
6552 2048
6553 7859
6554 576
6555 1301
6556 5467
6557 4842
6558 6375
6559 357
6560 6393
6561 5671
6562 6923
6563 1401
6564 1717
6565 5016
6566 4902
6567 7972
6568 7126
6569 2612
6570 6290
6571 5761
6572 3423
6573 3855
6574 2839
6575 432
6576 4152
6577 1373
6578 1340
6579 5331
6580 3978
6581 3964
6582 7386
6583 2706
6584 1124
6585 4580
6586 6628
6587 1436
6588 3583
6589 3761
6590 6446
6591 7969
6592 3748
6593 330
6594 2193
6595 6428
6596 6172
6597 2127
6598 431
6599 3071
6600 4531
6601 3230
6602 5412
6603 6150
6604 2151
6605 3323
6606 2830
6607 1405
6608 5879
6609 7566
6610 8016
6611 274
6612 2588
6613 6892
6614 1012
6615 6957
6616 1221
6617 526
6618 7691
6619 2602
6620 2084
6621 5669
6622 5778
6623 6305
6624 4700
6625 5898
6626 5745
6627 6139
6628 585
6629 1875
6630 3350
6631 6736
6632 6608
6633 3935
6634 7580
6635 1707
6636 4850
6637 3901
6638 6570
6639 2812
6640 6794
6641 2527
6642 4173
6643 1965
6644 2275
6645 8135
6646 7684
6647 6997
6648 4085
6649 4678
6650 2371
6651 2626
6652 510
6653 6881
6654 4245
6655 1791
6656 7935
6657 2380
6658 952
6659 6276
6660 7253
6661 54
6662 1982
6663 3487
6664 5599
6665 5230
6666 266
6667 2855
6668 5500
6669 7425
6670 2161
6671 3133
6672 7749
6673 1298
6674 304
6675 5621
6676 7569
6677 6583
6678 5522
6679 961
6680 3751
6681 5135
6682 4519
6683 2651
6684 594
6685 629
6686 7295
6687 5733
6688 2307
6689 3445
6690 4564
6691 2104
6692 3618
6693 7754
6694 6395
6695 4892
6696 205
6697 5866
6698 4428
6699 536
6700 7104
6701 4719
6702 4835
6703 103
6704 2813
6705 846
6706 7608
6707 5996
6708 1534
6709 7796
6710 6754
6711 1341
6712 4628
6713 3243
6714 5453
6715 3275
6716 7284
6717 5157
6718 74
6719 5838
6720 665
6721 7063
6722 5173
6723 4787
6724 4386
6725 5232
6726 7807
6727 158
6728 1774
6729 1647
6730 608
6731 6747
6732 4025
6733 1355
6734 4251
6735 1330
6736 3921
6737 5096
6738 4243
6739 6173
6740 5087
6741 5920
6742 5645
6743 4040
6744 5808
6745 903
6746 3661
6747 3132
6748 8155
6749 6952
6750 2932
6751 892
6752 6281
6753 5436
6754 7736
6755 7324
6756 4057
6757 5250
6758 1778
6759 1995
6760 8051
6761 6866
6762 2015
6763 5942
6764 2791
6765 2904
6766 6654
6767 1258
6768 3513
6769 6450
6770 1852
6771 7306
6772 7961
6773 1186
6774 6017
6775 3969
6776 3346
6777 3421
6778 3187
6779 1013
6780 2500
6781 1521
6782 6823
6783 6572
6784 2405
6785 2431
6786 7205
6787 7698
6788 4174
6789 6377
6790 4213
6791 1241
6792 3602
6793 649
6794 2716
6795 878
6796 2336
6797 7238
6798 2631
6799 6764
6800 4367
6801 1333
6802 3245
6803 2503
6804 5832
6805 3568
6806 5598
6807 3365
6808 7270
6809 6865
6810 5772
6811 1117
6812 3459
6813 3746
6814 4320
6815 1838
6816 6548
6817 5374
6818 94
6819 1003
6820 3603
6821 7925
6822 950
6823 3130
6824 1415
6825 3379
6826 1635
6827 8062
6828 776
6829 2460
6830 5998
6831 2401
6832 6611
6833 3216
6834 6089
6835 1247
6836 3287
6837 1899
6838 4873
6839 6327
6840 4136
6841 5810
6842 4587
6843 7181
6844 352
6845 7315
6846 7334
6847 6098
6848 4793
6849 426
6850 5756
6851 4396
6852 96
6853 3385
6854 3946
6855 7556
6856 2790
6857 5269
6858 6784
6859 1887
6860 35
6861 1949
6862 5342
6863 4473
6864 6551
6865 7711
6866 4272
6867 7459
6868 689
6869 4168
6870 5328
6871 5533
6872 1994
6873 7091
6874 7030
6875 111
6876 3561
6877 5793
6878 450
6879 360
6880 7591
6881 3836
6882 5739
6883 7989
6884 5474
6885 2701
6886 5702
6887 5191
6888 7447
6889 5927
6890 5972
6891 3356
6892 4071
6893 7751
6894 4527
6895 2515
6896 3483
6897 7848
6898 7887
6899 6703
6900 4201
6901 5357
6902 7477
6903 5252
6904 6662
6905 721
6906 1638
6907 5158
6908 6220
6909 3768
6910 6344
6911 1071
6912 4070
6913 4766
6914 7533
6915 1356
6916 5652
6917 4730
6918 1912
6919 4382
6920 5815
6921 8030
6922 605
6923 3643
6924 262
6925 8054
6926 6013
6927 4848
6928 675
6929 1088
6930 1184
6931 507
6932 4617
6933 4922
6934 7667
6935 7500
6936 5926
6937 4708
6938 7298
6939 6225
6940 5690
6941 4609
6942 7954
6943 5145
6944 4722
6945 7105
6946 7453
6947 4623
6948 2342
6949 847
6950 7016
6951 3277
6952 1687
6953 8167
6954 1578
6955 4956
6956 800
6957 121
6958 5477
6959 5238
6960 7616
6961 4610
6962 2255
6963 3283
6964 5499
6965 6879
6966 5170
6967 2393
6968 4698
6969 6596
6970 3653
6971 2188
6972 1497
6973 1760
6974 6569
6975 3542
6976 5077
6977 3943
6978 3742
6979 5041
6980 3982
6981 6039
6982 3362
6983 5541
6984 7134
6985 1586
6986 58
6987 4161
6988 3083
6989 3622
6990 1661
6991 7990
6992 2379
6993 3823
6994 3598
6995 5116
6996 7019
6997 6252
6998 2733
6999 5559
7000 7560
7001 1173
7002 996
7003 4532
7004 1385
7005 1554
7006 2289
7007 6002
7008 7133
7009 6076
7010 379
7011 5753
7012 486
7013 6666
7014 2659
7015 1826
7016 4937
7017 2010
7018 512
7019 1280
7020 1840
7021 559
7022 2370
7023 648
7024 488
7025 2435
7026 1063
7027 3758
7028 7497
7029 7781
7030 3523
7031 3886
7032 7987
7033 4172
7034 7250
7035 1480
7036 1714
7037 4954
7038 6149
7039 6519
7040 7147
7041 110
7042 2065
7043 8076
7044 1192
7045 6911
7046 5089
7047 3999
7048 626
7049 5497
7050 6984
7051 1447
7052 1727
7053 7891
7054 3393
7055 532
7056 740
7057 7535
7058 2249
7059 7161
7060 4402
7061 6325
7062 723
7063 4606
7064 4584
7065 8107
7066 2921
7067 5794
7068 6614
7069 7928
7070 6692
7071 4308
7072 7430
7073 6356
7074 6776
7075 4731
7076 3455
7077 1175
7078 5234
7079 1699
7080 76
7081 5709
7082 7022
7083 2365
7084 2859
7085 7799
7086 6950
7087 5368
7088 482
7089 1122
7090 2303
7091 4603
7092 2436
7093 2261
7094 4495
7095 5162
7096 1413
7097 7247
7098 1954
7099 7723
7100 849
7101 7137
7102 226
7103 511
7104 5132
7105 4599
7106 5263
7107 3330
7108 1607
7109 3593
7110 4350
7111 3908
7112 4936
7113 3141
7114 7897
7115 358
7116 1552
7117 6801
7118 6948
7119 2541
7120 7316
7121 3645
7122 7997
7123 7197
7124 4444
7125 1458
7126 7702
7127 6156
7128 1605
7129 4186
7130 5247
7131 7485
7132 3824
7133 2924
7134 2945
7135 2203
7136 5825
7137 6673
7138 8096
7139 939
7140 7268
7141 7547
7142 5570
7143 1437
7144 7836
7145 5784
7146 4154
7147 5260
7148 1243
7149 3537
7150 7325
7151 4579
7152 7550
7153 7410
7154 6518
7155 5509
7156 3498
7157 2451
7158 1818
7159 102
7160 5826
7161 516
7162 6891
7163 1168
7164 6168
7165 7208
7166 5261
7167 3032
7168 3469
7169 338
7170 6494
7171 5310
7172 1580
7173 3212
7174 2594
7175 490
7176 860
7177 7049
7178 1363
7179 4381
7180 1885
7181 4861
7182 200
7183 6176
7184 4406
7185 809
7186 7606
7187 3668
7188 3168
7189 1282
7190 5164
7191 7694
7192 6046
7193 3181
7194 5189
7195 4269
7196 2754
7197 3698
7198 7716
7199 2272
7200 3554
7201 4824
7202 3953
7203 6806
7204 4338
7205 7338
7206 1957
7207 7553
7208 3821
7209 607
7210 1837
7211 5103
7212 2119
7213 1161
7214 6965
7215 3914
7216 4520
7217 7845
7218 5627
7219 954
7220 5255
7221 1563
7222 4818
7223 3282
7224 7603
7225 884
7226 817
7227 2695
7228 1395
7229 4867
7230 277
7231 4060
7232 5788
7233 4327
7234 2023
7235 1678
7236 6481
7237 3961
7238 6681
7239 5454
7240 2097
7241 7186
7242 2882
7243 2437
7244 3517
7245 4029
7246 7090
7247 7381
7248 7710
7249 6209
7250 4627
7251 4932
7252 2804
7253 2876
7254 2050
7255 3119
7256 1361
7257 2965
7258 1386
7259 4802
7260 6169
7261 2687
7262 3269
7263 874
7264 7302
7265 1487
7266 6230
7267 2346
7268 5465
7269 2625
7270 3766
7271 4460
7272 1049
7273 3840
7274 6000
7275 1434
7276 4661
7277 6055
7278 5059
7279 4095
7280 5557
7281 2708
7282 7703
7283 5821
7284 3576
7285 7515
7286 353
7287 6482
7288 7326
7289 6287
7290 3105
7291 4624
7292 1266
7293 7650
7294 3465
7295 5405
7296 4268
7297 4812
7298 390
7299 2577
7300 3819
7301 6372
7302 6882
7303 2385
7304 1545
7305 6527
7306 3712
7307 260
7308 5502
7309 2803
7310 6630
7311 4751
7312 282
7313 2720
7314 2036
7315 4965
7316 3347
7317 234
7318 5214
7319 3680
7320 1319
7321 2129
7322 4987
7323 3448
7324 5388
7325 3700
7326 4744
7327 4310
7328 7814
7329 7780
7330 368
7331 581
7332 4300
7333 5278
7334 2378
7335 681
7336 1633
7337 7985
7338 1931
7339 1412
7340 1371
7341 7364
7342 5573
7343 7232
7344 3709
7345 5791
7346 8161
7347 2557
7348 5940
7349 3820
7350 7362
7351 2228
7352 5493
7353 4478
7354 4328
7355 477
7356 120
7357 6041
7358 2815
7359 4990
7360 3826
7361 1520
7362 1283
7363 232
7364 3232
7365 159
7366 2230
7367 1318
7368 8163
7369 8056
7370 6508
7371 3589
7372 2510
7373 5137
7374 7225
7375 1644
7376 6757
7377 6300
7378 6415
7379 4018
7380 1783
7381 7948
7382 3047
7383 2308
7384 5309
7385 768
7386 1958
7387 7860
7388 4649
7389 5833
7390 1224
7391 4568
7392 3630
7393 6641
7394 2357
7395 5020
7396 4923
7397 5781
7398 6546
7399 2765
7400 7463
7401 8157
7402 6859
7403 4077
7404 7321
7405 355
7406 6069
7407 212
7408 7387
7409 659
7410 8007
7411 4253
7412 7733
7413 3749
7414 2495
7415 2823
7416 1260
7417 6386
7418 7507
7419 1825
7420 2102
7421 2340
7422 3543
7423 4786
7424 2496
7425 750
7426 2861
7427 7077
7428 7024
7429 5656
7430 2898
7431 8128
7432 720
7433 1286
7434 598
7435 446
7436 7452
7437 577
7438 6277
7439 3388
7440 7416
7441 5228
7442 4082
7443 7867
7444 5545
7445 4745
7446 7983
7447 1677
7448 3480
7449 5062
7450 2353
7451 4237
7452 48
7453 4466
7454 7003
7455 2392
7456 2575
7457 6884
7458 6661
7459 6772
7460 183
7461 6364
7462 7098
7463 5358
7464 3286
7465 5277
7466 5091
7467 5104
7468 6417
7469 1922
7470 6968
7471 6177
7472 6166
7473 5505
7474 5535
7475 3936
7476 2406
7477 1229
7478 5447
7479 2152
7480 1602
7481 421
7482 3078
7483 7177
7484 1380
7485 1344
7486 6605
7487 7188
7488 8069
7489 7337
7490 1696
7491 1036
7492 1606
7493 6898
7494 261
7495 373
7496 3139
7497 2343
7498 6793
7499 1819
7500 7839
7501 2030
7502 3801
7503 25
7504 6773
7505 3040
7506 3507
7507 2130
7508 5562
7509 1104
7510 5322
7511 3574
7512 1461
7513 148
7514 5944
7515 7934
7516 4737
7517 6111
7518 6812
7519 492
7520 5710
7521 2819
7522 1618
7523 4632
7524 4398
7525 366
7526 4668
7527 117
7528 2513
7529 3626
7530 1354
7531 1977
7532 392
7533 1529
7534 1152
7535 2799
7536 4596
7537 7834
7538 2177
7539 783
7540 7081
7541 5134
7542 8035
7543 5080
7544 5223
7545 7176
7546 4502
7547 4354
7548 3732
7549 3332
7550 8092
7551 4898
7552 2649
7553 132
7554 7445
7555 5713
7556 654
7557 2225
7558 5071
7559 826
7560 4348
7561 7960
7562 5614
7563 2639
7564 325
7565 3268
7566 6348
7567 1262
7568 4536
7569 1555
7570 5742
7571 7130
7572 7904
7573 727
7574 6221
7575 4309
7576 6617
7577 5699
7578 6141
7579 2629
7580 1238
7581 1061
7582 4094
7583 773
7584 518
7585 3528
7586 1665
7587 1445
7588 7607
7589 1682
7590 3428
7591 3963
7592 4696
7593 6404
7594 7071
7595 6702
7596 7828
7597 2829
7598 6134
7599 4877
7600 3101
7601 2880
7602 3479
7603 4022
7604 1865
7605 6563
7606 554
7607 985
7608 5618
7609 7378
7610 1900
7611 2458
7612 3984
7613 3233
7614 253
7615 1210
7616 3729
7617 3627
7618 5554
7619 6603
7620 6059
7621 2585
7622 2948
7623 2518
7624 1366
7625 1441
7626 2429
7627 1836
7628 8166
7629 346
7630 3431
7631 194
7632 7689
7633 264
7634 5424
7635 3337
7636 7657
7637 5749
7638 6586
7639 632
7640 8081
7641 7472
7642 1035
7643 2593
7644 3142
7645 6934
7646 7932
7647 6341
7648 1060
7649 3862
7650 12
7651 6193
7652 7705
7653 5736
7654 5511
7655 5409
7656 269
7657 7044
7658 5958
7659 6015
7660 3992
7661 1230
7662 2156
7663 2737
7664 1733
7665 537
7666 7512
7667 1746
7668 2656
7669 3152
7670 1138
7671 3016
7672 1108
7673 4329
7674 5910
7675 268
7676 3641
7677 592
7678 6724
7679 4435
7680 7909
7681 4553
7682 2470
7683 4631
7684 2979
7685 4616
7686 4656
7687 6726
7688 7408
7689 4069
7690 3629
7691 1884
7692 5785
7693 1990
7694 6861
7695 1868
7696 5056
7697 2881
7698 1688
7699 4938
7700 7255
7701 1743
7702 5455
7703 2485
7704 4413
7705 4674
7706 802
7707 991
7708 7346
7709 1486
7710 7391
7711 2310
7712 3208
7713 8019
7714 5594
7715 2939
7716 4813
7717 2160
7718 294
7719 7623
7720 7546
7721 3149
7722 7048
7723 799
7724 3775
7725 7783
7726 1407
7727 5258
7728 306
7729 1764
7730 2674
7731 6231
7732 1551
7733 1080
7734 7924
7735 5711
7736 288
7737 7524
7738 7039
7739 2312
7740 255
7741 8185
7742 4866
7743 7910
7744 3973
7745 2300
7746 2520
7747 3382
7748 7111
7749 7676
7750 6389
7751 4966
7752 1984
7753 4992
7754 2623
7755 3743
7756 3811
7757 6837
7758 7163
7759 4797
7760 6615
7761 3258
7762 2757
7763 685
7764 2166
7765 4041
7766 844
7767 4995
7768 2078
7769 2614
7770 5695
7771 5658
7772 7258
7773 923
7774 7029
7775 2630
7776 2324
7777 1466
7778 7900
7779 1281
7780 2807
7781 7070
7782 4930
7783 1160
7784 5288
7785 4373
7786 1917
7787 16
7788 684
7789 7639
7790 2590
7791 7627
7792 5762
7793 4394
7794 1423
7795 7750
7796 7732
7797 3074
7798 8089
7799 8174
7800 7078
7801 4692
7802 2966
7803 2725
7804 4084
7805 3573
7806 8126
7807 1802
7808 5988
7809 3724
7810 3779
7811 146
7812 3397
7813 6680
7814 5536
7815 6029
7816 829
7817 5196
7818 8159
7819 3945
7820 5256
7821 7973
7822 3966
7823 2168
7824 7588
7825 215
7826 466
7827 3956
7828 551
7829 5629
7830 4593
7831 6439
7832 7933
7833 7747
7834 1079
7835 916
7836 4975
7837 324
7838 4811
7839 4830
7840 1710
7841 275
7842 1420
7843 5043
7844 7118
7845 920
7846 5253
7847 5004
7848 5494
7849 2913
7850 7054
7851 832
7852 4238
7853 2567
7854 4535
7855 7589
7856 8020
7857 8068
7858 4249
7859 6180
7860 1068
7861 3971
7862 3200
7863 5542
7864 6118
7865 2134
7866 2922
7867 5449
7868 6010
7869 1734
7870 7517
7871 332
7872 5487
7873 7328
7874 2375
7875 2968
7876 3159
7877 6694
7878 6265
7879 1626
7880 6709
7881 8073
7882 6734
7883 3333
7884 5641
7885 1813
7886 694
7887 4112
7888 1622
7889 2492
7890 4905
7891 7431
7892 891
7893 2528
7894 4931
7895 5064
7896 5227
7897 514
7898 1052
7899 5706
7900 7398
7901 7738
7902 5556
7903 6996
7904 2139
7905 3024
7906 4981
7907 635
7908 6075
7909 5165
7910 2296
7911 5917
7912 1518
7913 3113
7914 7227
7915 127
7916 2946
7917 8065
7918 2475
7919 5369
7920 4800
7921 1220
7922 4582
7923 1032
7924 7574
7925 4468
7926 4925
7927 5017
7928 3261
7929 6535
7930 6671
7931 2827
7932 5882
7933 4769
7934 1974
7935 5034
7936 3988
7937 6871
7938 6299
7939 1211
7940 3424
7941 5830
7942 746
7943 2396
7944 6755
7945 4422
7946 6165
7947 5300
7948 2318
7949 1594
7950 7953
7951 3896
7952 6833
7953 3300
7954 2519
7955 2682
7956 3096
7957 1460
7958 6506
7959 1316
7960 1158
7961 6619
7962 7140
7963 1740
7964 1058
7965 3588
7966 8084
7967 4748
7968 4528
7969 6554
7970 2576
7971 7979
7972 1498
7973 6683
7974 1427
7975 1820
7976 3250
7977 6191
7978 5108
7979 3565
7980 2172
7981 4260
7982 7483
7983 530
7984 495
7985 6800
7986 4099
7987 6854
7988 4644
7989 2332
7990 6202
7991 6529
7992 4405
7993 1189
7994 7448
7995 3125
7996 1096
7997 5981
7998 6638
7999 7150
8000 5245
8001 276
8002 2654
8003 2947
8004 7175
8005 5496
8006 989
8007 3683
8008 4217
8009 1886
8010 2281
8011 6632
8012 2919
8013 7744
8014 6113
8015 471
8016 7668
8017 7947
8018 1218
8019 2465
8020 7604
8021 2940
8022 4448
8023 7481
8024 7245
8025 1600
8026 614
8027 4767
8028 2223
8029 631
8030 965
8031 1839
8032 7312
8033 3763
8034 7686
8035 1648
8036 5302
8037 10
8038 7165
8039 5031
8040 7320
8041 2974
8042 7178
8043 5248
8044 383
8045 7699
8046 785
8047 5676
8048 6092
8049 2512
8050 3426
8051 8060
8052 2298
8053 2210
8054 1278
8055 1232
8056 2951
8057 2466
8058 4618
8059 913
8060 1358
8061 4204
8062 2600
8063 5923
8064 5775
8065 7704
8066 7400
8067 872
8068 2287
8069 5864
8070 2209
8071 5085
8072 830
8073 1891
8074 1399
8075 252
8076 6545
8077 4276
8078 3319
8079 8032
8080 4542
8081 30
8082 4072
8083 1245
8084 6461
8085 3043
8086 8148
8087 4117
8088 4679
8089 613
8090 7968
8091 3121
8092 6672
8093 6539
8094 5792
8095 4840
8096 2080
8097 3804
8098 7436
8099 210
8100 5729
8101 1690
8102 5156
8103 7151
8104 1150
8105 3419
8106 8189
8107 987
8108 4266
8109 2140
8110 3178
8111 5097
8112 6631
8113 2477
8114 4146
8115 4110
8116 2584
8117 69
8118 4063
8119 7981
8120 1392
8121 3223
8122 6560
8123 7109
8124 5804
8125 6937
8126 7618
8127 6810
8128 6971
8129 2837
8130 1525
8131 7360
8132 2930
8133 5612
8134 1110
8135 2969
8136 2886
8137 1481
8138 125
8139 4453
8140 725
8141 1738
8142 3467
8143 695
8144 6808
8145 6967
8146 5918
8147 5078
8148 4928
8149 5661
8150 7462
8151 5779
8152 8117
8153 5366
8154 2767
8155 1317
8156 998
8157 1015
8158 2893
8159 2471
8160 4192
8161 3782
8162 7858
8163 5935
8164 6579
8165 7465
8166 994
8167 5520
8168 6528
8169 3173
8170 3280
8171 2252
8172 1144
8173 7945
8174 4916
8175 6357
8176 835
8177 7976
8178 2191
8179 301
8180 7345
8181 717
8182 6197
8183 6789
8184 7491
8185 2786
8186 2644
8187 5812
8188 7585
8189 7248
8190 4115
8191 6607
