BER Performance of Bit-based Message Passing in MIMO Channel
Number of transmit antenna is 4
Number of receive antenna is 4
Maximum number of bits of simulation = 8000000

Eb/No     BER
0.000000 3.245708e-01 5.380901e-01 3.245708e-01 5.391631e-01 3.245708e-01 5.391631e-01 3.245708e-01 5.391631e-01 3.245708e-01 5.391631e-01 
1.000000 2.986111e-01 5.810185e-01 2.986111e-01 5.810185e-01 2.986111e-01 5.810185e-01 2.986111e-01 5.810185e-01 2.986111e-01 5.810185e-01 
2.000000 3.094714e-01 5.517621e-01 3.094714e-01 5.517621e-01 3.094714e-01 5.517621e-01 3.094714e-01 5.517621e-01 3.094714e-01 5.517621e-01 
3.000000 3.167421e-01 5.667421e-01 3.167421e-01 5.667421e-01 3.167421e-01 5.667421e-01 3.167421e-01 5.667421e-01 3.167421e-01 5.667421e-01 
4.000000 3.195701e-01 5.661765e-01 3.195701e-01 5.661765e-01 3.195701e-01 5.673077e-01 3.195701e-01 5.673077e-01 3.195701e-01 5.673077e-01 
5.000000 3.174419e-01 5.837209e-01 3.174419e-01 5.837209e-01 3.174419e-01 5.837209e-01 3.174419e-01 5.837209e-01 3.174419e-01 5.837209e-01 
6.000000 3.088889e-01 5.588889e-01 3.088889e-01 5.588889e-01 3.088889e-01 5.588889e-01 3.088889e-01 5.588889e-01 3.088889e-01 5.588889e-01 
7.000000 3.244318e-01 5.687500e-01 3.244318e-01 5.687500e-01 3.244318e-01 5.687500e-01 3.244318e-01 5.687500e-01 3.244318e-01 5.687500e-01 
8.000000 3.054299e-01 5.678733e-01 3.054299e-01 5.678733e-01 3.054299e-01 5.678733e-01 3.054299e-01 5.678733e-01 3.054299e-01 5.678733e-01 
9.000000 3.207014e-01 5.661765e-01 3.207014e-01 5.661765e-01 3.207014e-01 5.661765e-01 3.207014e-01 5.661765e-01 3.207014e-01 5.661765e-01 
10.000000 3.091518e-01 5.613839e-01 3.091518e-01 5.613839e-01 3.091518e-01 5.613839e-01 3.091518e-01 5.613839e-01 3.091518e-01 5.613839e-01 
11.000000 3.056818e-01 5.693182e-01 3.056818e-01 5.693182e-01 3.056818e-01 5.693182e-01 3.056818e-01 5.693182e-01 3.056818e-01 5.693182e-01 
12.000000 3.127803e-01 5.616592e-01 3.127803e-01 5.616592e-01 3.127803e-01 5.616592e-01 3.127803e-01 5.616592e-01 3.127803e-01 5.616592e-01 
13.000000 3.034910e-01 5.658784e-01 3.034910e-01 5.658784e-01 3.034910e-01 5.658784e-01 3.034910e-01 5.658784e-01 3.034910e-01 5.658784e-01 
14.000000 3.148364e-01 5.846963e-01 3.148364e-01 5.846963e-01 3.148364e-01 5.846963e-01 3.148364e-01 5.846963e-01 3.148364e-01 5.846963e-01 
15.000000 3.091518e-01 5.591518e-01 3.091518e-01 5.591518e-01 3.091518e-01 5.591518e-01 3.091518e-01 5.591518e-01 3.091518e-01 5.591518e-01 
16.000000 3.110987e-01 5.633408e-01 3.110987e-01 5.639013e-01 3.116592e-01 5.639013e-01 3.110987e-01 5.633408e-01 3.110987e-01 5.633408e-01 
Total elapsed time: 641(sec)

