BER Performance of Bit-based Message Passing in MIMO Channel
Receiver Channel Selection
Number of transmit antenna is 2
Number of receive antenna is 2
Maximum Doppler frequency: 810.185185
Channel fading rate: 0.074075
Maximum number of bits of simulation = 1024000

Eb/No     BER
0.000000:
1.674805e-001 1.347656e-001 
1.367188e-001 1.384277e-001 
1.381836e-001 1.379395e-001 

5.000000:
7.869466e-002 4.866536e-002 
4.679362e-002 4.752604e-002 
4.581706e-002 4.516602e-002 

10.000000:
3.271484e-002 1.325871e-002 
1.106145e-002 1.057317e-002 
1.016001e-002 1.002855e-002 

15.000000:
1.215820e-002 4.213867e-003 
2.958984e-003 2.739258e-003 
2.529297e-003 2.456055e-003 

20.000000:
4.207031e-003 1.349609e-003 
6.826172e-004 6.240234e-004 
4.941406e-004 4.804687e-004 

25.000000:
2.682617e-003 8.457031e-004 
3.554687e-004 3.066406e-004 
2.207031e-004 1.962891e-004 

30.000000:
2.264648e-003 7.167969e-004 
2.500000e-004 2.187500e-004 
1.650391e-004 1.523438e-004 

Total elapsed time: 8135(sec)

