BER Performance of Bit-based Message Passinlg in MIMO Channel
Gallager (20, 7) LDPC code
Dimension of Parity Check matrix: (15,20)
Column Weight = 3, Row Weight = 4
Number of transmit antenna is 4
Number of receive antenna is 4
Vehicular speed: 250.000000 km/h
Maximum Doppler frequency: 578.703704
Channel fading rate: 0.059525
Maximum number of bits of simulation = 1022500

Eb/No     BER
BER Performance of Bit-based Message Passinlg in MIMO Channel
Gallager (20, 7) LDPC code
Dimension of Parity Check matrix: (15,20)
Column Weight = 3, Row Weight = 4
Number of transmit antenna is 4
Number of receive antenna is 4
Vehicular speed: 250.000000 km/h
Maximum Doppler frequency: 578.703704
Channel fading rate: 0.059525
Maximum number of bits of simulation = 1022500

Eb/No     BER
BER Performance of Bit-based Message Passinlg in MIMO Channel
Gallager (20, 7) LDPC code
Dimension of Parity Check matrix: (15,20)
Column Weight = 3, Row Weight = 4
Number of transmit antenna is 4
Number of receive antenna is 4
Vehicular speed: 250.000000 km/h
Maximum Doppler frequency: 578.703704
Channel fading rate: 0.059525
Maximum number of bits of simulation = 1022500

Eb/No     BER
BER Performance of Bit-based Message Passinlg in MIMO Channel
Gallager (20, 7) LDPC code
Dimension of Parity Check matrix: (15,20)
Column Weight = 3, Row Weight = 4
Number of transmit antenna is 4
Number of receive antenna is 4
Vehicular speed: 250.000000 km/h
Maximum Doppler frequency: 578.703704
Channel fading rate: 0.059525
Maximum number of bits of simulation = 1022500

Eb/No     BER
BER Performance of Bit-based Message Passinlg in MIMO Channel
Gallager (20, 7) LDPC code
Dimension of Parity Check matrix: (15,20)
Column Weight = 3, Row Weight = 4
Number of transmit antenna is 4
Number of receive antenna is 4
Vehicular speed: 250.000000 km/h
Maximum Doppler frequency: 578.703704
Channel fading rate: 0.059525
Maximum number of bits of simulation = 1022500

Eb/No     BER
BER Performance of Bit-based Message Passinlg in MIMO Channel
Gallager (20, 7) LDPC code
Dimension of Parity Check matrix: (15,20)
Column Weight = 3, Row Weight = 4
Number of transmit antenna is 4
Number of receive antenna is 4
Vehicular speed: 250.000000 km/h
Maximum Doppler frequency: 578.703704
Channel fading rate: 0.059525
Maximum number of bits of simulation = 1022500

Eb/No     BER
0.000000:
5.009780e-001 5.145477e-001 5.161369e-001 5.188264e-001 5.185819e-001 5.184597e-001 5.185819e-001 5.182152e-001 5.177262e-001 5.187042e-001 

2.000000:
4.870416e-001 4.982885e-001 4.997555e-001 5.007335e-001 4.996333e-001 4.986553e-001 5.007335e-001 5.001222e-001 4.997555e-001 4.998778e-001 

4.000000:
4.907090e-001 5.018337e-001 5.055012e-001 5.036675e-001 5.034230e-001 5.033007e-001 5.039120e-001 5.036675e-001 5.045232e-001 5.052567e-001 

6.000000:
4.828851e-001 4.966993e-001 4.979218e-001 4.992665e-001 4.968215e-001 4.966993e-001 4.957213e-001 4.973105e-001 4.971883e-001 4.954768e-001 

8.000000:
4.870416e-001 4.979218e-001 4.946210e-001 4.927873e-001 4.951100e-001 4.946210e-001 4.946210e-001 4.924205e-001 4.931540e-001 4.936430e-001 

10.000000:
4.882641e-001 4.842298e-001 4.885086e-001 4.863081e-001 4.849633e-001 4.842298e-001 4.828851e-001 4.871638e-001 4.837408e-001 4.847188e-001 

12.000000:
4.831296e-001 4.699267e-001 4.695599e-001 4.663814e-001 4.702934e-001 4.662592e-001 4.650367e-001 4.684597e-001 4.660147e-001 4.656479e-001 

14.000000:
4.726161e-001 4.497555e-001 4.491443e-001 4.455990e-001 4.455990e-001 4.488998e-001 4.468215e-001 4.459658e-001 4.464548e-001 4.452323e-001 

16.000000:
4.715159e-001 4.415648e-001 4.411980e-001 4.394866e-001 4.399756e-001 4.363081e-001 4.408313e-001 4.429095e-001 4.409535e-001 4.404645e-001 

Total elapsed time: 963(sec)

BER Performance of Bit-based Message Passinlg in MIMO Channel
Gallager (20, 7) LDPC code
Dimension of Parity Check matrix: (15,20)
Column Weight = 3, Row Weight = 4
Number of transmit antenna is 4
Number of receive antenna is 4
Vehicular speed: 120.000000 km/h
Maximum Doppler frequency: 277.777778
Channel fading rate: 0.028572
Maximum number of bits of simulation = 10225000

Eb/No     BER
0.000000:
2.546455e-001
2.403015e-001
2.377343e-001
2.348411e-001
2.323146e-001
2.289731e-001
2.274654e-001
2.278932e-001
2.276284e-001
2.282192e-001
2.000000:
2.020049e-001
1.633007e-001
1.479095e-001
1.394010e-001
1.335941e-001
1.293032e-001
1.266381e-001
1.262469e-001
1.259291e-001
1.253423e-001
4.000000:
1.426132e-001
7.918797e-002
5.384900e-002
4.307253e-002
3.900867e-002
3.999778e-002
3.979032e-002
3.899015e-002
3.774913e-002
3.706750e-002
6.000000:
1.200338e-001
4.251252e-002
1.825358e-002
1.205030e-002
1.264641e-002
1.330888e-002
1.287810e-002
1.235417e-002
1.199907e-002
1.177320e-002
8.000000:
9.524577e-002
1.651068e-002
3.473988e-003
2.700821e-003
2.899442e-003
2.986339e-003
2.895664e-003
2.829817e-003
2.754254e-003
2.701361e-003
10.000000:
7.125692e-002
3.705037e-003
5.088509e-004
4.907579e-004
4.977017e-004
4.958435e-004
4.915403e-004
4.701222e-004
4.579951e-004
4.626895e-004
12.000000:
5.254161e-002
6.065526e-004
1.363325e-004
1.043521e-004
1.029829e-004
9.545232e-005
9.075795e-005
8.801956e-005
8.977995e-005
8.537897e-005
14.000000:
3.729907e-002
8.440098e-005
3.266504e-005
1.770171e-005
1.691932e-005
1.486553e-005
1.320293e-005
1.290954e-005
1.193154e-005
1.075795e-005
