BER Performance of Bit-based Message Passing in MIMO Channel
Receiver Channel Selection
Number of transmit antenna is 4
Number of receive antenna is 4
Maximum number of bits of simulation = 1000000

Eb/No     BER
0.000000 1.913580e-001 1.617284e-001 1.547840e-001 1.557099e-001 1.552469e-001 1.544753e-001 1.538580e-001 1.544753e-001 1.544753e-001 1.544753e-001 
2.000000 1.623469e-001 1.180612e-001 1.031633e-001 1.008163e-001 1.024490e-001 1.013265e-001 1.023469e-001 1.023469e-001 1.021429e-001 1.022449e-001 
4.000000 1.440204e-001 8.326972e-002 6.806616e-002 6.609415e-002 6.418575e-002 6.297710e-002 6.310433e-002 6.393130e-002 6.348601e-002 6.367684e-002 
6.000000 1.290918e-001 5.743048e-002 4.106315e-002 3.809386e-002 3.574015e-002 3.613847e-002 3.563152e-002 3.613847e-002 3.526941e-002 3.624710e-002 
8.000000 1.136489e-001 3.721493e-002 2.313407e-002 2.076710e-002 1.838286e-002 1.888390e-002 1.808915e-002 1.814098e-002 1.753628e-002 1.729440e-002 
10.000000 9.616435e-002 2.318062e-002 1.220827e-002 9.614279e-003 8.392734e-003 8.062198e-003 7.688549e-003 7.674178e-003 7.250230e-003 7.207117e-003 
BER Performance of Bit-based Message Passing in MIMO Channel
Receiver Channel Selection
Number of transmit antenna is 4
Number of receive antenna is 4
Maximum number of bits of simulation = 1000000

Eb/No     BER
0.000000 2.820796e-001 2.782080e-001 2.773783e-001 2.771018e-001 2.771018e-001 2.771018e-001 2.771018e-001 2.771018e-001 2.771018e-001 2.771018e-001 
2.000000 2.701446e-001 2.587810e-001 2.595558e-001 2.585227e-001 2.587810e-001 2.585227e-001 2.587810e-001 2.587810e-001 2.587810e-001 2.587810e-001 
4.000000 2.433729e-001 2.287477e-001 2.292048e-001 2.294333e-001 2.289762e-001 2.289762e-001 2.289762e-001 2.289762e-001 2.289762e-001 2.289762e-001 
6.000000 2.455197e-001 2.262545e-001 2.251344e-001 2.255824e-001 2.249104e-001 2.246864e-001 2.246864e-001 2.246864e-001 2.246864e-001 2.246864e-001 
8.000000 2.274247e-001 2.109114e-001 2.094482e-001 2.090301e-001 2.092391e-001 2.092391e-001 2.090301e-001 2.090301e-001 2.088211e-001 2.092391e-001 
10.000000 2.181748e-001 1.936350e-001 1.922929e-001 1.921012e-001 1.921012e-001 1.919095e-001 1.921012e-001 1.919095e-001 1.919095e-001 1.919095e-001 
12.000000 2.180810e-001 1.918960e-001 1.917049e-001 1.918960e-001 1.917049e-001 1.917049e-001 1.917049e-001 1.918960e-001 1.918960e-001 1.917049e-001 
14.000000 2.005610e-001 1.777700e-001 1.758415e-001 1.753156e-001 1.754909e-001 1.754909e-001 1.754909e-001 1.754909e-001 1.756662e-001 1.754909e-001 
16.000000 1.890362e-001 1.654269e-001 1.634864e-001 1.628396e-001 1.626779e-001 1.623545e-001 1.621928e-001 1.621928e-001 1.621928e-001 1.621928e-001 
Total elapsed time: 177(sec)

