0.268562 0.602920 0.705742
0.286536 0.629846 0.731481
0.308747 0.661529 0.761496
0.335782 0.697589 0.794113
0.364151 0.732720 0.825279
0.398427 0.771945 0.857947
0.438147 0.811567 0.889001
0.483973 0.851189 0.918230
0.537731 0.891447 0.946180
0.604879 0.930307 0.969938
0.721461 0.975326 0.992795
0.385189 0.761913 0.850563
0.415254 0.792184 0.874686
0.449167 0.824841 0.900010
0.487411 0.857388 0.923947
0.527473 0.886077 0.942944
0.571366 0.912780 0.960064
0.620456 0.937704 0.974048
0.672441 0.958966 0.985045
0.729133 0.976189 0.992828
0.792269 0.988896 0.997433
0.882579 0.998033 0.999824
