10.000000 0.000000 0.268562
10.000000 0.099000 0.286536
10.000000 0.198000 0.308747
10.000000 0.297000 0.335782
10.000000 0.396000 0.364151
10.000000 0.495000 0.398427
10.000000 0.594000 0.438147
10.000000 0.693000 0.483973
10.000000 0.792000 0.537731
10.000000 0.891000 0.604879
10.000000 0.990000 0.721461
15.000000 0.000000 0.385189
15.000000 0.099000 0.415254
15.000000 0.198000 0.449167
15.000000 0.297000 0.487411
15.000000 0.396000 0.527473
15.000000 0.495000 0.571366
15.000000 0.594000 0.620456
15.000000 0.693000 0.672441
15.000000 0.792000 0.729133
15.000000 0.891000 0.792269
15.000000 0.990000 0.882579
