BER Performance of Bit-based Message Passinlg in MIMO Channel
Gallager (20, 7) LDPC code
Dimension of Parity Check matrix: (15,20)
Column Weight = 3, Row Weight = 4
Number of transmit antenna is 4
Number of receive antenna is 4
Vehicular speed: 250.000000 km/h
Maximum Doppler frequency: 578.703704
Channel fading rate: 0.059525
Maximum number of bits of simulation = 10225000

Eb/No     BER
0.000000:
2.317150e-001 2.070555e-001 1.979392e-001 1.919141e-001 1.891023e-001 1.852428e-001 1.828851e-001 1.809990e-001 1.800559e-001 1.797590e-001 

2.000000:
1.969193e-001 1.591320e-001 1.457824e-001 1.386675e-001 1.356235e-001 1.321760e-001 1.279340e-001 1.268704e-001 1.246455e-001 1.242543e-001 

4.000000:
1.668848e-001 1.135122e-001 9.516036e-002 8.854451e-002 8.433050e-002 8.235294e-002 7.957716e-002 7.623328e-002 7.338559e-002 7.293974e-002 

6.000000:
1.262241e-001 6.389678e-002 4.764422e-002 4.328289e-002 4.067931e-002 3.909668e-002 3.774863e-002 3.593802e-002 3.469570e-002 3.389943e-002 

8.000000:
8.813773e-002 2.908177e-002 1.888346e-002 1.801005e-002 1.717332e-002 1.612062e-002 1.519017e-002 1.469030e-002 1.411437e-002 1.358734e-002 

10.000000:
6.824040e-002 1.533638e-002 9.820175e-003 1.044483e-002 9.842259e-003 9.270447e-003 8.653679e-003 8.256172e-003 8.193075e-003 7.898888e-003 

12.000000:
5.213444e-002 8.918412e-003 6.417803e-003 7.047590e-003 6.841331e-003 6.344801e-003 6.069016e-003 6.059166e-003 5.916639e-003 5.822200e-003 

14.000000:
3.758230e-002 5.373479e-003 4.715072e-003 5.118449e-003 5.004899e-003 4.767726e-003 4.720108e-003 4.758569e-003 4.707746e-003 4.586412e-003 

16.000000:
2.552489e-002 3.546543e-003 3.545232e-003 3.658633e-003 3.607176e-003 3.468212e-003 3.411184e-003 3.362022e-003 3.349568e-003 3.285329e-003 

