0.329720 0.693675 0.792051
0.355620 0.724924 0.818704
0.385540 0.758741 0.846801
0.420266 0.795809 0.877274
0.455501 0.828833 0.902590
0.498580 0.863877 0.927731
0.544425 0.895982 0.949005
0.597353 0.925969 0.967192
0.656734 0.953889 0.982966
0.724100 0.974840 0.992185
0.830580 0.994167 0.998971
0.417392 0.796955 0.879131
0.449388 0.825268 0.900527
0.485620 0.856049 0.922628
0.525496 0.884780 0.942619
0.566753 0.910832 0.958625
0.610421 0.933660 0.971997
0.657869 0.954003 0.982820
0.709061 0.970874 0.990466
0.764068 0.983902 0.995890
0.821594 0.992795 0.998651
0.903451 0.998851 0.999920
