13.000000 0.000000 0.329720
13.000000 0.099000 0.355620
13.000000 0.198000 0.385540
13.000000 0.297000 0.420266
13.000000 0.396000 0.455501
13.000000 0.495000 0.498580
13.000000 0.594000 0.544425
13.000000 0.693000 0.597353
13.000000 0.792000 0.656734
13.000000 0.891000 0.724100
13.000000 0.990000 0.830580
16.000000 0.000000 0.417392
16.000000 0.099000 0.449388
16.000000 0.198000 0.485620
16.000000 0.297000 0.525496
16.000000 0.396000 0.566753
16.000000 0.495000 0.610421
16.000000 0.594000 0.657869
16.000000 0.693000 0.709061
16.000000 0.792000 0.764068
16.000000 0.891000 0.821594
16.000000 0.990000 0.903451
