0 752
1 1384
2 1735
3 941
4 3548
5 179
6 232
7 3937
8 3439
9 3250
10 2412
11 4020
12 2106
13 2501
14 441
15 1304
16 1129
17 57
18 1471
19 567
20 1036
21 2357
22 369
23 2928
24 279
25 2974
26 2586
27 2171
28 3070
29 4065
30 3704
31 702
32 3752
33 2854
34 2764
35 1084
36 3801
37 2249
38 1925
39 1556
40 324
41 1196
42 634
43 2030
44 798
45 3498
46 3605
47 1826
48 517
49 3117
50 2712
51 1402
52 2309
53 202
54 119
55 1717
56 870
57 932
58 2474
59 3556
60 3365
61 3873
62 2097
63 23
64 3190
65 1974
66 1486
67 1250
68 983
69 3999
70 2371
71 2967
72 1326
73 3301
74 2663
75 1871
76 276
77 4095
78 733
79 2571
80 2147
81 1142
82 2908
83 3436
84 3754
85 3806
86 3672
87 1192
88 1028
89 2234
90 2855
91 1666
92 1561
93 3607
94 1808
95 493
96 652
97 555
98 3504
99 127
100 816
101 3057
102 218
103 865
104 1440
105 2454
106 3891
107 397
108 2084
109 3
110 49
111 3383
112 3243
113 1964
114 3942
115 1260
116 322
117 2520
118 1323
119 2656
120 2370
121 921
122 3175
123 1089
124 1393
125 3312
126 2593
127 4012
128 1747
129 2789
130 1901
131 3446
132 3834
133 3779
134 1491
135 2846
136 3657
137 1581
138 2311
139 3567
140 4094
141 3107
142 3000
143 3703
144 577
145 1164
146 513
147 783
148 223
149 1650
150 2912
151 2131
152 2035
153 3516
154 2198
155 845
156 44
157 670
158 123
159 413
160 2741
161 3890
162 2255
163 2486
164 3054
165 1957
166 2381
167 3958
168 3214
169 3159
170 898
171 3295
172 3362
173 367
174 2439
175 2626
176 4037
177 1285
178 1365
179 1498
180 172
181 3413
182 1843
183 2677
184 2540
185 1091
186 3786
187 3616
188 2983
189 3722
190 2813
191 595
192 1148
193 1564
194 991
195 1781
196 3460
197 2076
198 1225
199 246
200 2155
201 3674
202 3545
203 487
204 806
205 711
206 12
207 63
208 3108
209 120
210 1888
211 3053
212 3879
213 548
214 3962
215 2313
216 2009
217 3334
218 392
219 2385
220 2587
221 1657
222 1415
223 2213
224 2895
225 2436
226 1483
227 1940
228 2722
229 642
230 1061
231 3222
232 2264
233 1708
234 943
235 1341
236 3618
237 2833
238 3380
239 173
240 2659
241 2990
242 4058
243 1261
244 2786
245 3795
246 299
247 1573
248 594
249 3740
250 476
251 3484
252 1208
253 851
254 761
255 2089
256 3425
257 1822
258 3911
259 3045
260 1009
261 4007
262 703
263 81
264 3694
265 2595
266 424
267 2010
268 2205
269 3562
270 2405
271 1457
272 1514
273 2488
274 2534
275 2334
276 1085
277 225
278 3859
279 19
280 1361
281 1409
282 1733
283 3101
284 150
285 3194
286 3638
287 2702
288 1886
289 648
290 2805
291 1946
292 905
293 3296
294 3812
295 3374
296 3499
297 2943
298 378
299 1610
300 1283
301 826
302 572
303 4068
304 3048
305 3741
306 2081
307 492
308 742
309 1784
310 2581
311 285
312 100
313 2276
314 977
315 1193
316 3997
317 2156
318 1531
319 1663
320 2336
321 2409
322 2507
323 3685
324 2890
325 1026
326 1347
327 2628
328 215
329 155
330 3138
331 3433
332 2020
333 29
334 2685
335 2784
336 1086
337 1720
338 685
339 3912
340 3815
341 1461
342 3589
343 1902
344 3208
345 3284
346 1413
347 414
348 3535
349 3016
350 1247
351 928
352 861
353 463
354 1299
355 4092
356 1947
357 1133
358 2247
359 3370
360 280
361 629
362 525
363 1832
364 2842
365 2960
366 2082
367 1662
368 4027
369 2422
370 2510
371 2166
372 1598
373 3652
374 3081
375 2560
376 345
377 2633
378 101
379 2889
380 1773
381 151
382 2329
383 676
384 1353
385 3876
386 753
387 3437
388 1530
389 2031
390 1006
391 7
392 1077
393 3271
394 3211
395 2706
396 3764
397 1202
398 473
399 1437
400 1267
401 1916
402 3943
403 3526
404 217
405 3342
406 406
407 534
408 3710
409 298
410 1961
411 4081
412 2267
413 3002
414 1855
415 2811
416 2475
417 619
418 820
419 3390
420 2083
421 2133
422 2589
423 3626
424 1684
425 1623
426 931
427 3061
428 2366
429 2760
430 4006
431 3816
432 2316
433 1757
434 1355
435 2429
436 2638
437 773
438 2196
439 360
440 99
441 3270
442 877
443 451
444 1570
445 3763
446 3161
447 1401
448 3899
449 1027
450 2705
451 1500
452 532
453 185
454 715
455 245
456 2926
457 2011
458 1268
459 3677
460 3517
461 1939
462 2851
463 1839
464 3423
465 1124
466 34
467 3115
468 3013
469 982
470 405
471 1643
472 579
473 1453
474 2364
475 2579
476 2512
477 2785
478 3846
479 291
480 2444
481 1749
482 760
483 2091
484 636
485 1190
486 2192
487 3624
488 1074
489 910
490 136
491 857
492 3725
493 4010
494 3908
495 1364
496 2307
497 2661
498 1551
499 2144
500 3168
501 86
502 530
503 3350
504 3472
505 1794
506 200
507 1301
508 1866
509 3569
510 2882
511 810
512 3252
513 1929
514 689
515 3772
516 40
517 993
518 359
519 3109
520 2025
521 2541
522 4062
523 452
524 2947
525 3415
526 2775
527 3842
528 310
529 1239
530 3039
531 2449
532 1665
533 2402
534 2072
535 1139
536 2191
537 1443
538 143
539 3671
540 1608
541 2830
542 2711
543 3969
544 1369
545 2268
546 3723
547 2646
548 505
549 1527
550 1803
551 1072
552 748
553 1320
554 3901
555 209
556 946
557 3536
558 1914
559 1758
560 672
561 807
562 18
563 550
564 3462
565 3787
566 2888
567 2012
568 2494
569 2956
570 883
571 3247
572 95
573 3184
574 4061
575 2135
576 3335
577 1273
578 2757
579 997
580 3407
581 288
582 407
583 1125
584 2365
585 1469
586 154
587 3598
588 2182
589 1960
590 2229
591 1222
592 2670
593 3097
594 3018
595 1827
596 1566
597 614
598 497
599 3733
600 2306
601 3675
602 1669
603 3932
604 1391
605 736
606 1614
607 2840
608 2615
609 1336
610 357
611 1175
612 1907
613 671
614 1741
615 2033
616 3523
617 1521
618 3880
619 3982
620 3461
621 1065
622 3311
623 797
624 3209
625 3804
626 2924
627 922
628 873
629 2377
630 216
631 566
632 3367
633 2434
634 96
635 2758
636 3600
637 416
638 1271
639 158
640 3258
641 1978
642 1015
643 1848
644 2671
645 3079
646 2286
647 287
648 2527
649 2998
650 2139
651 2207
652 3681
653 1695
654 1373
655 4053
656 1802
657 3146
658 1147
659 370
660 478
661 2859
662 1900
663 705
664 1528
665 2043
666 2578
667 3920
668 3511
669 3308
670 2814
671 796
672 1214
673 3781
674 856
675 2625
676 3993
677 958
678 3205
679 3732
680 1439
681 2765
682 646
683 52
684 211
685 2423
686 3835
687 137
688 1008
689 575
690 3456
691 2672
692 2295
693 2496
694 3058
695 1850
696 1996
697 3372
698 1053
699 2149
700 3594
701 2246
702 1386
703 1632
704 1143
705 446
706 4087
707 2362
708 1324
709 1524
710 3141
711 1705
712 720
713 2909
714 3266
715 3670
716 2978
717 1206
718 1265
719 315
720 2828
721 399
722 1943
723 1584
724 262
725 3998
726 3916
727 500
728 929
729 1759
730 779
731 840
732 1477
733 2768
734 589
735 201
736 2687
737 2421
738 2
739 2303
740 1897
741 2018
742 635
743 2629
744 1057
745 3818
746 3207
747 3451
748 2528
749 3593
750 3026
751 2064
752 2231
753 3744
754 447
755 125
756 1522
757 2575
758 2157
759 3085
760 3355
761 1346
762 1648
763 686
764 79
765 4070
766 1258
767 364
768 3696
769 2936
770 1153
771 1586
772 1804
773 4005
774 498
775 1743
776 866
777 1448
778 3269
779 973
780 3889
781 240
782 3503
783 1104
784 312
785 2328
786 2879
787 3401
788 2427
789 2713
790 2802
791 767
792 3133
793 1059
794 20
795 818
796 3954
797 2093
798 3025
799 3450
800 3591
801 1693
802 2279
803 2558
804 2379
805 2620
806 3821
807 2016
808 431
809 1509
810 628
811 1277
812 1952
813 3224
814 1329
815 164
816 3720
817 2481
818 1600
819 1823
820 1869
821 2977
822 4091
823 3282
824 97
825 1460
826 1194
827 1375
828 4024
829 2932
830 2138
831 1647
832 3396
833 3179
834 2864
835 307
836 971
837 3636
838 1066
839 732
840 2804
841 2186
842 2071
843 3099
844 386
845 3327
846 2753
847 494
848 255
849 3776
850 2621
851 3856
852 2284
853 1777
854 3471
855 592
856 2546
857 1967
858 3578
859 2022
860 1240
861 544
862 837
863 1714
864 2438
865 1589
866 3709
867 3902
868 637
869 55
870 166
871 1485
872 918
873 1396
874 4088
875 3014
876 2119
877 1917
878 2931
879 3524
880 340
881 3279
882 2369
883 1314
884 1102
885 103
886 3417
887 790
888 1649
889 1016
890 709
891 3192
892 2825
893 2228
894 2767
895 3794
896 3324
897 2277
898 2611
899 1170
900 3646
901 2693
902 1789
903 3989
904 10
905 3071
906 445
907 2878
908 1835
909 2437
910 275
911 2323
912 3913
913 643
914 1576
915 2532
916 966
917 903
918 843
919 394
920 3866
921 1487
922 3122
923 1406
924 561
925 2086
926 2140
927 3482
928 183
929 1701
930 2986
931 1123
932 82
933 499
934 3718
935 1290
936 337
937 3554
938 2392
939 1034
940 3814
941 3182
942 3411
943 3240
944 2607
945 694
946 4073
947 2732
948 2260
949 2827
950 135
951 3639
952 2669
953 786
954 1845
955 238
956 1244
957 1892
958 3299
959 3031
960 2461
961 2015
962 2211
963 1595
964 388
965 433
966 912
967 1642
968 3904
969 2893
970 1421
971 582
972 2077
973 2529
974 1368
975 4009
976 2327
977 633
978 1126
979 1544
980 25
981 1711
982 1798
983 3553
984 2985
985 1073
986 1189
987 3831
988 3368
989 2577
990 3229
991 3735
992 968
993 3142
994 3480
995 176
996 485
997 701
998 114
999 2821
1000 2162
1001 4059
1002 221
1003 2721
1004 1922
1005 1291
1006 3606
1007 3035
1008 2003
1009 2227
1010 3087
1011 895
1012 2414
1013 835
1014 2631
1015 331
1016 281
1017 2469
1018 546
1019 3434
1020 381
1021 1381
1022 2318
1023 2525
1024 2058
1025 3933
1026 3689
1027 2940
1028 1877
1029 751
1030 3996
1031 656
1032 1154
1033 1106
1034 1709
1035 3235
1036 3843
1037 945
1038 1506
1039 3515
1040 604
1041 1237
1042 1810
1043 3316
1044 70
1045 2130
1046 2819
1047 1447
1048 3145
1049 4048
1050 1641
1051 1312
1052 2774
1053 461
1054 3888
1055 2251
1056 3023
1057 175
1058 2580
1059 1969
1060 847
1061 1033
1062 3627
1063 2700
1064 266
1065 2400
1066 1552
1067 3421
1068 2321
1069 385
1070 3949
1071 323
1072 3568
1073 2866
1074 716
1075 771
1076 2023
1077 3699
1078 3363
1079 558
1080 1087
1081 654
1082 1737
1083 1367
1084 2506
1085 3753
1086 2961
1087 1228
1088 507
1089 2180
1090 3495
1091 913
1092 1690
1093 3131
1094 2103
1095 4044
1096 2451
1097 1501
1098 1181
1099 3191
1100 121
1101 439
1102 1856
1103 3857
1104 1904
1105 1613
1106 2650
1107 1274
1108 2736
1109 206
1110 2396
1111 3067
1112 2232
1113 824
1114 3239
1115 3654
1116 2570
1117 261
1118 1002
1119 1132
1120 355
1121 2326
1122 2834
1123 3388
1124 1423
1125 3994
1126 719
1127 3293
1128 1548
1129 1051
1130 2783
1131 1321
1132 1792
1133 2519
1134 571
1135 39
1136 3540
1137 3339
1138 3135
1139 3798
1140 516
1141 3007
1142 1983
1143 2123
1144 3935
1145 1472
1146 2463
1147 1376
1148 899
1149 668
1150 1841
1151 2041
1152 455
1153 401
1154 193
1155 2709
1156 1681
1157 2411
1158 2658
1159 1207
1160 1596
1161 3693
1162 2240
1163 132
1164 3479
1165 282
1166 950
1167 3863
1168 2363
1169 2850
1170 831
1171 3981
1172 1131
1173 3430
1174 3603
1175 1040
1176 2187
1177 3056
1178 3230
1179 2953
1180 2566
1181 352
1182 3369
1183 2292
1184 3530
1185 3765
1186 515
1187 2776
1188 1933
1189 1785
1190 1263
1191 2094
1192 4051
1193 2904
1194 6
1195 1473
1196 615
1197 876
1198 3323
1199 1549
1200 735
1201 432
1202 3278
1203 1836
1204 1177
1205 3169
1206 1383
1207 2420
1208 2478
1209 688
1210 1724
1211 203
1212 1635
1213 1990
1214 2637
1215 2856
1216 4002
1217 106
1218 3930
1219 3483
1220 1011
1221 782
1222 563
1223 3680
1224 1337
1225 1130
1226 3105
1227 342
1228 3829
1229 252
1230 2701
1231 3424
1232 3630
1233 2574
1234 2964
1235 3011
1236 2287
1237 829
1238 1248
1239 2122
1240 3883
1241 1431
1242 2194
1243 3528
1244 965
1245 2756
1246 1881
1247 1536
1248 1926
1249 3331
1250 887
1251 1063
1252 3223
1253 2801
1254 2913
1255 2339
1256 2074
1257 1655
1258 198
1259 2490
1260 2416
1261 693
1262 3976
1263 3759
1264 1597
1265 1476
1266 389
1267 2021
1268 139
1269 2623
1270 3177
1271 1377
1272 1813
1273 1137
1274 3072
1275 293
1276 88
1277 480
1278 3125
1279 3457
1280 3683
1281 536
1282 4080
1283 836
1284 1191
1285 2258
1286 3887
1287 2848
1288 625
1289 964
1290 435
1291 3275
1292 22
1293 2690
1294 2132
1295 2561
1296 1710
1297 3376
1298 3602
1299 743
1300 1962
1301 1246
1302 2202
1303 3525
1304 3836
1305 341
1306 2308
1307 3024
1308 2087
1309 2917
1310 2388
1311 1496
1312 1300
1313 698
1314 2796
1315 3172
1316 2619
1317 3990
1318 3322
1319 3768
1320 2433
1321 2019
1322 1910
1323 152
1324 1659
1325 1446
1326 3106
1327 1021
1328 295
1329 1388
1330 2511
1331 1172
1332 1842
1333 1079
1334 69
1335 584
1336 2847
1337 1553
1338 949
1339 231
1340 3276
1341 4079
1342 3384
1343 2154
1344 846
1345 403
1346 897
1347 1604
1348 791
1349 1739
1350 3518
1351 3585
1352 3847
1353 529
1354 650
1355 1241
1356 3925
1357 1507
1358 1307
1359 2899
1360 2338
1361 3469
1362 347
1363 2989
1364 3157
1365 4025
1366 2610
1367 2681
1368 2747
1369 3974
1370 3634
1371 16
1372 1927
1373 2050
1374 3742
1375 2499
1376 1392
1377 3049
1378 1809
1379 3096
1380 1069
1381 1012
1382 289
1383 2545
1384 2199
1385 3338
1386 3686
1387 578
1388 1454
1389 454
1390 3799
1391 3389
1392 117
1393 938
1394 1136
1395 2793
1396 395
1397 1751
1398 2257
1399 641
1400 1680
1401 184
1402 2000
1403 1545
1404 2891
1405 1235
1406 812
1407 4085
1408 1593
1409 2095
1410 2442
1411 2343
1412 2682
1413 746
1414 3285
1415 241
1416 3198
1417 1882
1418 3906
1419 37
1420 509
1421 2738
1422 3552
1423 1938
1424 3052
1425 1397
1426 3506
1427 2962
1428 2535
1429 1056
1430 294
1431 871
1432 2612
1433 3701
1434 1308
1435 3819
1436 585
1437 3978
1438 2163
1439 2397
1440 2800
1441 83
1442 1449
1443 3773
1444 398
1445 1494
1446 192
1447 999
1448 3642
1449 450
1450 3353
1451 1205
1452 1829
1453 2045
1454 3406
1455 1540
1456 2898
1457 1101
1458 1782
1459 3245
1460 1678
1461 755
1462 3171
1463 3874
1464 2219
1465 1875
1466 1736
1467 21
1468 2667
1469 923
1470 3009
1471 682
1472 2944
1473 133
1474 3080
1475 2115
1476 1370
1477 2324
1478 631
1479 1313
1480 1993
1481 4057
1482 2743
1483 3298
1484 2168
1485 3570
1486 1924
1487 73
1488 538
1489 1611
1490 3797
1491 849
1492 2824
1493 1425
1494 372
1495 271
1496 3653
1497 2599
1498 459
1499 3743
1500 4004
1501 2542
1502 1542
1503 1213
1504 2450
1505 3392
1506 2386
1507 1039
1508 3893
1509 3507
1510 1793
1511 3241
1512 2873
1513 2242
1514 1726
1515 3137
1516 766
1517 4
1518 1474
1519 3939
1520 126
1521 1675
1522 1878
1523 226
1524 2950
1525 2090
1526 2676
1527 3010
1528 2497
1529 3333
1530 974
1531 603
1532 925
1533 2331
1534 3075
1535 2164
1536 3579
1537 78
1538 713
1539 1096
1540 3287
1541 1975
1542 1385
1543 1151
1544 552
1545 1629
1546 2723
1547 286
1548 3824
1549 4045
1550 3645
1551 3726
1552 2549
1553 1555
1554 427
1555 2777
1556 1788
1557 1309
1558 3402
1559 2880
1560 664
1561 2283
1562 793
1563 864
1564 3915
1565 1227
1566 3500
1567 130
1568 3995
1569 1860
1570 3154
1571 2826
1572 1020
1573 3234
1574 2624
1575 1913
1576 1435
1577 361
1578 2995
1579 2489
1580 2061
1581 617
1582 953
1583 2383
1584 1740
1585 3064
1586 2114
1587 1510
1588 2169
1589 1683
1590 1620
1591 2683
1592 1109
1593 1971
1594 3783
1595 2330
1596 1171
1597 3304
1598 3550
1599 418
1600 3684
1601 721
1602 194
1603 540
1604 1349
1605 2770
1606 2572
1607 2254
1608 3398
1609 2896
1610 3841
1611 77
1612 0
1613 3447
1614 2443
1615 1831
1616 3923
1617 1559
1618 122
1619 834
1620 1906
1621 273
1622 3625
1623 2818
1624 675
1625 1055
1626 330
1627 885
1628 1236
1629 2515
1630 1463
1631 2941
1632 772
1633 3180
1634 3088
1635 3019
1636 956
1637 1111
1638 1295
1639 2145
1640 3228
1641 2673
1642 1633
1643 2719
1644 1400
1645 3325
1646 3790
1647 438
1648 1965
1649 3987
1650 2317
1651 3563
1652 3280
1653 187
1654 4047
1655 1005
1656 2204
1657 1722
1658 506
1659 3435
1660 2252
1661 3868
1662 568
1663 2053
1664 129
1665 1165
1666 2603
1667 2435
1668 1874
1669 2831
1670 2892
1671 3622
1672 3481
1673 1546
1674 2523
1675 2782
1676 305
1677 651
1678 1499
1679 795
1680 3091
1681 3387
1682 3043
1683 3918
1684 66
1685 3226
1686 3727
1687 1226
1688 955
1689 3669
1690 2988
1691 2724
1692 1331
1693 3820
1694 726
1695 2121
1696 400
1697 1609
1698 1676
1699 1991
1700 3147
1701 11
1702 242
1703 1768
1704 1107
1705 1931
1706 2384
1707 3543
1708 479
1709 882
1710 556
1711 111
1712 2075
1713 2217
1714 2265
1715 2910
1716 2666
1717 606
1718 1445
1719 3315
1720 1173
1721 2778
1722 3869
1723 1003
1724 2471
1725 1526
1726 1816
1727 662
1728 2609
1729 351
1730 2863
1731 4015
1732 3940
1733 178
1734 3379
1735 2325
1736 3601
1737 3082
1738 1252
1739 3750
1740 2562
1741 951
1742 3700
1743 3449
1744 2002
1745 410
1746 758
1747 1348
1748 2714
1749 1723
1750 60
1751 2134
1752 1122
1753 4060
1754 1670
1755 3809
1756 249
1757 3265
1758 863
1759 1865
1760 1606
1761 471
1762 2980
1763 1414
1764 2911
1765 2415
1766 1920
1767 3201
1768 2253
1769 3326
1770 303
1771 2482
1772 2051
1773 3513
1774 349
1775 1188
1776 3037
1777 2640
1778 1071
1779 809
1780 1019
1781 3375
1782 601
1783 3903
1784 1269
1785 3581
1786 2356
1787 1532
1788 2843
1789 2769
1790 3083
1791 930
1792 2189
1793 3467
1794 2305
1795 71
1796 116
1797 188
1798 695
1799 2698
1800 1791
1801 2118
1802 4042
1803 1972
1804 3784
1805 1692
1806 235
1807 649
1808 3988
1809 2973
1810 3697
1811 1475
1812 528
1813 1854
1814 3210
1815 2563
1816 1908
1817 1141
1818 429
1819 2921
1820 1389
1821 3164
1822 2425
1823 8
1824 343
1825 3263
1826 774
1827 3346
1828 1209
1829 1344
1830 3848
1831 3565
1832 1529
1833 2244
1834 2752
1835 2367
1836 3613
1837 2066
1838 1628
1839 822
1840 3897
1841 3491
1842 2513
1843 1296
1844 985
1845 2675
1846 2841
1847 3422
1848 2111
1849 1035
1850 583
1851 2174
1852 1772
1853 3957
1854 3785
1855 1716
1856 935
1857 481
1858 3090
1859 89
1860 657
1861 725
1862 239
1863 146
1864 1821
1865 2958
1866 1082
1867 1912
1868 3196
1869 531
1870 3691
1871 1987
1872 2419
1873 379
1874 3251
1875 2622
1876 2298
1877 4067
1878 1452
1879 3547
1880 3148
1881 4003
1882 15
1883 1152
1884 2220
1885 2748
1886 3032
1887 879
1888 1276
1889 770
1890 2551
1891 1616
1892 3438
1893 2797
1894 3360
1895 2048
1896 1405
1897 2871
1898 3597
1899 3878
1900 2102
1901 2175
1902 309
1903 1731
1904 2679
1905 3749
1906 3796
1907 815
1908 588
1909 486
1910 436
1911 243
1912 1322
1913 952
1914 138
1915 1224
1916 1029
1917 1558
1918 1944
1919 67
1920 691
1921 3702
1922 3289
1923 2951
1924 3508
1925 2608
1926 1879
1927 2408
1928 2476
1929 3152
1930 1135
1931 2299
1932 4028
1933 3967
1934 2728
1935 3093
1936 869
1937 3443
1938 1671
1939 3391
1940 1815
1941 189
1942 2853
1943 3576
1944 2005
1945 3649
1946 2241
1947 2787
1948 313
1949 3237
1950 2346
1951 3775
1952 2183
1953 4078
1954 2068
1955 508
1956 2124
1957 3006
1958 570
1959 1359
1960 443
1961 1497
1962 1583
1963 247
1964 2680
1965 90
1966 2555
1967 708
1968 621
1969 3826
1970 2632
1971 1212
1972 979
1973 3490
1974 1728
1975 1289
1976 1955
1977 1044
1978 2938
1979 2404
1980 2296
1981 2484
1982 788
1983 1677
1984 3124
1985 1862
1986 3895
1987 368
1988 3176
1989 3065
1990 1134
1991 2007
1992 3592
1993 3400
1994 153
1995 908
1996 36
1997 3682
1998 3343
1999 1797
2000 2222
2001 3948
2002 1631
2003 2088
2004 1352
2005 449
2006 2167
2007 3745
2008 212
2009 2773
2010 1567
2011 2696
2012 4001
2013 3273
2014 4055
2015 586
2016 696
2017 842
2018 1408
2019 2992
2020 308
2021 1305
2022 3473
2023 2939
2024 1185
2025 1231
2026 3221
2027 787
2028 2464
2029 2509
2030 2861
2031 2569
2032 3838
2033 1844
2034 541
2035 2630
2036 3119
2037 1899
2038 91
2039 3558
2040 2013
2041 1504
2042 998
2043 3173
2044 3661
2045 2391
2046 1046
2047 3337
2048 909
2049 382
2050 2278
2051 484
2052 2105
2053 3611
2054 2815
2055 2224
2056 3756
2057 1752
2058 2749
2059 161
2060 1703
2061 3956
2062 3393
2063 1
2064 1953
2065 1387
2066 270
2067 661
2068 2342
2069 3005
2070 1100
2071 3706
2072 3497
2073 2954
2074 821
2075 1221
2076 1333
2077 4054
2078 3225
2079 1624
2080 46
2081 3823
2082 2539
2083 727
2084 3905
2085 1574
2086 576
2087 1505
2088 2897
2089 992
2090 1890
2091 3546
2092 2170
2093 2616
2094 94
2095 3659
2096 1159
2097 423
2098 3162
2099 1838
2100 2281
2101 1280
2102 1748
2103 2235
2104 3078
2105 2039
2106 2470
2107 3966
2108 2125
2109 3762
2110 2731
2111 1420
2112 186
2113 3378
2114 890
2115 1108
2116 283
2117 2837
2118 2349
2119 814
2120 1054
2121 373
2122 4083
2123 3595
2124 2788
2125 3242
2126 3845
2127 1672
2128 27
2129 1984
2130 741
2131 2395
2132 3892
2133 3493
2134 962
2135 644
2136 1232
2137 1937
2138 3538
2139 2994
2140 3664
2141 2923
2142 1338
2143 3716
2144 477
2145 1547
2146 535
2147 1184
2148 1602
2149 3313
2150 2176
2151 2270
2152 3444
2153 4035
2154 3094
2155 1488
2156 2742
2157 3041
2158 2537
2159 2674
2160 3174
2161 105
2162 1725
2163 914
2164 2491
2165 1412
2166 825
2167 390
2168 167
2169 2129
2170 3788
2171 1119
2172 1857
2173 3955
2174 3244
2175 229
2176 24
2177 1060
2178 3858
2179 1812
2180 328
2181 4090
2182 3588
2183 1673
2184 599
2185 2080
2186 2407
2187 2907
2188 2024
2189 3730
2190 3532
2191 1270
2192 501
2193 3366
2194 697
2195 978
2196 3648
2197 1948
2198 2791
2199 2585
2200 3307
2201 777
2202 2348
2203 1582
2204 2248
2205 3163
2206 3459
2207 3050
2208 1513
2209 906
2210 549
2211 1335
2212 1416
2213 848
2214 1746
2215 145
2216 2173
2217 2531
2218 3973
2219 2996
2220 3256
2221 50
2222 3111
2223 4030
2224 2704
2225 269
2226 3851
2227 2128
2228 1873
2229 2651
2230 339
2231 1654
2232 1795
2233 2867
2234 1179
2235 3572
2236 409
2237 2466
2238 496
2239 3736
2240 1094
2241 1043
2242 976
2243 1468
2244 2763
2245 2029
2246 3303
2247 699
2248 3633
2249 3800
2250 1284
2251 1569
2252 799
2253 2353
2254 2301
2255 205
2256 1976
2257 1519
2258 2596
2259 3922
2260 1734
2261 3359
2262 4086
2263 559
2264 875
2265 3187
2266 1410
2267 2406
2268 1233
2269 3086
2270 131
2271 53
2272 4013
2273 2230
2274 3855
2275 750
2276 3453
2277 1884
2278 2808
2279 3012
2280 3505
2281 1618
2282 2653
2283 1825
2284 326
2285 258
2286 510
2287 607
2288 2505
2289 1667
2290 987
2291 1157
2292 677
2293 2073
2294 920
2295 3306
2296 3640
2297 440
2298 1049
2299 2172
2300 2739
2301 1970
2302 2304
2303 2872
2304 1489
2305 1287
2306 196
2307 2929
2308 391
2309 1745
2310 2359
2311 805
2312 3712
2313 2120
2314 3134
2315 3069
2316 112
2317 1430
2318 1354
2319 2431
2320 3219
2321 3382
2322 1543
2323 1229
2324 2226
2325 4056
2326 2584
2327 3440
2328 3952
2329 2678
2330 3020
2331 3587
2332 26
2333 3509
2334 2975
2335 265
2336 4008
2337 1097
2338 334
2339 2809
2340 1621
2341 1796
2342 659
2343 2060
2344 472
2345 874
2346 3854
2347 560
2348 1935
2349 2291
2350 2524
2351 3309
2352 986
2353 710
2354 2479
2355 1032
2356 1292
2357 1994
2358 404
2359 2884
2360 1689
2361 1849
2362 1161
2363 3153
2364 80
2365 936
2366 2113
2367 3204
2368 2430
2369 191
2370 1557
2371 1429
2372 2214
2373 1750
2374 803
2375 3695
2376 3808
2377 3929
2378 3590
2379 2754
2380 2647
2381 3442
2382 3027
2383 1110
2384 254
2385 2937
2386 1245
2387 1495
2388 2597
2389 639
2390 3377
2391 4000
2392 354
2393 3865
2394 543
2395 1895
2396 13
2397 4093
2398 460
2399 300
2400 1024
2401 3249
2402 2014
2403 2358
2404 590
2405 2300
2406 3635
2407 3520
2408 1652
2409 2536
2410 84
2411 3076
2412 1332
2413 704
2414 3183
2415 915
2416 2143
2417 2446
2418 1787
2419 1182
2420 811
2421 144
2422 3319
2423 1697
2424 2238
2425 754
2426 2820
2427 969
2428 1954
2429 253
2430 2868
2431 3688
2432 3022
2433 3934
2434 3123
2435 2648
2436 3465
2437 3386
2438 4031
2439 3573
2440 1872
2441 1127
2442 2746
2443 377
2444 466
2445 1490
2446 2594
2447 1275
2448 1417
2449 1031
2450 3853
2451 533
2452 2004
2453 38
2454 1539
2455 2971
2456 321
2457 85
2458 3272
2459 3766
2460 1626
2461 2055
2462 3220
2463 4082
2464 2401
2465 881
2466 663
2467 1765
2468 1325
2469 2314
2470 2259
2471 2794
2472 926
2473 1078
2474 1942
2475 2858
2476 250
2477 3676
2478 2538
2479 745
2480 981
2481 597
2482 2136
2483 3476
2484 3140
2485 3427
2486 1128
2487 147
2488 792
2489 393
2490 3931
2491 3361
2492 1262
2493 1183
2494 1470
2495 3872
2496 2473
2497 4034
2498 3610
2499 2209
2500 1563
2501 2903
2502 1682
2503 524
2504 1382
2505 448
2506 1518
2507 47
2508 3802
2509 3264
2510 858
2511 2708
2512 1997
2513 2361
2514 3030
2515 2417
2516 302
2517 2984
2518 3746
2519 3216
2520 2790
2521 1840
2522 4089
2523 669
2524 2591
2525 1885
2526 1050
2527 2098
2528 2849
2529 3544
2530 3409
2531 3120
2532 1769
2533 996
2534 2262
2535 3941
2536 609
2537 163
2538 93
2539 371
2540 3882
2541 2046
2542 947
2543 3992
2544 1216
2545 3496
2546 1441
2547 3632
2548 808
2549 1166
2550 739
2551 539
2552 3329
2553 3791
2554 1318
2555 3687
2556 1612
2557 3170
2558 28
2559 3033
2560 2426
2561 886
2562 469
2563 2716
2564 2188
2565 2942
2566 2522
2567 1395
2568 1508
2569 257
2570 1979
2571 4040
2572 1713
2573 3246
2574 2654
2575 1859
2576 2590
2577 2771
2578 3571
2579 2355
2580 1560
2581 1766
2582 3408
2583 2096
2584 171
2585 683
2586 2877
2587 1076
2588 622
2589 346
2590 1014
2591 3734
2592 3945
2593 113
2594 2142
2595 3871
2596 2032
2597 1187
2598 728
2599 3095
2600 3292
2601 776
2602 3178
2603 3628
2604 3001
2605 569
2606 2266
2607 1451
2608 1619
2609 444
2610 2462
2611 1259
2612 2543
2613 3494
2614 267
2615 2816
2616 502
2617 892
2618 14
2619 4071
2620 1394
2621 839
2622 3349
2623 2200
2624 1945
2625 2744
2626 2927
2627 3542
2628 1340
2629 197
2630 1764
2631 2368
2632 61
2633 3679
2634 2660
2635 1525
2636 2092
2637 3947
2638 317
2639 3403
2640 1893
2641 1001
2642 1158
2643 3884
2644 1088
2645 3089
2646 3227
2647 384
2648 762
2649 3631
2650 653
2651 3015
2652 574
2653 2044
2654 1480
2655 1603
2656 1279
2657 1818
2658 2553
2659 3817
2660 3167
2661 1230
2662 2869
2663 2460
2664 2413
2665 2250
2666 3454
2667 1407
2668 4023
2669 108
2670 1980
2671 3302
2672 3755
2673 3586
2674 190
2675 1342
2676 1664
2677 850
2678 3690
2679 457
2680 2158
2681 2968
2682 2817
2683 700
2684 2914
2685 2606
2686 2725
2687 1909
2688 1534
2689 2508
2690 306
2691 1140
2692 3977
2693 3116
2694 1730
2695 948
2696 3867
2697 411
2698 3248
2699 3527
2700 4076
2701 2320
2702 3034
2703 1000
2704 3813
2705 2112
2706 1197
2707 794
2708 3364
2709 1093
2710 613
2711 3419
2712 2382
2713 2245
2714 3188
2715 2448
2716 1479
2717 31
2718 1999
2719 4029
2720 104
2721 1846
2722 1266
2723 210
2724 1366
2725 483
2726 867
2727 1311
2728 3666
2729 673
2730 547
2731 1047
2732 1434
2733 1588
2734 2734
2735 284
2736 3604
2737 3760
2738 2860
2739 3965
2740 1696
2741 939
2742 2582
2743 2526
2744 426
2745 3485
2746 1640
2747 3136
2748 2906
2749 3861
2750 1144
2751 1949
2752 1541
2753 1210
2754 2151
2755 3300
2756 3541
2757 2810
2758 1898
2759 3405
2760 989
2761 2340
2762 2099
2763 747
2764 4046
2765 2652
2766 2269
2767 3199
2768 1754
2769 177
2770 3356
2771 1256
2772 813
2773 2455
2774 64
2775 353
2776 1048
2777 1814
2778 475
2779 1390
2780 2393
2781 888
2782 3629
2783 263
2784 2216
2785 3951
2786 3038
2787 587
2788 3767
2789 2502
2790 665
2791 2750
2792 1630
2793 110
2794 3881
2795 3692
2796 2894
2797 1444
2798 3489
2799 3084
2800 2026
2801 1315
2802 2963
2803 1686
2804 1178
2805 1517
2806 3574
2807 412
2808 944
2809 1905
2810 3832
2811 526
2812 3286
2813 2618
2814 2664
2815 1760
2816 2285
2817 1223
2818 3231
2819 2795
2820 3156
2821 780
2822 314
2823 1068
2824 1951
2825 2424
2826 30
2827 1806
2828 2559
2829 2079
2830 182
2831 2152
2832 833
2833 3950
2834 2351
2835 2493
2836 363
2837 2727
2838 878
2839 3412
2840 2223
2841 990
2842 4038
2843 2885
2844 3698
2845 1374
2846 3040
2847 734
2848 3770
2849 3894
2850 2028
2851 591
2852 1656
2853 3549
2854 1117
2855 419
2856 1520
2857 237
2858 666
2859 1168
2860 924
2861 2969
2862 3104
2863 3608
2864 1462
2865 3502
2866 1715
2867 3195
2868 465
2869 1911
2870 124
2871 3336
2872 1067
2873 3267
2874 2806
2875 2592
2876 1255
2877 62
2878 1306
2879 2126
2880 817
2881 1592
2882 3979
2883 2740
2884 1790
2885 2218
2886 2288
2887 320
2888 1959
2889 174
2890 2668
2891 1357
2892 4026
2893 2374
2894 3738
2895 714
2896 605
2897 2441
2898 3445
2899 1118
2900 1644
2901 3926
2902 542
2903 4072
2904 3395
2905 2065
2906 937
2907 1163
2908 3810
2909 1022
2910 2999
2911 3533
2912 387
2913 3582
2914 1422
2915 109
2916 2503
2917 1691
2918 868
2919 2948
2920 3236
2921 3110
2922 3862
2923 2839
2924 2902
2925 1538
2926 2116
2927 1896
2928 220
2929 1590
2930 1286
2931 804
2932 3656
2933 1786
2934 2792
2935 2726
2936 458
2937 32
2938 2193
2939 3975
2940 3708
2941 311
2942 2398
2943 679
2944 3328
2945 157
2946 2333
2947 1963
2948 2550
2949 1215
2950 744
2951 3373
2952 954
2953 1116
2954 2452
2955 610
2956 3165
2957 2052
2958 2636
2959 1478
2960 3560
2961 3055
2962 3452
2963 4066
2964 1399
2965 1167
2966 503
2967 3830
2968 87
2969 2887
2970 366
2971 1042
2972 2504
2973 3233
2974 2127
2975 1685
2976 1294
2977 2275
2978 841
2979 3777
2980 2730
2981 3877
2982 434
2983 5
2984 2955
2985 3660
2986 1639
2987 1861
2988 1343
2989 660
2990 3728
2991 2185
2992 3501
2993 162
2994 1761
2995 1578
2996 2557
2997 980
2998 900
2999 4016
3000 3961
3001 612
3002 737
3003 3291
3004 1968
3005 2655
3006 3609
3007 2063
3008 1923
3009 3345
3010 2812
3011 1121
3012 2403
3013 3098
3014 514
3015 3394
3016 264
3017 375
3018 316
3019 2477
3020 1438
3021 3017
3022 1297
3023 3448
3024 1515
3025 1198
3026 3186
3027 1052
3028 4069
3029 3898
3030 3238
3031 1699
3032 2881
3033 1345
3034 2017
3035 1870
3036 2715
3037 2110
3038 2945
3039 3721
3040 2297
3041 468
3042 855
3043 3665
3044 785
3045 3561
3046 2206
3047 2588
3048 1587
3049 3972
3050 3297
3051 2639
3052 48
3053 1966
3054 723
3055 422
3056 3844
3057 2772
3058 2399
3059 214
3060 600
3061 551
3062 3348
3063 1637
3064 1004
3065 1918
3066 1775
3067 2823
3068 1253
3069 1537
3070 3778
3071 4018
3072 3068
3073 1080
3074 3130
3075 2456
3076 1199
3077 1427
3078 934
3079 301
3080 1138
3081 1852
3082 3212
3083 1492
3084 134
3085 2717
3086 1688
3087 2517
3088 2159
3089 2038
3090 3575
3091 3475
3092 2085
3093 3623
3094 854
3095 1339
3096 2883
3097 3729
3098 3964
3099 2233
3100 2598
3101 3260
3102 2952
3103 1992
3104 2335
3105 219
3106 358
3107 491
3108 3828
3109 420
3110 759
3111 3886
3112 2762
3113 1774
3114 9
3115 3397
3116 1585
3117 655
3118 3051
3119 3103
3120 1083
3121 1219
3122 580
3123 1038
3124 1928
3125 278
3126 3158
3127 56
3128 4033
3129 1281
3130 972
3131 3305
3132 1634
3133 1458
3134 149
3135 902
3136 3673
3137 2822
3138 712
3139 2440
3140 1155
3141 2533
3142 2900
3143 3492
3144 3599
3145 2601
3146 2237
3147 3206
3148 1867
3149 2034
3150 2373
3151 1328
3152 470
3153 527
3154 844
3155 1704
3156 3792
3157 3909
3158 1783
3159 2282
3160 1977
3161 789
3162 2993
3163 3959
3164 2697
3165 1571
3166 415
3167 1523
3168 1234
3169 1095
3170 632
3171 350
3172 3253
3173 3129
3174 1023
3175 3354
3176 4075
3177 963
3178 1442
3179 272
3180 3066
3181 3658
3182 4019
3183 738
3184 224
3185 3850
3186 98
3187 1169
3188 2530
3189 3705
3190 2457
3191 2644
3192 2920
3193 2874
3194 1932
3195 1858
3196 2780
3197 2829
3198 521
3199 3583
3200 891
3201 1721
3202 2161
3203 1658
3204 3761
3205 3486
3206 3429
3207 45
3208 692
3209 581
3210 2221
3211 2280
3212 2976
3213 1316
3214 2710
3215 462
3216 1092
3217 2107
3218 1998
3219 1037
3220 2390
3221 1218
3222 800
3223 975
3224 2583
3225 3281
3226 3910
3227 3185
3228 2057
3229 3971
3230 3029
3231 1778
3232 1599
3233 180
3234 3139
3235 1363
3236 3839
3237 2447
3238 248
3239 356
3240 1455
3241 1156
3242 1834
3243 4043
3244 3707
3245 1936
3246 1729
3247 3352
3248 1661
3249 2521
3250 1889
3251 402
3252 2915
3253 630
3254 2641
3255 3488
3256 2190
3257 3551
3258 3769
3259 511
3260 3643
3261 2845
3262 2236
3263 1288
3264 2337
3265 118
3266 3596
3267 2737
3268 838
3269 2689
3270 3092
3271 707
3272 1995
3273 3885
3274 907
3275 573
3276 1017
3277 3036
3278 2100
3279 768
3280 2573
3281 1780
3282 2981
3283 170
3284 42
3285 256
3286 3261
3287 1433
3288 336
3289 1186
3290 2394
3291 1070
3292 1607
3293 1828
3294 3189
3295 3970
3296 2040
3297 3340
3298 2459
3299 1511
3300 3711
3301 3431
3302 647
3303 1919
3304 428
3305 1732
3306 3662
3307 3827
3308 4074
3309 2916
3310 102
3311 2150
3312 1660
3313 518
3314 2645
3315 2302
3316 2707
3317 3126
3318 3612
3319 2766
3320 3537
3321 1007
3322 3757
3323 1986
3324 893
3325 819
3326 2568
3327 1120
3328 1319
3329 207
3330 722
3331 961
3332 3262
3333 329
3334 3047
3335 2197
3336 1220
3337 1568
3338 4021
3339 1801
3340 374
3341 2372
3342 277
3343 2966
3344 3181
3345 3357
3346 2472
3347 160
3348 1428
3349 3919
3350 1706
3351 1753
3352 3822
3353 1493
3354 627
3355 1864
3356 2919
3357 1651
3358 115
3359 1075
3360 3464
3361 2289
3362 430
3363 59
3364 2062
3365 3667
3366 2799
3367 3100
3368 523
3369 3514
3370 3566
3371 2634
3372 3617
3373 1982
3374 778
3375 2729
3376 967
3377 2141
3378 3731
3379 1293
3380 2554
3381 2195
3382 823
3383 2862
3384 1550
3385 4032
3386 1146
3387 729
3388 3257
3389 1915
3390 3160
3391 678
3392 199
3393 3004
3394 896
3395 2465
3396 296
3397 1707
3398 1426
3399 3921
3400 3849
3401 1378
3402 1833
3403 3782
3404 620
3405 2922
3406 3980
3407 380
3408 140
3409 2312
3410 43
3411 1204
3412 3114
3413 3385
3414 1627
3415 1062
3416 3321
3417 425
3418 2418
3419 3619
3420 1770
3421 3678
3422 1484
3423 2649
3424 1303
3425 3487
3426 2548
3427 2178
3428 2108
3429 2699
3430 2036
3431 2360
3432 3060
3433 3268
3434 1579
3435 1988
3436 749
3437 3555
3438 1930
3439 894
3440 3197
3441 2875
3442 1115
3443 236
3444 2500
3445 959
3446 830
3447 1419
3448 1847
3449 3917
3450 1362
3451 2987
3452 3780
3453 3985
3454 2239
3455 141
3456 2807
3457 4039
3458 565
3459 1712
3460 1238
3461 3418
3462 3113
3463 474
3464 2310
3465 3840
3466 297
3467 1771
3468 1465
3469 3358
3470 33
3471 1030
3472 3644
3473 1317
3474 1512
3475 2759
3476 2432
3477 3468
3478 640
3479 3724
3480 3063
3481 2047
3482 1605
3483 2146
3484 2627
3485 396
3486 1176
3487 2556
3488 765
3489 706
3490 880
3491 1105
3492 2857
3493 2935
3494 933
3495 3580
3496 520
3497 1883
3498 3003
3499 3522
3500 1371
3501 2485
3502 1830
3503 3277
3504 2694
3505 168
3506 234
3507 1700
3508 2256
3509 3151
3510 1272
3511 984
3512 4022
3513 467
3514 1981
3515 1456
3516 68
3517 3232
3518 2352
3519 1934
3520 2203
3521 3936
3522 3655
3523 2745
3524 290
3525 17
3526 3416
3527 2101
3528 3371
3529 4084
3530 1516
3531 1653
3532 417
3533 338
3534 626
3535 801
3536 756
3537 1114
3538 2836
3539 3074
3540 2576
3541 1562
3542 2946
3543 2886
3544 3021
3545 862
3546 3466
3547 1807
3548 1756
3549 2458
3550 2518
3551 545
3552 1853
3553 3875
3554 128
3555 2686
3556 1200
3557 2272
3558 917
3559 1041
3560 3719
3561 3531
3562 690
3563 1403
3564 2148
3565 1249
3566 3166
3567 181
3568 3771
3569 3927
3570 1467
3571 1698
3572 3641
3573 41
3574 2322
3575 1334
3576 1941
3577 442
3578 2755
3579 4077
3580 3332
3581 3983
3582 2201
3583 593
3584 259
3585 802
3586 1580
3587 3410
3588 1113
3589 2375
3590 1645
3591 3477
3592 2835
3593 490
3594 645
3595 333
3596 1799
3597 853
3598 2006
3599 3584
3600 2487
3601 3218
3602 2070
3603 2918
3604 3283
3605 1160
3606 960
3607 718
3608 2982
3609 3046
3610 1411
3611 3143
3612 92
3613 1217
3614 2605
3615 3539
3616 3852
3617 1702
3618 3714
3619 2153
3620 159
3621 3807
3622 1956
3623 3663
3624 2662
3625 2261
3626 421
3627 2718
3628 1876
3629 2215
3630 1350
3631 1018
3632 2315
3633 3953
3634 230
3635 2387
3636 4050
3637 1278
3638 1638
3639 3344
3640 1575
3641 763
3642 1482
3643 3426
3644 623
3645 2008
3646 1081
3647 832
3648 522
3649 3200
3650 3615
3651 2933
3652 335
3653 35
3654 3073
3655 3274
3656 3128
3657 1767
3658 2492
3659 1432
3660 2059
3661 2798
3662 2104
3663 3521
3664 680
3665 2604
3666 3737
3667 2865
3668 3793
3669 3896
3670 2165
3671 3668
3672 927
3673 456
3674 156
3675 1372
3676 988
3677 2319
3678 1824
3679 3963
3680 3028
3681 204
3682 4017
3683 2735
3684 1150
3685 1921
3686 1674
3687 3381
3688 1211
3689 2210
3690 1481
3691 251
3692 860
3693 784
3694 1058
3695 2263
3696 2930
3697 519
3698 332
3699 1601
3700 3330
3701 1264
3702 3132
3703 2498
3704 72
3705 1989
3706 3455
3707 1418
3708 3215
3709 564
3710 3564
3711 383
3712 1762
3713 2376
3714 1103
3715 2613
3716 2069
3717 2564
3718 3650
3719 616
3720 731
3721 2832
3722 464
3723 3774
3724 1330
3725 1533
3726 3870
3727 3825
3728 3991
3729 3928
3730 2137
3731 1903
3732 1851
3733 3717
3734 1201
3735 3059
3736 3399
3737 1466
3738 4049
3739 889
3740 1668
3741 940
3742 3512
3743 2243
3744 228
3745 148
3746 2970
3747 1617
3748 684
3749 2665
3750 994
3751 3118
3752 1257
3753 325
3754 3351
3755 1045
3756 2779
3757 2468
3758 3255
3759 2344
3760 1800
3761 2037
3762 2410
3763 1958
3764 3651
3765 1755
3766 1112
3767 828
3768 3458
3769 488
3770 1358
3771 562
3772 740
3773 54
3774 2838
3775 2184
3776 3860
3777 3946
3778 2552
3779 624
3780 1174
3781 2720
3782 1565
3783 1503
3784 2602
3785 1450
3786 3062
3787 2905
3788 3739
3789 222
3790 1694
3791 1880
3792 2997
3793 2293
3794 408
3795 970
3796 4036
3797 911
3798 3144
3799 687
3800 1615
3801 318
3802 3559
3803 3805
3804 165
3805 1282
3806 2042
3807 3193
3808 2657
3809 3290
3810 2467
3811 2109
3812 1744
3813 3432
3814 453
3815 1090
3816 3347
3817 1985
3818 2354
3819 1404
3820 769
3821 3647
3822 1819
3823 2225
3824 611
3825 537
3826 3864
3827 2177
3828 76
3829 2733
3830 1464
3831 1351
3832 268
3833 3715
3834 1025
3835 3938
3836 1887
3837 3478
3838 2273
3839 859
3840 3077
3841 1145
3842 2991
3843 942
3844 213
3845 3984
3846 1572
3847 2934
3848 3529
3849 724
3850 348
3851 1243
3852 2056
3853 3150
3854 1679
3855 4064
3856 2600
3857 1738
3858 2428
3859 2483
3860 2684
3861 3320
3862 667
3863 3811
3864 2380
3865 3217
3866 3577
3867 1622
3868 1195
3869 1820
3870 437
3871 2001
3872 2181
3873 3414
3874 608
3875 2844
3876 51
3877 2761
3878 1424
3879 3713
3880 2332
3881 495
3882 1010
3883 274
3884 1327
3885 872
3886 2544
3887 142
3888 1064
3889 554
3890 195
3891 919
3892 1894
3893 2901
3894 2271
3895 3474
3896 775
3897 362
3898 2949
3899 1687
3900 827
3901 2617
3902 1149
3903 3121
3904 1950
3905 3986
3906 3924
3907 2117
3908 3341
3909 4063
3910 1742
3911 2378
3912 2067
3913 3620
3914 1837
3915 1594
3916 1203
3917 3294
3918 1379
3919 3404
3920 2691
3921 2480
3922 1254
3923 3833
3924 3748
3925 1436
3926 658
3927 2208
3928 260
3929 1310
3930 3203
3931 730
3932 1013
3933 602
3934 2781
3935 58
3936 957
3937 3044
3938 482
3939 2547
3940 2294
3941 1502
3942 327
3943 376
3944 208
3945 2979
3946 553
3947 2643
3948 781
3949 107
3950 4011
3951 3127
3952 2852
3953 3907
3954 3557
3955 1719
3956 2350
3957 1098
3958 3621
3959 1646
3960 1817
3961 2054
3962 3314
3963 3960
3964 1380
3965 1180
3966 2695
3967 3254
3968 2925
3969 1577
3970 3747
3971 3510
3972 674
3973 3837
3974 2179
3975 1863
3976 3202
3977 1298
3978 3420
3979 1973
3980 2445
3981 2751
3982 916
3983 1242
3984 852
3985 598
3986 995
3987 3042
3988 292
3989 2803
3990 365
3991 2274
3992 504
3993 2635
3994 757
3995 65
3996 244
3997 1459
3998 3112
3999 2516
4000 3914
4001 169
4002 2345
4003 2870
4004 4052
4005 1099
4006 1776
4007 2565
4008 1718
4009 3614
4010 3968
4011 3317
4012 1625
4013 2078
4014 2972
4015 3758
4016 3534
4017 681
4018 1360
4019 1535
4020 2027
4021 3259
4022 2212
4023 2692
4024 3803
4025 1891
4026 3441
4027 2160
4028 901
4029 2453
4030 3213
4031 618
4032 1251
4033 1162
4034 1302
4035 344
4036 557
4037 512
4038 2642
4039 764
4040 75
4041 2290
4042 227
4043 3102
4044 2514
4045 3155
4046 3900
4047 2341
4048 2876
4049 4041
4050 2389
4051 1763
4052 1811
4053 2567
4054 3637
4055 3318
4056 2959
4057 1591
4058 1636
4059 3008
4060 3751
4061 3519
4062 717
4063 1398
4064 3310
4065 2049
4066 1779
4067 319
4068 2703
4069 233
4070 1868
4071 3428
4072 3463
4073 884
4074 1554
4075 3149
4076 638
4077 1727
4078 904
4079 74
4080 2614
4081 1805
4082 489
4083 2965
4084 3288
4085 2957
4086 3944
4087 2688
4088 304
4089 2495
4090 596
4091 1356
4092 3470
4093 3789
4094 4014
4095 2347
