BER Performance of Bit-based Message Passing in MIMO Channel
Number of transmit antenna is 4
Number of receive antenna is 4
Maximum number of bits of simulation = 800000

Eb/No     BER
0.000000 1.825301e-01 1.536145e-01 1.524096e-01 1.518072e-01 1.509036e-01 
1.000000 1.742993e-01 1.350100e-01 1.278779e-01 1.244995e-01 1.252503e-01 
2.000000 1.673693e-01 1.200464e-01 1.102445e-01 1.075042e-01 1.055017e-01 
3.000000 1.528625e-01 1.046748e-01 8.858401e-02 8.646680e-02 8.477304e-02 
4.000000 1.445587e-01 8.306169e-02 6.588516e-02 6.362839e-02 6.275075e-02 
5.000000 1.366785e-01 6.992280e-02 5.478029e-02 5.210808e-02 4.953484e-02 
6.000000 1.314130e-01 5.902174e-02 4.134058e-02 3.826087e-02 3.626812e-02 
7.000000 1.169315e-01 4.546792e-02 2.852168e-02 2.584854e-02 2.454875e-02 
8.000000 1.093895e-01 3.503248e-02 2.126143e-02 1.806310e-02 1.658823e-02 
9.000000 1.038778e-01 2.823333e-02 1.448889e-02 1.235556e-02 1.112222e-02 
10.000000 9.268974e-02 2.069286e-02 9.695776e-03 7.807865e-03 6.756028e-03 
Total elapsed time: 4900(sec)

BER Performance of Bit-based Message Passing in MIMO Channel
Number of transmit antenna is 4
Number of receive antenna is 4
Maximum number of bits of simulation = 8000000

Eb/No     BER
0.000000 1.901515e-01 1.592424e-01 1.551515e-01 1.525758e-01 1.525758e-01 1.524242e-01 1.530303e-01 1.521212e-01 1.527273e-01 1.518182e-01 
1.000000 1.746051e-01 1.363524e-01 1.280849e-01 1.251234e-01 1.248766e-01 1.248766e-01 1.257404e-01 1.242596e-01 1.246298e-01 1.241362e-01 
2.000000 1.581314e-01 1.101446e-01 1.003714e-01 9.841673e-02 9.626661e-02 9.763487e-02 9.753714e-02 9.773260e-02 9.792807e-02 9.783034e-02 
3.000000 1.559167e-01 1.031667e-01 9.008333e-02 8.700000e-02 8.500000e-02 8.483333e-02 8.333333e-02 8.341667e-02 8.133333e-02 8.341667e-02 
4.000000 1.472279e-01 8.367399e-02 6.968574e-02 6.713081e-02 6.483137e-02 6.425652e-02 6.451201e-02 6.470363e-02 6.336229e-02 6.393715e-02 
5.000000 1.330245e-01 7.002293e-02 5.631448e-02 5.225449e-02 4.862438e-02 4.848109e-02 4.728697e-02 4.852885e-02 4.762132e-02 4.781238e-02 
6.000000 1.253175e-01 5.638811e-02 3.927483e-02 3.606807e-02 3.419482e-02 3.330582e-02 3.298832e-02 3.238506e-02 3.178181e-02 3.178181e-02 
7.000000 1.178233e-01 4.316810e-02 2.739224e-02 2.422414e-02 2.267241e-02 2.252155e-02 2.230603e-02 2.228448e-02 2.127155e-02 2.157328e-02 
8.000000 1.123388e-01 3.686772e-02 2.113811e-02 1.749628e-02 1.656645e-02 1.687639e-02 1.600855e-02 1.568311e-02 1.492375e-02 1.551265e-02 
9.000000 1.018189e-01 2.767282e-02 1.476254e-02 1.244721e-02 1.103949e-02 1.051160e-02 9.742906e-03 9.770690e-03 9.215011e-03 9.270579e-03 
10.000000 9.263540e-02 2.113056e-02 1.017810e-02 8.119016e-03 6.916416e-03 6.822555e-03 6.083396e-03 6.089262e-03 5.702084e-03 5.883940e-03 
11.000000 8.419980e-02 1.613950e-02 7.089247e-03 5.597331e-03 4.472221e-03 4.228859e-03 3.837364e-03 3.798567e-03 3.502300e-03 3.530516e-03 
12.000000 7.478658e-02 1.120020e-02 4.795495e-03 3.580551e-03 2.879868e-03 2.627023e-03 2.339893e-03 2.346321e-03 2.174901e-03 2.151330e-03 
13.000000 6.500841e-02 7.518657e-03 2.864250e-03 2.033224e-03 1.575557e-03 1.455118e-03 1.265701e-03 1.217525e-03 1.100371e-03 1.095992e-03 
14.000000 5.495628e-02 4.959038e-03 1.728113e-03 1.199013e-03 9.695171e-04 8.305011e-04 7.022708e-04 6.687152e-04 5.968103e-04 6.010048e-04 
15.000000 4.551501e-02 3.090370e-03 1.018135e-03 7.111373e-04 5.594923e-04 4.986860e-04 4.415874e-04 4.163750e-04 3.767026e-04 3.711410e-04 
16.000000 3.620721e-02 1.855449e-03 6.007326e-04 4.054119e-04 3.092092e-04 2.709224e-04 2.369114e-04 2.207804e-04 1.988190e-04 1.951264e-04 
Total elapsed time: 245269(sec)

