BER Performance of Bit-based Message Passing in SISO ICI Channel
Maximum Doppler frequency: 810.185185
Channel fading rate: 0.074075
Maximum number of bits of simulation = 102400

Eb/No     I_a      I_e,fnd  I_e,bnd
15.000000 0.000000 0.227588 0.000000
25.000000 0.000000 0.175692 0.000000
15.000000 0.099000 0.228298 0.186094
25.000000 0.099000 0.176462 0.184829
15.000000 0.198000 0.228349 0.350853
25.000000 0.198000 0.181447 0.353537
15.000000 0.297000 0.230134 0.498146
25.000000 0.297000 0.184126 0.496065
15.000000 0.396000 0.230930 0.624128
25.000000 0.396000 0.188362 0.621678
15.000000 0.495000 0.231327 0.728750
25.000000 0.495000 0.192539 0.730537
15.000000 0.594000 0.234350 0.822756
25.000000 0.594000 0.198963 0.822437
15.000000 0.693000 0.235324 0.895531
25.000000 0.693000 0.204781 0.898396
15.000000 0.792000 0.236809 0.952677
25.000000 0.792000 0.213043 0.950552
15.000000 0.891000 0.238802 0.985702
25.000000 0.891000 0.225245 0.985252
15.000000 0.990000 0.242796 0.999944
25.000000 0.990000 0.243835 0.999952

Total elapsed time: 156665(sec)

BER Performance of Bit-based Message Passing in SISO ICI Channel
Maximum Doppler frequency: 810.185185
Channel fading rate: 0.074075
Maximum number of bits of simulation = 102400

Eb/No     I_a      I_e,fnd  I_e,bnd
15.000000 0.000000 0.227093 0.000000
15.000000 0.099000 0.227440 0.184780
15.000000 0.198000 0.229217 0.348473
15.000000 0.297000 0.229014 0.491455
15.000000 0.396000 0.231230 0.618859
15.000000 0.495000 0.231921 0.728073
15.000000 0.594000 0.232326 0.824851
15.000000 0.693000 0.234985 0.897724
15.000000 0.792000 0.236087 0.952214
15.000000 0.891000 0.238096 0.986183
15.000000 0.990000 0.240934 0.999945
25.000000 0.000000 0.155391 0.000000
25.000000 0.099000 0.158946 0.185498
25.000000 0.198000 0.161781 0.350747
25.000000 0.297000 0.165261 0.491316
25.000000 0.396000 0.168430 0.616426
25.000000 0.495000 0.172085 0.731769
25.000000 0.594000 0.178380 0.823612
25.000000 0.693000 0.186666 0.897882
25.000000 0.792000 0.193657 0.950532
25.000000 0.891000 0.204128 0.986329
25.000000 0.990000 0.224343 0.999976

Total elapsed time: 157883(sec)

BER Performance of Bit-based Message Passing in SISO ICI Channel
Maximum Doppler frequency: 810.185185
Channel fading rate: 0.074075
Maximum number of bits of simulation = 1024000

Eb/No     I_a      I_e,fnd  I_e,bnd
15.000000 0.000000 0.222651 0.000000
15.000000 0.099000 0.223045 0.185753
15.000000 0.198000 0.223674 0.348937
15.000000 0.297000 0.224466 0.495594
15.000000 0.396000 0.225230 0.618854
15.000000 0.495000 0.226132 0.728905
15.000000 0.594000 0.227088 0.821908
15.000000 0.693000 0.228518 0.896535
15.000000 0.792000 0.229569 0.951043
15.000000 0.891000 0.231007 0.985703
15.000000 0.990000 0.234359 0.999887

Total elapsed time: 789257(sec)

