BER Performance of Bit-based Message Passing in MIMO Channel
Receiver Channel Selection
Number of transmit antenna is 4
Number of receive antenna is 4
Maximum number of bits of simulation = 800000

Eb/No     BER
16.000000 3.615750e-002 1.878750e-003 6.312500e-004 4.150000e-004 3.187500e-004 2.700000e-004 2.237500e-004 1.987500e-004 1.687500e-004 1.700000e-004 
BER Performance of Bit-based Message Passing in MIMO Channel
Receiver Channel Selection
Number of transmit antenna is 4
Number of receive antenna is 4
Maximum number of bits of simulation = 1000000

Eb/No     BER
0.000000 1.916366e-001 1.604994e-001 1.568893e-001 1.520758e-001 1.496691e-001 1.507220e-001 1.507220e-001 1.511733e-001 1.513237e-001 1.507220e-001 
2.000000 1.653361e-001 1.179622e-001 1.099790e-001 1.064076e-001 1.064076e-001 1.057773e-001 1.049370e-001 1.056723e-001 1.053571e-001 1.053571e-001 
4.000000 1.434681e-001 8.618455e-002 6.920684e-002 6.739243e-002 6.473561e-002 6.538362e-002 6.350441e-002 6.434681e-002 6.376361e-002 6.486522e-002 
6.000000 1.286014e-001 5.846154e-002 4.157343e-002 3.776224e-002 3.650350e-002 3.667832e-002 3.538462e-002 3.486014e-002 3.409091e-002 3.500000e-002 
8.000000 1.097969e-001 3.536440e-002 2.069892e-002 1.792115e-002 1.605436e-002 1.600956e-002 1.547192e-002 1.553166e-002 1.469534e-002 1.494922e-002 
10.000000 9.289202e-002 2.076284e-002 9.589026e-003 7.613398e-003 6.387330e-003 6.050028e-003 5.610999e-003 5.568167e-003 5.182679e-003 5.359361e-003 
12.000000 7.460787e-002 1.075785e-002 4.285483e-003 3.167211e-003 2.545540e-003 2.297240e-003 2.080207e-003 2.013993e-003 1.828228e-003 1.844781e-003 
14.000000 5.488400e-002 4.916000e-003 1.820000e-003 1.351000e-003 1.074000e-003 9.520000e-004 8.390000e-004 7.890000e-004 6.920000e-004 6.950000e-004 
16.000000 3.611600e-002 1.892000e-003 6.610000e-004 4.860000e-004 3.800000e-004 3.200000e-004 2.850000e-004 2.580000e-004 2.370000e-004 2.420000e-004 
Total elapsed time: 28248(sec)

