BER Performance of Bit-based Message Passinlg in MIMO Channel
Gallager (20, 7) LDPC code
Dimension of Parity Check matrix: (15,20)
Column Weight = 3, Row Weight = 4
Number of transmit antenna is 2
Number of receive antenna is 2
Vehicular speed: 350.000000 km/h
Maximum Doppler frequency: 810.185185
Channel fading rate: 0.083336
Maximum number of bits of simulation = 10200000

Eb/No     BER
0.000000:
1.415455e-001
9.442609e-002
7.802379e-002
6.996585e-002
6.667768e-002
6.365940e-002
6.071271e-002
5.926966e-002
5.728685e-002
5.541970e-002
2.000000:
9.824206e-002
4.607843e-002
3.195994e-002
2.801724e-002
2.656567e-002
2.589588e-002
2.406398e-002
2.299484e-002
2.192148e-002
2.132564e-002
4.000000:
6.121498e-002
1.638611e-002
8.706027e-003
7.079632e-003
6.673292e-003
6.378243e-003
5.971903e-003
5.568151e-003
5.354370e-003
5.183552e-003
6.000000:
3.142931e-002
3.919608e-003
1.656863e-003
1.278333e-003
1.184412e-003
1.092059e-003
1.013627e-003
9.282353e-004
8.808824e-004
8.433333e-004
8.000000:
1.098186e-002
4.247059e-004
1.475490e-004
9.656863e-005
8.764706e-005
7.500000e-005
6.833333e-005
6.500000e-005
5.980392e-005
5.715686e-005
10.000000:
3.215686e-003
5.490196e-005
1.774510e-005
1.127451e-005
1.000000e-005
9.705882e-006
1.019608e-005
8.529412e-006
7.549020e-006
7.352941e-006
12.000000:
6.213725e-004
4.215686e-006
6.862745e-007
2.941176e-007
1.960784e-007
0.000000e+000
1.960784e-007
0.000000e+000
0.000000e+000
0.000000e+000
Total elapsed time: 660990(sec)

