BER Performance of Bit-based Message Passinlg in MIMO Channel
Gallager (20, 7) LDPC code
Dimension of Parity Check matrix: (15,20)
Column Weight = 3, Row Weight = 4
Number of transmit antenna is 4
Number of receive antenna is 4
Vehicular speed: 250.000000 km/h
Maximum Doppler frequency: 578.703704
Channel fading rate: 0.059525
Maximum number of bits of simulation = 1022500

Eb/No     BER
0.000000:
2.236989e-001 1.967866e-001 1.887356e-001 1.834439e-001 1.810863e-001 1.815578e-001 1.819595e-001 1.805973e-001 1.796193e-001 1.800559e-001 

2.000000:
1.895599e-001 1.532518e-001 1.406357e-001 1.352200e-001 1.293032e-001 1.297677e-001 1.283007e-001 1.277262e-001 1.266993e-001 1.255990e-001 

4.000000:
1.500475e-001 1.004822e-001 8.702119e-002 8.128905e-002 7.691524e-002 7.411030e-002 7.281309e-002 7.210676e-002 7.017794e-002 6.883320e-002 

6.000000:
1.040954e-001 5.583902e-002 4.564406e-002 4.173208e-002 3.908120e-002 3.738579e-002 3.536224e-002 3.453545e-002 3.357354e-002 3.249260e-002 

8.000000:
6.723059e-002 2.625601e-002 2.071536e-002 1.813234e-002 1.673634e-002 1.586219e-002 1.475668e-002 1.420853e-002 1.364855e-002 1.334622e-002 

10.000000:
4.769682e-002 1.501320e-002 1.240685e-002 1.107677e-002 1.034523e-002 9.852323e-003 9.424939e-003 8.981907e-003 8.761858e-003 8.539853e-003 

12.000000:
3.364108e-002 9.426895e-003 8.679707e-003 7.888509e-003 7.521760e-003 7.360391e-003 7.108068e-003 6.800978e-003 6.771638e-003 6.548655e-003 

14.000000:
2.303765e-002 6.037164e-003 5.695844e-003 5.401467e-003 5.205868e-003 5.185330e-003 4.950611e-003 4.824450e-003 4.719804e-003 4.598533e-003 

16.000000:
1.492812e-002 4.210269e-003 4.163325e-003 3.906112e-003 3.790709e-003 3.626406e-003 3.621516e-003 3.448411e-003 3.377017e-003 3.396577e-003 

