10.000000 0.000000 0.268385
10.000000 0.099000 0.287325
10.000000 0.198000 0.309261
10.000000 0.297000 0.335093
10.000000 0.396000 0.365117
10.000000 0.495000 0.398841
10.000000 0.594000 0.437928
10.000000 0.693000 0.484112
10.000000 0.792000 0.537629
10.000000 0.891000 0.603901
10.000000 0.990000 0.720810
15.000000 0.000000 0.384840
15.000000 0.099000 0.414916
15.000000 0.198000 0.449619
15.000000 0.297000 0.488050
15.000000 0.396000 0.527554
15.000000 0.495000 0.571801
15.000000 0.594000 0.620530
15.000000 0.693000 0.672950
15.000000 0.792000 0.729436
15.000000 0.891000 0.790853
15.000000 0.990000 0.882546
