EXIT Chart of Bit-based Message Passing in MIMO Channel
Number of transmit antenna is 4
Number of receive antenna is 4
Maximum number of bits of simulation = 800000

Eb/No     I_a      I_e,fnd  I_e_bnd
10.000000 0.000000 0.269233 0.000000
15.000000 0.000000 0.384391 0.000000
10.000000 0.099000 0.286586 0.143626
15.000000 0.099000 0.415095 0.143023
10.000000 0.198000 0.309603 0.278119
15.000000 0.198000 0.449694 0.278292
10.000000 0.297000 0.335768 0.406207
15.000000 0.297000 0.487361 0.405611
10.000000 0.396000 0.364766 0.519444
15.000000 0.396000 0.527737 0.521508
10.000000 0.495000 0.397923 0.631370
15.000000 0.495000 0.572182 0.631091
10.000000 0.594000 0.437350 0.732174
15.000000 0.594000 0.621033 0.733885
10.000000 0.693000 0.483927 0.822966
15.000000 0.693000 0.673765 0.824270
10.000000 0.792000 0.538948 0.900538
15.000000 0.792000 0.730098 0.900463
10.000000 0.891000 0.604652 0.960263
15.000000 0.891000 0.791786 0.960789
10.000000 0.990000 0.721012 0.998944
15.000000 0.990000 0.882847 0.998996
Total elapsed time: 36419(sec)

EXIT Chart of Bit-based Message Passing in MIMO Channel
Number of transmit antenna is 4
Number of receive antenna is 4
Maximum number of bits of simulation = 800000

Eb/No     I_a      I_e,fnd  I,e_bnd
10.000000 0.000000 0.269173 0.000000
15.000000 0.000000 0.384334 0.000000
10.000000 0.099000 0.286861 0.143073
15.000000 0.099000 0.415446 0.143976
10.000000 0.198000 0.309209 0.278815
15.000000 0.198000 0.449483 0.277366
10.000000 0.297000 0.335034 0.404107
15.000000 0.297000 0.487098 0.405902
10.000000 0.396000 0.364453 0.521450
15.000000 0.396000 0.528563 0.519802
10.000000 0.495000 0.399036 0.630022
15.000000 0.495000 0.571430 0.629852
10.000000 0.594000 0.439366 0.732638
15.000000 0.594000 0.621070 0.732405
10.000000 0.693000 0.485084 0.823965
15.000000 0.693000 0.673202 0.822718
10.000000 0.792000 0.537651 0.900430
15.000000 0.792000 0.730038 0.901032
10.000000 0.891000 0.605054 0.960484
15.000000 0.891000 0.791861 0.960452
10.000000 0.990000 0.720967 0.998915
15.000000 0.990000 0.883031 0.998939
Total elapsed time: 37560(sec)

EXIT Chart of Bit-based Message Passing in MIMO Channel
Number of transmit antenna is 4
Number of receive antenna is 4
Maximum number of bits of simulation = 800000

Eb/No     I_a      I_e,fnd  I,e_bnd
10.000000 0.000000 0.268385 0.000000
15.000000 0.000000 0.384840 0.000000
10.000000 0.099000 0.287325 0.144957
15.000000 0.099000 0.414916 0.143218
10.000000 0.198000 0.309261 0.278636
15.000000 0.198000 0.449619 0.278012
10.000000 0.297000 0.335093 0.406046
15.000000 0.297000 0.488050 0.405306
10.000000 0.396000 0.365117 0.520083
15.000000 0.396000 0.527554 0.520932
10.000000 0.495000 0.398841 0.630948
15.000000 0.495000 0.571801 0.631072
10.000000 0.594000 0.437928 0.732859
15.000000 0.594000 0.620530 0.732506
10.000000 0.693000 0.484112 0.824378
15.000000 0.693000 0.672950 0.824434
10.000000 0.792000 0.537629 0.900763
15.000000 0.792000 0.729436 0.901285
10.000000 0.891000 0.603901 0.960178
15.000000 0.891000 0.790853 0.960286
10.000000 0.990000 0.720810 0.998927
15.000000 0.990000 0.882546 0.998928
Total elapsed time: 37518(sec)

