0.182979
-25.642859
-31.702911
-35.232014
-37.733278
-39.672559
-41.256690
-42.595847
-43.755741
-44.778739
-45.693759
-46.521422
-47.276953
-47.971912
-48.615283
-49.214189
-49.774372
-50.300526
-50.796542
-51.265678
-51.710690
-52.133931
-52.537424
-52.922924
-53.291961
-53.645876
-53.985855
-54.312947
-54.628088
-54.932116
-55.225781
-55.509763
-55.784674
-56.051070
-56.309459
-56.560304
-56.804028
-57.041019
-57.271636
-57.496208
-57.715041
-57.928415
-58.136593
-58.339819
-58.538318
-58.732302
-58.921968
-59.107501
-59.289074
-59.466848
-59.640977
-59.811603
-59.978861
-60.142879
-60.303777
-60.461669
-60.616661
-60.768856
-60.918349
-61.065232
-61.209593
-61.351512
-61.491070
-61.628340
-61.763395
-61.896300
-62.027123
-62.155923
-62.282761
-62.407693
-62.530773
-62.652052
-62.771580
-62.889406
-63.005574
-63.120127
-63.233109
-63.344560
-63.454518
-63.563020
-63.670103
-63.775802
-63.880148
-63.983175
-64.084914
-64.185394
-64.284644
-64.382692
-64.479564
-64.575288
-64.669886
-64.763385
-64.855807
-64.947176
-65.037512
-65.126837
-65.215172
-65.302537
-65.388951
-65.474433
-65.559001
-65.642672
-65.725464
-65.807394
-65.888476
-65.968728
-66.048164
-66.126799
-66.204648
-66.281724
-66.358041
-66.433613
-66.508451
-66.582569
-66.655979
-66.728693
-66.800722
-66.872077
-66.942770
-67.012811
-67.082211
-67.150979
-67.219126
-67.286662
-67.353595
-67.419935
-67.485692
-67.550873
-67.615487
-67.679544
-67.743050
-67.806014
-67.868443
-67.930346
-67.991730
-68.052602
-68.112969
-68.172838
-68.232216
-68.291110
-68.349526
-68.407471
-68.464950
-68.521970
-68.578537
-68.634657
-68.690335
-68.745578
-68.800390
-68.854777
-68.908744
-68.962297
-69.015441
-69.068180
-69.120519
-69.172464
-69.224019
-69.275188
-69.325976
-69.376388
-69.426428
-69.476099
-69.525407
-69.574356
-69.622948
-69.671189
-69.719083
-69.766632
-69.813841
-69.860714
-69.907254
-69.953464
-69.999348
-70.044911
-70.090154
-70.135081
-70.179695
-70.224001
-70.268000
-70.311696
-70.355092
-70.398191
-70.440996
-70.483509
-70.525734
-70.567674
-70.609330
-70.650707
-70.691805
-70.732629
-70.773181
-70.813463
-70.853477
-70.893226
-70.932713
-70.971940
-71.010910
-71.049623
-71.088084
-71.126294
-71.164255
-71.201969
-71.239439
-71.276666
-71.313653
-71.350402
-71.386915
-71.423194
-71.459240
-71.495056
-71.530643
-71.566004
-71.601139
-71.636052
-71.670744
-71.705216
-71.739471
-71.773509
-71.807334
-71.840945
-71.874346
-71.907537
-71.940520
-71.973297
-72.005870
-72.038239
-72.070407
-72.102375
-72.134143
-72.165715
-72.197091
-72.228272
-72.259261
-72.290058
-72.320664
-72.351082
-72.381312
-72.411356
-72.441214
-72.470889
-72.500382
-72.529693
-72.558824
-72.587776
-72.616550
-72.645148
-72.673571
-72.701820
-72.729895
-72.757799
-72.785531
-72.813094
-72.840488
-72.867715
-72.894775
-72.921669
-72.948399
-72.974965
-73.001369
-73.027612
-73.053694
-73.079616
-73.105379
-73.130985
-73.156434
-73.181727
-73.206866
-73.231850
-73.256681
-73.281360
-73.305887
-73.330264
-73.354491
-73.378569
-73.402498
-73.426281
-73.449917
-73.473408
-73.496753
-73.519955
-73.543013
-73.565929
-73.588702
-73.611335
-73.633827
-73.656180
-73.678393
-73.700469
-73.722407
-73.744208
-73.765873
-73.787403
-73.808797
-73.830058
-73.851185
-73.872179
-73.893042
-73.913772
-73.934372
-73.954841
-73.975181
-73.995392
-74.015474
-74.035428
-74.055255
-74.074955
-74.094529
-74.113978
-74.133301
-74.152500
-74.171576
-74.190527
-74.209356
-74.228063
-74.246647
-74.265111
-74.283454
-74.301676
-74.319779
-74.337763
-74.355627
-74.373374
-74.391003
-74.408514
-74.425909
-74.443187
-74.460350
-74.477397
-74.494329
-74.511146
-74.527850
-74.544439
-74.560916
-74.577279
-74.593531
-74.609670
-74.625698
-74.641615
-74.657421
-74.673116
-74.688702
-74.704178
-74.719545
-74.734804
-74.749954
-74.764996
-74.779930
-74.794757
-74.809477
-74.824091
-74.838598
-74.853000
-74.867296
-74.881488
-74.895574
-74.909556
-74.923434
-74.937208
-74.950879
-74.964446
-74.977911
-74.991273
-75.004533
-75.017692
-75.030748
-75.043704
-75.056558
-75.069312
-75.081966
-75.094520
-75.106973
-75.119328
-75.131583
-75.143739
-75.155797
-75.167756
-75.179617
-75.191381
-75.203047
-75.214615
-75.226087
-75.237461
-75.248740
-75.259921
-75.271007
-75.281997
-75.292892
-75.303691
-75.314396
-75.325005
-75.335520
-75.345940
-75.356266
-75.366499
-75.376637
-75.386682
-75.396634
-75.406493
-75.416259
-75.425933
-75.435514
-75.445002
-75.454399
-75.463704
-75.472917
-75.482039
-75.491070
-75.500009
-75.508858
-75.517616
-75.526283
-75.534860
-75.543348
-75.551745
-75.560052
-75.568270
-75.576398
-75.584437
-75.592387
-75.600248
-75.608020
-75.615703
-75.623298
-75.630805
-75.638223
-75.645554
-75.652797
-75.659952
-75.667019
-75.673999
-75.680891
-75.687697
-75.694415
-75.701047
-75.707592
-75.714050
-75.720422
-75.726707
-75.732906
-75.739019
-75.745046
-75.750987
-75.756842
-75.762612
-75.768296
-75.773895
-75.779408
-75.784837
-75.790180
-75.795438
-75.800611
-75.805700
-75.810703
-75.815622
-75.820457
-75.825207
-75.829873
-75.834455
-75.838953
-75.843367
-75.847696
-75.851942
-75.856104
-75.860182
-75.864177
-75.868088
-75.871916
-75.875660
-75.879321
-75.882898
-75.886393
-75.889804
-75.893132
-75.896377
-75.899540
-75.902619
-75.905616
-75.908530
-75.911361
-75.914109
-75.916775
-75.919358
-75.921859
-75.924278
-75.926614
-75.928867
-75.931039
-75.933128
-75.935134
-75.937059
-75.938901
-75.940662
-75.942340
-75.943936
-75.945450
-75.946882
-75.948232
-75.949500
-75.950687
-75.951791
-75.952813
-75.953754
-75.954613
-75.955390
-75.956085
-75.956698
-75.957230
-75.957679
-75.958047
-75.958333
-75.958538
-75.958660
-75.958701
-75.958660
-75.958538
-75.958333
-75.958047
-75.957679
-75.957230
-75.956698
-75.956085
-75.955390
-75.954613
-75.953754
-75.952814
-75.951791
-75.950687
-75.949501
-75.948232
-75.946882
-75.945450
-75.943936
-75.942340
-75.940662
-75.938902
-75.937059
-75.935135
-75.933128
-75.931039
-75.928868
-75.926614
-75.924278
-75.921860
-75.919359
-75.916775
-75.914110
-75.911361
-75.908530
-75.905616
-75.902620
-75.899540
-75.896378
-75.893133
-75.889804
-75.886393
-75.882899
-75.879321
-75.875660
-75.871916
-75.868088
-75.864177
-75.860183
-75.856104
-75.851942
-75.847697
-75.843367
-75.838953
-75.834456
-75.829874
-75.825208
-75.820458
-75.815623
-75.810704
-75.805700
-75.800612
-75.795438
-75.790180
-75.784837
-75.779409
-75.773896
-75.768297
-75.762613
-75.756843
-75.750988
-75.745047
-75.739020
-75.732907
-75.726708
-75.720422
-75.714051
-75.707593
-75.701048
-75.694416
-75.687698
-75.680892
-75.674000
-75.667020
-75.659952
-75.652798
-75.645555
-75.638224
-75.630806
-75.623299
-75.615704
-75.608021
-75.600249
-75.592388
-75.584438
-75.576399
-75.568271
-75.560053
-75.551746
-75.543349
-75.534862
-75.526284
-75.517617
-75.508859
-75.500010
-75.491071
-75.482040
-75.472918
-75.463705
-75.454400
-75.445004
-75.435515
-75.425934
-75.416261
-75.406495
-75.396636
-75.386684
-75.376639
-75.366500
-75.356268
-75.345941
-75.335521
-75.325006
-75.314397
-75.303693
-75.292893
-75.281999
-75.271009
-75.259923
-75.248741
-75.237463
-75.226088
-75.214617
-75.203048
-75.191382
-75.179619
-75.167758
-75.155798
-75.143741
-75.131585
-75.119329
-75.106975
-75.094521
-75.081968
-75.069314
-75.056560
-75.043706
-75.030750
-75.017693
-75.004535
-74.991275
-74.977913
-74.964448
-74.950880
-74.937210
-74.923436
-74.909558
-74.895576
-74.881489
-74.867298
-74.853002
-74.838600
-74.824093
-74.809479
-74.794759
-74.779932
-74.764998
-74.749956
-74.734806
-74.719547
-74.704180
-74.688704
-74.673118
-74.657423
-74.641617
-74.625700
-74.609672
-74.593533
-74.577282
-74.560918
-74.544441
-74.527852
-74.511148
-74.494331
-74.477399
-74.460352
-74.443190
-74.425911
-74.408517
-74.391005
-74.373376
-74.355630
-74.337765
-74.319781
-74.301679
-74.283456
-74.265113
-74.246650
-74.228065
-74.209359
-74.190530
-74.171578
-74.152503
-74.133304
-74.113980
-74.094532
-74.074958
-74.055258
-74.035431
-74.015477
-73.995394
-73.975184
-73.954844
-73.934375
-73.913775
-73.893044
-73.872182
-73.851188
-73.830061
-73.808800
-73.787405
-73.765876
-73.744211
-73.722410
-73.700472
-73.678396
-73.656183
-73.633830
-73.611338
-73.588705
-73.565931
-73.543016
-73.519958
-73.496756
-73.473411
-73.449920
-73.426284
-73.402502
-73.378572
-73.354494
-73.330267
-73.305890
-73.281363
-73.256684
-73.231853
-73.206869
-73.181731
-73.156438
-73.130988
-73.105383
-73.079619
-73.053697
-73.027615
-73.001373
-72.974969
-72.948403
-72.921673
-72.894778
-72.867718
-72.840492
-72.813098
-72.785535
-72.757802
-72.729899
-72.701823
-72.673575
-72.645152
-72.616554
-72.587780
-72.558828
-72.529697
-72.500385
-72.470893
-72.441218
-72.411360
-72.381316
-72.351086
-72.320668
-72.290062
-72.259265
-72.228277
-72.197095
-72.165719
-72.134148
-72.102379
-72.070411
-72.038244
-72.005874
-71.973302
-71.940525
-71.907541
-71.874350
-71.840949
-71.807338
-71.773514
-71.739475
-71.705221
-71.670749
-71.636057
-71.601144
-71.566008
-71.530648
-71.495060
-71.459245
-71.423198
-71.386920
-71.350407
-71.313658
-71.276671
-71.239444
-71.201974
-71.164260
-71.126299
-71.088089
-71.049628
-71.010915
-70.971946
-70.932719
-70.893232
-70.853482
-70.813468
-70.773186
-70.732635
-70.691811
-70.650712
-70.609336
-70.567679
-70.525740
-70.483515
-70.441001
-70.398197
-70.355098
-70.311702
-70.268006
-70.224007
-70.179701
-70.135087
-70.090159
-70.044916
-69.999354
-69.953470
-69.907260
-69.860720
-69.813847
-69.766638
-69.719089
-69.671196
-69.622955
-69.574362
-69.525414
-69.476106
-69.426434
-69.376395
-69.325983
-69.275195
-69.224026
-69.172471
-69.120526
-69.068187
-69.015448
-68.962304
-68.908751
-68.854784
-68.800397
-68.745585
-68.690342
-68.634664
-68.578544
-68.521977
-68.464957
-68.407478
-68.349534
-68.291118
-68.232224
-68.172846
-68.112977
-68.052610
-67.991738
-67.930355
-67.868452
-67.806022
-67.743058
-67.679552
-67.615496
-67.550881
-67.485700
-67.419944
-67.353604
-67.286670
-67.219135
-67.150988
-67.082220
-67.012820
-66.942779
-66.872086
-66.800731
-66.728702
-66.655989
-66.582579
-66.508461
-66.433623
-66.358051
-66.281734
-66.204658
-66.126810
-66.048175
-65.968739
-65.888487
-65.807404
-65.725475
-65.642683
-65.559012
-65.474444
-65.388963
-65.302549
-65.215184
-65.126849
-65.037524
-64.947188
-64.855819
-64.763397
-64.669899
-64.575300
-64.479577
-64.382704
-64.284657
-64.185407
-64.084927
-63.983189
-63.880162
-63.775815
-63.670117
-63.563034
-63.454532
-63.344574
-63.233124
-63.120142
-63.005589
-62.889421
-62.771596
-62.652068
-62.530789
-62.407709
-62.282778
-62.155940
-62.027140
-61.896318
-61.763412
-61.628358
-61.491088
-61.351531
-61.209611
-61.065251
-60.918368
-60.768875
-60.616681
-60.461689
-60.303798
-60.142901
-59.978883
-59.811625
-59.640999
-59.466871
-59.289097
-59.107525
-58.921993
-58.732327
-58.538344
-58.339845
-58.136620
-57.928443
-57.715069
-57.496237
-57.271666
-57.041050
-56.804059
-56.560336
-56.309493
-56.051104
-55.784709
-55.509799
-55.225819
-54.932155
-54.628129
-54.312989
-53.985898
-53.645921
-53.292008
-52.922973
-52.537476
-52.133985
-51.710747
-51.265738
-50.796605
-50.300593
-49.774443
-49.214265
-48.615364
-47.971999
-47.277047
-46.521525
-45.693872
-44.778865
-43.755883
-42.596009
-41.256879
-39.672785
-37.733562
-35.232392
-31.703478
-25.643993
