BER Performance of Bit-based Message Passing in MIMO Channel
Receiver Channel Selection
Number of transmit antenna is 2
Number of receive antenna is 2
Maximum Doppler frequency: 1157.407407
Channel fading rate: 0.105822
Maximum number of bits of simulation = 1024000

Eb/No     BER
0.000000:
1.420085e-001 
1.163737e-001 
1.137695e-001 
1.148275e-001 
1.145020e-001 
1.140951e-001 

5.000000:
9.062500e-002 
5.771484e-002 
5.424805e-002 
5.312500e-002 
5.336914e-002 
5.327148e-002 

10.000000:
4.276217e-002 
2.112755e-002 
2.003831e-002 
1.979417e-002 
1.949369e-002 
1.926833e-002 

15.000000:
1.674805e-002 
6.951904e-003 
6.518555e-003 
6.292725e-003 
6.286621e-003 
6.219482e-003 

20.000000:
8.061891e-003 
3.116074e-003 
2.822056e-003 
2.772177e-003 
2.743301e-003 
2.711799e-003 

25.000000:
6.609375e-003 
2.392578e-003 
2.111328e-003 
2.082031e-003 
2.064453e-003 
2.013672e-003 

30.000000:
5.889037e-003 
2.398054e-003 
2.334167e-003 
2.368392e-003 
2.343294e-003 
2.318195e-003 

Total elapsed time: 4636(sec)

