BER Performance of coded MMSE Detector with PPIC in MIMO-OFDM system
Gallager (20, 7) LDPC code
Dimension of Parity Check matrix: (15,20)
Column Weight = 3, Row Weight = 4
Number of transmit antenna is 2
Number of receive antenna is 2
Vehicular speed: 350.000000 km/h
Maximum Doppler frequency: 810.185185
Channel fading rate: 0.083336
Maximum number of bits of simulation = 8180

Eb/No     BER
0.000000:
4.359413e-001 
3.755501e-001 
3.968215e-001 
4.902200e-001 
4.902200e-001 
4.902200e-001 
4.902200e-001 
4.902200e-001 
4.902200e-001 
4.902200e-001 

4.000000:
5.017115e-001 
5.019560e-001 
5.019560e-001 
5.019560e-001 
5.019560e-001 
5.019560e-001 
5.019560e-001 
5.019560e-001 
5.019560e-001 
5.019560e-001 

8.000000:
5.024450e-001 
5.026895e-001 
5.026895e-001 
5.026895e-001 
5.026895e-001 
5.026895e-001 
5.026895e-001 
5.026895e-001 
5.026895e-001 
5.026895e-001 

12.000000:
5.033007e-001 
5.034230e-001 
5.034230e-001 
5.034230e-001 
5.034230e-001 
5.034230e-001 
5.034230e-001 
5.034230e-001 
5.034230e-001 
5.034230e-001 

16.000000:
5.025672e-001 
5.026895e-001 
5.026895e-001 
5.026895e-001 
5.026895e-001 
5.026895e-001 
5.026895e-001 
5.026895e-001 
5.026895e-001 
5.026895e-001 

Total elapsed time: 90(sec)

BER Performance of coded MMSE Detector with PPIC in MIMO-OFDM system
Gallager (20, 7) LDPC code
Dimension of Parity Check matrix: (15,20)
Column Weight = 3, Row Weight = 4
Number of transmit antenna is 2
Number of receive antenna is 2
Vehicular speed: 350.000000 km/h
Maximum Doppler frequency: 810.185185
Channel fading rate: 0.083336
Maximum number of bits of simulation = 1022500

Eb/No     BER
0.000000:
4.524450e-001 
3.926650e-001 
3.431540e-001 
3.171149e-001 
3.466993e-001 
4.995110e-001 
4.995110e-001 
4.995110e-001 
4.995110e-001 
4.995110e-001 

4.000000:
5.001222e-001 
5.004890e-001 
5.004890e-001 
5.004890e-001 
5.004890e-001 
5.004890e-001 
5.004890e-001 
5.004890e-001 
5.004890e-001 
5.004890e-001 

8.000000:
4.944988e-001 
4.946210e-001 
4.946210e-001 
4.946210e-001 
4.946210e-001 
4.946210e-001 
4.946210e-001 
4.946210e-001 
4.946210e-001 
4.946210e-001 

12.000000:
5.029340e-001 
5.031785e-001 
5.031785e-001 
5.031785e-001 
5.031785e-001 
5.031785e-001 
5.031785e-001 
5.031785e-001 
5.031785e-001 
5.031785e-001 

Total elapsed time: 70(sec)

BER Performance of coded MMSE Detector with PPIC in MIMO-OFDM system
Gallager (20, 7) LDPC code
Dimension of Parity Check matrix: (15,20)
Column Weight = 3, Row Weight = 4
Number of transmit antenna is 2
Number of receive antenna is 2
Vehicular speed: 350.000000 km/h
Maximum Doppler frequency: 810.185185
Channel fading rate: 0.083336
Maximum number of bits of simulation = 1022500

Eb/No     BER
0.000000:
3.278729e-001 
3.276284e-001 
3.289731e-001 
3.266504e-001 
3.270171e-001 
3.268949e-001 
3.259169e-001 
3.261614e-001 
3.253056e-001 
3.264059e-001 

4.000000:
1.800733e-001 
1.772616e-001 
1.958435e-001 
1.924205e-001 
2.739609e-001 
4.992665e-001 
4.992665e-001 
4.992665e-001 
4.992665e-001 
4.992665e-001 

8.000000:
1.229829e-001 
1.860636e-001 
4.378973e-001 
4.958435e-001 
4.958435e-001 
4.958435e-001 
4.958435e-001 
4.958435e-001 
4.958435e-001 
4.958435e-001 

12.000000:
4.841076e-002 
1.260391e-001 
4.570905e-001 
5.004890e-001 
5.004890e-001 
5.004890e-001 
5.004890e-001 
5.004890e-001 
5.004890e-001 
5.004890e-001 

Total elapsed time: 63(sec)

BER Performance of coded MMSE Detector with PPIC in MIMO-OFDM system
Gallager (20, 7) LDPC code
Dimension of Parity Check matrix: (15,20)
Column Weight = 3, Row Weight = 4
Number of transmit antenna is 2
Number of receive antenna is 2
Vehicular speed: 350.000000 km/h
Maximum Doppler frequency: 810.185185
Channel fading rate: 0.083336
Maximum number of bits of simulation = 1022500

Eb/No     BER
0.000000:
3.034230e-001 
3.019560e-001 
2.997555e-001 
3.546455e-001 
4.970660e-001 
4.970660e-001 
4.970660e-001 
4.970660e-001 
4.970660e-001 
4.970660e-001 

4.000000:
2.564792e-001 
2.501222e-001 
2.465770e-001 
3.018337e-001 
4.997555e-001 
4.997555e-001 
4.997555e-001 
4.997555e-001 
4.997555e-001 
4.997555e-001 

8.000000:
1.358191e-001 
2.019560e-001 
4.407090e-001 
5.007335e-001 
5.007335e-001 
5.007335e-001 
5.007335e-001 
5.007335e-001 
5.007335e-001 
5.007335e-001 

12.000000:
6.173594e-002 
1.333741e-001 
4.330073e-001 
4.975550e-001 
4.975550e-001 
4.975550e-001 
4.975550e-001 
4.975550e-001 
4.975550e-001 
4.975550e-001 

Total elapsed time: 66(sec)

BER Performance of coded MMSE Detector with PPIC in MIMO-OFDM system
Gallager (20, 7) LDPC code
Dimension of Parity Check matrix: (15,20)
Column Weight = 3, Row Weight = 4
Number of transmit antenna is 2
Number of receive antenna is 2
Vehicular speed: 350.000000 km/h
Maximum Doppler frequency: 810.185185
Channel fading rate: 0.083336
Maximum number of bits of simulation = 1022500

Eb/No     BER
0.000000:
2.617359e-001 
2.484108e-001 
2.422983e-001 
2.377751e-001 
2.361858e-001 
2.347188e-001 
2.350856e-001 
2.336186e-001 
2.336186e-001 
2.321516e-001 

4.000000:
2.667482e-001 
2.606357e-001 
2.579462e-001 
2.564792e-001 
2.533007e-001 
2.517115e-001 
2.490220e-001 
2.511002e-001 
2.487775e-001 
2.475550e-001 

8.000000:
1.519152e-001 
1.167889e-001 
9.731051e-002 
8.475958e-002 
7.901385e-002 
7.404238e-002 
6.943765e-002 
6.552567e-002 
6.242869e-002 
6.100244e-002 

BER Performance of coded MMSE Detector with PPIC in MIMO-OFDM system
Gallager (20, 7) LDPC code
Dimension of Parity Check matrix: (15,20)
Column Weight = 3, Row Weight = 4
Number of transmit antenna is 2
Number of receive antenna is 2
Vehicular speed: 350.000000 km/h
Maximum Doppler frequency: 810.185185
Channel fading rate: 0.083336
Maximum number of bits of simulation = 10225000

Eb/No     BER
0.000000:
2.858191e-001 
2.765281e-001 
2.683374e-001 
2.666015e-001 
2.656968e-001 
2.647922e-001 
2.621516e-001 
2.614670e-001 
2.612225e-001 
2.607090e-001 

4.000000:
2.351380e-001 
2.201886e-001 
2.067063e-001 
2.000175e-001 
1.965246e-001 
1.930143e-001 
1.898533e-001 
1.866923e-001 
1.851205e-001 
1.839329e-001 

8.000000:
1.142865e-001 
7.294954e-002 
5.403145e-002 
4.471271e-002 
3.999500e-002 
3.633030e-002 
3.397144e-002 
3.204879e-002 
3.002612e-002 
2.863970e-002 

12.000000:
4.861578e-002 
1.603887e-002 
8.126273e-003 
5.490526e-003 
4.422372e-003 
3.842196e-003 
3.409994e-003 
3.030002e-003 
2.752394e-003 
2.547117e-003 

Total elapsed time: 6775(sec)

BER Performance of coded MMSE Detector with PPIC in MIMO-OFDM system
Gallager (20, 7) LDPC code
Dimension of Parity Check matrix: (15,20)
Column Weight = 3, Row Weight = 4
Number of transmit antenna is 2
Number of receive antenna is 2
Vehicular speed: 350.000000 km/h
Maximum Doppler frequency: 810.185185
Channel fading rate: 0.083336
Maximum number of bits of simulation = 10225000

Eb/No     BER
0.000000:
2.756724e-001 
2.715159e-001 
2.644254e-001 
2.625917e-001 
2.618093e-001 
2.601711e-001 
2.590709e-001 
2.585819e-001 
2.586797e-001 
2.584352e-001 

2.000000:
2.423158e-001 
2.280300e-001 
2.174467e-001 
2.131505e-001 
2.080335e-001 
2.058505e-001 
2.035452e-001 
2.027070e-001 
2.018163e-001 
1.991792e-001 

4.000000:
2.460531e-001 
2.286937e-001 
2.145826e-001 
2.081209e-001 
2.046629e-001 
2.016766e-001 
1.999825e-001 
1.985505e-001 
1.967691e-001 
1.965596e-001 

6.000000:
1.387065e-001 
1.044010e-001 
8.755385e-002 
7.856561e-002 
7.288392e-002 
6.898358e-002 
6.491443e-002 
6.223658e-002 
6.001863e-002 
5.866224e-002 

8.000000:
1.072950e-001 
6.677312e-002 
4.813882e-002 
4.007535e-002 
3.524275e-002 
3.235866e-002 
3.011327e-002 
2.803004e-002 
2.623871e-002 
2.520333e-002 

10.000000:
6.911877e-002 
3.164565e-002 
1.910036e-002 
1.436504e-002 
1.204672e-002 
1.060550e-002 
9.346187e-003 
8.450673e-003 
7.828380e-003 
7.371049e-003 

12.000000:
4.585827e-002 
1.546642e-002 
8.034144e-003 
5.551355e-003 
4.511968e-003 
3.919219e-003 
3.459711e-003 
3.131300e-003 
2.843639e-003 
2.688950e-003 

14.000000:
2.858200e-002 
6.500049e-003 
2.750709e-003 
1.738680e-003 
1.362738e-003 
1.178680e-003 
1.046944e-003 
9.436675e-004 
8.692421e-004 
7.994132e-004 

16.000000:
1.577888e-002 
2.241369e-003 
7.421027e-004 
4.035208e-004 
3.086553e-004 
2.679707e-004 
2.303178e-004 
2.034230e-004 
1.782885e-004 
1.672372e-004 

Total elapsed time: 40886(sec)

BER Performance of coded MMSE Detector with PPIC in MIMO-OFDM system
Gallager (20, 7) LDPC code
Dimension of Parity Check matrix: (15,20)
Column Weight = 3, Row Weight = 4
Number of transmit antenna is 2
Number of receive antenna is 2
Vehicular speed: 350.000000 km/h
Maximum Doppler frequency: 810.185185
Channel fading rate: 0.083336
Maximum number of bits of simulation = 10225000

Eb/No     BER
0.000000:
3.189792e-001 
3.151284e-001 
3.134169e-001 
3.128362e-001 
3.112775e-001 
3.111247e-001 
3.106357e-001 
3.103912e-001 
3.097494e-001 
3.102384e-001 

2.000000:
1.943358e-001 
1.852078e-001 
1.925835e-001 
3.041157e-001 
5.004890e-001 
5.004890e-001 
5.004890e-001 
5.004890e-001 
5.004890e-001 
5.004890e-001 

4.000000:
2.058272e-001 
2.453953e-001 
3.330888e-001 
4.475550e-001 
5.008965e-001 
5.008965e-001 
5.008965e-001 
5.008965e-001 
5.008965e-001 
5.008965e-001 

6.000000:
2.118989e-001 
2.592095e-001 
3.714751e-001 
5.030970e-001 
5.030970e-001 
5.030970e-001 
5.030970e-001 
5.030970e-001 
5.030970e-001 
5.030970e-001 

8.000000:
1.698044e-001 
1.814181e-001 
3.246536e-001 
4.979625e-001 
4.979625e-001 
4.979625e-001 
4.979625e-001 
4.979625e-001 
4.979625e-001 
4.979625e-001 

10.000000:
2.986960e-002 
9.013855e-002 
3.827221e-001 
4.964140e-001 
4.964140e-001 
4.964140e-001 
4.964140e-001 
4.964140e-001 
4.964140e-001 
4.964140e-001 

12.000000:
6.650367e-002 
1.543195e-001 
3.731051e-001 
4.917685e-001 
4.917685e-001 
4.917685e-001 
4.917685e-001 
4.917685e-001 
4.917685e-001 
4.917685e-001 

14.000000:
5.929095e-002 
1.514670e-001 
4.206601e-001 
4.981255e-001 
4.981255e-001 
4.981255e-001 
4.981255e-001 
4.981255e-001 
4.981255e-001 
4.981255e-001 

16.000000:
1.874491e-002 
6.218419e-002 
3.154849e-001 
4.997555e-001 
4.997555e-001 
4.997555e-001 
4.997555e-001 
4.997555e-001 
4.997555e-001 
4.997555e-001 

Total elapsed time: 449(sec)

