BER Performance of Bit-based Message Passing in MIMO Channel
Receiver Channel Selection
Number of transmit antenna is 2
Number of receive antenna is 2
Maximum Doppler frequency: 810.185185
Channel fading rate: 0.074075
Maximum number of bits of simulation = 1024000

Eb/No     BER
0.000000:
2.877197e-001 
2.661133e-001 
2.644043e-001 
2.657471e-001 
2.651367e-001 
2.647705e-001 

5.000000:
2.386475e-001 
1.907959e-001 
1.810303e-001 
1.801758e-001 
1.785889e-001 
1.779785e-001 

10.000000:
1.879883e-001 
1.120605e-001 
9.960938e-002 
9.552002e-002 
9.356689e-002 
9.252930e-002 

15.000000:
1.288452e-001 
5.374146e-002 
4.000854e-002 
3.717041e-002 
3.713989e-002 
3.591919e-002 

20.000000:
1.007254e-001 
3.398786e-002 
2.465820e-002 
2.111816e-002 
1.970564e-002 
1.895578e-002 

25.000000:
8.745117e-002 
2.774658e-002 
1.849365e-002 
1.561279e-002 
1.435547e-002 
1.367188e-002 

30.000000:
7.588704e-002 
2.353923e-002 
1.492310e-002 
1.229858e-002 
1.083374e-002 
1.048787e-002 

Total elapsed time: 1183(sec)

BER Performance of Bit-based Message Passing in MIMO Channel
Receiver Channel Selection
Number of transmit antenna is 2
Number of receive antenna is 2
Maximum Doppler frequency: 810.185185
Channel fading rate: 0.074075
Maximum number of bits of simulation = 1024000

Eb/No     BER
0.000000:
2.931641e-001 
2.771240e-001 
2.765137e-001 
2.757324e-001 
2.756104e-001 
2.755127e-001 

5.000000:
2.267020e-001 
1.909354e-001 
1.860003e-001 
1.854074e-001 
1.852853e-001 
1.852853e-001 

10.000000:
1.813253e-001 
1.159261e-001 
1.058858e-001 
1.029358e-001 
1.024170e-001 
1.018982e-001 

15.000000:
1.538188e-001 
7.541402e-002 
5.946859e-002 
5.438232e-002 
5.297852e-002 
5.265299e-002 

20.000000:
1.232439e-001 
5.077293e-002 
3.583319e-002 
3.118064e-002 
2.926081e-002 
2.805398e-002 

25.000000:
9.553119e-002 
3.438600e-002 
2.304550e-002 
1.984416e-002 
1.827100e-002 
1.737009e-002 

30.000000:
8.706114e-002 
3.100145e-002 
2.060194e-002 
1.718544e-002 
1.564706e-002 
1.480139e-002 

Total elapsed time: 7926(sec)

