-0.410074
-23.793639
-29.890478
-33.426350
-35.929975
-37.870346
-39.455068
-40.794580
-41.954704
-42.977860
-43.892991
-44.720738
-45.476331
-46.171339
-46.814749
-47.413686
-47.973894
-48.500070
-48.996103
-49.465254
-49.910278
-50.333530
-50.737033
-51.122541
-51.491585
-51.845506
-52.185491
-52.512588
-52.827734
-53.131765
-53.425434
-53.709419
-53.984332
-54.250731
-54.509123
-54.759970
-55.003696
-55.240689
-55.471308
-55.695881
-55.914715
-56.128091
-56.336270
-56.539497
-56.737997
-56.931982
-57.121649
-57.307183
-57.488756
-57.666532
-57.840661
-58.011288
-58.178547
-58.342566
-58.503464
-58.661356
-58.816349
-58.968544
-59.118038
-59.264921
-59.409282
-59.551202
-59.690760
-59.828031
-59.963086
-60.095992
-60.226814
-60.355615
-60.482453
-60.607385
-60.730465
-60.851745
-60.971273
-61.089099
-61.205267
-61.319821
-61.432803
-61.544254
-61.654212
-61.762715
-61.869798
-61.975496
-62.079843
-62.182870
-62.284609
-62.385089
-62.484339
-62.582387
-62.679260
-62.774983
-62.869582
-62.963081
-63.055503
-63.146872
-63.237208
-63.326533
-63.414869
-63.502234
-63.588648
-63.674130
-63.758697
-63.842369
-63.925161
-64.007090
-64.088173
-64.168425
-64.247861
-64.326497
-64.404345
-64.481421
-64.557739
-64.633310
-64.708149
-64.782267
-64.855677
-64.928390
-65.000419
-65.071775
-65.142468
-65.212509
-65.281908
-65.350677
-65.418824
-65.486360
-65.553293
-65.619633
-65.685390
-65.750571
-65.815185
-65.879242
-65.942748
-66.005712
-66.068142
-66.130045
-66.191428
-66.252300
-66.312667
-66.372537
-66.431915
-66.490809
-66.549224
-66.607169
-66.664648
-66.721668
-66.778236
-66.834355
-66.890034
-66.945276
-67.000088
-67.054475
-67.108443
-67.161996
-67.215139
-67.267879
-67.320218
-67.372163
-67.423718
-67.474887
-67.525675
-67.576087
-67.626126
-67.675798
-67.725106
-67.774054
-67.822647
-67.870888
-67.918781
-67.966331
-68.013540
-68.060413
-68.106952
-68.153163
-68.199047
-68.244609
-68.289852
-68.334780
-68.379394
-68.423700
-68.467699
-68.511395
-68.554791
-68.597890
-68.640695
-68.683208
-68.725433
-68.767373
-68.809029
-68.850406
-68.891504
-68.932328
-68.972880
-69.013162
-69.053176
-69.092925
-69.132413
-69.171640
-69.210609
-69.249323
-69.287783
-69.325993
-69.363954
-69.401668
-69.439138
-69.476365
-69.513353
-69.550102
-69.586614
-69.622893
-69.658939
-69.694755
-69.730342
-69.765703
-69.800839
-69.835751
-69.870443
-69.904915
-69.939170
-69.973208
-70.007033
-70.040644
-70.074045
-70.107236
-70.140219
-70.172997
-70.205569
-70.237939
-70.270106
-70.302074
-70.333843
-70.365414
-70.396790
-70.427972
-70.458960
-70.489757
-70.520364
-70.550781
-70.581011
-70.611055
-70.640914
-70.670589
-70.700081
-70.729392
-70.758523
-70.787475
-70.816250
-70.844848
-70.873270
-70.901519
-70.929594
-70.957498
-70.985230
-71.012793
-71.040187
-71.067414
-71.094474
-71.121368
-71.148098
-71.174665
-71.201069
-71.227311
-71.253393
-71.279315
-71.305079
-71.330684
-71.356134
-71.381427
-71.406565
-71.431549
-71.456380
-71.481059
-71.505586
-71.529963
-71.554190
-71.578268
-71.602198
-71.625980
-71.649617
-71.673107
-71.696453
-71.719654
-71.742712
-71.765628
-71.788402
-71.811034
-71.833526
-71.855879
-71.878093
-71.900168
-71.922106
-71.943907
-71.965572
-71.987102
-72.008497
-72.029757
-72.050884
-72.071879
-72.092741
-72.113472
-72.134071
-72.154541
-72.174880
-72.195091
-72.215173
-72.235127
-72.254954
-72.274655
-72.294229
-72.313677
-72.333001
-72.352200
-72.371275
-72.390227
-72.409055
-72.427762
-72.446347
-72.464810
-72.483153
-72.501376
-72.519478
-72.537462
-72.555327
-72.573073
-72.590702
-72.608214
-72.625608
-72.642887
-72.660049
-72.677096
-72.694028
-72.710846
-72.727549
-72.744139
-72.760615
-72.776979
-72.793230
-72.809369
-72.825397
-72.841314
-72.857120
-72.872816
-72.888401
-72.903878
-72.919245
-72.934503
-72.949653
-72.964695
-72.979629
-72.994456
-73.009177
-73.023790
-73.038298
-73.052699
-73.066996
-73.081187
-73.095273
-73.109255
-73.123133
-73.136907
-73.150578
-73.164145
-73.177610
-73.190972
-73.204233
-73.217391
-73.230448
-73.243403
-73.256258
-73.269012
-73.281665
-73.294219
-73.306673
-73.319027
-73.331282
-73.343439
-73.355496
-73.367455
-73.379317
-73.391080
-73.402746
-73.414314
-73.425786
-73.437161
-73.448439
-73.459621
-73.470707
-73.481697
-73.492591
-73.503391
-73.514095
-73.524704
-73.535219
-73.545639
-73.555966
-73.566198
-73.576337
-73.586382
-73.596334
-73.606192
-73.615958
-73.625632
-73.635213
-73.644702
-73.654098
-73.663403
-73.672616
-73.681738
-73.690769
-73.699708
-73.708557
-73.717315
-73.725983
-73.734560
-73.743047
-73.751444
-73.759751
-73.767969
-73.776097
-73.784136
-73.792086
-73.799947
-73.807719
-73.815402
-73.822997
-73.830504
-73.837923
-73.845253
-73.852496
-73.859651
-73.866718
-73.873698
-73.880591
-73.887396
-73.894115
-73.900746
-73.907291
-73.913749
-73.920121
-73.926406
-73.932605
-73.938718
-73.944745
-73.950686
-73.956541
-73.962311
-73.967995
-73.973594
-73.979107
-73.984536
-73.989879
-73.995137
-74.000310
-74.005399
-74.010402
-74.015322
-74.020156
-74.024907
-74.029573
-74.034154
-74.038652
-74.043066
-74.047395
-74.051641
-74.055803
-74.059881
-74.063876
-74.067787
-74.071615
-74.075359
-74.079020
-74.082597
-74.086092
-74.089503
-74.092831
-74.096077
-74.099239
-74.102318
-74.105315
-74.108229
-74.111060
-74.113808
-74.116474
-74.119058
-74.121558
-74.123977
-74.126313
-74.128566
-74.130738
-74.132827
-74.134833
-74.136758
-74.138600
-74.140361
-74.142039
-74.143635
-74.145149
-74.146581
-74.147931
-74.149200
-74.150386
-74.151490
-74.152513
-74.153453
-74.154312
-74.155089
-74.155784
-74.156397
-74.156929
-74.157378
-74.157746
-74.158032
-74.158237
-74.158359
-74.158400
-74.158359
-74.158237
-74.158032
-74.157746
-74.157378
-74.156929
-74.156397
-74.155784
-74.155089
-74.154312
-74.153453
-74.152513
-74.151490
-74.150386
-74.149200
-74.147932
-74.146581
-74.145149
-74.143635
-74.142039
-74.140361
-74.138601
-74.136758
-74.134834
-74.132827
-74.130738
-74.128567
-74.126313
-74.123977
-74.121559
-74.119058
-74.116474
-74.113809
-74.111060
-74.108229
-74.105315
-74.102319
-74.099239
-74.096077
-74.092832
-74.089503
-74.086092
-74.082598
-74.079020
-74.075359
-74.071615
-74.067787
-74.063876
-74.059882
-74.055803
-74.051641
-74.047396
-74.043066
-74.038652
-74.034155
-74.029573
-74.024907
-74.020157
-74.015322
-74.010403
-74.005399
-74.000311
-73.995137
-73.989879
-73.984536
-73.979108
-73.973595
-73.967996
-73.962312
-73.956542
-73.950687
-73.944746
-73.938719
-73.932606
-73.926407
-73.920121
-73.913750
-73.907291
-73.900747
-73.894115
-73.887397
-73.880591
-73.873699
-73.866719
-73.859651
-73.852496
-73.845254
-73.837923
-73.830505
-73.822998
-73.815403
-73.807720
-73.799947
-73.792087
-73.784137
-73.776098
-73.767970
-73.759752
-73.751445
-73.743047
-73.734560
-73.725983
-73.717316
-73.708558
-73.699709
-73.690770
-73.681739
-73.672617
-73.663404
-73.654099
-73.644702
-73.635214
-73.625633
-73.615959
-73.606193
-73.596334
-73.586383
-73.576337
-73.566199
-73.555966
-73.545640
-73.535220
-73.524705
-73.514096
-73.503391
-73.492592
-73.481698
-73.470707
-73.459622
-73.448440
-73.437162
-73.425787
-73.414315
-73.402747
-73.391081
-73.379318
-73.367456
-73.355497
-73.343440
-73.331283
-73.319028
-73.306674
-73.294220
-73.281666
-73.269013
-73.256259
-73.243404
-73.230449
-73.217392
-73.204234
-73.190973
-73.177611
-73.164146
-73.150579
-73.136908
-73.123134
-73.109256
-73.095274
-73.081188
-73.066997
-73.052701
-73.038299
-73.023791
-73.009178
-72.994457
-72.979630
-72.964696
-72.949654
-72.934504
-72.919246
-72.903879
-72.888403
-72.872817
-72.857121
-72.841315
-72.825399
-72.809371
-72.793231
-72.776980
-72.760616
-72.744140
-72.727550
-72.710847
-72.694029
-72.677097
-72.660050
-72.642888
-72.625610
-72.608215
-72.590704
-72.573075
-72.555328
-72.537463
-72.519480
-72.501377
-72.483154
-72.464812
-72.446348
-72.427763
-72.409057
-72.390228
-72.371276
-72.352201
-72.333002
-72.313679
-72.294230
-72.274656
-72.254956
-72.235129
-72.215175
-72.195093
-72.174882
-72.154542
-72.134073
-72.113473
-72.092743
-72.071880
-72.050886
-72.029759
-72.008498
-71.987104
-71.965574
-71.943909
-71.922108
-71.900170
-71.878094
-71.855881
-71.833528
-71.811036
-71.788403
-71.765630
-71.742714
-71.719656
-71.696454
-71.673109
-71.649618
-71.625982
-71.602200
-71.578270
-71.554192
-71.529965
-71.505588
-71.481061
-71.456382
-71.431551
-71.406567
-71.381429
-71.356136
-71.330686
-71.305081
-71.279317
-71.253395
-71.227313
-71.201071
-71.174667
-71.148100
-71.121371
-71.094476
-71.067416
-71.040190
-71.012795
-70.985233
-70.957500
-70.929596
-70.901521
-70.873273
-70.844850
-70.816252
-70.787477
-70.758525
-70.729394
-70.700083
-70.670591
-70.640916
-70.611057
-70.581014
-70.550784
-70.520366
-70.489759
-70.458963
-70.427974
-70.396793
-70.365417
-70.333845
-70.302076
-70.270109
-70.237941
-70.205572
-70.172999
-70.140222
-70.107239
-70.074047
-70.040647
-70.007035
-69.973211
-69.939173
-69.904918
-69.870446
-69.835754
-69.800841
-69.765706
-69.730345
-69.694758
-69.658942
-69.622896
-69.586617
-69.550104
-69.513356
-69.476368
-69.439141
-69.401671
-69.363957
-69.325996
-69.287786
-69.249326
-69.210612
-69.171643
-69.132416
-69.092929
-69.053179
-69.013165
-68.972883
-68.932332
-68.891508
-68.850409
-68.809033
-68.767376
-68.725437
-68.683212
-68.640698
-68.597893
-68.554794
-68.511398
-68.467702
-68.423703
-68.379398
-68.334783
-68.289856
-68.244613
-68.199051
-68.153166
-68.106956
-68.060416
-68.013544
-67.966335
-67.918785
-67.870892
-67.822651
-67.774058
-67.725110
-67.675802
-67.626130
-67.576091
-67.525679
-67.474891
-67.423722
-67.372167
-67.320222
-67.267883
-67.215144
-67.162000
-67.108447
-67.054480
-67.000093
-66.945280
-66.890038
-66.834360
-66.778240
-66.721673
-66.664653
-66.607173
-66.549229
-66.490813
-66.431919
-66.372541
-66.312672
-66.252305
-66.191433
-66.130050
-66.068147
-66.005717
-65.942753
-65.879247
-65.815190
-65.750576
-65.685395
-65.619638
-65.553298
-65.486365
-65.418829
-65.350682
-65.281914
-65.212514
-65.142473
-65.071780
-65.000425
-64.928396
-64.855682
-64.782272
-64.708154
-64.633316
-64.557745
-64.481427
-64.404351
-64.326503
-64.247867
-64.168431
-64.088180
-64.007097
-63.925167
-63.842375
-63.758704
-63.674136
-63.588655
-63.502241
-63.414876
-63.326540
-63.237215
-63.146879
-63.055511
-62.963088
-62.869590
-62.774991
-62.679267
-62.582395
-62.484347
-62.385097
-62.284617
-62.182878
-62.079851
-61.975505
-61.869806
-61.762723
-61.654221
-61.544263
-61.432812
-61.319830
-61.205276
-61.089108
-60.971283
-60.851754
-60.730475
-60.607395
-60.482463
-60.355625
-60.226824
-60.096002
-59.963096
-59.828042
-59.690771
-59.551213
-59.409293
-59.264933
-59.118049
-58.968556
-58.816361
-58.661368
-58.503477
-58.342578
-58.178560
-58.011301
-57.840674
-57.666545
-57.488771
-57.307197
-57.121664
-56.931997
-56.738013
-56.539513
-56.336287
-56.128107
-55.914732
-55.695899
-55.471325
-55.240707
-55.003714
-54.759989
-54.509143
-54.250752
-53.984353
-53.709440
-53.425457
-53.131788
-52.827758
-52.512613
-52.185517
-51.845533
-51.491613
-51.122570
-50.737063
-50.333562
-49.910312
-49.465290
-48.996141
-48.500110
-47.973937
-47.413732
-46.814798
-46.171391
-45.476388
-44.720799
-43.893059
-42.977935
-41.954789
-40.794677
-39.455181
-37.870482
-35.930145
-33.426576
-29.890817
-23.794310
