BER Performance of Bit-based Message Passing in MIMO Channel
LDPC Code of 16e 
Number of transmit antenna is 2
Number of receive antenna is 2
Vehicular speed: 250.000000 km/h
Maximum Doppler frequency: 578.703704
Channel fading rate: 0.059525
Maximum number of bits of simulation = 960000

Eb/No     BER
2.000000 2.048958e-001 1.885069e-001 1.852083e-001 1.821875e-001 1.807639e-001 1.808681e-001 1.800694e-001 1.794097e-001 1.793056e-001 1.781250e-001 
4.000000 1.250572e-001 7.900069e-002 6.014194e-002 4.844895e-002 4.076236e-002 3.638393e-002 3.351648e-002 3.113553e-002 2.964171e-002 2.870307e-002 
6.000000 8.344271e-002 3.442708e-002 1.879583e-002 1.122083e-002 7.309375e-003 5.221875e-003 4.007292e-003 3.175000e-003 2.585417e-003 2.195833e-003 
8.000000 4.640208e-002 9.272917e-003 2.563542e-003 7.250000e-004 2.031250e-004 4.375000e-005 1.666667e-005 0.000000e+000 0.000000e+000 0.000000e+000 
10.000000 2.093125e-002 1.620833e-003 2.302083e-004 4.270833e-005 1.354167e-005 0.000000e+000 0.000000e+000 0.000000e+000 0.000000e+000 0.000000e+000 
BER Performance of Bit-based Message Passing in MIMO Channel
LDPC Code of 16e 
Number of transmit antenna is 2
Number of receive antenna is 2
Vehicular speed: 250.000000 km/h
Maximum Doppler frequency: 578.703704
Channel fading rate: 0.059525
Maximum number of bits of simulation = 96000

Eb/No     BER
2.000000 2.080208e-001 1.892187e-001 1.862500e-001 1.846354e-001 1.832292e-001 1.833333e-001 1.824479e-001 1.812500e-001 1.813542e-001 1.804688e-001 
4.000000 1.672697e-001 1.336075e-001 1.195450e-001 1.077851e-001 1.016721e-001 9.531250e-002 9.213268e-002 8.911732e-002 8.662281e-002 8.440241e-002 
6.000000 8.181250e-002 3.439583e-002 1.979167e-002 1.205208e-002 8.166667e-003 6.385417e-003 5.239583e-003 4.500000e-003 4.083333e-003 3.687500e-003 
8.000000 4.812500e-002 1.088542e-002 2.781250e-003 6.770833e-004 1.458333e-004 5.208333e-005 0.000000e+000 0.000000e+000 0.000000e+000 0.000000e+000 
10.000000 2.048958e-002 1.875000e-003 1.770833e-004 1.041667e-005 0.000000e+000 0.000000e+000 0.000000e+000 0.000000e+000 0.000000e+000 0.000000e+000 
BER Performance of Bit-based Message Passing in MIMO Channel
LDPC Code of 16e 
Number of transmit antenna is 2
Number of receive antenna is 2
Vehicular speed: 250.000000 km/h
Maximum Doppler frequency: 578.703704
Channel fading rate: 0.059525
Maximum number of bits of simulation = 96000

Eb/No     BER
2.000000 2.041667e-001 1.828125e-001 1.798032e-001 1.781829e-001 1.777199e-001 1.770833e-001 1.785301e-001 1.784144e-001 1.784722e-001 1.805556e-001 
4.000000 1.676535e-001 1.380757e-001 1.239035e-001 1.134046e-001 1.035088e-001 9.676535e-002 9.125548e-002 8.876096e-002 8.563596e-002 8.401864e-002 
6.000000 8.073958e-002 3.490625e-002 1.960417e-002 1.191667e-002 7.614583e-003 5.489583e-003 3.958333e-003 2.947917e-003 2.510417e-003 2.270833e-003 
8.000000 4.627083e-002 1.020833e-002 3.468750e-003 1.281250e-003 3.541667e-004 8.333333e-005 0.000000e+000 0.000000e+000 0.000000e+000 0.000000e+000 
10.000000 2.094792e-002 1.781250e-003 3.229167e-004 8.333333e-005 0.000000e+000 0.000000e+000 0.000000e+000 0.000000e+000 0.000000e+000 0.000000e+000 
BER Performance of Bit-based Message Passing in MIMO Channel
LDPC Code of 16e 
Number of transmit antenna is 4
Number of receive antenna is 4
Vehicular speed: 250.000000 km/h
Maximum Doppler frequency: 578.703704
Channel fading rate: 0.059525
Maximum number of bits of simulation = 9984000

Eb/No     BER
0.000000 2.249256e-001 2.059896e-001 2.016183e-001 1.996652e-001 1.997210e-001 2.003162e-001 1.999814e-001 1.997024e-001 1.994792e-001 1.996094e-001 
2.000000 1.990885e-001 1.656510e-001 1.547656e-001 1.485286e-001 1.449609e-001 1.422396e-001 1.397005e-001 1.378776e-001 1.363021e-001 1.353255e-001 
4.000000 1.623404e-001 1.038579e-001 7.489289e-002 5.606729e-002 4.333417e-002 3.538306e-002 2.963920e-002 2.561534e-002 2.303847e-002 2.143397e-002 
6.000000 1.333322e-001 5.373478e-002 2.160186e-002 9.337640e-003 4.445112e-003 2.395533e-003 1.444211e-003 9.718550e-004 7.070312e-004 5.668069e-004 
BER Performance of Bit-based Message Passing in MIMO Channel
LDPC Code of 16e 
Number of transmit antenna is 4
Number of receive antenna is 4
Vehicular speed: 250.000000 km/h
Maximum Doppler frequency: 578.703704
Channel fading rate: 0.059525
Maximum number of bits of simulation = 1152000

Eb/No     BER
0.000000 2.201497e-001 2.017904e-001 1.994792e-001 1.992513e-001 1.991211e-001 1.987305e-001 1.987956e-001 1.986654e-001 1.989258e-001 1.988932e-001 
2.000000 1.943266e-001 1.564360e-001 1.417039e-001 1.346168e-001 1.302455e-001 1.269531e-001 1.232887e-001 1.198475e-001 1.172619e-001 1.146949e-001 
4.000000 1.734375e-001 1.136615e-001 8.442187e-002 6.545833e-002 5.238542e-002 4.358854e-002 3.723958e-002 3.319271e-002 2.993229e-002 2.794792e-002 
6.000000 1.320851e-001 5.223177e-002 1.966146e-002 7.730035e-003 3.285590e-003 1.589410e-003 8.324653e-004 4.487847e-004 2.803819e-004 2.118056e-004 
8.000000 1.075408e-001 2.071267e-002 3.283854e-003 7.647569e-004 2.586806e-004 8.767361e-005 3.645833e-005 1.475694e-005 6.944444e-006 5.208333e-006 
10.000000 8.457639e-002 6.670139e-003 4.965278e-004 1.284722e-004 2.430556e-005 7.812500e-006 2.604167e-006 0.000000e+000 0.000000e+000 0.000000e+000 
12.000000 6.385590e-002 1.690104e-003 1.119792e-004 2.343750e-005 6.944444e-006 8.680556e-007 0.000000e+000 0.000000e+000 0.000000e+000 0.000000e+000 
