BER Performance of Bit-based Message Passinlg in MIMO Channel
Gallager (20, 7) LDPC code
Dimension of Parity Check matrix: (15,20)
Column Weight = 3, Row Weight = 4
Number of transmit antenna is 2
Number of receive antenna is 2
Vehicular speed: 350.000000 km/h
Maximum Doppler frequency: 810.185185
Channel fading rate: 0.083336
Maximum number of bits of simulation = 10200000

Eb/No     BER
0.000000:
2.401292e-001 
2.313057e-001 
2.270722e-001 
2.258913e-001 
2.250446e-001 
2.246212e-001 
2.241310e-001 
2.235963e-001 
2.231952e-001 
2.229055e-001 

2.000000:
1.698529e-001 
1.480159e-001 
1.383754e-001 
1.328198e-001 
1.298903e-001 
1.278478e-001 
1.263422e-001 
1.250233e-001 
1.243464e-001 
1.237862e-001 

4.000000:
1.177093e-001 
8.034936e-002 
6.324697e-002 
5.413943e-002 
4.886399e-002 
4.547541e-002 
4.291550e-002 
4.140601e-002 
4.027000e-002 
3.928571e-002 

6.000000:
5.824391e-002 
2.550212e-002 
1.534512e-002 
1.134671e-002 
9.397191e-003 
8.341282e-003 
7.632485e-003 
7.168124e-003 
6.868045e-003 
6.630233e-003 

8.000000:
2.409216e-002 
5.876863e-003 
2.765490e-003 
1.826471e-003 
1.456961e-003 
1.260490e-003 
1.128333e-003 
1.037647e-003 
9.791176e-004 
9.311765e-004 

10.000000:
7.425000e-003 
8.837255e-004 
3.325490e-004 
1.926471e-004 
1.449020e-004 
1.249020e-004 
1.089216e-004 
9.627451e-005 
8.754902e-005 
8.254902e-005 

12.000000:
1.876961e-003 
9.000000e-005 
2.470588e-005 
1.352941e-005 
1.078431e-005 
8.235294e-006 
8.333333e-006 
7.156863e-006 
6.568627e-006 
5.784314e-006 

14.000000:
3.738235e-004 
1.196078e-005 
1.666667e-006 
5.882353e-007 
2.941176e-007 
0.000000e+000 
0.000000e+000 
0.000000e+000 
0.000000e+000 
0.000000e+000 

16.000000:
5.215686e-005 
9.803922e-008 
0.000000e+000 
0.000000e+000 
0.000000e+000 
0.000000e+000 
0.000000e+000 
0.000000e+000 
0.000000e+000 
0.000000e+000 

Total elapsed time: 236485(sec)

