BER Performance of Bit-based Message Passinlg in MIMO Channel
Gallager (20, 7) LDPC code
Dimension of Parity Check matrix: (15,20)
Column Weight = 3, Row Weight = 4
Number of transmit antenna is 4
Number of receive antenna is 4
Vehicular speed: 250.000000 km/h
Maximum Doppler frequency: 578.703704
Channel fading rate: 0.059525
Maximum number of bits of simulation = 1022500

Eb/No     BER
0.000000:
2.308680e-001 2.063264e-001 1.953851e-001 1.901589e-001 1.859872e-001 1.828545e-001 1.785911e-001 1.774756e-001 1.777200e-001 1.772463e-001 

2.000000:
1.937465e-001 1.492383e-001 1.263494e-001 1.153752e-001 1.079462e-001 1.050875e-001 1.058962e-001 1.038273e-001 1.023604e-001 1.016269e-001 

4.000000:
1.573687e-001 9.180086e-002 6.254532e-002 4.768148e-002 4.411095e-002 4.548942e-002 4.485288e-002 4.388332e-002 4.296855e-002 4.231093e-002 

6.000000:
1.107902e-001 3.299169e-002 1.157359e-002 8.365770e-003 9.497311e-003 9.850367e-003 9.463081e-003 8.960391e-003 8.745232e-003 8.570171e-003 

8.000000:
8.295355e-002 9.113936e-003 1.589242e-003 1.691932e-003 1.754523e-003 1.841565e-003 1.750611e-003 1.713447e-003 1.690954e-003 1.646944e-003 

10.000000:
6.072763e-002 1.593154e-003 3.794621e-004 3.354523e-004 3.002445e-004 2.963325e-004 3.002445e-004 2.963325e-004 2.777506e-004 2.885086e-004 

12.000000:
4.266112e-002 1.555012e-004 1.095355e-004 7.921760e-005 6.748166e-005 6.454768e-005 6.552567e-005 7.823961e-005 6.748166e-005 7.530562e-005 

