0 3107
1 1133
2 2612
3 3420
4 2074
5 547
6 18
7 949
8 365
9 3250
10 595
11 3661
12 1887
13 3560
14 1833
15 2176
16 3337
17 2408
18 1275
19 1223
20 1986
21 1755
22 109
23 3794
24 2883
25 3014
26 310
27 260
28 3494
29 2725
30 202
31 649
32 774
33 1347
34 1568
35 2936
36 700
37 2277
38 2562
39 1671
40 435
41 1459
42 3615
43 1015
44 2807
45 1147
46 2676
47 3749
48 2094
49 1099
50 1620
51 926
52 1406
53 827
54 29
55 2221
56 3691
57 3129
58 1922
59 1803
60 3343
61 560
62 2168
63 1521
64 3551
65 1210
66 2032
67 2361
68 3217
69 1286
70 78
71 516
72 131
73 3059
74 3393
75 283
76 2442
77 200
78 1849
79 1733
80 638
81 1969
82 2873
83 2762
84 3498
85 3797
86 2995
87 2275
88 976
89 449
90 3624
91 390
92 1670
93 779
94 2105
95 1115
96 3299
97 1598
98 28
99 876
100 3447
101 2712
102 332
103 2537
104 713
105 1053
106 1359
107 2586
108 1403
109 3725
110 1461
111 3145
112 2366
113 1256
114 2056
115 569
116 77
117 2161
118 127
119 1923
120 1199
121 2444
122 3379
123 1789
124 2935
125 503
126 235
127 2651
128 3052
129 1989
130 2231
131 2312
132 2855
133 1528
134 628
135 2493
136 3589
137 1865
138 784
139 415
140 3222
141 3308
142 3513
143 281
144 1139
145 1574
146 2721
147 2541
148 674
149 948
150 3821
151 1089
152 1373
153 1716
154 2990
155 177
156 3688
157 733
158 367
159 1019
160 1471
161 2157
162 1426
163 894
164 1257
165 1661
166 2445
167 2373
168 1315
169 3759
170 107
171 3156
172 2034
173 576
174 524
175 2210
176 2767
177 2943
178 43
179 1962
180 2307
181 3364
182 2667
183 1823
184 453
185 1760
186 3200
187 239
188 2622
189 3416
190 3313
191 1904
192 3548
193 2865
194 3601
195 681
196 1135
197 2512
198 629
199 2988
200 1381
201 1081
202 2254
203 741
204 1197
205 831
206 1431
207 3485
208 2565
209 3105
210 2099
211 1502
212 1578
213 1009
214 3708
215 1274
216 2814
217 312
218 3659
219 959
220 2430
221 2049
222 3755
223 2154
224 2914
225 3807
226 148
227 3368
228 2000
229 374
230 1763
231 240
232 2367
233 511
234 2713
235 1948
236 30
237 3253
238 1835
239 584
240 432
241 1678
242 2761
243 192
244 3030
245 1372
246 655
247 86
248 3533
249 781
250 702
251 3167
252 912
253 2636
254 3426
255 2585
256 2219
257 1163
258 1589
259 1319
260 1005
261 1524
262 2486
263 2301
264 1060
265 2828
266 3108
267 851
268 318
269 3763
270 1118
271 1443
272 3664
273 3347
274 2438
275 2538
276 2017
277 1219
278 2896
279 1970
280 33
281 256
282 2941
283 582
284 2084
285 396
286 1633
287 2728
288 3224
289 2376
290 166
291 1863
292 3501
293 496
294 760
295 3040
296 1384
297 3575
298 903
299 960
300 2645
301 2589
302 441
303 1704
304 85
305 2214
306 687
307 1169
308 1027
309 1285
310 3120
311 2793
312 3292
313 3398
314 1910
315 853
316 339
317 2296
318 3714
319 1340
320 1519
321 1463
322 1072
323 637
324 2505
325 2163
326 1213
327 3176
328 1772
329 587
330 2976
331 3349
332 2703
333 3760
334 1954
335 1848
336 1575
337 2065
338 25
339 3502
340 3810
341 771
342 2005
343 155
344 2853
345 3643
346 3587
347 933
348 2460
349 535
350 1693
351 2600
352 698
353 242
354 2207
355 427
356 2549
357 99
358 3400
359 824
360 1278
361 3241
362 305
363 1332
364 350
365 1150
366 491
367 2779
368 2334
369 1486
370 3025
371 1215
372 3164
373 1740
374 613
375 3338
376 3080
377 3735
378 1440
379 2679
380 1035
381 2264
382 1886
383 2144
384 1092
385 743
386 2058
387 3499
388 2006
389 2871
390 1784
391 3827
392 987
393 196
394 872
395 2385
396 4
397 2477
398 1682
399 2967
400 423
401 1635
402 924
403 3639
404 64
405 691
406 3220
407 275
408 115
409 1146
410 1831
411 3410
412 359
413 2587
414 1582
415 1308
416 3588
417 506
418 1201
419 2799
420 577
421 2536
422 1473
423 2333
424 3775
425 1427
426 3288
427 3699
428 3335
429 1879
430 1059
431 1261
432 1526
433 1383
434 2181
435 2907
436 3455
437 3127
438 769
439 2431
440 3072
441 983
442 839
443 2071
444 3520
445 2727
446 190
447 1927
448 1697
449 1741
450 2380
451 13
452 2998
453 284
454 911
455 89
456 3194
457 1980
458 1652
459 3381
460 2638
461 3566
462 2286
463 386
464 599
465 1601
466 1155
467 3828
468 719
469 1305
470 2125
471 2238
472 2485
473 1790
474 2856
475 3736
476 2545
477 1497
478 1393
479 3267
480 2927
481 458
482 144
483 643
484 1207
485 2426
486 1866
487 764
488 541
489 995
490 2786
491 3318
492 835
493 2185
494 1449
495 3043
496 20
497 238
498 1737
499 3473
500 3162
501 3116
502 319
503 1052
504 3402
505 910
506 3565
507 1251
508 1555
509 1674
510 2641
511 1940
512 80
513 1990
514 2335
515 2114
516 3650
517 2248
518 3803
519 585
520 3750
521 407
522 2596
523 2062
524 1137
525 1343
526 1797
527 182
528 2511
529 2942
530 497
531 1629
532 1871
533 728
534 1196
535 2702
536 2798
537 775
538 2850
539 134
540 3234
541 2439
542 2753
543 2387
544 1424
545 2162
546 3141
547 3070
548 970
549 3431
550 316
551 1014
552 2895
553 1253
554 1572
555 3539
556 3324
557 84
558 1084
559 1931
560 3480
561 2276
562 879
563 658
564 3757
565 3608
566 406
567 3829
568 1976
569 2644
570 1808
571 187
572 606
573 549
574 15
575 1323
576 1672
577 3186
578 2037
579 2982
580 1183
581 249
582 714
583 2100
584 2328
585 2471
586 2743
587 777
588 1872
589 1445
590 2384
591 3086
592 137
593 2202
594 1371
595 1728
596 3230
597 2832
598 470
599 3133
600 2568
601 1018
602 2898
603 3342
604 3711
605 1131
606 303
607 1079
608 932
609 3423
610 2261
611 1556
612 352
613 3471
614 1265
615 3801
616 3557
617 2158
618 3756
619 2516
620 2654
621 1792
622 860
623 21
624 586
625 3009
626 1941
627 530
628 1495
629 639
630 3178
631 2446
632 1858
633 414
634 1318
635 2782
636 143
637 2719
638 226
639 1608
640 2305
641 2356
642 1409
643 2093
644 3132
645 1684
646 3270
647 684
648 2011
649 2952
650 297
651 3340
652 3669
653 1206
654 3412
655 1128
656 1747
657 1033
658 966
659 1254
660 83
661 3065
662 3469
663 3823
664 2527
665 2892
666 3597
667 3225
668 3723
669 2837
670 1802
671 842
672 1919
673 11
674 2205
675 1484
676 2258
677 889
678 2632
679 394
680 789
681 2145
682 2778
683 562
684 1565
685 2318
686 608
687 2682
688 2090
689 176
690 1665
691 712
692 3121
693 469
694 230
695 2016
696 1965
697 2959
698 276
699 3395
700 1851
701 1020
702 1090
703 1397
704 3516
705 322
706 2375
707 3283
708 2453
709 1732
710 112
711 3073
712 3831
713 2524
714 1621
715 2869
716 3577
717 3779
718 1247
719 936
720 2265
721 1336
722 3450
723 1177
724 833
725 1900
726 2184
727 369
728 419
729 51
730 1291
731 2689
732 2624
733 1566
734 631
735 1490
736 1673
737 2775
738 3196
739 3008
740 538
741 1957
742 2132
743 1786
744 3365
745 468
746 985
747 2059
748 278
749 3700
750 742
751 1392
752 2963
753 1104
754 2474
755 3119
756 194
757 2822
758 3060
759 2370
760 1437
761 2564
762 3834
763 129
764 1852
765 1242
766 882
767 1045
768 826
769 2912
770 3537
771 3489
772 370
773 12
774 3606
775 3294
776 3439
777 1149
778 1726
779 666
780 1537
781 2658
782 1605
783 1300
784 1654
785 2271
786 2130
787 1348
788 2709
789 484
790 607
791 3210
792 1993
793 2218
794 1918
795 2047
796 3745
797 2518
798 257
799 951
800 2472
801 3000
802 758
803 2425
804 2801
805 2357
806 198
807 1102
808 81
809 1462
810 1413
811 552
812 996
813 863
814 804
815 3110
816 1798
817 3837
818 151
819 3303
820 2578
821 3442
822 3632
823 685
824 3258
825 362
826 1585
827 3492
828 1860
829 2845
830 1533
831 1327
832 1166
833 1703
834 603
835 2290
836 1227
837 1040
838 3
839 472
840 2911
841 2241
842 2737
843 1649
844 2678
845 296
846 3682
847 930
848 3197
849 3774
850 2012
851 1930
852 2167
853 3007
854 250
855 3376
856 3558
857 74
858 2490
859 786
860 1117
861 3067
862 3146
863 3820
864 1280
865 422
866 2783
867 2591
868 2381
869 3255
870 2063
871 1391
872 175
873 3330
874 3507
875 2848
876 1181
877 1516
878 1857
879 660
880 2435
881 1070
882 978
883 1752
884 1470
885 513
886 3462
887 2937
888 2698
889 313
890 1596
891 1668
892 908
893 575
894 2646
895 3209
896 3635
897 1956
898 2229
899 1796
900 710
901 3021
902 103
903 3727
904 2134
905 2482
906 3414
907 3679
908 26
909 2315
910 3805
911 3559
912 1125
913 3159
914 818
915 229
916 2182
917 158
918 3341
919 3287
920 1258
921 3090
922 455
923 1529
924 1389
925 2068
926 2878
927 1173
928 772
929 1036
930 2410
931 364
932 1745
933 2796
934 520
935 622
936 2533
937 1306
938 1667
939 2697
940 898
941 1903
942 1985
943 2945
944 696
945 2226
946 3633
947 1480
948 1603
949 567
950 1853
951 2751
952 46
953 952
954 2484
955 3567
956 1123
957 2994
958 2619
959 2310
960 269
961 0
962 3724
963 162
964 828
965 3296
966 3383
967 1234
968 3839
969 436
970 101
971 1416
972 3519
973 2175
974 2881
975 766
976 3199
977 3784
978 3680
979 1077
980 3453
981 1758
982 1178
983 1007
984 1648
985 623
986 2395
987 2688
988 1289
989 899
990 2106
991 2831
992 1591
993 3082
994 708
995 1335
996 2033
997 337
998 557
999 2249
1000 1536
1001 1705
1002 2756
1003 1897
1004 3022
1005 2951
1006 2455
1007 225
1008 3573
1009 2331
1010 2577
1011 830
1012 3832
1013 6
1014 3284
1015 3348
1016 181
1017 1478
1018 489
1019 768
1020 3240
1021 1228
1022 2201
1023 271
1024 1987
1025 3195
1026 2891
1027 1068
1028 1422
1029 3673
1030 1655
1031 3741
1032 98
1033 3528
1034 410
1035 2840
1036 3413
1037 1757
1038 2650
1039 604
1040 2040
1041 974
1042 3786
1043 2406
1044 3112
1045 1850
1046 904
1047 1153
1048 695
1049 1314
1050 2495
1051 328
1052 553
1053 2338
1054 2546
1055 2954
1056 846
1057 1933
1058 27
1059 2795
1060 2086
1061 2284
1062 209
1063 3586
1064 759
1065 507
1066 3334
1067 2177
1068 1535
1069 3158
1070 459
1071 268
1072 3058
1073 3470
1074 1690
1075 1395
1076 1628
1077 1270
1078 3660
1079 2879
1080 152
1081 1454
1082 2747
1083 87
1084 2657
1085 2026
1086 982
1087 2605
1088 3380
1089 3825
1090 1056
1091 3778
1092 1876
1093 1767
1094 651
1095 3203
1096 1334
1097 2382
1098 1977
1099 1580
1100 2330
1101 2497
1102 1816
1103 1152
1104 354
1105 2127
1106 2824
1107 1101
1108 858
1109 2449
1110 3266
1111 703
1112 566
1113 1515
1114 2985
1115 261
1116 3594
1117 205
1118 3482
1119 3035
1120 1720
1121 756
1122 495
1123 1404
1124 2934
1125 918
1126 3683
1127 308
1128 2240
1129 1675
1130 3085
1131 2043
1132 1230
1133 2190
1134 2770
1135 3140
1136 19
1137 2876
1138 3758
1139 3836
1140 2691
1141 2616
1142 3436
1143 1351
1144 1768
1145 3319
1146 1949
1147 1895
1148 3202
1149 965
1150 2322
1151 1294
1152 1836
1153 358
1154 2123
1155 1094
1156 2496
1157 157
1158 2567
1159 2394
1160 440
1161 596
1162 1151
1163 690
1164 3535
1165 3387
1166 865
1167 221
1168 641
1169 92
1170 1405
1171 810
1172 2278
1173 2921
1174 2993
1175 917
1176 1717
1177 298
1178 2055
1179 2178
1180 3046
1181 32
1182 3153
1183 1236
1184 2825
1185 505
1186 2777
1187 3706
1188 551
1189 3322
1190 3468
1191 3628
1192 1915
1193 740
1194 1041
1195 1642
1196 3809
1197 2008
1198 3264
1199 1098
1200 2101
1201 2872
1202 3198
1203 1846
1204 2539
1205 439
1206 2429
1207 1583
1208 2724
1209 2323
1210 2481
1211 2377
1212 1472
1213 650
1214 1144
1215 3104
1216 834
1217 3552
1218 1776
1219 88
1220 147
1221 3390
1222 384
1223 1364
1224 321
1225 2673
1226 254
1227 2940
1228 2172
1229 1522
1230 2239
1231 2802
1232 3705
1233 920
1234 1216
1235 989
1236 2595
1237 578
1238 704
1239 3329
1240 3500
1241 3762
1242 2991
1243 1935
1244 1058
1245 3816
1246 2112
1247 1841
1248 1277
1249 3631
1250 3259
1251 3038
1252 40
1253 2861
1254 1699
1255 2314
1256 1982
1257 197
1258 477
1259 3205
1260 2521
1261 3126
1262 1108
1263 780
1264 646
1265 1744
1266 2732
1267 1161
1268 3579
1269 120
1270 266
1271 1421
1272 2437
1273 1612
1274 2946
1275 377
1276 1363
1277 854
1278 2028
1279 3456
1280 314
1281 921
1282 1513
1283 2788
1284 3695
1285 3404
1286 998
1287 1899
1288 715
1289 1224
1290 550
1291 1794
1292 2364
1293 3838
1294 2079
1295 1843
1296 3332
1297 3078
1298 2194
1299 3768
1300 3019
1301 2308
1302 2662
1303 3637
1304 213
1305 2833
1306 2556
1307 31
1308 1113
1309 3239
1310 2129
1311 1659
1312 602
1313 808
1314 2885
1315 138
1316 3523
1317 498
1318 1615
1319 1453
1320 1961
1321 1387
1322 2948
1323 2255
1324 2617
1325 2509
1326 3193
1327 1061
1328 420
1329 2748
1330 1324
1331 342
1332 3123
1333 999
1334 3461
1335 1888
1336 1787
1337 2443
1338 852
1339 3570
1340 928
1341 725
1342 1233
1343 3703
1344 3788
1345 1557
1346 2067
1347 289
1348 2681
1349 3835
1350 2021
1351 2806
1352 1127
1353 69
1354 1719
1355 3275
1356 222
1357 2363
1358 2570
1359 788
1360 2875
1361 3001
1362 581
1363 464
1364 1460
1365 1609
1366 3323
1367 632
1368 2260
1369 3409
1370 2116
1371 2169
1372 163
1373 3638
1374 1374
1375 371
1376 2317
1377 2932
1378 3481
1379 2757
1380 3128
1381 2483
1382 1050
1383 3180
1384 1917
1385 1780
1386 1252
1387 1669
1388 709
1389 1328
1390 3053
1391 519
1392 270
1393 323
1394 2666
1395 1552
1396 888
1397 96
1398 2213
1399 416
1400 1729
1401 2372
1402 2418
1403 939
1404 2566
1405 3273
1406 207
1407 3684
1408 48
1409 1140
1410 773
1411 3792
1412 2020
1413 3424
1414 597
1415 3339
1416 1619
1417 156
1418 2149
1419 3541
1420 2621
1421 1001
1422 1825
1423 1402
1424 2930
1425 2291
1426 3622
1427 1093
1428 1477
1429 1975
1430 1281
1431 2095
1432 3106
1433 1221
1434 2823
1435 1906
1436 3486
1437 1666
1438 3055
1439 697
1440 2685
1441 644
1442 1349
1443 311
1444 2494
1445 457
1446 1754
1447 2772
1448 2416
1449 2569
1450 877
1451 3681
1452 52
1453 231
1454 2232
1455 3226
1456 508
1457 1558
1458 2354
1459 3331
1460 815
1461 1176
1462 121
1463 944
1464 3734
1465 2041
1466 3280
1467 3562
1468 383
1469 2887
1470 1616
1471 2159
1472 1457
1473 2634
1474 3806
1475 1509
1476 1048
1477 184
1478 1984
1479 3627
1480 2984
1481 1222
1482 3505
1483 1702
1484 1814
1485 1129
1486 3155
1487 664
1488 315
1489 1912
1490 2717
1491 2287
1492 3432
1493 711
1494 3109
1495 3386
1496 1298
1497 3042
1498 2475
1499 41
1500 2773
1501 522
1502 2347
1503 3235
1504 816
1505 765
1506 2085
1507 466
1508 572
1509 2235
1510 3701
1511 896
1512 1410
1513 2899
1514 1639
1515 2571
1516 3285
1517 2647
1518 404
1519 2522
1520 1586
1521 2844
1522 216
1523 1024
1524 1868
1525 3752
1526 3621
1527 972
1528 1756
1529 2958
1530 1182
1531 617
1532 2140
1533 102
1534 1945
1535 1686
1536 3434
1537 3813
1538 1817
1539 678
1540 329
1541 285
1542 1520
1543 1276
1544 2285
1545 1069
1546 2369
1547 3130
1548 3237
1549 3068
1550 526
1551 767
1552 1338
1553 2745
1554 3569
1555 2024
1556 165
1557 845
1558 8
1559 1630
1560 1417
1561 3310
1562 1468
1563 2580
1564 382
1565 2627
1566 2216
1567 57
1568 3707
1569 2820
1570 467
1571 2454
1572 1869
1573 3367
1574 3190
1575 1212
1576 2918
1577 1158
1578 915
1579 2097
1580 633
1581 2962
1582 1824
1583 1731
1584 3515
1585 1973
1586 2695
1587 962
1588 3433
1589 105
1590 1559
1591 1284
1592 699
1593 2526
1594 2867
1595 317
1596 1368
1597 746
1598 1779
1599 2325
1600 253
1601 2148
1602 3054
1603 3254
1604 3648
1605 1625
1606 843
1607 2769
1608 2383
1609 2268
1610 1482
1611 790
1612 588
1613 3795
1614 3721
1615 2629
1616 1088
1617 3115
1618 510
1619 1237
1620 3187
1621 1687
1622 2025
1623 54
1624 2077
1625 3355
1626 363
1627 1870
1628 159
1629 2989
1630 1966
1631 2576
1632 3401
1633 2204
1634 1534
1635 1026
1636 3538
1637 1186
1638 941
1639 672
1640 1301
1641 3445
1642 1806
1643 412
1644 2447
1645 273
1646 2815
1647 1746
1648 106
1649 3603
1650 2510
1651 1360
1652 1916
1653 3260
1654 2726
1655 1581
1656 813
1657 1469
1658 614
1659 2933
1660 2649
1661 892
1662 2147
1663 3089
1664 2348
1665 1695
1666 3730
1667 3172
1668 1087
1669 219
1670 558
1671 1650
1672 729
1673 1232
1674 2013
1675 37
1676 3399
1677 2269
1678 346
1679 3653
1680 2091
1681 2862
1682 3798
1683 3353
1684 964
1685 1855
1686 1964
1687 2192
1688 2402
1689 3002
1690 2574
1691 3446
1692 267
1693 91
1694 3590
1695 1326
1696 1157
1697 1008
1698 2744
1699 1597
1700 797
1701 679
1702 493
1703 1396
1704 1456
1705 864
1706 1761
1707 1909
1708 398
1709 3223
1710 153
1711 2808
1712 3546
1713 2461
1714 626
1715 2684
1716 3720
1717 1245
1718 1701
1719 3151
1720 3268
1721 1083
1722 344
1723 727
1724 548
1725 2630
1726 2327
1727 2075
1728 204
1729 1545
1730 3051
1731 1862
1732 2858
1733 3817
1734 3369
1735 2950
1736 2508
1737 1963
1738 1810
1739 2023
1740 3605
1741 1143
1742 925
1743 1000
1744 2179
1745 814
1746 450
1747 3765
1748 680
1749 295
1750 2135
1751 1624
1752 3675
1753 1764
1754 3097
1755 2224
1756 3006
1757 1317
1758 2400
1759 2733
1760 1487
1761 3512
1762 1240
1763 3460
1764 3231
1765 1096
1766 343
1767 3179
1768 859
1769 23
1770 611
1771 2583
1772 241
1773 3277
1774 494
1775 71
1776 1677
1777 2464
1778 1573
1779 2888
1780 1428
1781 559
1782 2289
1783 3352
1784 2001
1785 3619
1786 1370
1787 3568
1788 1168
1789 1828
1790 1894
1791 1943
1792 1051
1793 2060
1794 2523
1795 2119
1796 3671
1797 2668
1798 931
1799 1773
1800 124
1801 2230
1802 3033
1803 2741
1804 186
1805 676
1806 3081
1807 812
1808 1505
1809 1111
1810 992
1811 381
1812 3191
1813 2362
1814 1316
1815 425
1816 265
1817 721
1818 3281
1819 1241
1820 867
1821 3726
1822 2584
1823 3789
1824 9
1825 545
1826 589
1827 1571
1828 3358
1829 3134
1830 3435
1831 3626
1832 1165
1833 1994
1834 1423
1835 2834
1836 2407
1837 1622
1838 1925
1839 2469
1840 59
1841 1706
1842 2639
1843 923
1844 2153
1845 1844
1846 126
1847 2250
1848 2304
1849 199
1850 335
1851 3574
1852 1369
1853 2768
1854 1775
1855 2701
1856 1512
1857 1071
1858 2996
1859 3496
1860 3207
1861 792
1862 677
1863 380
1864 2882
1865 1287
1866 3062
1867 3740
1868 485
1869 848
1870 968
1871 3311
1872 3824
1873 3148
1874 258
1875 2929
1876 1205
1877 2355
1878 2078
1879 428
1880 3429
1881 3634
1882 1623
1883 532
1884 1907
1885 1570
1886 1450
1887 2419
1888 1021
1889 2155
1890 2561
1891 72
1892 2263
1893 2633
1894 1
1895 1845
1896 2200
1897 1345
1898 3580
1899 3696
1900 2760
1901 1750
1902 1683
1903 1132
1904 2826
1905 2465
1906 2015
1907 735
1908 914
1909 2980
1910 307
1911 1065
1912 3027
1913 3534
1914 2707
1915 360
1916 662
1917 478
1918 3263
1919 3091
1920 161
1921 796
1922 1494
1923 1293
1924 3487
1925 2104
1926 601
1927 431
1928 2326
1929 3644
1930 3781
1931 1595
1932 1400
1933 1189
1934 1928
1935 3374
1936 2392
1937 227
1938 116
1939 1826
1940 3326
1941 2915
1942 2197
1943 1541
1944 2608
1945 2766
1946 2256
1947 1709
1948 3710
1949 971
1950 2457
1951 527
1952 891
1953 1126
1954 50
1955 3212
1956 3427
1957 1022
1958 3165
1959 355
1960 1341
1961 705
1962 1646
1963 2715
1964 475
1965 3029
1966 2839
1967 2044
1968 749
1969 2107
1970 2981
1971 1296
1972 3265
1973 430
1974 2560
1975 3576
1976 3796
1977 1235
1978 2329
1979 287
1980 3095
1981 215
1982 136
1983 1171
1984 652
1985 1444
1986 3508
1987 1834
1988 2515
1989 1891
1990 1576
1991 1995
1992 2659
1993 3640
1994 2174
1995 2908
1996 3712
1997 850
1998 975
1999 539
2000 10
2001 800
2002 2789
2003 3218
2004 2420
2005 1748
2006 1496
2007 907
2008 385
2009 490
2010 2863
2011 3458
2012 2042
2013 1658
2014 706
2015 2716
2016 75
2017 2956
2018 1107
2019 2128
2020 1354
2021 3174
2022 1942
2023 2306
2024 3776
2025 3063
2026 3360
2027 1030
2028 3262
2029 610
2030 754
2031 1442
2032 1800
2033 2594
2034 2352
2035 1214
2036 2228
2037 3607
2038 282
2039 2180
2040 3550
2041 2543
2042 3655
2043 149
2044 1893
2045 2489
2046 3406
2047 1156
2048 656
2049 2415
2050 1599
2051 1998
2052 233
2053 1721
2054 841
2055 442
2056 3704
2057 3018
2058 1501
2059 556
2060 45
2061 2057
2062 2677
2063 2738
2064 946
2065 1271
2066 3152
2067 3504
2068 1350
2069 3094
2070 2791
2071 1049
2072 2877
2073 3256
2074 890
2075 341
2076 395
2077 2124
2078 752
2079 3767
2080 2237
2081 2603
2082 2292
2083 1819
2084 1439
2085 2925
2086 1676
2087 114
2088 1097
2089 188
2090 3388
2091 3646
2092 290
2093 2473
2094 635
2095 1896
2096 2170
2097 2554
2098 3578
2099 462
2100 1162
2101 2388
2102 1527
2103 571
2104 1602
2105 682
2106 1771
2107 1002
2108 832
2109 514
2110 1953
2111 2686
2112 3147
2113 3083
2114 3463
2115 36
2116 1375
2117 2763
2118 957
2119 2835
2120 3531
2121 237
2122 2019
2123 2880
2124 744
2125 3321
2126 906
2127 1209
2128 2999
2129 1434
2130 2259
2131 3729
2132 1262
2133 3208
2134 361
2135 3666
2136 3271
2137 1657
2138 3773
2139 1055
2140 1832
2141 2492
2142 3604
2143 2087
2144 2139
2145 104
2146 433
2147 2626
2148 624
2149 1492
2150 2550
2151 2336
2152 1881
2153 1762
2154 1331
2155 2183
2156 1711
2157 1159
2158 2414
2159 544
2160 1561
2161 3467
2162 694
2163 2704
2164 164
2165 3144
2166 1978
2167 3418
2168 259
2169 1100
2170 778
2171 3822
2172 2894
2173 2759
2174 1430
2175 3057
2176 58
2177 3201
2178 822
2179 905
2180 3245
2181 2838
2182 2280
2183 3291
2184 3716
2185 368
2186 1046
2187 1379
2188 3351
2189 2052
2190 3651
2191 2501
2192 3529
2193 1660
2194 609
2195 444
2196 1231
2197 2573
2198 1485
2199 2118
2200 2637
2201 2186
2202 1743
2203 2947
2204 2234
2205 1187
2206 958
2207 1815
2208 1288
2209 683
2210 1981
2211 1542
2212 3771
2213 1142
2214 1934
2215 1594
2216 761
2217 2436
2218 280
2219 2735
2220 211
2221 3003
2222 3079
2223 3182
2224 2340
2225 110
2226 823
2227 3582
2228 2785
2229 3478
2230 536
2231 1358
2232 492
2233 3327
2234 1011
2235 353
2236 909
2237 42
2238 3269
2239 2030
2240 3672
2241 1638
2242 621
2243 1688
2244 1420
2245 2841
2246 2080
2247 1091
2248 3394
2249 2156
2250 3830
2251 963
2252 1884
2253 1479
2254 2548
2255 2906
2256 2502
2257 1795
2258 3733
2259 1282
2260 2283
2261 408
2262 1840
2263 1738
2264 688
2265 1567
2266 272
2267 2730
2268 2393
2269 118
2270 2208
2271 805
2272 3150
2273 3517
2274 2965
2275 3572
2276 214
2277 2623
2278 529
2279 3100
2280 461
2281 1145
2282 2339
2283 3350
2284 3652
2285 1044
2286 3031
2287 3449
2288 745
2289 1355
2290 1226
2291 619
2292 1691
2293 1968
2294 1419
2295 2671
2296 916
2297 1908
2298 2792
2299 1611
2300 2039
2301 324
2302 3777
2303 2470
2304 170
2305 2847
2306 70
2307 1827
2308 1304
2309 1489
2310 3214
2311 693
2312 2535
2313 2386
2314 993
2315 2092
2316 1766
2317 2742
2318 3526
2319 1538
2320 279
2321 2247
2322 3592
2323 2977
2324 542
2325 1106
2326 443
2327 3309
2328 3168
2329 2151
2330 2297
2331 820
2332 3697
2333 1047
2334 2625
2335 3378
2336 1255
2337 1204
2338 1958
2339 2195
2340 3451
2341 122
2342 2904
2343 3124
2344 22
2345 1610
2346 348
2347 2010
2348 3815
2349 615
2350 902
2351 180
2352 2846
2353 3036
2354 1451
2355 1885
2356 2456
2357 2553
2358 1818
2359 397
2360 1321
2361 1680
2362 3754
2363 668
2364 724
2365 3503
2366 3596
2367 300
2368 546
2369 980
2370 1366
2371 3243
2372 3189
2373 770
2374 2983
2375 825
2376 2073
2377 2349
2378 3307
2379 2133
2380 2253
2381 1562
2382 66
2383 2794
2384 232
2385 1503
2386 2670
2387 3689
2388 5
2389 1627
2390 1272
2391 132
2392 1929
2393 2404
2394 2300
2395 463
2396 1997
2397 2922
2398 2618
2399 1134
2400 1742
2401 3811
2402 869
2403 3459
2404 1032
2405 392
2406 1208
2407 2452
2408 3392
2409 692
2410 3561
2411 1694
2412 540
2413 969
2414 1378
2415 2188
2416 2852
2417 1447
2418 2534
2419 598
2420 3125
2421 3032
2422 3249
2423 1791
2424 3188
2425 647
2426 3076
2427 1882
2428 1548
2429 1838
2430 2746
2431 3690
2432 3333
2433 2117
2434 326
2435 762
2436 1279
2437 3642
2438 2069
2439 480
2440 191
2441 35
2442 2949
2443 2353
2444 274
2445 1632
2446 1972
2447 3479
2448 2294
2449 862
2450 141
2451 2233
2452 1116
2453 3748
2454 1491
2455 2687
2456 807
2457 1066
2458 2613
2459 2398
2460 3585
2461 967
2462 2859
2463 1735
2464 1432
2465 376
2466 600
2467 2555
2468 3261
2469 429
2470 2467
2471 717
2472 3114
2473 3802
2474 1194
2475 1854
2476 1344
2477 3419
2478 327
2479 2171
2480 1679
2481 2781
2482 3371
2483 1587
2484 93
2485 1238
2486 203
2487 3657
2488 49
2489 1924
2490 534
2491 2734
2492 2992
2493 1283
2494 3181
2495 2076
2496 1788
2497 3495
2498 2324
2499 2926
2500 661
2501 3066
2502 3719
2503 1023
2504 140
2505 868
2506 1518
2507 2227
2508 2389
2509 795
2510 1109
2511 612
2512 2664
2513 375
2514 263
2515 2448
2516 2506
2517 945
2518 718
2519 3555
2520 3301
2521 3772
2522 1188
2523 2141
2524 3242
2525 2860
2526 3408
2527 3135
2528 1441
2529 1330
2530 1734
2531 201
2532 330
2533 1937
2534 533
2535 2811
2536 61
2537 1259
2538 2611
2539 2035
2540 7
2541 1983
2542 2740
2543 1837
2544 1778
2545 3625
2546 1626
2547 3722
2548 452
2549 3493
2550 2938
2551 3050
2552 861
2553 663
2554 1038
2555 1488
2556 782
2557 2309
2558 389
2559 154
2560 990
2561 579
2562 2500
2563 736
2564 2379
2565 1114
2566 2193
2567 2660
2568 1200
2569 3361
2570 3204
2571 937
2572 1681
2573 3099
2574 3276
2575 1569
2576 1310
2577 1380
2578 2146
2579 3004
2580 2441
2581 2082
2582 2557
2583 292
2584 2609
2585 2787
2586 3143
2587 1730
2588 2009
2589 3793
2590 3676
2591 338
2592 1433
2593 3583
2594 2706
2595 1950
2596 1813
2597 2243
2598 3425
2599 1508
2600 3488
2601 886
2602 838
2603 2843
2604 645
2605 500
2606 1266
2607 243
2608 117
2609 417
2610 168
2611 986
2612 1185
2613 2924
2614 1080
2615 554
2616 1647
2617 2337
2618 67
2619 3075
2620 1124
2621 1356
2622 783
2623 730
2624 2466
2625 3302
2626 2288
2627 3362
2628 3252
2629 2421
2630 2597
2631 3183
2632 2108
2633 1708
2634 1883
2635 2045
2636 2552
2637 2653
2638 2720
2639 2765
2640 345
2641 1759
2642 935
2643 1510
2644 2979
2645 3438
2646 1563
2647 3808
2648 3698
2649 3630
2650 1401
2651 1932
2652 3491
2653 1267
2654 636
2655 887
2656 1829
2657 3742
2658 499
2659 1311
2660 3545
2661 1067
2662 1607
2663 3118
2664 90
2665 2374
2666 555
2667 2909
2668 1455
2669 1992
2670 277
2671 224
2672 413
2673 3382
2674 1184
2675 3056
2676 979
2677 2196
2678 2152
2679 3290
2680 2816
2681 2036
2682 2273
2683 174
2684 340
2685 1753
2686 3173
2687 757
2688 2572
2689 2422
2690 3236
2691 3011
2692 1547
2693 1136
2694 3611
2695 3674
2696 3452
2697 811
2698 1685
2699 1244
2700 1377
2701 2480
2702 2683
2703 1856
2704 3785
2705 2628
2706 1637
2707 1938
2708 3536
2709 504
2710 640
2711 873
2712 2939
2713 565
2714 1290
2715 1086
2716 24
2717 262
2718 3357
2719 411
2720 3405
2721 1988
2722 1465
2723 2109
2724 2165
2725 3833
2726 2321
2727 2246
2728 1593
2729 3077
2730 2870
2731 1777
2732 3298
2733 1016
2734 3163
2735 160
2736 943
2737 1546
2738 2054
2739 3618
2740 79
2741 3715
2742 739
2743 2575
2744 1390
2745 1190
2746 2519
2747 2396
2748 2805
2749 1847
2750 3248
2751 2462
2752 1713
2753 357
2754 1653
2755 2640
2756 794
2757 512
2758 2970
2759 1297
2760 1064
2761 561
2762 3761
2763 3549
2764 1112
2765 3663
2766 2711
2767 895
2768 3385
2769 2138
2770 1926
2771 1500
2772 294
2773 3016
2774 421
2775 1446
2776 3316
2777 2282
2778 3441
2779 145
2780 648
2781 3814
2782 2854
2783 3161
2784 16
2785 3600
2786 2066
2787 1974
2788 3064
2789 1388
2790 2558
2791 2203
2792 981
2793 2919
2794 2360
2795 3244
2796 223
2797 1830
2798 1172
2799 1592
2800 2803
2801 2432
2802 1662
2803 1769
2804 1710
2805 2648
2806 1217
2807 474
2808 1333
2809 2755
2810 2476
2811 2972
2812 2699
2813 1874
2814 878
2815 95
2816 1074
2817 333
2818 3656
2819 753
2820 701
2821 3766
2822 3543
2823 531
2824 3111
2825 1511
2826 929
2827 3344
2828 172
2829 14
2830 2252
2831 634
2832 802
2833 1435
2834 1029
2835 2096
2836 2014
2837 3300
2838 3034
2839 388
2840 286
2841 1382
2842 3417
2843 583
2844 3175
2845 1614
2846 2313
2847 2868
2848 1805
2849 1714
2850 2417
2851 1967
2852 2542
2853 3717
2854 1211
2855 2588
2856 3591
2857 218
2858 3464
2859 1889
2860 128
2861 62
2862 2723
2863 2358
2864 445
2865 720
2866 2819
2867 1148
2868 2656
2869 1307
2870 973
2871 2968
2872 1549
2873 3122
2874 3826
2875 627
2876 528
2877 1474
2878 791
2879 3532
2880 2267
2881 881
2882 3039
2883 1082
2884 3279
2885 927
2886 1353
2887 3770
2888 673
2889 2160
2890 2081
2891 401
2892 3346
2893 1408
2894 2311
2895 2018
2896 293
2897 1770
2898 2900
2899 2220
2900 2529
2901 1246
2902 3623
2903 3694
2904 3396
2905 2405
2906 1724
2907 1921
2908 142
2909 731
2910 1604
2911 476
2912 2739
2913 3206
2914 2821
2915 2961
2916 1553
2917 1875
2918 3117
2919 247
2920 2604
2921 1303
2922 1467
2923 570
2924 38
2925 618
2926 3061
2927 3497
2928 875
2929 1120
2930 3297
2931 1039
2932 2468
2933 956
2934 3015
2935 3556
2936 829
2937 1198
2938 2142
2939 1361
2940 2302
2941 3747
2942 1999
2943 189
2944 2189
2945 306
2946 2665
2947 2245
2948 3800
2949 3448
2950 1407
2951 3658
2952 3354
2953 418
2954 2903
2955 373
2956 2532
2957 1739
2958 1631
2959 3233
2960 2409
2961 751
2962 1550
2963 3170
2964 2749
2965 1859
2966 2050
2967 1263
2968 537
2969 97
2970 3093
2971 657
2972 3506
2973 2836
2974 1499
2975 3612
2976 3305
2977 591
2978 1095
2979 34
2980 856
2981 809
2982 2365
2983 2102
2984 1191
2985 3005
2986 954
2987 2004
2988 212
2989 3564
2990 2700
2991 1946
2992 3738
2993 2478
2994 1006
2995 2960
2996 2266
2997 2198
2998 3428
2999 3670
3000 291
3001 3049
3002 1634
3003 379
3004 2643
3005 722
3006 3818
3007 1429
3008 1785
3009 1329
3010 3359
3011 3213
3012 2902
3013 1544
3014 460
3015 521
3016 3103
3017 1707
3018 3477
3019 1588
3020 1898
3021 1268
3022 3314
3023 2530
3024 871
3025 2813
3026 2319
3027 630
3028 3160
3029 108
3030 2048
3031 2579
3032 1991
3033 47
3034 793
3035 2150
3036 3595
3037 2758
3038 2694
3039 2966
3040 2423
3041 675
3042 3540
3043 1203
3044 1130
3045 234
3046 2215
3047 3649
3048 961
3049 1062
3050 3702
3051 2103
3052 1663
3053 1781
3054 1385
3055 2270
3056 1476
3057 391
3058 2905
3059 1539
3060 3407
3061 3782
3062 3047
3063 748
3064 167
3065 1325
3066 481
3067 1590
3068 2
3069 2830
3070 3092
3071 1269
3072 2520
3073 2642
3074 3457
3075 1878
3076 302
3077 56
3078 3306
3079 3215
3080 819
3081 1013
3082 593
3083 1715
3084 2964
3085 866
3086 1959
3087 3525
3088 654
3089 2696
3090 252
3091 2223
3092 2411
3093 1167
3094 942
3095 3728
3096 3645
3097 3136
3098 3593
3099 1804
3100 113
3101 1493
3102 2111
3103 2344
3104 1643
3105 2780
3106 1057
3107 2893
3108 171
3109 2459
3110 409
3111 1105
3112 1577
3113 723
3114 3411
3115 3028
3116 2540
3117 456
3118 1295
3119 1249
3120 1890
3121 2173
3122 2607
3123 3345
3124 2827
3125 787
3126 564
3127 1425
3128 518
3129 1712
3130 897
3131 3087
3132 2975
3133 299
3134 2718
3135 2027
3136 847
3137 2674
3138 251
3139 1179
3140 3753
3141 1939
3142 3665
3143 977
3144 3804
3145 1809
3146 17
3147 3617
3148 3476
3149 3542
3150 125
3151 1054
3152 63
3153 2378
3154 3154
3155 1346
3156 3216
3157 1483
3158 178
3159 2463
3160 1551
3161 2295
3162 3293
3163 2225
3164 1260
3165 437
3166 1641
3167 3397
3168 2089
3169 2889
3170 707
3171 3023
3172 574
3173 1438
3174 2593
3175 1873
3176 1725
3177 755
3178 3088
3179 2513
3180 884
3181 2166
3182 2007
3183 1164
3184 334
3185 483
3186 2776
3187 2714
3188 264
3189 1920
3190 940
3191 3780
3192 3620
3193 2663
3194 119
3195 1010
3196 3547
3197 3474
3198 2350
3199 1801
3200 2973
3201 2403
3202 1507
3203 3246
3204 44
3205 2279
3206 1076
3207 1554
3208 208
3209 1309
3210 2450
3211 3142
3212 2212
3213 2886
3214 1376
3215 3685
3216 3391
3217 605
3218 3020
3219 2598
3220 1436
3221 387
3222 543
3223 2499
3224 2829
3225 653
3226 1696
3227 1193
3228 320
3229 3096
3230 803
3231 2031
3232 3328
3233 2083
3234 1749
3235 1239
3236 2784
3237 3602
3238 3739
3239 991
3240 947
3241 135
3242 2708
3243 3444
3244 1651
3245 1842
3246 1911
3247 738
3248 82
3249 2401
3250 2298
3251 2944
3252 1514
3253 2164
3254 486
3255 193
3256 3166
3257 849
3258 1299
3259 1564
3260 255
3261 1386
3262 3278
3263 3554
3264 3678
3265 3799
3266 1075
3267 893
3268 2458
3269 366
3270 2343
3271 2507
3272 1170
3273 2620
3274 3010
3275 3509
3276 2864
3277 563
3278 2003
3279 2072
3280 1218
3281 434
3282 2754
3283 1003
3284 670
3285 146
3286 3071
3287 304
3288 798
3289 1121
3290 3616
3291 1952
3292 1723
3293 2800
3294 737
3295 1905
3296 2913
3297 1504
3298 2705
3299 3229
3300 1839
3301 1664
3302 3185
3303 1560
3304 3138
3305 244
3306 3363
3307 1411
3308 73
3309 1337
3310 3709
3311 515
3312 3421
3313 2440
3314 2121
3315 1783
3316 625
3317 1458
3318 351
3319 3530
3320 2371
3321 2631
3322 2487
3323 3017
3324 2209
3325 3764
3326 195
3327 1175
3328 2002
3329 2053
3330 3484
3331 913
3332 997
3333 288
3334 2969
3335 3812
3336 1122
3337 465
3338 3598
3339 1718
3340 2551
3341 734
3342 402
3343 844
3344 2710
3345 1892
3346 3289
3347 1273
3348 1944
3349 2866
3350 2293
3351 1398
3352 1617
3353 1342
3354 60
3355 1225
3356 3693
3357 2812
3358 568
3359 3647
3360 3366
3361 1506
3362 3437
3363 2120
3364 3131
3365 1063
3366 1782
3367 689
3368 2764
3369 2359
3370 3219
3371 206
3372 620
3373 130
3374 2614
3375 900
3376 785
3377 2217
3378 3037
3379 336
3380 2931
3381 3769
3382 3527
3383 1154
3384 2661
3385 984
3386 426
3387 509
3388 2514
3389 3581
3390 3286
3391 2413
3392 1448
3393 1901
3394 2559
3395 2987
3396 1644
3397 1302
3398 1110
3399 1367
3400 1202
3401 2272
3402 3692
3403 2046
3404 1579
3405 1525
3406 1979
3407 2849
3408 836
3409 1042
3410 1250
3411 573
3412 3375
3413 3430
3414 3184
3415 1812
3416 246
3417 1727
3418 2113
3419 922
3420 667
3421 2222
3422 2345
3423 68
3424 169
3425 776
3426 3238
3427 3511
3428 3044
3429 2606
3430 3113
3431 2655
3432 988
3433 3613
3434 502
3435 446
3436 3317
3437 3783
3438 1877
3439 2722
3440 2397
3441 2897
3442 1418
3443 349
3444 1195
3445 1141
3446 2488
3447 1645
3448 2281
3449 2061
3450 1530
3451 1464
3452 3668
3453 2818
3454 400
3455 592
3456 1947
3457 837
3458 1243
3459 2953
3460 3389
3461 1799
3462 1037
3463 934
3464 3737
3465 1692
3466 301
3467 3454
3468 94
3469 179
3470 3221
3471 2199
3472 1292
3473 1365
3474 1584
3475 3048
3476 3522
3477 2615
3478 2126
3479 517
3480 3101
3481 763
3482 2997
3483 3584
3484 473
3485 3304
3486 1414
3487 39
3488 2672
3489 2342
3490 1861
3491 3149
3492 228
3493 1119
3494 2731
3495 2874
3496 2399
3497 2262
3498 1532
3499 659
3500 1955
3501 2498
3502 1475
3503 716
3504 405
3505 2923
3506 1220
3507 2563
3508 1004
3509 3790
3510 325
3511 1636
3512 3403
3513 3636
3514 919
3515 111
3516 2817
3517 1765
3518 1174
3519 2038
3520 3211
3521 3472
3522 3686
3523 2110
3524 1264
3525 874
3526 173
3527 3102
3528 2974
3529 487
3530 3544
3531 3041
3532 55
3533 2346
3534 1415
3535 1322
3536 2187
3537 817
3538 2752
3539 2652
3540 1821
3541 2251
3542 1085
3543 3274
3544 665
3545 2412
3546 3731
3547 1700
3548 378
3549 2517
3550 236
3551 1466
3552 438
3553 1914
3554 1971
3555 1540
3556 1600
3557 2928
3558 1656
3559 3356
3560 3599
3561 2842
3562 2582
3563 1028
3564 3177
3565 938
3566 1192
3567 2122
3568 2064
3569 580
3570 747
3571 3791
3572 2978
3573 2299
3574 3553
3575 482
3576 3483
3577 309
3578 3662
3579 3045
3580 1412
3581 801
3582 2774
3583 1138
3584 1822
3585 2669
3586 1352
3587 2244
3588 123
3589 3228
3590 686
3591 2351
3592 857
3593 642
3594 2424
3595 185
3596 403
3597 1078
3598 3743
3599 65
3600 3295
3601 1867
3602 3098
3603 2917
3604 2531
3605 1698
3606 2599
3607 248
3608 1936
3609 1498
3610 3422
3611 2479
3612 3171
3613 594
3614 1640
3615 1034
3616 1229
3617 2303
3618 3370
3619 953
3620 2088
3621 347
3622 3677
3623 3787
3624 3609
3625 488
3626 3563
3627 1399
3628 2736
3629 3510
3630 2029
3631 732
3632 1312
3633 1807
3634 1751
3635 2675
3636 2206
3637 3251
3638 821
3639 2427
3640 3013
3641 2368
3642 885
3643 671
3644 76
3645 3732
3646 3074
3647 2804
3648 2544
3649 2955
3650 183
3651 139
3652 1951
3653 3315
3654 2884
3655 2143
3656 424
3657 3443
3658 1613
3659 3137
3660 2602
3661 1031
3662 2316
3663 1880
3664 3377
3665 1517
3666 1452
3667 1180
3668 3614
3669 2491
3670 3819
3671 1394
3672 3667
3673 356
3674 501
3675 245
3676 2098
3677 3518
3678 1248
3679 2022
3680 726
3681 2236
3682 1811
3683 2693
3684 1339
3685 799
3686 2191
3687 1103
3688 2434
3689 901
3690 3257
3691 669
3692 3718
3693 3084
3694 2771
3695 955
3696 2986
3697 3192
3698 2890
3699 100
3700 447
3701 3320
3702 2390
3703 1689
3704 53
3705 3466
3706 1618
3707 2581
3708 1017
3709 3372
3710 2320
3711 1902
3712 590
3713 3139
3714 2525
3715 1523
3716 150
3717 372
3718 855
3719 523
3720 2136
3721 210
3722 3641
3723 1960
3724 1736
3725 2070
3726 3514
3727 2680
3728 1357
3729 750
3730 2211
3731 2274
3732 1793
3733 3571
3734 3272
3735 2451
3736 2635
3737 3069
3738 3744
3739 1160
3740 3012
3741 2797
3742 2901
3743 2729
3744 454
3745 1073
3746 2857
3747 950
3748 1313
3749 3687
3750 806
3751 3227
3752 994
3753 1606
3754 3440
3755 3325
3756 2332
3757 2957
3758 3169
3759 1481
3760 2528
3761 1864
3762 133
3763 1543
3764 393
3765 2115
3766 2590
3767 3629
3768 616
3769 220
3770 331
3771 1996
3772 2391
3773 1362
3774 3373
3775 2257
3776 883
3777 1722
3778 1774
3779 1913
3780 3521
3781 525
3782 3751
3783 2051
3784 3026
3785 2810
3786 2910
3787 2690
3788 471
3789 1043
3790 1820
3791 2750
3792 2601
3793 3312
3794 2504
3795 3247
3796 479
3797 3610
3798 3465
3799 3157
3800 2341
3801 2971
3802 2916
3803 3384
3804 448
3805 2692
3806 3232
3807 1531
3808 399
3809 2131
3810 3415
3811 3654
3812 870
3813 217
3814 1320
3815 3024
3816 2428
3817 3336
3818 2433
3819 2242
3820 840
3821 2790
3822 2809
3823 880
3824 3524
3825 2610
3826 3746
3827 451
3828 2503
3829 1012
3830 2920
3831 3713
3832 3490
3833 2137
3834 2851
3835 3475
3836 1025
3837 2592
3838 2547
3839 3282
