BER Performance of Bit-based Message Passinlg in MIMO Channel
Gallager (20, 7) LDPC code
Dimension of Parity Check matrix: (15,20)
Column Weight = 3, Row Weight = 4
Number of transmit antenna is 4
Number of receive antenna is 4
Vehicular speed: 250.000000 km/h
Maximum Doppler frequency: 578.703704
Channel fading rate: 0.059525
Maximum number of bits of simulation = 10225000

Eb/No     BER
0.000000:
2.322564e-001 2.086448e-001 1.971009e-001 1.917045e-001 1.877401e-001 1.860636e-001 1.840552e-001 1.830248e-001 1.805973e-001 1.809466e-001 

2.000000:
1.969327e-001 1.597800e-001 1.439320e-001 1.377973e-001 1.347411e-001 1.329073e-001 1.291065e-001 1.267948e-001 1.255723e-001 1.242498e-001 

4.000000:
1.652404e-001 1.114643e-001 9.158517e-002 8.539120e-002 8.185955e-002 8.016164e-002 7.632437e-002 7.349226e-002 7.104048e-002 6.984515e-002 

6.000000:
1.201929e-001 5.784841e-002 4.089650e-002 3.602554e-002 3.419451e-002 3.290682e-002 3.081500e-002 2.950829e-002 2.805759e-002 2.741918e-002 

8.000000:
8.655177e-002 2.591846e-002 1.443337e-002 1.222176e-002 1.116597e-002 1.058013e-002 9.706125e-003 8.999619e-003 8.316134e-003 7.960499e-003 

10.000000:
6.630345e-002 1.328090e-002 6.496682e-003 5.370553e-003 4.770533e-003 4.361060e-003 3.982773e-003 3.641285e-003 3.380258e-003 3.125156e-003 

12.000000:
4.897802e-002 6.449850e-003 2.886912e-003 2.438383e-003 2.126437e-003 1.958520e-003 1.764326e-003 1.639828e-003 1.532052e-003 1.405727e-003 

14.000000:
3.494161e-002 3.069144e-003 1.304645e-003 1.080000e-003 9.362347e-004 8.619071e-004 7.593154e-004 7.050367e-004 6.624939e-004 6.129095e-004 

BER Performance of Bit-based Message Passinlg in MIMO Channel
Gallager (20, 7) LDPC code
Dimension of Parity Check matrix: (15,20)
Column Weight = 3, Row Weight = 4
Number of transmit antenna is 4
Number of receive antenna is 4
Vehicular speed: 250.000000 km/h
Maximum Doppler frequency: 578.703704
Channel fading rate: 0.059525
Maximum number of bits of simulation = 1022500

Eb/No     BER
0.000000:
2.295844e-001 2.055536e-001 1.938177e-001 1.864303e-001 1.833566e-001 1.793399e-001 1.766154e-001 1.763884e-001 1.743626e-001 1.756200e-001 

2.000000:
1.982987e-001 1.569784e-001 1.357172e-001 1.243684e-001 1.173798e-001 1.149246e-001 1.141300e-001 1.113998e-001 1.104319e-001 1.102791e-001 

4.000000:
1.541999e-001 8.821279e-002 5.856929e-002 4.466835e-002 4.126114e-002 4.276757e-002 4.225491e-002 4.078792e-002 4.012146e-002 3.992823e-002 

6.000000:
1.103022e-001 3.263276e-002 1.133203e-002 8.262103e-003 9.465037e-003 9.691932e-003 9.359413e-003 8.926161e-003 8.790220e-003 8.712958e-003 

8.000000:
8.300929e-002 8.845966e-003 1.450367e-003 1.546210e-003 1.600000e-003 1.600000e-003 1.562836e-003 1.542298e-003 1.548166e-003 1.499267e-003 

10.000000:
5.986699e-002 1.511980e-003 3.393643e-004 3.892421e-004 3.559902e-004 3.520782e-004 3.432763e-004 3.168704e-004 3.158924e-004 3.031785e-004 

12.000000:
4.276186e-002 1.545232e-004 1.075795e-004 6.454768e-005 6.650367e-005 6.943765e-005 4.694377e-005 5.085575e-005 5.476773e-005 4.400978e-005 

14.000000:
2.765868e-002 1.173594e-005 2.738386e-005 1.466993e-005 1.271394e-005 1.369193e-005 1.369193e-005 9.779951e-006 9.779951e-006 1.271394e-005 

16.000000:
1.558435e-002 4.889976e-006 2.933985e-006 0.000000e+000 2.933985e-006 9.779951e-007 1.955990e-006 9.779951e-007 0.000000e+000 0.000000e+000 

Total elapsed time: 115421(sec)

