0 7364
1 6438
2 6828
3 1676
4 5193
5 3817
6 2993
7 1745
8 577
9 2354
10 1521
11 7090
12 680
13 7239
14 6595
15 6965
16 7780
17 7862
18 8002
19 4061
20 1329
21 4307
22 2121
23 3293
24 6230
25 5482
26 1221
27 4203
28 2019
29 962
30 7042
31 3700
32 8065
33 4748
34 6024
35 4693
36 2561
37 1462
38 2471
39 1811
40 4865
41 4423
42 2744
43 4370
44 6318
45 5825
46 3531
47 1616
48 2623
49 7177
50 6162
51 5073
52 5949
53 7506
54 5177
55 481
56 6097
57 2301
58 4813
59 345
60 6741
61 1170
62 4920
63 6896
64 4473
65 5771
66 7928
67 2413
68 7830
69 7281
70 1345
71 7573
72 3647
73 6531
74 2164
75 1056
76 7690
77 7344
78 4038
79 1906
80 6689
81 6446
82 976
83 4587
84 872
85 692
86 251
87 6260
88 5321
89 5573
90 1725
91 130
92 2948
93 6612
94 3846
95 2483
96 4425
97 780
98 2550
99 5671
100 5489
101 7499
102 2000
103 1590
104 644
105 3209
106 2296
107 7754
108 3425
109 4116
110 5016
111 6016
112 7991
113 6737
114 3544
115 7164
116 6833
117 1467
118 1357
119 2867
120 5150
121 1209
122 3740
123 1645
124 6533
125 3324
126 4174
127 4377
128 8096
129 2222
130 5088
131 4939
132 4051
133 7876
134 961
135 7269
136 2049
137 6981
138 3143
139 299
140 1105
141 464
142 6665
143 1849
144 3692
145 230
146 2929
147 6129
148 7092
149 6259
150 125
151 4804
152 1049
153 5870
154 886
155 3609
156 2571
157 2421
158 7603
159 5353
160 8159
161 4873
162 5947
163 7437
164 2489
165 45
166 3548
167 7772
168 5742
169 2878
170 1419
171 4237
172 6465
173 2106
174 3988
175 4644
176 5421
177 5544
178 8033
179 1897
180 2987
181 1545
182 3313
183 5085
184 1169
185 7544
186 1963
187 1218
188 7359
189 3790
190 752
191 6886
192 4706
193 6984
194 6521
195 3262
196 4151
197 1732
198 2319
199 584
200 2769
201 1323
202 3065
203 7495
204 5011
205 5887
206 2614
207 240
208 6233
209 7185
210 149
211 6642
212 5965
213 2472
214 5693
215 6030
216 4570
217 393
218 5142
219 2012
220 5292
221 68
222 2822
223 4303
224 3735
225 7679
226 6735
227 7051
228 7741
229 2081
230 1275
231 3471
232 1837
233 3878
234 1416
235 328
236 3377
237 4424
238 4850
239 1217
240 2686
241 738
242 6594
243 6469
244 7558
245 6870
246 7245
247 1601
248 6334
249 1018
250 6160
251 4359
252 5625
253 1667
254 3649
255 5066
256 1084
257 2289
258 3144
259 915
260 7934
261 850
262 5427
263 8137
264 1143
265 3315
266 4755
267 2449
268 4567
269 3573
270 598
271 5273
272 664
273 5356
274 74
275 6704
276 5515
277 7411
278 7320
279 2522
280 4493
281 4261
282 6776
283 1288
284 6415
285 7507
286 7738
287 190
288 3458
289 3995
290 6237
291 5157
292 6600
293 3227
294 2017
295 3792
296 4140
297 1466
298 4841
299 7220
300 5926
301 7566
302 5708
303 1659
304 5639
305 3053
306 1536
307 2977
308 4082
309 980
310 1920
311 6902
312 4350
313 2730
314 905
315 7094
316 271
317 4411
318 3608
319 8025
320 7806
321 2308
322 8082
323 5373
324 567
325 1863
326 4688
327 2128
328 5823
329 4761
330 5080
331 6309
332 6800
333 2408
334 414
335 3675
336 5537
337 4196
338 351
339 3134
340 1106
341 6171
342 4514
343 7316
344 6397
345 6964
346 3333
347 3495
348 3766
349 6477
350 4624
351 6004
352 1234
353 1178
354 7576
355 29
356 2585
357 2004
358 3028
359 1537
360 686
361 2903
362 7953
363 3388
364 100
365 5307
366 7857
367 6095
368 929
369 2718
370 291
371 3277
372 5417
373 3855
374 2528
375 7059
376 8055
377 1594
378 5127
379 2130
380 4802
381 7688
382 7396
383 2778
384 2849
385 4022
386 1899
387 4075
388 487
389 6325
390 814
391 4252
392 5071
393 3602
394 2434
395 3451
396 4197
397 2281
398 5932
399 217
400 7739
401 4333
402 632
403 1788
404 1149
405 3553
406 394
407 3785
408 2
409 2606
410 6993
411 7524
412 5796
413 1423
414 1207
415 3935
416 3676
417 7897
418 1065
419 6790
420 7792
421 1978
422 3339
423 6070
424 2223
425 2926
426 757
427 2029
428 5725
429 1492
430 2512
431 6389
432 4747
433 4464
434 2725
435 6923
436 7353
437 2174
438 7691
439 7422
440 1011
441 811
442 6549
443 8108
444 7642
445 4141
446 7260
447 3148
448 1335
449 3504
450 4680
451 873
452 4222
453 1681
454 4863
455 3863
456 953
457 4392
458 4522
459 5498
460 5274
461 7585
462 4594
463 1890
464 8019
465 110
466 3396
467 2981
468 7484
469 1392
470 5811
471 4277
472 595
473 7108
474 1981
475 2921
476 6819
477 2347
478 3264
479 3751
480 4768
481 6624
482 7208
483 1100
484 6971
485 5070
486 7803
487 6476
488 1007
489 7395
490 2752
491 2447
492 7676
493 5146
494 1470
495 2631
496 4095
497 7156
498 3578
499 5714
500 224
501 12
502 1806
503 5968
504 3174
505 3956
506 1628
507 395
508 5486
509 3868
510 3445
511 8071
512 2083
513 6173
514 5608
515 7878
516 5399
517 6223
518 1529
519 2978
520 1395
521 4246
522 4380
523 6107
524 2680
525 3350
526 4553
527 2239
528 856
529 7501
530 4960
531 4471
532 4007
533 1152
534 2371
535 681
536 7555
537 6849
538 4840
539 3673
540 5841
541 7822
542 609
543 3222
544 6038
545 6501
546 4760
547 173
548 2317
549 923
550 2576
551 2798
552 4147
553 1070
554 4653
555 6430
556 4089
557 3059
558 3833
559 6653
560 1320
561 1991
562 5135
563 542
564 5634
565 1459
566 2901
567 6272
568 333
569 440
570 3511
571 5529
572 7328
573 5964
574 5313
575 2265
576 1380
577 5757
578 7031
579 7246
580 6916
581 6167
582 5451
583 725
584 7117
585 1627
586 5257
587 1810
588 4269
589 2743
590 3904
591 8168
592 4817
593 2120
594 3239
595 7959
596 782
597 383
598 1008
599 53
600 3168
601 903
602 4012
603 7714
604 7414
605 4954
606 5367
607 2534
608 6754
609 2424
610 4346
611 2811
612 7848
613 1236
614 8052
615 2889
616 3407
617 6239
618 3485
619 6464
620 5809
621 4154
622 556
623 180
624 5041
625 5316
626 5662
627 2650
628 1876
629 7331
630 5993
631 2367
632 5601
633 7153
634 5479
635 6310
636 6155
637 234
638 716
639 484
640 3618
641 6618
642 6544
643 8124
644 6871
645 6817
646 7253
647 1362
648 1644
649 7782
650 1998
651 1749
652 7480
653 6975
654 846
655 3042
656 2302
657 6751
658 2145
659 30
660 6925
661 3949
662 5396
663 4033
664 5161
665 1210
666 5753
667 2813
668 3496
669 927
670 6434
671 3841
672 6072
673 1067
674 3672
675 587
676 4789
677 4648
678 3191
679 1835
680 4192
681 2485
682 4943
683 6245
684 7579
685 154
686 8010
687 5703
688 5533
689 1895
690 1131
691 7865
692 276
693 1435
694 4297
695 7140
696 2221
697 501
698 6502
699 684
700 1741
701 7069
702 222
703 2874
704 1576
705 4572
706 5022
707 2002
708 3067
709 3303
710 4480
711 5450
712 7456
713 3013
714 5205
715 7958
716 5121
717 416
718 2785
719 2370
720 2603
721 3521
722 7672
723 3683
724 6848
725 1005
726 3147
727 7240
728 6753
729 4367
730 325
731 920
732 588
733 2068
734 139
735 38
736 4911
737 3373
738 5651
739 7838
740 2653
741 1660
742 4417
743 6443
744 3446
745 7622
746 7178
747 7509
748 1414
749 8135
750 198
751 4282
752 713
753 6609
754 2318
755 1061
756 6956
757 2942
758 5386
759 7722
760 7778
761 5549
762 6248
763 5255
764 6662
765 540
766 458
767 4066
768 4718
769 5819
770 5144
771 6505
772 6109
773 377
774 4129
775 6163
776 770
777 5488
778 2410
779 4830
780 5987
781 3252
782 5008
783 3767
784 6847
785 3529
786 4918
787 1773
788 3827
789 8056
790 2006
791 4384
792 6335
793 7912
794 1206
795 7458
796 2488
797 2122
798 1862
799 7167
800 5692
801 296
802 2771
803 1530
804 4326
805 6585
806 5074
807 3467
808 1052
809 828
810 3344
811 653
812 2923
813 3620
814 7368
815 2617
816 4667
817 6041
818 144
819 7526
820 4489
821 2224
822 1127
823 6760
824 2069
825 7599
826 6125
827 6686
828 7109
829 898
830 5212
831 417
832 1399
833 7256
834 4091
835 514
836 987
837 7011
838 4037
839 6188
840 70
841 5556
842 5299
843 4986
844 5895
845 6829
846 768
847 3206
848 6878
849 6296
850 342
851 3271
852 6396
853 2320
854 5460
855 5804
856 1037
857 1889
858 3031
859 1203
860 2941
861 6559
862 8156
863 8009
864 6926
865 3569
866 5982
867 2134
868 1282
869 194
870 4403
871 2210
872 0
873 6458
874 2445
875 2036
876 5059
877 4875
878 4610
879 7348
880 6238
881 7634
882 270
883 1472
884 4328
885 5736
886 127
887 977
888 4256
889 4182
890 7840
891 3802
892 7111
893 1679
894 5562
895 3125
896 2368
897 6991
898 6510
899 2689
900 7295
901 7929
902 6315
903 3731
904 2262
905 1774
906 2556
907 7574
908 4967
909 2882
910 8165
911 5853
912 370
913 5638
914 4035
915 5322
916 428
917 4504
918 6115
919 3682
920 2158
921 3983
922 507
923 5912
924 7398
925 6813
926 6864
927 6033
928 16
929 3580
930 5449
931 5227
932 1033
933 2428
934 6601
935 3481
936 5042
937 6700
938 4398
939 4119
940 766
941 5162
942 832
943 1485
944 1894
945 1103
946 6949
947 2790
948 1619
949 1375
950 1263
951 7704
952 302
953 2108
954 3854
955 7093
956 6169
957 6295
958 2356
959 124
960 884
961 599
962 7211
963 3172
964 7948
965 1995
966 6998
967 4691
968 972
969 4752
970 1754
971 5882
972 5797
973 6772
974 7770
975 7143
976 3680
977 7
978 4239
979 3307
980 193
981 4046
982 2588
983 3763
984 2249
985 6504
986 471
987 5553
988 7450
989 1818
990 2159
991 6876
992 3019
993 8113
994 6380
995 4803
996 5648
997 1047
998 4630
999 2834
1000 6219
1001 7367
1002 1373
1003 8059
1004 7314
1005 5169
1006 3452
1007 1156
1008 704
1009 4366
1010 616
1011 1254
1012 4958
1013 350
1014 4481
1015 5416
1016 138
1017 862
1018 3961
1019 6019
1020 1657
1021 6932
1022 4562
1023 1729
1024 5739
1025 7946
1026 963
1027 3102
1028 2365
1029 7060
1030 3836
1031 3748
1032 7835
1033 8171
1034 7230
1035 232
1036 1603
1037 1881
1038 7587
1039 2684
1040 2097
1041 496
1042 5086
1043 2980
1044 1304
1045 6461
1046 4722
1047 290
1048 5513
1049 2546
1050 7477
1051 6404
1052 7338
1053 6569
1054 4666
1055 398
1056 6680
1057 3041
1058 4334
1059 1133
1060 5297
1061 6175
1062 2431
1063 5394
1064 6743
1065 118
1066 2479
1067 4457
1068 6073
1069 4210
1070 4014
1071 6288
1072 2733
1073 2021
1074 2831
1075 3278
1076 4160
1077 592
1078 28
1079 3130
1080 5838
1081 2211
1082 3400
1083 1198
1084 4389
1085 1040
1086 8126
1087 909
1088 6011
1089 1815
1090 3644
1091 6894
1092 1565
1093 7632
1094 6801
1095 3216
1096 728
1097 5345
1098 1447
1099 8036
1100 4829
1101 3584
1102 349
1103 3808
1104 7859
1105 1867
1106 5627
1107 4102
1108 495
1109 7492
1110 7689
1111 1360
1112 5563
1113 1308
1114 2363
1115 7282
1116 1947
1117 2113
1118 5064
1119 2593
1120 5411
1121 7553
1122 1137
1123 4516
1124 6570
1125 2996
1126 3754
1127 32
1128 4036
1129 2189
1130 5473
1131 7436
1132 6435
1133 3420
1134 5922
1135 1706
1136 4343
1137 5807
1138 6039
1139 3338
1140 4991
1141 6630
1142 2060
1143 1571
1144 7118
1145 661
1146 4180
1147 2279
1148 6280
1149 783
1150 4774
1151 1789
1152 3864
1153 4293
1154 3100
1155 6901
1156 4914
1157 7742
1158 2884
1159 3525
1160 4606
1161 4723
1162 6360
1163 1461
1164 2652
1165 3971
1166 91
1167 3814
1168 5535
1169 7549
1170 7808
1171 6840
1172 1295
1173 5178
1174 5719
1175 452
1176 1385
1177 4121
1178 1013
1179 7907
1180 300
1181 1908
1182 4413
1183 6099
1184 7248
1185 8151
1186 1630
1187 6429
1188 6762
1189 5250
1190 6524
1191 5056
1192 3733
1193 5878
1194 5799
1195 5943
1196 7065
1197 4194
1198 6656
1199 2559
1200 582
1201 1073
1202 1683
1203 2375
1204 3202
1205 934
1206 677
1207 2934
1208 4363
1209 8044
1210 3480
1211 511
1212 5379
1213 4853
1214 4620
1215 4533
1216 6147
1217 5503
1218 2872
1219 3316
1220 137
1221 6220
1222 2084
1223 3570
1224 5194
1225 1797
1226 10
1227 1006
1228 6961
1229 2676
1230 5683
1231 3080
1232 6899
1233 1401
1234 1229
1235 8127
1236 7405
1237 7700
1238 1140
1239 6312
1240 7466
1241 7620
1242 3818
1243 4935
1244 7774
1245 7137
1246 263
1247 2762
1248 7229
1249 5857
1250 2257
1251 7026
1252 4267
1253 6831
1254 5298
1255 3010
1256 3369
1257 2924
1258 7936
1259 6045
1260 617
1261 3464
1262 7332
1263 1742
1264 1879
1265 4133
1266 5937
1267 2033
1268 943
1269 1479
1270 5611
1271 7563
1272 8186
1273 6633
1274 3976
1275 4354
1276 4842
1277 5033
1278 1604
1279 2833
1280 4740
1281 3533
1282 4073
1283 429
1284 3622
1285 337
1286 2170
1287 1791
1288 6935
1289 6532
1290 6395
1291 799
1292 483
1293 22
1294 700
1295 113
1296 3247
1297 2417
1298 1117
1299 7024
1300 1969
1301 2622
1302 5715
1303 1406
1304 5827
1305 3695
1306 2983
1307 6079
1308 6267
1309 2110
1310 7919
1311 1191
1312 7500
1313 6326
1314 5093
1315 258
1316 2271
1317 537
1318 4611
1319 7978
1320 994
1321 7152
1322 163
1323 1860
1324 4908
1325 6869
1326 3055
1327 864
1328 4529
1329 3980
1330 1540
1331 5938
1332 3799
1333 2715
1334 642
1335 6149
1336 7100
1337 4043
1338 410
1339 5554
1340 3891
1341 4727
1342 7340
1343 708
1344 4465
1345 4795
1346 6020
1347 7608
1348 6924
1349 4144
1350 3116
1351 320
1352 1970
1353 2422
1354 2940
1355 1646
1356 5278
1357 5208
1358 2659
1359 1087
1360 1456
1361 8136
1362 3594
1363 6701
1364 6485
1365 7816
1366 3386
1367 2806
1368 1591
1369 6257
1370 7430
1371 3484
1372 5128
1373 964
1374 1784
1375 108
1376 7174
1377 486
1378 4382
1379 3992
1380 3756
1381 6545
1382 3314
1383 3546
1384 4898
1385 2569
1386 5899
1387 6629
1388 5971
1389 6375
1390 5464
1391 3932
1392 7996
1393 4591
1394 6867
1395 1377
1396 7542
1397 6057
1398 1189
1399 550
1400 5814
1401 633
1402 4296
1403 1861
1404 5607
1405 4955
1406 2619
1407 3050
1408 1460
1409 8046
1410 6307
1411 6716
1412 913
1413 789
1414 2927
1415 372
1416 2311
1417 7781
1418 4
1419 4228
1420 1638
1421 1316
1422 6478
1423 1946
1424 1111
1425 5006
1426 685
1427 2464
1428 1265
1429 5225
1430 7004
1431 103
1432 4901
1433 3583
1434 2853
1435 7433
1436 5986
1437 3516
1438 5504
1439 6391
1440 5143
1441 4773
1442 1735
1443 1409
1444 6774
1445 6124
1446 5424
1447 228
1448 6905
1449 7604
1450 7887
1451 5833
1452 3223
1453 5592
1454 2697
1455 3077
1456 2057
1457 5666
1458 734
1459 7685
1460 4047
1461 8054
1462 7985
1463 55
1464 3468
1465 1555
1466 4484
1467 6281
1468 1469
1469 843
1470 6707
1471 924
1472 391
1473 2244
1474 4418
1475 2514
1476 602
1477 3674
1478 7299
1479 3940
1480 4262
1481 5886
1482 7547
1483 5232
1484 7376
1485 7228
1486 5472
1487 679
1488 4843
1489 4936
1490 4709
1491 6497
1492 6812
1493 7104
1494 2112
1495 1281
1496 2639
1497 3161
1498 4589
1499 3816
1500 4992
1501 6205
1502 1755
1503 476
1504 5732
1505 4329
1506 5382
1507 1014
1508 7486
1509 535
1510 3329
1511 6861
1512 7740
1513 7993
1514 6546
1515 1226
1516 7623
1517 1682
1518 1504
1519 3085
1520 5176
1521 7159
1522 7824
1523 2586
1524 2719
1525 166
1526 583
1527 4776
1528 2971
1529 6332
1530 5642
1531 2916
1532 2294
1533 2185
1534 1596
1535 1843
1536 758
1537 1369
1538 4699
1539 4214
1540 5238
1541 112
1542 1122
1543 6113
1544 1923
1545 34
1546 5294
1547 5891
1548 7677
1549 3532
1550 4891
1551 7210
1552 5574
1553 219
1554 4302
1555 7393
1556 3234
1557 4060
1558 3795
1559 4645
1560 6802
1561 1071
1562 3035
1563 5765
1564 5454
1565 3585
1566 6401
1567 3943
1568 8164
1569 7452
1570 991
1571 4150
1572 2643
1573 6623
1574 7987
1575 1267
1576 332
1577 2728
1578 7629
1579 5988
1580 7891
1581 4500
1582 1680
1583 3145
1584 2958
1585 5170
1586 4985
1587 1396
1588 910
1589 7528
1590 5231
1591 2133
1592 3669
1593 7341
1594 76
1595 6196
1596 4766
1597 3304
1598 1524
1599 1853
1600 435
1601 1328
1602 1918
1603 4412
1604 2263
1605 7836
1606 6262
1607 1134
1608 8050
1609 3996
1610 281
1611 2054
1612 6911
1613 4598
1614 7721
1615 5734
1616 2433
1617 3872
1618 3413
1619 1746
1620 5677
1621 2570
1622 3358
1623 6427
1624 4897
1625 6552
1626 2705
1627 6354
1628 5958
1629 6837
1630 4545
1631 5420
1632 3768
1633 693
1634 2904
1635 7459
1636 4820
1637 5131
1638 6076
1639 5303
1640 2627
1641 152
1642 3235
1643 6013
1644 2761
1645 1688
1646 839
1647 5009
1648 102
1649 5579
1650 1838
1651 7236
1652 2821
1653 3160
1654 7058
1655 933
1656 1512
1657 8027
1658 287
1659 2104
1660 6301
1661 7875
1662 1457
1663 3632
1664 4365
1665 1983
1666 5802
1667 1782
1668 4110
1669 415
1670 5630
1671 4456
1672 1929
1673 7968
1674 4628
1675 6889
1676 3011
1677 7639
1678 5494
1679 2038
1680 1072
1681 7172
1682 6658
1683 1016
1684 4176
1685 5733
1686 4696
1687 3101
1688 3424
1689 521
1690 3765
1691 7336
1692 5436
1693 4509
1694 6796
1695 7804
1696 6553
1697 1724
1698 3319
1699 6976
1700 796
1701 6428
1702 4245
1703 1256
1704 3374
1705 6185
1706 5226
1707 8120
1708 8187
1709 3717
1710 7110
1711 5380
1712 1617
1713 5324
1714 6283
1715 1361
1716 881
1717 1421
1718 2580
1719 6366
1720 143
1721 8042
1722 5624
1723 3958
1724 3563
1725 7918
1726 654
1727 4921
1728 1567
1729 3001
1730 4573
1731 27
1732 4318
1733 2192
1734 5769
1735 5919
1736 7199
1737 543
1738 2040
1739 6018
1740 7389
1741 6907
1742 4521
1743 5096
1744 6627
1745 1717
1746 3907
1747 3126
1748 361
1749 2142
1750 600
1751 1307
1752 4798
1753 5147
1754 1185
1755 4184
1756 3796
1757 6768
1758 1021
1759 7763
1760 3510
1761 2501
1762 4078
1763 6431
1764 6271
1765 5360
1766 5263
1767 2397
1768 1445
1769 6489
1770 2316
1771 4687
1772 7999
1773 186
1774 6071
1775 7147
1776 7653
1777 6362
1778 1940
1779 1097
1780 466
1781 7504
1782 3337
1783 122
1784 7901
1785 3241
1786 4973
1787 3715
1788 3448
1789 5894
1790 1531
1791 7349
1792 1820
1793 5681
1794 2935
1795 3887
1796 777
1797 5547
1798 2230
1799 2716
1800 3981
1801 2560
1802 357
1803 1242
1804 4794
1805 3193
1806 2067
1807 2116
1808 4391
1809 4181
1810 7584
1811 5598
1812 2458
1813 8081
1814 7709
1815 4499
1816 5369
1817 6917
1818 1750
1819 26
1820 5188
1821 900
1822 3607
1823 4906
1824 7801
1825 4647
1826 6010
1827 1055
1828 4048
1829 6466
1830 1132
1831 6640
1832 309
1833 4557
1834 6394
1835 6069
1836 1650
1837 5122
1838 5775
1839 3470
1840 126
1841 6247
1842 6542
1843 3142
1844 7860
1845 5272
1846 771
1847 7310
1848 7965
1849 949
1850 1997
1851 7053
1852 6972
1853 2248
1854 4103
1855 3720
1856 539
1857 606
1858 2525
1859 6767
1860 6190
1861 8154
1862 7661
1863 2390
1864 77
1865 2759
1866 2655
1867 2448
1868 4745
1869 4837
1870 4470
1871 5707
1872 5889
1873 3628
1874 7460
1875 4316
1876 5320
1877 6890
1878 6694
1879 4692
1880 7250
1881 723
1882 2147
1883 1726
1884 3244
1885 1949
1886 5580
1887 3568
1888 1869
1889 4538
1890 5961
1891 6138
1892 6348
1893 5764
1894 1069
1895 7783
1896 7606
1897 2877
1898 937
1899 7931
1900 5004
1901 5126
1902 1000
1903 5078
1904 5476
1905 6632
1906 5216
1907 1643
1908 2955
1909 4941
1910 5426
1911 3903
1912 6742
1913 7391
1914 6528
1915 8079
1916 3146
1917 3443
1918 2515
1919 2032
1920 7730
1921 3617
1922 7305
1923 3844
1924 3667
1925 3014
1926 4120
1927 2742
1928 1262
1929 5676
1930 1163
1931 1446
1932 2233
1933 561
1934 505
1935 1346
1936 6941
1937 3998
1938 2671
1939 705
1940 4482
1941 5539
1942 6324
1943 778
1944 4259
1945 4390
1946 1759
1947 7550
1948 5365
1949 301
1950 7944
1951 2892
1952 5893
1953 4700
1954 6142
1955 834
1956 244
1957 7076
1958 3507
1959 6051
1960 5023
1961 627
1962 2946
1963 1957
1964 6884
1965 6405
1966 3180
1967 3423
1968 7160
1969 2181
1970 6622
1971 3925
1972 7764
1973 2467
1974 3265
1975 1074
1976 5805
1977 6698
1978 133
1979 5471
1980 4083
1981 4563
1982 5167
1983 8013
1984 2770
1985 7439
1986 8143
1987 6822
1988 4167
1989 5629
1990 3132
1991 3063
1992 951
1993 1904
1994 7383
1995 1231
1996 6978
1997 1161
1998 4652
1999 5103
2000 5918
2001 7698
2002 2076
2003 5702
2004 2329
2005 798
2006 1541
2007 5977
2008 6152
2009 2701
2010 4444
2011 3639
2012 7828
2013 6372
2014 6562
2015 280
2016 3345
2017 4930
2018 6208
2019 5236
2020 7038
2021 2523
2022 6888
2023 2456
2024 3457
2025 6625
2026 5309
2027 479
2028 688
2029 7885
2030 6316
2031 347
2032 5172
2033 7237
2034 3263
2035 3718
2036 2810
2037 2574
2038 2951
2039 7462
2040 6785
2041 1109
2042 1455
2043 4084
2044 4784
2045 5372
2046 5626
2047 3089
2048 4171
2049 7309
2050 1962
2051 1687
2052 5039
2053 740
2054 3036
2055 8100
2056 6146
2057 1344
2058 1615
2059 889
2060 2315
2061 218
2062 2648
2063 3770
2064 6725
2065 5760
2066 8162
2067 4394
2068 3966
2069 541
2070 7598
2071 3880
2072 3463
2073 8007
2074 2876
2075 1002
2076 2022
2077 2492
2078 6302
2079 93
2080 7711
2081 1202
2082 1509
2083 3312
2084 2756
2085 829
2086 3257
2087 5174
2088 4029
2089 7900
2090 1113
2091 4571
2092 6470
2093 4956
2094 6228
2095 1739
2096 5296
2097 7371
2098 6032
2099 5876
2100 7815
2101 1276
2102 4152
2103 6596
2104 5237
2105 153
2106 1334
2107 2959
2108 3403
2109 2823
2110 5082
2111 763
2112 1569
2113 5975
2114 1891
2115 2086
2116 2214
2117 4835
2118 2346
2119 5434
2120 5532
2121 1686
2122 7242
2123 7180
2124 4306
2125 3095
2126 3657
2127 46
2128 5810
2129 3860
2130 4885
2131 2463
2132 1402
2133 2634
2134 4646
2135 593
2136 6885
2137 7933
2138 387
2139 3214
2140 4586
2141 7017
2142 6373
2143 4088
2144 7724
2145 4485
2146 6214
2147 3576
2148 5350
2149 3760
2150 1197
2151 2277
2152 4416
2153 7321
2154 906
2155 4179
2156 248
2157 7481
2158 7561
2159 3409
2160 1331
2161 7387
2162 2768
2163 2064
2164 2696
2165 4968
2166 6766
2167 651
2168 3479
2169 6137
2170 1712
2171 1544
2172 1948
2173 6482
2174 5963
2175 3702
2176 6830
2177 715
2178 7217
2179 4352
2180 4849
2181 7123
2182 6933
2183 5835
2184 6639
2185 2493
2186 1091
2187 3952
2188 6422
2189 7670
2190 5168
2191 2620
2192 3332
2193 5477
2194 2328
2195 7757
2196 2964
2197 5752
2198 4904
2199 2167
2200 1473
2201 7890
2202 4523
2203 1240
2204 5361
2205 8034
2206 1026
2207 4455
2208 956
2209 6014
2210 8106
2211 2378
2212 79
2213 3593
2214 2261
2215 1398
2216 5603
2217 140
2218 6734
2219 7274
2220 2046
2221 765
2222 4240
2223 6189
2224 5230
2225 659
2226 2819
2227 5098
2228 3543
2229 6850
2230 7942
2231 7122
2232 7602
2233 4751
2234 1552
2235 21
2236 7360
2237 1979
2238 6359
2239 7064
2240 3027
2241 7474
2242 5824
2243 2908
2244 7651
2245 5880
2246 3245
2247 4681
2248 560
2249 4858
2250 4543
2251 3677
2252 492
2253 4971
2254 8157
2255 6942
2256 5756
2257 4490
2258 2473
2259 1825
2260 3725
2261 4040
2262 5381
2263 5679
2264 7418
2265 1471
2266 5158
2267 1730
2268 1147
2269 3434
2270 2073
2271 3346
2272 341
2273 863
2274 6159
2275 4249
2276 4919
2277 6207
2278 2327
2279 1655
2280 7192
2281 277
2282 2975
2283 3537
2284 4158
2285 791
2286 4309
2287 2143
2288 5628
2289 722
2290 1302
2291 6749
2292 3819
2293 437
2294 1581
2295 2654
2296 975
2297 7874
2298 4805
2299 2842
2300 3959
2301 648
2302 6539
2303 6799
2304 7811
2305 555
2306 6977
2307 7650
2308 7935
2309 2197
2310 5388
2311 5883
2312 1821
2313 2704
2314 1248
2315 2539
2316 1365
2317 4507
2318 1093
2319 7259
2320 6270
2321 3128
2322 5027
2323 5543
2324 3060
2325 8175
2326 7050
2327 3459
2328 1765
2329 3378
2330 4962
2331 1142
2332 2351
2333 818
2334 11
2335 5795
2336 6904
2337 6479
2338 1036
2339 6174
2340 7498
2341 3535
2342 2961
2343 7186
2344 1584
2345 109
2346 4435
2347 7335
2348 3693
2349 2824
2350 6117
2351 3221
2352 5462
2353 502
2354 2641
2355 1313
2356 273
2357 4199
2358 5613
2359 3869
2360 3275
2361 4772
2362 209
2363 7102
2364 4058
2365 5097
2366 5998
2367 2552
2368 6781
2369 4656
2370 5282
2371 663
2372 6647
2373 4356
2374 6957
2375 4868
2376 6229
2377 3092
2378 1841
2379 381
2380 1370
2381 7264
2382 3367
2383 4953
2384 2163
2385 5836
2386 7977
2387 5530
2388 1718
2389 775
2390 2966
2391 2014
2392 3442
2393 8131
2394 6181
2395 3603
2396 4284
2397 1966
2398 1214
2399 7482
2400 442
2401 3213
2402 5452
2403 990
2404 7810
2405 8029
2406 2227
2407 5156
2408 885
2409 7652
2410 7201
2411 1480
2412 6859
2413 5929
2414 2450
2415 147
2416 1279
2417 4189
2418 6515
2419 3871
2420 4432
2421 2899
2422 2349
2423 5047
2424 3551
2425 3807
2426 206
2427 4902
2428 2835
2429 4026
2430 1164
2431 2681
2432 6091
2433 1431
2434 1770
2435 2398
2436 3021
2437 696
2438 5875
2439 5664
2440 2602
2441 2504
2442 3115
2443 564
2444 3376
2445 4109
2446 1856
2447 638
2448 6003
2449 6684
2450 4827
2451 5446
2452 4258
2453 2172
2454 4341
2455 7027
2456 6379
2457 3736
2458 7432
2459 1075
2460 1564
2461 1338
2462 7381
2463 63
2464 3200
2465 2269
2466 7617
2467 5291
2468 5942
2469 3636
2470 3310
2471 2960
2472 432
2473 3921
2474 1
2475 382
2476 1228
2477 2095
2478 7681
2479 4021
2480 6852
2481 2845
2482 6500
2483 1692
2484 5102
2485 1912
2486 8084
2487 7488
2488 3426
2489 4537
2490 2350
2491 6327
2492 6793
2493 7963
2494 4603
2495 3494
2496 992
2497 5754
2498 6206
2499 2906
2500 6050
2501 5688
2502 2027
2503 3131
2504 7171
2505 4689
2506 6445
2507 548
2508 1764
2509 3561
2510 7768
2511 6276
2512 4434
2513 4113
2514 7304
2515 7410
2516 2694
2517 3706
2518 1543
2519 2495
2520 4788
2521 65
2522 1429
2523 7843
2524 1148
2525 170
2526 4234
2527 384
2528 819
2529 1296
2530 4988
2531 1222
2532 3838
2533 4006
2534 3611
2535 5332
2536 488
2537 2963
2538 4879
2539 6588
2540 691
2541 5256
2542 5845
2543 611
2544 7510
2545 8173
2546 117
2547 4638
2548 3934
2549 5046
2550 2628
2551 1695
2552 6980
2553 5441
2554 7113
2555 5509
2556 252
2557 1785
2558 7039
2559 6119
2560 3184
2561 4733
2562 8075
2563 3453
2564 3343
2565 4534
2566 6347
2567 7399
2568 7696
2569 4122
2570 3689
2571 1577
2572 5902
2573 2913
2574 2838
2575 6
2576 897
2577 7821
2578 1647
2579 3393
2580 7197
2581 6416
2582 1391
2583 1216
2584 6486
2585 7257
2586 2044
2587 2406
2588 2092
2589 392
2590 2270
2591 7560
2592 1905
2593 4241
2594 1343
2595 5301
2596 3068
2597 1030
2598 3512
2599 6047
2600 3253
2601 4358
2602 2202
2603 5155
2604 5410
2605 7465
2606 591
2607 1834
2608 5051
2609 820
2610 2491
2611 2542
2612 1273
2613 5850
2614 4676
2615 7365
2616 3199
2617 7952
2618 7054
2619 5761
2620 3342
2621 5905
2622 5478
2623 7142
2624 969
2625 1162
2626 5581
2627 6195
2628 1771
2629 6927
2630 7850
2631 2894
2632 5979
2633 3793
2634 8004
2635 7759
2636 673
2637 5228
2638 6111
2639 4173
2640 6649
2641 2837
2642 1573
2643 4822
2644 4895
2645 871
2646 4469
2647 4045
2648 6526
2649 80
2650 2196
2651 177
2652 1078
2653 6062
2654 5166
2655 2772
2656 3024
2657 7479
2658 3870
2659 2309
2660 6836
2661 5697
2662 4640
2663 7675
2664 742
2665 7564
2666 8086
2667 7073
2668 5104
2669 7408
2670 1433
2671 4298
2672 2976
2673 3072
2674 503
2675 1641
2676 5552
2677 355
2678 1734
2679 5788
2680 6463
2681 1312
2682 3534
2683 3780
2684 1857
2685 303
2686 1241
2687 8023
2688 2690
2689 5618
2690 1511
2691 7195
2692 1384
2693 626
2694 3395
2695 983
2696 2393
2697 6891
2698 4753
2699 84
2700 1121
2701 2182
2702 6388
2703 3136
2704 1994
2705 4475
2706 7614
2707 4544
2708 176
2709 4219
2710 7894
2711 5325
2712 8158
2713 7556
2714 4809
2715 3893
2716 4661
2717 6258
2718 4864
2719 6059
2720 8109
2721 7673
2722 2801
2723 405
2724 1629
2725 6321
2726 6643
2727 7035
2728 4360
2729 1559
2730 2043
2731 4951
2732 826
2733 6755
2734 5112
2735 3690
2736 247
2737 7949
2738 7317
2739 536
2740 335
2741 6164
2742 5432
2743 5973
2744 7181
2745 874
2746 5861
2747 2910
2748 4064
2749 1387
2750 8037
2751 2412
2752 7765
2753 4725
2754 7819
2755 5003
2756 3626
2757 1914
2758 189
2759 3039
2760 4453
2761 3506
2762 5791
2763 4139
2764 4238
2765 2649
2766 2333
2767 3299
2768 6882
2769 5706
2770 7710
2771 2587
2772 4852
2773 3874
2774 2474
2775 2267
2776 4009
2777 3365
2778 6809
2779 1058
2780 3236
2781 724
2782 4339
2783 6657
2784 3139
2785 4622
2786 4775
2787 966
2788 7292
2789 525
2790 1760
2791 6141
2792 6224
2793 4550
2794 3774
2795 1224
2796 2737
2797 5337
2798 672
2799 6747
2800 5444
2801 7079
2802 7873
2803 5013
2804 2861
2805 2154
2806 6421
2807 7453
2808 3722
2809 257
2810 4695
2811 42
2812 6369
2813 7956
2814 1675
2815 2792
2816 7168
2817 4209
2818 462
2819 4076
2820 5609
2821 5075
2822 6273
2823 1830
2824 1933
2825 6555
2826 1491
2827 5271
2828 322
2829 3274
2830 1352
2831 7797
2832 3905
2833 2430
2834 5763
2835 3483
2836 7656
2837 5897
2838 4801
2839 4401
2840 2531
2841 3062
2842 803
2843 2093
2844 3968
2845 3412
2846 748
2847 3354
2848 6720
2849 7074
2850 7339
2851 1442
2852 1740
2853 6086
2854 191
2855 7019
2856 1057
2857 2035
2858 4527
2859 2982
2860 2303
2861 971
2862 6918
2863 5555
2864 6187
2865 3849
2866 4145
2867 5440
2868 7454
2869 2241
2870 3640
2871 2854
2872 3173
2873 569
2874 6789
2875 6514
2876 5997
2877 6279
2878 907
2879 5015
2880 2144
2881 4208
2882 5081
2883 4478
2884 7813
2885 2907
2886 7286
2887 3288
2888 3119
2889 3549
2890 849
2891 7202
2892 3911
2893 4750
2894 5604
2895 2589
2896 4937
2897 4799
2898 7402
2899 3472
2900 1778
2901 1943
2902 7962
2903 630
2904 5813
2905 1125
2906 4679
2907 694
2908 2468
2909 1508
2910 4430
2911 5368
2912 7762
2913 2788
2914 1374
2915 71
2916 1266
2917 1888
2918 3646
2919 1713
2920 3406
2921 6053
2922 3005
2923 7136
2924 6943
2925 5276
2926 2217
2927 3813
2928 6499
2929 5187
2930 7055
2931 8064
2932 5057
2933 8190
2934 2645
2935 4067
2936 5718
2937 4260
2938 3141
2939 4003
2940 164
2941 6191
2942 2713
2943 7659
2944 7605
2945 5985
2946 4596
2947 494
2948 434
2949 8122
2950 339
2951 7992
2952 3474
2953 4998
2954 6322
2955 1593
2956 7472
2957 6856
2958 1130
2959 4876
2960 3238
2961 6571
2962 2827
2963 3876
2964 5363
2965 879
2966 1855
2967 5859
2968 3397
2969 255
2970 3926
2971 2023
2972 1443
2973 3686
2974 5589
2975 625
2976 2115
2977 5234
2978 7352
2979 2383
2980 772
2981 3523
2982 2594
2983 4065
2984 7048
2985 7235
2986 6920
2987 3801
2988 4531
2989 2544
2990 6200
2991 7536
2992 3581
2993 4461
2994 199
2995 5995
2996 697
2997 4778
2998 4602
2999 5415
3000 4168
3001 8016
3002 7825
3003 6803
3004 7886
3005 7637
3006 5501
3007 4345
3008 524
3009 6480
3010 1311
3011 5908
3012 1094
3013 5044
3014 576
3015 5354
3016 852
3017 970
3018 1748
3019 308
3020 2259
3021 4923
3022 6728
3023 2919
3024 4836
3025 3159
3026 1259
3027 1366
3028 2102
3029 5160
3030 1848
3031 5737
3032 1437
3033 2703
3034 3276
3035 49
3036 5569
3037 6648
3038 7061
3039 6282
3040 2324
3041 7434
3042 6938
3043 1583
3044 3747
3045 8073
3046 7268
3047 7130
3048 2451
3049 134
3050 3917
3051 1941
3052 735
3053 8128
3054 5094
3055 4701
3056 3007
3057 4431
3058 7974
3059 4764
3060 4146
3061 6452
3062 477
3063 2868
3064 4609
3065 5401
3066 409
3067 6192
3068 2009
3069 6103
3070 5680
3071 7562
3072 5492
3073 3108
3074 3659
3075 1046
3076 6838
3077 5910
3078 6563
3079 3181
3080 3351
3081 6511
3082 2803
3083 3240
3084 7731
3085 40
3086 305
3087 1737
3088 5330
3089 1813
3090 563
3091 4491
3092 2750
3093 878
3094 212
3095 7834
3096 4927
3097 2505
3098 7415
3099 7043
3100 2357
3101 2931
3102 2256
3103 3540
3104 4683
3105 6708
3106 1648
3107 1306
3108 1921
3109 98
3110 5005
3111 5744
3112 4305
3113 2186
3114 4754
3115 451
3116 1232
3117 689
3118 1572
3119 7938
3120 6444
3121 8191
3122 5670
3123 4225
3124 7601
3125 6962
3126 4815
3127 7988
3128 5881
3129 4414
3130 5214
3131 5266
3132 5105
3133 1175
3134 1029
3135 3018
3136 5545
3137 5490
3138 3250
3139 158
3140 6565
3141 8038
3142 538
3143 895
3144 4364
3145 3691
3146 6056
3147 1812
3148 211
3149 5934
3150 801
3151 6005
3152 3552
3153 4909
3154 1363
3155 3170
3156 352
3157 7119
3158 6265
3159 4983
3160 3428
3161 4705
3162 6110
3163 2100
3164 7023
3165 5820
3166 1293
3167 8105
3168 2784
3169 7793
3170 6384
3171 6825
3172 7647
3173 2452
3174 1710
3175 5409
3176 2160
3177 4612
3178 5192
3179 7493
3180 4201
3181 744
3182 6895
3183 2912
3184 6697
3185 7427
3186 2401
3187 5327
3188 5524
3189 1082
3190 5067
3191 3862
3192 3503
3193 1922
3194 7188
3195 2287
3196 283
3197 4483
3198 544
3199 800
3200 1522
3201 941
3202 610
3203 3318
3204 1145
3205 5469
3206 4028
3207 446
3208 5585
3209 7379
3210 200
3211 6232
3212 1227
3213 4677
3214 7307
3215 66
3216 7883
3217 4281
3218 5699
3219 1284
3220 1350
3221 2090
3222 4878
3223 4111
3224 7047
3225 5792
3226 3194
3227 5012
3228 5956
3229 1795
3230 3703
3231 150
3232 7546
3233 5890
3234 3936
3235 2943
3236 2687
3237 3753
3238 2487
3239 1034
3240 4735
3241 5521
3242 2839
3243 6055
3244 369
3245 2242
3246 3032
3247 6636
3248 1992
3249 8161
3250 714
3251 4792
3252 5390
3253 5163
3254 3598
3255 4226
3256 657
3257 4614
3258 8030
3259 1859
3260 6711
3261 5587
3262 925
3263 1204
3264 1554
3265 3122
3266 3821
3267 4421
3268 3456
3269 1931
3270 7401
3271 986
3272 1677
3273 2176
3274 241
3275 1146
3276 2438
3277 3226
3278 4153
3279 2389
3280 1490
3281 5270
3282 7577
3283 5665
3284 7858
3285 2105
3286 7189
3287 4371
3288 8102
3289 6986
3290 2630
3291 2497
3292 5090
3293 131
3294 6184
3295 5766
3296 6009
3297 4665
3298 364
3299 1626
3300 8172
3301 1761
3302 3737
3303 2691
3304 6269
3305 4564
3306 6874
3307 671
3308 292
3309 4866
3310 2807
3311 622
3312 5518
3313 4515
3314 6377
3315 6522
3316 4243
3317 2246
3318 7265
3319 5195
3320 3629
3321 967
3322 426
3323 4763
3324 3049
3325 2191
3326 2443
3327 7403
3328 5031
3329 3287
3330 3919
3331 7519
3332 570
3333 1476
3334 6135
3335 7134
3336 17
3337 5951
3338 2855
3339 5371
3340 6744
3341 1816
3342 4131
3343 7818
3344 6677
3345 736
3346 358
3347 4458
3348 1935
3349 7207
3350 129
3351 5901
3352 2321
3353 6249
3354 6604
3355 3462
3356 835
3357 7567
3358 3685
3359 3805
3360 7668
3361 2039
3362 5770
3363 3336
3364 1251
3365 5275
3366 6806
3367 4336
3368 2685
3369 6437
3370 4613
3371 2909
3372 5084
3373 5512
3374 1426
3375 1654
3376 1704
3377 6077
3378 1184
3379 5826
3380 4535
3381 6487
3382 1589
3383 3225
3384 7014
3385 5660
3386 2986
3387 6364
3388 7915
3389 8072
3390 7276
3391 7155
3392 7847
3393 2268
3394 4402
3395 4949
3396 727
3397 6136
3398 2858
3399 7373
3400 3104
3401 297
3402 7517
3403 619
3404 7984
3405 6638
3406 5395
3407 6193
3408 2795
3409 4093
3410 363
3411 7325
3412 1517
3413 175
3414 6314
3415 1092
3416 566
3417 6721
3418 836
3419 5154
3420 6782
3421 4342
3422 5525
3423 2635
3424 5092
3425 4673
3426 3776
3427 2545
3428 3317
3429 5019
3430 3951
3431 3455
3432 4554
3433 5576
3434 4039
3435 1668
3436 1405
3437 8139
3438 7920
3439 5456
3440 1977
3441 3589
3442 7716
3443 2722
3444 7869
3445 3366
3446 7610
3447 6108
3448 3203
3449 1023
3450 4449
3451 5730
3452 2276
3453 4220
3454 6843
3455 2198
3456 6180
3457 4395
3458 427
3459 2418
3460 6520
3461 6255
3462 1528
3463 1168
3464 921
3465 545
3466 1901
3467 4746
3468 753
3469 3896
3470 4807
3471 5520
3472 6333
3473 5656
3474 5914
3475 78
3476 3728
3477 4320
3478 5362
3479 857
3480 7973
3481 7081
3482 3670
3483 7007
3484 662
3485 1339
3486 5002
3487 5130
3488 2558
3489 8183
3490 6608
3491 6706
3492 2326
3493 3815
3494 7138
3495 3026
3496 3522
3497 5445
3498 5302
3499 4062
3500 5860
3501 1062
3502 8077
3503 1738
3504 4883
3505 321
3506 6930
3507 2240
3508 2624
3509 7508
3510 3166
3511 6236
3512 4459
3513 3284
3514 4938
3515 2754
3516 912
3517 1809
3518 6390
3519 380
3520 6083
3521 4726
3522 3910
3523 4393
3524 7870
3525 4577
3526 6881
3527 4204
3528 7272
3529 214
3530 6456
3531 3334
3532 2427
3533 2477
3534 2376
3535 1635
3536 3595
3537 7417
3538 1322
3539 5780
3540 985
3541 5383
3542 726
3543 7559
3544 1548
3545 4255
3546 1984
3547 1194
3548 4094
3549 6006
3550 8146
3551 7125
3552 2925
3553 5050
3554 3645
3555 5669
3556 2063
3557 6621
3558 776
3559 7692
3560 5864
3561 3782
3562 6675
3563 5433
3564 2841
3565 438
3566 2286
3567 6523
3568 62
3569 6786
3570 4743
3571 8017
3572 7198
3573 3099
3574 6959
3575 3900
3576 6251
3577 4428
3578 7769
3579 6393
3580 7851
3581 7330
3582 3242
3583 2190
3584 2667
3585 7496
3586 3713
3587 1043
3588 188
3589 1424
3590 2338
3591 973
3592 4819
3593 5248
3594 3381
3595 1639
3596 4660
3597 259
3598 1255
3599 6017
3600 4218
3601 1801
3602 4114
3603 5616
3604 860
3605 3518
3606 3292
3607 5384
3608 1714
3609 6591
3610 510
3611 5738
3612 6679
3613 4268
3614 1898
3615 6078
3616 5527
3617 4330
3618 1498
3619 4942
3620 645
3621 5054
3622 1107
3623 1167
3624 3930
3625 1973
3626 802
3627 5435
3628 7969
3629 7854
3630 7593
3631 2200
3632 2030
3633 420
3634 3600
3635 2088
3636 5896
3637 3671
3638 2731
3639 5329
3640 3079
3641 7187
3642 5241
3643 4791
3644 4041
3645 7088
3646 2577
3647 2400
3648 4437
3649 1379
3650 965
3651 3734
3652 3363
3653 4532
3654 3541
3655 2258
3656 64
3657 7785
3658 6509
3659 3212
3660 580
3661 3433
3662 7545
3663 8189
3664 473
3665 4138
3666 6738
3667 5798
3668 7334
3669 2651
3670 3986
3671 6602
3672 5646
3673 4704
3674 779
3675 4215
3676 8085
3677 5377
3678 1620
3679 7487
3680 6151
3681 5447
3682 2155
3683 4929
3684 5928
3685 262
3686 7906
3687 3157
3688 7015
3689 4272
3690 1751
3691 4386
3692 378
3693 6947
3694 529
3695 1864
3696 6811
3697 2482
3698 1807
3699 6075
3700 7251
3701 1685
3702 3605
3703 2284
3704 2928
3705 5565
3706 3071
3707 4071
3708 4451
3709 594
3710 3694
3711 3280
3712 4782
3713 6383
3714 3810
3715 5854
3716 7347
3717 5087
3718 7678
3719 3929
3720 3352
3721 3418
3722 6471
3723 1510
3724 1964
3725 14
3726 914
3727 4634
3728 6693
3729 8111
3730 73
3731 4947
3732 5189
3733 8182
3734 196
3735 6873
3736 1042
3737 792
3738 7557
3739 2607
3740 3149
3741 1129
3742 2074
3743 4135
3744 6278
3745 6995
3746 5279
3747 5331
3748 7262
3749 5698
3750 7204
3751 6122
3752 1693
3753 682
3754 7861
3755 2848
3756 3642
3757 6217
3758 4188
3759 2480
3760 5465
3761 3877
3762 8008
3763 4294
3764 4355
3765 1868
3766 2342
3767 2548
3768 315
3769 5036
3770 2758
3771 3076
3772 4508
3773 7611
3774 5773
3775 390
3776 7329
3777 5983
3778 6593
3779 7385
3780 5406
3781 7112
3782 6717
3783 2266
3784 7446
3785 2952
3786 2396
3787 6440
3788 2611
3789 6669
3790 60
3791 1434
3792 3260
3793 5927
3794 882
3795 7037
3796 202
3797 3726
3798 1506
3799 115
3800 1124
3801 4118
3802 1188
3803 2126
3804 6794
3805 6897
3806 7693
3807 3017
3808 4202
3809 6506
3810 5106
3811 4972
3812 1041
3813 8155
3814 4409
3815 1689
3816 6948
3817 2895
3818 2698
3819 3432
3820 1805
3821 3828
3822 5210
3823 4462
3824 1562
3825 6140
3826 4888
3827 614
3828 3110
3829 319
3830 2553
3831 717
3832 7463
3833 1340
3834 4011
3835 7232
3836 4806
3837 2331
3838 3538
3839 3588
3840 7175
3841 3892
3842 2459
3843 8018
3844 5846
3845 5408
3846 2779
3847 3291
3848 1432
3849 421
3850 2255
3851 5667
3852 4742
3853 5762
3854 5990
3855 6213
3856 2042
3857 6457
3858 6306
3859 7827
3860 7022
3861 5916
3862 3207
3863 7384
3864 3638
3865 6690
3866 781
3867 6543
3868 2125
3869 1208
3870 7713
3871 1280
3872 3447
3873 6620
3874 1597
3875 75
3876 3697
3877 1917
3878 4325
3879 4856
3880 4200
3881 8110
3882 2998
3883 2708
3884 4059
3885 1088
3886 2939
3887 3773
3888 4663
3889 6958
3890 1663
3891 338
3892 7548
3893 5101
3894 4388
3895 6875
3896 5315
3897 7297
3898 1546
3899 7940
3900 7162
3901 1003
3902 1155
3903 3829
3904 1430
3905 636
3906 2789
3907 2387
3908 4926
3909 6367
3910 3133
3911 5572
3912 868
3913 8178
3914 185
3915 2496
3916 5222
3917 4452
3918 6674
3919 2330
3920 2847
3921 7842
3922 2252
3923 6723
3924 3985
3925 2140
3926 6512
3927 7008
3928 3368
3929 7361
3930 5480
3931 5391
3932 1944
3933 3648
3934 7687
3935 4976
3936 5874
3937 5967
3938 6118
3939 4816
3940 6268
3941 7621
3942 3081
3943 7225
3944 306
3945 3536
3946 4383
3947 6447
3948 6575
3949 7105
3950 7163
3951 368
3952 523
3953 6046
3954 5652
3955 4651
3956 4057
3957 1314
3958 954
3959 4739
3960 4867
3961 3922
3962 4542
3963 2700
3964 3210
3965 3591
3966 1525
3967 5246
3968 3716
3969 7751
3970 876
3971 1099
3972 243
3973 5149
3974 6357
3975 6210
3976 2905
3977 5785
3978 2169
3979 8021
3980 2251
3981 4274
3982 4112
3983 3439
3984 6654
3985 3812
3986 5994
3987 1612
3988 7674
3989 1199
3990 6858
3991 6798
3992 5843
3993 3662
3994 1728
3995 5060
3996 8149
3997 4940
3998 2340
3999 111
4000 6408
4001 634
4002 7213
4003 7099
4004 2527
4005 1875
4006 1415
4007 3286
4008 5467
4009 5311
4010 1985
4011 444
4012 348
4013 767
4014 7960
4015 4684
4016 4845
4017 4601
4018 5721
4019 7372
4020 4169
4021 1010
4022 1520
4023 4996
4024 2608
4025 7596
4026 5606
4027 8089
4028 2442
4029 4381
4030 6042
4031 2751
4032 7879
4033 2702
4034 3006
4035 4000
4036 4104
4037 6179
4038 5974
4039 1230
4040 6631
4041 1586
4042 533
4043 6101
4044 2078
4045 6835
4046 7737
4047 2195
4048 7457
4049 637
4050 3438
4051 6305
4052 5152
4053 932
4054 2915
4055 7067
4056 107
4057 7513
4058 1798
4059 454
4060 226
4061 1123
4062 3137
4063 4313
4064 2513
4065 1059
4066 5287
4067 6951
4068 1708
4069 4460
4070 3326
4071 4170
4072 5468
4073 2612
4074 4839
4075 7366
4076 729
4077 165
4078 4997
4079 2860
4080 6407
4081 2809
4082 2734
4083 7165
4084 7267
4085 6198
4086 3383
4087 5840
4088 360
4089 25
4090 6495
4091 3889
4092 3941
4093 6145
4094 7578
4095 7786
4096 1896
4097 8119
4098 4004
4099 1294
4100 6355
4101 7723
4102 6574
4103 5058
4104 1180
4105 3033
4106 4697
4107 4372
4108 1004
4109 955
4110 810
4111 896
4112 4913
4113 3220
4114 7982
4115 5685
4116 2209
4117 1580
4118 5264
4119 6274
4120 2557
4121 4426
4122 7925
4123 6973
4124 213
4125 4518
4126 1245
4127 2967
4128 6834
4129 6664
4130 2364
4131 1519
4132 552
4133 6225
4134 1115
4135 4253
4136 8035
4137 660
4138 2890
4139 4310
4140 5118
4141 6712
4142 720
4143 3761
4144 3359
4145 608
4146 7362
4147 5175
4148 4767
4149 5759
4150 6568
4151 3596
4152 4980
4153 5349
4154 7796
4155 5455
4156 7190
4157 3660
4158 5403
4159 6381
4160 4637
4161 7289
4162 2285
4163 3251
4164 2621
4165 7590
4166 3879
4167 2739
4168 5505
4169 4454
4170 6008
4171 6320
4172 1393
4173 5229
4174 274
4175 142
4176 1326
4177 1673
4178 441
4179 2683
4180 4161
4181 7697
4182 4546
4183 979
4184 6106
4185 6970
4186 2001
4187 919
4188 3171
4189 866
4190 4871
4191 3009
4192 2888
4193 7464
4194 4211
4195 5907
4196 1465
4197 1187
4198 7120
4199 1842
4200 8070
4201 7856
4202 5673
4203 7917
4204 3746
4205 3387
4206 85
4207 3558
4208 5017
4209 2391
4210 5849
4211 7194
4212 6240
4213 7790
4214 4631
4215 1758
4216 6398
4217 7588
4218 4496
4219 6579
4220 2799
4221 5475
4222 5215
4223 379
4224 5980
4225 6527
4226 7979
4227 6777
4228 2235
4229 4441
4230 2082
4231 4787
4232 620
4233 5599
4234 2693
4235 1292
4236 4323
4237 1128
4238 8185
4239 4874
4240 844
4241 6915
4242 5310
4243 4578
4244 2873
4245 7636
4246 5398
4247 3491
4248 1865
4249 5781
4250 4266
4251 3831
4252 7078
4253 2567
4254 6695
4255 3266
4256 1950
4257 1532
4258 4959
4259 5847
4260 311
4261 3730
4262 4207
4263 2310
4264 2481
4265 2384
4266 7005
4267 7420
4268 5069
4269 5459
4270 4159
4271 225
4272 5668
4273 4657
4274 6221
4275 6634
4276 1666
4277 4087
4278 3410
4279 3779
4280 8057
4281 764
4282 506
4283 7141
4284 6556
4285 5906
4286 5244
4287 5180
4288 7539
4289 2024
4290 2208
4291 3347
4292 3196
4293 586
4294 1253
4295 7877
4296 3881
4297 155
4298 7995
4299 2864
4300 4877
4301 6880
4302 4825
4303 5295
4304 3093
4305 6139
4306 1502
4307 993
4308 2080
4309 4582
4310 6313
4311 6409
4312 4235
4313 412
4314 2565
4315 4479
4316 3972
4317 5822
4318 880
4319 4340
4320 7600
4321 1171
4322 327
4323 1796
4324 7223
4325 1632
4326 7767
4327 4636
4328 6808
4329 3800
4330 5347
4331 5772
4332 7273
4333 4736
4334 6726
4335 3710
4336 4685
4337 7326
4338 2218
4339 2657
4340 5540
4341 6599
4342 43
4343 7424
4344 590
4345 3308
4346 6459
4347 1690
4348 2028
4349 6668
4350 4074
4351 5946
4352 5191
4353 3228
4354 465
4355 774
4356 5034
4357 5873
4358 1102
4359 6534
4360 7532
4361 4548
4362 4892
4363 1355
4364 2150
4365 5129
4366 7087
4367 2295
4368 5430
4369 4248
4370 7648
4371 1916
4372 930
4373 8101
4374 3909
4375 5268
4376 4015
4377 3847
4378 353
4379 3054
4380 1150
4381 2582
4382 6043
4383 1776
4384 8006
4385 4436
4386 3650
4387 6892
4388 6345
4389 2672
4390 2234
4391 5342
4392 4777
4393 978
4394 5712
4395 861
4396 7315
4397 1634
4398 7032
4399 136
4400 7254
4401 5925
4402 1550
4403 6788
4404 2886
4405 3526
4406 1463
4407 7478
4408 1858
4409 5560
4410 5767
4411 3729
4412 298
4413 4910
4414 2793
4415 4978
4416 4369
4417 8177
4418 6212
4419 5139
4420 7529
4421 1727
4422 5837
4423 3117
4424 3279
4425 5431
4426 4576
4427 6518
4428 711
4429 3475
4430 4497
4431 4627
4432 6287
4433 2727
4434 3190
4435 3845
4436 7370
4437 2345
4438 1939
4439 5653
4440 7101
4441 3052
4442 6616
4443 1271
4444 3586
4445 7644
4446 2003
4447 2087
4448 7805
4449 5026
4450 1349
4451 2137
4452 1154
4453 6425
4454 6983
4455 6104
4456 574
4457 5346
4458 7470
4459 6719
4460 5941
4461 7243
4462 2629
4463 1777
4464 2893
4465 4422
4466 7582
4467 5239
4468 4270
4469 5500
4470 408
4471 59
4472 2962
4473 3309
4474 8028
4475 1068
4476 6823
4477 4738
4478 210
4479 1547
4480 4166
4481 3634
4482 8166
4483 2578
4484 504
4485 5591
4486 3461
4487 4844
4488 272
4489 4486
4490 2274
4491 2709
4492 944
4493 3777
4494 2498
4495 5686
4496 6614
4497 6376
4498 1852
4499 1367
4500 2148
4501 4588
4502 3169
4503 3261
4504 1669
4505 2055
4506 4932
4507 1903
4508 5976
4509 4670
4510 7443
4511 7868
4512 1274
4513 3088
4514 6244
4515 5442
4516 6566
4517 3020
4518 5355
4519 1139
4520 4005
4521 6490
4522 5915
4523 807
4524 5821
4525 5032
4526 7641
4527 7021
4528 7820
4529 1610
4530 5285
4531 4299
4532 6784
4533 6089
4534 1953
4535 1721
4536 6691
4537 8040
4538 2796
4539 7106
4540 3465
4541 7530
4542 3615
4543 733
4544 6297
4545 6352
4546 3797
4547 203
4548 2278
4549 8148
4550 2579
4551 4072
4552 3183
4553 3282
4554 1829
4555 3370
4556 4540
4557 573
4558 3884
4559 2466
4560 888
4561 1348
4562 2188
4563 4698
4564 7706
4565 2096
4566 4186
4567 5577
4568 5099
4569 314
4570 6035
4571 3069
4572 7306
4573 6442
4574 7586
4575 3547
4576 797
4577 5862
4578 7990
4579 4348
4580 396
4581 7003
4582 7795
4583 4861
4584 4769
4585 4994
4586 5716
4587 7394
4588 5224
4589 1913
4590 2712
4591 2632
4592 701
4593 6496
4594 1756
4595 4283
4596 231
4597 2362
4598 5502
4599 31
4600 7908
4601 1557
4602 7063
4603 3421
4604 7514
4605 2236
4606 581
4607 6127
4608 4605
4609 6913
4610 6290
4611 7247
4612 1264
4613 4703
4614 5945
4615 3852
4616 1851
4617 2518
4618 96
4619 6350
4620 6727
4621 8174
4622 3349
4623 4178
4624 343
4625 1112
4626 151
4627 3040
4628 2420
4629 4933
4630 5283
4631 1318
4632 3920
4633 5622
4634 5741
4635 5877
4636 7703
4637 3613
4638 2990
4639 1028
4640 4859
4641 463
4642 6540
4643 4415
4644 2596
4645 2911
4646 6178
4647 8022
4648 741
4649 1927
4650 869
4651 3217
4652 7135
4653 1762
4654 2782
4655 928
4656 2168
4657 3542
4658 7775
4659 1705
4660 7300
4661 1579
4662 4002
4663 1420
4664 5507
4665 4810
4666 678
4667 2520
4668 7200
4669 6277
4670 3152
4671 6846
4672 5414
4673 6780
4674 554
4675 1877
4676 613
4677 2300
4678 3320
4679 2025
4680 3416
4681 7363
4682 5582
4683 7565
4684 5684
4685 4096
4686 6424
4687 4505
4688 208
4689 7717
4690 2846
4691 6336
4692 2377
4693 4979
4694 7844
4695 5265
4696 5190
4697 7461
4698 3954
4699 6176
4700 2917
4701 35
4702 3895
4703 2644
4704 6732
4705 2575
4706 8160
4707 3466
4708 7787
4709 5065
4710 5132
4711 7116
4712 1827
4713 324
4714 756
4715 7278
4716 6037
4717 4702
4718 6092
4719 2764
4720 3656
4721 3140
4722 5783
4723 4327
4724 7655
4725 4907
4726 2141
4727 936
4728 3824
4729 482
4730 1568
4731 1662
4732 1453
4733 4092
4734 3348
4735 2026
4736 7386
4737 4408
4738 3545
4739 4832
4740 830
4741 1400
4742 162
4743 6227
4744 1310
4745 2453
4746 4498
4747 8045
4748 220
4749 2366
4750 5700
4751 3759
4752 4251
4753 3969
4754 7515
4755 2194
4756 2706
4757 5643
4758 7206
4759 7581
4760 4030
4761 4600
4762 2953
4763 3915
4764 5326
4765 7294
4766 5966
4767 3273
4768 1808
4769 621
4770 5429
4771 7098
4772 6974
4773 3606
4774 5040
4775 82
4776 4655
4777 2584
4778 6467
4779 4332
4780 7997
4781 1484
4782 512
4783 6703
4784 2131
4785 6413
4786 7914
4787 3335
4788 6120
4789 1873
4790 2791
4791 399
4792 4101
4793 1709
4794 5243
4795 4443
4796 6044
4797 457
4798 33
4799 7732
4800 1938
4801 2510
4802 2382
4803 6851
4804 289
4805 755
4806 809
4807 4797
4808 6170
4809 4707
4810 4886
4811 2726
4812 160
4813 8060
4814 1138
4815 6329
4816 3539
4817 7444
4818 3404
4819 7660
4820 7158
4821 3037
4822 4195
4823 7298
4824 4549
4825 95
4826 5570
4827 5497
4828 3106
4829 6771
4830 3270
4831 5438
4832 1640
4833 7009
4834 3965
4835 6637
4836 4970
4837 4639
4838 870
4839 2007
4840 4247
4841 7970
4842 6584
4843 5672
4844 6121
4845 2180
4846 968
4847 675
4848 4447
4849 1707
4850 5269
4851 1527
4852 2494
4853 5871
4854 7215
4855 1794
4856 2937
4857 5113
4858 2615
4859 3599
4860 527
4861 1213
4862 4049
4863 3460
4864 3739
4865 3520
4866 433
4867 6516
4868 5370
4869 8123
4870 1936
4871 3204
4872 4108
4873 1847
4874 7291
4875 7346
4876 4510
4877 3688
4878 1354
4879 6319
4880 6804
4881 7654
4882 7866
4883 2738
4884 7406
4885 3390
4886 4635
4887 1144
4888 6945
4889 5728
4890 376
4891 7139
4892 5001
4893 4814
4894 2225
4895 3938
4896 3023
4897 5181
4898 6093
4899 2151
4900 2034
4901 6597
4902 4559
4903 7082
4904 6403
4905 5259
4906 1614
4907 2663
4908 559
4909 7702
4910 6031
4911 5584
4912 227
4913 1060
4914 61
4915 1566
4916 5397
4917 6692
4918 132
4919 2885
4920 5510
4921 1942
4922 5055
4923 3514
4924 4872
4925 3823
4926 1711
4927 7939
4928 2297
4929 5923
4930 4944
4931 2786
4932 3105
4933 877
4934 2732
4935 2381
4936 2507
4937 326
4938 3708
4939 7540
4940 6507
4941 8179
4942 7263
4943 3162
4944 6275
4945 6999
4946 4016
4947 4793
4948 6331
4949 5812
4950 3414
4951 1108
4952 1333
4953 2127
4954 2991
4955 667
4956 4720
4957 4399
4958 3057
4959 5696
4960 5235
4961 2604
4962 3574
4963 5000
4964 938
4965 5323
4966 4286
4967 3237
4968 3944
4969 4511
4970 8115
4971 827
4972 1549
4973 4106
4974 6143
4975 1177
4976 3850
4977 7404
4978 2332
4979 3637
4980 104
4981 7080
4982 1444
4983 7941
4984 2511
4985 197
4986 1020
4987 2863
4988 6910
4989 5063
4990 1386
4991 5558
4992 6253
4993 2936
4994 7512
4995 4826
4996 6778
4997 4894
4998 249
4999 5405
5000 4626
5001 3724
5002 2253
5003 1086
5004 2165
5005 3437
5006 4216
5007 5621
5008 6651
5009 7701
5010 5735
5011 2568
5012 2664
5013 456
5014 5790
5015 6406
5016 1631
5017 3164
5018 7018
5019 5506
5020 5319
5021 8091
5022 331
5023 739
5024 7333
5025 1887
5026 8001
5027 1799
5028 6462
5029 7227
5030 5153
5031 3848
5032 4157
5033 7889
5034 1193
5035 1496
5036 6029
5037 842
5038 3987
5039 2887
5040 3635
5041 6222
5042 6126
5043 5867
5044 7572
5045 4724
5046 4292
5047 6603
5048 1321
5049 7473
5050 4796
5051 3738
5052 1083
5053 171
5054 3477
5055 4989
5056 4446
5057 5661
5058 4344
5059 7776
5060 2535
5061 5972
5062 2984
5063 7086
5064 2016
5065 4674
5066 4869
5067 3897
5068 7423
5069 2264
5070 5594
5071 5207
5072 6855
5073 6410
5074 229
5075 683
5076 534
5077 3185
5078 1436
5079 5339
5080 793
5081 356
5082 1001
5083 4924
5084 5281
5085 2204
5086 1200
5087 7909
5088 3963
5089 7845
5090 6338
5091 1388
5092 3296
5093 2460
5094 854
5095 3429
5096 745
5097 6759
5098 7720
5099 6550
5100 450
5101 5107
5102 3769
5103 6494
5104 4818
5105 1792
5106 6710
5107 3075
5108 926
5109 5778
5110 3590
5111 6123
5112 1731
5113 148
5114 4378
5115 279
5116 1840
5117 4291
5118 5048
5119 4715
5120 4439
5121 2773
5122 5904
5123 3687
5124 3379
5125 4617
5126 1503
5127 6606
5128 2341
5129 656
5130 2601
5131 4085
5132 995
5133 5641
5134 9
5135 532
5136 8094
5137 1157
5138 4880
5139 2891
5140 1928
5141 2050
5142 7575
5143 7913
5144 7343
5145 2995
5146 3924
5147 58
5148 2476
5149 1272
5150 5448
5151 7020
5152 1588
5153 1080
5154 5550
5155 7182
5156 6066
5157 7255
5158 5124
5159 6498
5160 6285
5161 4013
5162 5198
5163 5801
5164 7426
5165 2171
5166 4503
5167 6439
5168 5496
5169 4407
5170 5286
5171 4331
5172 256
5173 6914
5174 2763
5175 1507
5176 183
5177 5392
5178 3701
5179 2280
5180 5021
5181 7802
5182 3500
5183 4616
5184 3449
5185 1700
5186 3865
5187 1803
5188 3604
5189 2710
5190 7707
5191 8103
5192 6765
5193 489
5194 2018
5195 647
5196 1190
5197 2933
5198 7503
5199 5960
5200 6635
5201 2857
5202 1871
5203 562
5204 3186
5205 2647
5206 805
5207 7631
5208 7950
5209 406
5210 7888
5211 2478
5212 5443
5213 3298
5214 3993
5215 8181
5216 3360
5217 1563
5218 750
5219 5640
5220 5111
5221 4301
5222 6928
5223 2183
5224 2774
5225 1319
5226 1064
5227 6580
5228 7271
5229 4183
5230 6854
5231 181
5232 3664
5233 5588
5234 5197
5235 6211
5236 2109
5237 4054
5238 3839
5239 4585
5240 6148
5241 3087
5242 1701
5243 7695
5244 3566
5245 4659
5246 3750
5247 3015
5248 7052
5249 6985
5250 8069
5251 1418
5252 5049
5253 6412
5254 7392
5255 7107
5256 1775
5257 7823
5258 5803
5259 2250
5260 575
5261 2508
5262 3899
5263 7342
5264 1649
5265 3290
5266 2564
5267 2957
5268 2656
5269 1993
5270 3385
5271 5644
5272 5466
5273 1356
5274 3508
5275 8142
5276 5957
5277 431
5278 4132
5279 7244
5280 4708
5281 6054
5282 3950
5283 2334
5284 6519
5285 6235
5286 7570
5287 1494
5288 23
5289 3154
5290 3679
5291 7719
5292 6821
5293 5695
5294 6628
5295 6291
5296 366
5297 5141
5298 6773
5299 6344
5300 676
5301 1277
5302 3758
5303 8000
5304 3556
5305 7084
5306 5333
5307 4615
5308 3051
5309 4187
5310 4517
5311 7000
5312 1595
5313 1945
5314 7627
5315 1119
5316 1183
5317 235
5318 2532
5319 7151
5320 7771
5321 3444
5322 156
5323 2388
5324 3820
5325 8053
5326 6451
5327 5219
5328 3328
5329 6065
5330 2766
5331 5962
5332 508
5333 5407
5334 2124
5335 8130
5336 4304
5337 890
5338 3267
5339 436
5340 4690
5341 2484
5342 7409
5343 1482
5344 6218
5345 578
5346 7543
5347 4824
5348 702
5349 4758
5350 5903
5351 6557
5352 6400
5353 7882
5354 5277
5355 7049
5356 6898
5357 3612
5358 4128
5359 5548
5360 3955
5361 1535
5362 3699
5363 2956
5364 6685
5365 2203
5366 6752
5367 5800
5368 2304
5369 265
5370 3389
5371 1317
5372 2820
5373 7626
5374 178
5375 67
5376 5328
5377 1151
5378 1389
5379 4032
5380 4966
5381 7932
5382 946
5383 4547
5384 5713
5385 8
5386 7779
5387 520
5388 6060
5389 5062
5390 4404
5391 1844
5392 365
5393 4664
5394 875
5395 2475
5396 1048
5397 746
5398 1215
5399 2721
5400 1674
5401 8099
5402 3550
5403 6460
5404 7729
5405 5924
5406 2392
5407 6952
5408 6862
5409 3058
5410 2047
5411 7829
5412 6356
5413 3783
5414 1609
5415 6682
5416 4882
5417 628
5418 6763
5419 3625
5420 5815
5421 3248
5422 3873
5423 1330
5424 2592
5425 168
5426 233
5427 3163
5428 1736
5429 6209
5430 3305
5431 3111
5432 5358
5433 2922
5434 2149
5435 982
5436 3923
5437 6061
5438 6567
5439 3430
5440 7451
5441 4232
5442 7218
5443 5523
5444 5072
5445 3355
5446 7905
5447 2753
5448 546
5449 5704
5450 1172
5451 2446
5452 7013
5453 4492
5454 6157
5455 1225
5456 8090
5457 5892
5458 2688
5459 2499
5460 2829
5461 7146
5462 6420
5463 455
5464 916
5465 407
5466 288
5467 1114
5468 50
5469 7322
5470 1823
5471 4969
5472 5186
5473 7382
5474 5655
5475 1287
5476 8031
5477 4710
5478 6619
5479 2355
5480 643
5481 5280
5482 7663
5483 1044
5484 6730
5485 2974
5486 2920
5487 8145
5488 7431
5489 5784
5490 7203
5491 6937
5492 1907
5493 747
5494 3898
5495 1372
5496 2736
5497 5053
5498 3229
5499 1960
5500 1768
5501 3103
5502 6787
5503 7592
5504 526
5505 3482
5506 7010
5507 6483
5508 5969
5509 4629
5510 7976
5511 4080
5512 106
5513 4396
5514 5366
5515 425
5516 3025
5517 169
5518 4506
5519 4828
5520 4227
5521 6116
5522 3721
5523 6048
5524 8083
5525 1258
5526 3341
5527 3627
5528 313
5529 2435
5530 5832
5531 2626
5532 3
5533 6589
5534 2536
5535 7154
5536 7531
5537 4556
5538 3559
5539 2865
5540 5115
5541 7756
5542 1009
5543 1411
5544 3859
5545 5620
5546 817
5547 5682
5548 7864
5549 2968
5550 6807
5551 7375
5552 4915
5553 3249
5554 2816
5555 6168
5556 5898
5557 6667
5558 639
5559 3931
5560 6736
5561 4625
5562 7624
5563 6216
5564 3489
5565 2247
5566 6982
5567 6472
5568 7708
5569 6363
5570 2193
5571 1098
5572 1337
5573 958
5574 1478
5575 6022
5576 3624
5577 5200
5578 1556
5579 3778
5580 2085
5581 1866
5582 7034
5583 712
5584 215
5585 282
5586 8095
5587 7448
5588 7226
5589 7103
5590 5768
5591 1817
5592 6908
5593 1752
5594 4322
5595 5631
5596 5689
5597 385
5598 485
5599 3372
5600 1413
5601 4945
5602 3858
5603 5425
5604 3441
5605 3560
5606 3158
5607 5116
5608 7541
5609 5536
5610 1694
5611 114
5612 8167
5613 6202
5614 7867
5615 892
5616 4783
5617 7809
5618 8041
5619 2369
5620 2201
5621 3297
5622 1605
5623 5900
5624 6969
5625 2999
5626 2540
5627 6699
5628 6613
5629 5025
5630 2898
5631 3942
5632 6264
5633 3803
5634 6007
5635 5839
5636 4142
5637 7324
5638 2138
5639 2636
5640 4669
5641 7447
5642 4217
5643 6866
5644 4593
5645 5596
5646 5650
5647 172
5648 4317
5649 5484
5650 2949
5651 318
5652 3218
5653 2490
5654 1297
5655 3883
5656 6368
5657 1518
5658 7945
5659 6764
5660 2749
5661 1678
5662 6080
5663 447
5664 6134
5665 5723
5666 687
5667 7270
5668 5777
5669 1902
5670 1235
5671 5165
5672 90
5673 3999
5674 6529
5675 2411
5676 5935
5677 4779
5678 5014
5679 4265
5680 1085
5681 6293
5682 945
5683 3652
5684 3577
5685 2563
5686 7826
5687 8114
5688 266
5689 5422
5690 618
5691 4450
5692 6946
5693 7012
5694 4077
5695 7607
5696 5999
5697 4713
5698 6581
5699 5633
5700 4338
5701 2945
5702 2856
5703 5851
5704 2322
5705 3786
5706 3082
5707 3509
5708 2616
5709 1364
5710 530
5711 1483
5712 329
5713 207
5714 841
5715 6863
5716 2157
5717 4854
5718 1925
5719 403
5720 4662
5721 5711
5722 4008
5723 4175
5724 5089
5725 101
5726 2707
5727 1561
5728 3208
5729 5470
5730 4999
5731 5789
5732 7518
5733 6150
5734 6805
5735 7114
5736 1804
5737 1063
5738 5213
5739 52
5740 3698
5741 3029
5742 5336
5743 3375
5744 6234
5745 2423
5746 6617
5747 4463
5748 1201
5749 7266
5750 5989
5751 7715
5752 2005
5753 6049
5754 7619
5755 3528
5756 6967
5757 7377
5758 640
5759 4115
5760 3150
5761 2591
5762 2237
5763 5151
5764 6317
5765 7863
5766 3623
5767 4233
5768 3886
5769 706
5770 891
5771 5885
5772 388
5773 1390
5774 3989
5775 2098
5776 4400
5777 1342
5778 1870
5779 4925
5780 3469
5781 4584
5782 762
5783 5495
5784 3224
5785 8058
5786 1625
5787 2537
5788 4050
5789 6484
5790 7490
5791 2293
5792 4351
5793 5201
5794 7924
5795 2852
5796 6733
5797 5578
5798 7036
5799 6370
5800 7252
5801 1110
5802 553
5803 957
5804 4164
5805 2914
5806 3091
5807 2675
5808 443
5809 3000
5810 2455
5811 8141
5812 5385
5813 4501
5814 2015
5815 3832
5816 174
5817 4762
5818 2199
5819 3744
5820 4831
5821 1408
5822 604
5823 655
5824 3587
5825 703
5826 346
5827 2780
5828 7380
5829 5808
5830 6052
5831 7133
5832 5751
5833 3243
5834 3655
5835 1290
5836 4592
5837 3957
5838 3476
5839 5952
5840 6797
5841 760
5842 4893
5843 2573
5844 7441
5845 6931
5846 4236
5847 1783
5848 4025
5849 5649
5850 6292
5851 7884
5852 528
5853 2394
5854 8074
5855 6538
5856 4946
5857 7612
5858 2072
5859 3129
5860 845
5861 6374
5862 2678
5863 5114
5864 5418
5865 5305
5866 2896
5867 5858
5868 5534
5869 4675
5870 1893
5871 1176
5872 5597
5873 6731
5874 6865
5875 7800
5876 7327
5877 1464
5878 2524
5879 8152
5880 1570
5881 1951
5882 7045
5883 7222
5884 1720
5885 4419
5886 3643
5887 2156
5888 6177
5889 2335
5890 1382
5891 4881
5892 3004
5893 931
5894 3741
5895 4357
5896 2275
5897 4279
5898 2954
5899 6426
5900 4155
5901 7954
5902 5204
5903 286
5904 3997
5905 759
5906 3928
5907 5717
5908 7527
5909 3861
5910 4995
5911 2079
5912 1324
5913 1651
5914 18
5915 674
5916 2470
5917 3436
5918 6256
5919 6815
5920 4790
5921 128
5922 1515
5923 1845
5924 5593
5925 6605
5926 7896
5927 7096
5928 7683
5929 1090
5930 4472
5931 1182
5932 1954
5933 205
5934 7831
5935 354
5936 2662
5937 7743
5938 7633
5939 5787
5940 7196
5941 3592
5942 2358
5943 1702
5944 808
5945 6001
5946 6063
5947 6988
5948 6660
5949 3188
5950 8047
5951 3775
5952 6166
5953 2989
5954 1587
5955 5138
5956 5687
5957 2530
5958 7358
5959 2205
5960 2306
5961 4231
5962 3994
5963 751
5964 6517
5965 2817
5966 1779
5967 422
5968 4961
5969 518
5970 5931
5971 1244
5972 7971
5973 4744
5974 6231
5975 4555
5976 6578
5977 4280
5978 2747
5979 3118
5980 6353
5981 2600
5982 3894
5983 5217
5984 92
5985 3258
5986 5290
5987 7296
5988 7694
5989 1301
5990 589
5991 1427
5992 5348
5993 8107
5994 182
5995 1160
5996 1012
5997 6906
5998 695
5999 7025
6000 1958
6001 2094
6002 3066
6003 4086
6004 4658
6005 2010
6006 7534
6007 6842
6008 6687
6009 5538
6010 3167
6011 5658
6012 4368
6013 7416
6014 1582
6015 4034
6016 7095
6017 2339
6018 6015
6019 1884
6020 1066
6021 1716
6022 4975
6023 4212
6024 5164
6025 5404
6026 7616
6027 6779
6028 3798
6029 833
6030 1802
6031 7807
6032 6419
6033 5834
6034 2776
6035 1376
6036 911
6037 1489
6038 571
6039 69
6040 3487
6041 5483
6042 278
6043 5100
6044 1285
6045 4756
6046 2724
6047 5249
6048 4608
6049 5314
6050 2566
6051 2162
6052 4137
6053 6342
6054 120
6055 6153
6056 192
6057 1135
6058 7148
6059 2048
6060 445
6061 3945
6062 4672
6063 2395
6064 4335
6065 2292
6066 7989
6067 2826
6068 5955
6069 6681
6070 3727
6071 5746
6072 3401
6073 6215
6074 5387
6075 7303
6076 5637
6077 7881
6078 8039
6079 7744
6080 6263
6081 3135
6082 7357
6083 6021
6084 6087
6085 389
6086 6966
6087 6839
6088 4964
6089 1602
6090 6586
6091 498
6092 3215
6093 6481
6094 5474
6095 4063
6096 1886
6097 307
6098 4899
6099 4495
6100 3564
6101 6740
6102 1698
6103 3353
6104 2132
6105 135
6106 5252
6107 7077
6108 6351
6109 3973
6110 8117
6111 1032
6112 4811
6113 7645
6114 1513
6115 4276
6116 1243
6117 7520
6118 1422
6119 4599
6120 7224
6121 4148
6122 5136
6123 7449
6124 5341
6125 7899
6126 6201
6127 5610
6128 2457
6129 7280
6130 5720
6131 5542
6132 551
6133 7758
6134 2850
6135 7964
6136 3097
6137 2551
6138 2969
6139 3762
6140 6641
6141 187
6142 3498
6143 402
6144 4731
6145 6112
6146 6845
6147 2059
6148 7161
6149 5043
6150 1623
6151 3255
6152 4654
6153 5865
6154 3882
6155 7837
6156 952
6157 6513
6158 3394
6159 2767
6160 8015
6161 94
6162 7388
6163 5242
6164 8169
6165 804
6166 7029
6167 2206
6168 7686
6169 1831
6170 4846
6171 4070
6172 304
6173 6922
6174 4931
6175 4536
6176 6385
6177 1481
6178 2307
6179 2426
6180 2665
6181 1257
6182 3711
6183 2609
6184 4191
6185 4125
6186 1924
6187 1027
6188 1417
6189 2533
6190 7285
6191 4785
6192 4442
6193 5590
6194 3789
6195 3555
6196 3127
6197 404
6198 3939
6199 641
6200 7595
6201 3003
6202 1533
6203 6197
6204 41
6205 1744
6206 5872
6207 204
6208 3419
6209 5519
6210 4242
6211 7980
6212 3641
6213 6294
6214 6671
6215 1104
6216 3061
6217 5457
6218 4632
6219 3991
6220 3493
6221 2129
6222 4851
6223 7041
6224 3232
6225 5920
6226 8051
6227 7351
6228 5374
6229 6868
6230 749
6231 2830
6232 7748
6233 1592
6234 2008
6235 6934
6236 480
6237 253
6238 7846
6239 1038
6240 7533
6241 1233
6242 5221
6243 5119
6244 5727
6245 2605
6246 6989
6247 624
6248 3867
6249 4476
6250 7293
6251 2313
6252 1347
6253 4387
6254 7412
6255 5312
6256 2965
6257 5045
6258 2674
6259 5531
6260 1534
6261 57
6262 6722
6263 6448
6264 418
6265 3109
6266 1786
6267 6298
6268 3977
6269 4729
6270 7628
6271 3755
6272 1449
6273 1872
6274 5909
6275 974
6276 5786
6277 6102
6278 5605
6279 4812
6280 6525
6281 4561
6282 2735
6283 2869
6284 4987
6285 2220
6286 6576
6287 3524
6288 159
6289 1932
6290 3391
6291 293
6292 2070
6293 3187
6294 4278
6295 565
6296 7735
6297 1291
6298 1179
6299 3016
6300 6954
6301 4068
6302 3340
6303 7313
6304 3806
6305 6186
6306 7916
6307 4512
6308 2812
6309 223
6310 2595
6311 4641
6312 7144
6313 1608
6314 2344
6315 4123
6316 1696
6317 1053
6318 5516
6319 7070
6320 5293
6321 362
6322 5842
6323 7788
6324 5145
6325 6094
6326 6820
6327 3953
6328 6739
6329 3885
6330 8132
6331 737
6332 3749
6333 6387
6334 816
6335 2669
6336 1458
6337 4770
6338 5037
6339 5749
6340 4020
6341 7233
6342 4198
6343 8066
6344 6034
6345 5359
6346 1136
6347 37
6348 5936
6349 3272
6350 1850
6351 285
6352 7734
6353 4405
6354 646
6355 2282
6356 4319
6357 419
6358 3630
6359 3450
6360 4519
6361 7972
6362 5233
6363 6300
6364 7337
6365 7435
6366 3371
6367 2781
6368 2385
6369 1980
6370 1926
6371 1381
6372 7922
6373 2972
6374 2045
6375 519
6376 1024
6377 1611
6378 1261
6379 3515
6380 3784
6381 5888
6382 2902
6383 6547
6384 4097
6385 5663
6386 5526
6387 4568
6388 7580
6389 3902
6390 6655
6391 6887
6392 859
6393 1475
6394 121
6395 47
6396 5959
6397 2509
6398 3970
6399 7794
6400 7028
6401 4468
6402 6746
6403 1158
6404 4862
6405 5419
6406 6392
6407 2660
6408 3268
6409 8088
6410 5284
6411 6936
6412 8184
6413 6337
6414 2273
6415 3321
6416 3616
6417 2755
6418 1101
6419 6199
6420 2405
6421 5133
6422 3435
6423 2173
6424 7926
6425 7855
6426 7407
6427 1826
6428 918
6429 7166
6430 2114
6431 1553
6432 6814
6433 2461
6434 7497
6435 4362
6436 4271
6437 7312
6438 5828
6439 1378
6440 848
6441 2020
6442 635
6443 4757
6444 8005
6445 400
6446 3723
6447 56
6448 317
6449 5953
6450 6088
6451 6493
6452 1220
6453 7046
6454 1883
6455 1747
6456 7231
6457 7745
6458 2840
6459 4912
6460 6713
6461 264
6462 7609
6463 5079
6464 157
6465 5491
6466 5612
6467 3034
6468 2283
6469 4445
6470 5267
6471 3837
6472 4213
6473 549
6474 8180
6475 3230
6476 1289
6477 2897
6478 6929
6479 2682
6480 4502
6481 6299
6482 7489
6483 5134
6484 4289
6485 7832
6486 773
6487 7356
6488 7902
6489 4042
6490 652
6491 2590
6492 4560
6493 6791
6494 5691
6495 5541
6496 2031
6497 2436
6498 7665
6499 718
6500 1174
6501 459
6502 1539
6503 3562
6504 4781
6505 1780
6506 2232
6507 1450
6508 4977
6509 1383
6510 7727
6511 7440
6512 7132
6513 1671
6514 6592
6515 3492
6516 1976
6517 3984
6518 4397
6519 1832
6520 2117
6521 3078
6522 4230
6523 4903
6524 3794
6525 6491
6526 1247
6527 547
6528 5600
6529 3254
6530 3002
6531 5254
6532 6841
6533 6085
6534 6311
6535 7033
6536 2312
6537 216
6538 4099
6539 942
6540 1050
6541 2679
6542 8024
6543 7523
6544 7319
6545 3918
6546 4565
6547 3382
6548 4172
6549 824
6550 7955
6551 1606
6552 997
6553 1733
6554 6652
6555 2883
6556 4487
6557 6436
6558 3575
6559 5402
6560 2432
6561 373
6562 4759
6563 1501
6564 1452
6565 7728
6566 2184
6567 7438
6568 612
6569 5077
6570 2058
6571 491
6572 1141
6573 6573
6574 6979
6575 8112
6576 6036
6577 4385
6578 3742
6579 4221
6580 6745
6581 7191
6582 6242
6583 5183
6584 7121
6585 4993
6586 3866
6587 2506
6588 5690
6589 269
6590 323
6591 3295
6592 4312
6593 2695
6594 721
6595 3182
6596 20
6597 7789
6598 3408
6599 2555
6600 1652
6601 7981
6602 837
6603 917
6604 4105
6605 4694
6606 7892
6607 3083
6608 4580
6609 5413
6610 1836
6611 5884
6612 2844
6613 1722
6614 6417
6615 4916
6616 5575
6617 999
6618 7726
6619 6158
6620 460
6621 623
6622 2380
6623 2646
6624 4525
6625 2075
6626 4361
6627 6968
6628 5831
6629 7467
6630 7209
6631 1283
6632 6365
6633 4860
6634 4440
6635 3572
6636 2228
6637 5940
6638 5052
6639 2502
6640 5709
6641 8134
6642 5632
6643 6795
6644 1407
6645 2740
6646 6724
6647 3842
6648 1081
6649 4001
6650 7839
6651 7635
6652 6590
6653 5140
6654 1967
6655 2439
6656 261
6657 4081
6658 1878
6659 5351
6660 2815
6661 375
6662 6536
6663 2944
6664 6646
6665 5423
6666 2291
6667 1341
6668 1022
6669 7354
6670 815
6671 3114
6672 607
6673 461
6674 51
6675 7071
6676 1824
6677 3912
6678 5517
6679 2373
6680 146
6681 4984
6682 3012
6683 7249
6684 4848
6685 1772
6686 4290
6687 6154
6688 4712
6689 4190
6690 2658
6691 8170
6692 2187
6693 6027
6694 3427
6695 6702
6696 7910
6697 5566
6698 6418
6699 6286
6700 3663
6701 4595
6702 4031
6703 1607
6704 6587
6705 5674
6706 237
6707 3554
6708 4934
6709 4130
6710 3732
6711 2089
6712 374
6713 2932
6714 6090
6715 7814
6716 7671
6717 4433
6718 812
6719 7397
6720 2775
6721 1974
6722 5352
6723 558
6724 959
6725 3822
6726 7552
6727 5724
6728 5400
6729 2288
6730 908
6731 3914
6732 5251
6733 89
6734 5866
6735 1451
6736 698
6737 4488
6738 3246
6739 5
6740 4273
6741 4541
6742 7184
6743 3497
6744 2517
6745 3138
6746 5148
6747 448
6748 3681
6749 7072
6750 2407
6751 1800
6752 7485
6753 7736
6754 1874
6755 5944
6756 7124
6757 754
6758 2146
6759 5635
6760 6900
6761 7957
6762 1159
6763 7234
6764 7302
6765 8188
6766 6289
6767 6241
6768 1551
6769 2985
6770 6346
6771 5514
6772 4156
6773 631
6774 7400
6775 517
6776 6582
6777 7799
6778 1699
6779 2272
6780 579
6781 4023
6782 6098
6783 4821
6784 6473
6785 2071
6786 1989
6787 6761
6788 3787
6789 3294
6790 3402
6791 5202
6792 6183
6793 3155
6794 2757
6795 5334
6796 81
6797 5108
6798 1621
6799 855
6800 3045
6801 6688
6802 2640
6803 1769
6804 2516
6805 2337
6806 7684
6807 7001
6808 5657
6809 8062
6810 5035
6811 5260
6812 1116
6813 7323
6814 6402
6815 5970
6816 4981
6817 4619
6818 3665
6819 1439
6820 2462
6821 7923
6822 468
6823 6853
6824 1278
6825 2399
6826 1181
6827 4771
6828 2177
6829 3990
6830 3853
6831 6133
6832 1822
6833 7749
6834 4887
6835 709
6836 4349
6837 7994
6838 3098
6839 5453
6840 2037
6841 3486
6842 5750
6843 786
6844 5376
6845 4288
6846 4466
6847 4551
6848 3197
6849 245
6850 1514
6851 7613
6852 6040
6853 5125
6854 7699
6855 6204
6856 5848
6857 2598
6858 7205
6859 6672
6860 310
6861 5675
6862 3285
6863 901
6864 7537
6865 1968
6866 6551
6867 4990
6868 8118
6869 7318
6870 3022
6871 5950
6872 572
6873 996
6874 6750
6875 6304
6876 6992
6877 7378
6878 1915
6879 6903
6880 7062
6881 3567
6882 4917
6883 4223
6884 4780
6885 6411
6886 3709
6887 7261
6888 5428
6889 2818
6890 2041
6891 2947
6892 7131
6893 790
6894 1368
6895 4834
6896 1438
6897 2325
6898 6475
6899 2099
6900 4308
6901 4044
6902 6068
6903 3791
6904 5806
6905 5619
6906 8067
6907 7667
6908 6827
6909 2429
6910 254
6911 4721
6912 3519
6913 1211
6914 2625
6915 7895
6916 5745
6917 3633
6918 5340
6919 6661
6920 4162
6921 3301
6922 179
6923 2379
6924 3112
6925 439
6926 5561
6927 3960
6928 5487
6929 1019
6930 557
6931 7571
6932 2692
6933 1499
6934 123
6935 2175
6936 7475
6937 5869
6938 1697
6939 1637
6940 690
6941 1999
6942 4107
6943 4374
6944 821
6945 2572
6946 3179
6947 7057
6948 7238
6949 7725
6950 24
6951 4948
6952 5171
6953 7150
6954 4477
6955 5245
6956 3361
6957 7777
6958 3771
6959 2101
6960 5645
6961 2900
6962 7425
6963 8012
6964 3840
6965 1425
6966 7664
6967 1892
6968 6879
6969 1327
6970 4678
6971 1205
6972 2825
6973 1585
6974 902
6975 3530
6976 4741
6977 7947
6978 1781
6979 6358
6980 7525
6981 6261
6982 6824
6983 3901
6984 4019
6985 6441
6986 2469
6987 2699
6988 1096
6989 430
6990 3047
6991 4552
6992 6615
6993 2403
6994 6025
6995 497
6996 6508
6997 5481
6998 72
6999 167
7000 5829
7001 699
7002 5378
7003 2152
7004 6748
7005 2353
7006 295
7007 2637
7008 5199
7009 7287
7010 4206
7011 5740
7012 7369
7013 6987
7014 3597
7015 7893
7016 5137
7017 7091
7018 5879
7019 4952
7020 6670
7021 7173
7022 7455
7023 5068
7024 2880
7025 3175
7026 1474
7027 603
7028 1153
7029 1653
7030 6844
7031 3398
7032 1574
7033 1956
7034 5308
7035 8080
7036 1239
7037 6912
7038 4618
7039 3843
7040 2802
7041 4884
7042 1854
7043 4448
7044 2419
7045 948
7046 5020
7047 3038
7048 344
7049 4786
7050 6002
7051 6172
7052 5659
7053 2260
7054 99
7055 5364
7056 2562
7057 2139
7058 7753
7059 1309
7060 6783
7061 6610
7062 707
7063 7345
7064 267
7065 2361
7066 4337
7067 3490
7068 6709
7069 6560
7070 4224
7071 998
7072 5412
7073 6096
7074 7658
7075 650
7076 7126
7077 7871
7078 5559
7079 3653
7080 6266
7081 5109
7082 5184
7083 5722
7084 601
7085 5485
7086 6960
7087 2666
7088 4575
7089 3331
7090 3153
7091 5817
7092 7538
7093 6361
7094 3283
7095 6857
7096 3211
7097 4974
7098 3070
7099 7967
7100 4732
7101 516
7102 467
7103 2714
7104 6423
7105 1723
7106 4056
7107 1633
7108 1971
7109 4474
7110 1303
7111 6650
7112 8097
7113 2119
7114 7308
7115 4295
7116 3825
7117 5335
7118 4117
7119 7428
7120 6530
7121 7747
7122 5913
7123 236
7124 823
7125 3757
7126 2440
7127 4922
7128 7591
7129 1880
7130 1819
7131 1120
7132 4855
7133 3696
7134 5076
7135 1488
7136 7680
7137 7880
7138 605
7139 3557
7140 3888
7141 2918
7142 13
7143 6308
7144 4379
7145 5856
7146 2056
7147 6919
7148 730
7149 2800
7150 1428
7151 1250
7152 493
7153 4569
7154 5551
7155 4055
7156 2245
7157 3356
7158 935
7159 4730
7160 6683
7161 2503
7162 3454
7163 2374
7164 6254
7165 2179
7166 1691
7167 6990
7168 8093
7169 3096
7170 7766
7171 7176
7172 3306
7173 2581
7174 5185
7175 7301
7176 6454
7177 6371
7178 6554
7179 330
7180 1076
7181 3195
7182 5602
7183 4633
7184 2862
7185 1934
7186 5991
7187 3772
7188 3661
7189 6818
7190 97
7191 2425
7192 2720
7193 7476
7194 201
7195 4800
7196 5306
7197 596
7198 1599
7199 6194
7200 3890
7201 7657
7202 5528
7203 4229
7204 6144
7205 5253
7206 6939
7207 490
7208 6626
7209 1757
7210 3967
7211 5357
7212 5776
7213 3043
7214 1495
7215 7712
7216 7975
7217 822
7218 7812
7219 4285
7220 950
7221 5863
7222 1403
7223 7904
7224 5029
7225 6303
7226 731
7227 2111
7228 6729
7229 3289
7230 3151
7231 7583
7232 6081
7233 1237
7234 4566
7235 2178
7236 2950
7237 4857
7238 4749
7239 2409
7240 3781
7241 7468
7242 8150
7243 3651
7244 4124
7245 4467
7246 3488
7247 6676
7248 3233
7249 6994
7250 2670
7251 1332
7252 666
7253 4621
7254 1882
7255 294
7256 5288
7257 2618
7258 4053
7259 1165
7260 5571
7261 4808
7262 2529
7263 893
7264 6474
7265 5779
7266 5705
7267 8092
7268 4928
7269 5493
7270 1486
7271 1077
7272 5120
7273 3422
7274 5389
7275 1658
7276 478
7277 6598
7278 6792
7279 7183
7280 3916
7281 1542
7282 2066
7283 4982
7284 1930
7285 6343
7286 7646
7287 3357
7288 7044
7289 3719
7290 4287
7291 2336
7292 2207
7293 7752
7294 184
7295 2870
7296 5182
7297 1753
7298 4185
7299 2804
7300 7494
7301 5061
7302 2386
7303 4728
7304 7421
7305 36
7306 3788
7307 3178
7308 5586
7309 597
7310 4597
7311 6963
7312 3231
7313 3975
7314 1397
7315 6203
7316 1315
7317 6714
7318 4671
7319 2526
7320 838
7321 3123
7322 7350
7323 3582
7324 2465
7325 1493
7326 336
7327 7983
7328 5647
7329 1079
7330 522
7331 5258
7332 2741
7333 4100
7334 4375
7335 1846
7336 5844
7337 7279
7338 3913
7339 5110
7340 411
7341 7927
7342 4889
7343 6114
7344 2118
7345 2859
7346 4321
7347 4250
7348 6339
7349 5758
7350 8068
7351 6826
7352 3505
7353 5437
7354 7413
7355 1703
7356 6909
7357 4177
7358 2352
7359 1988
7360 1900
7361 3712
7362 5948
7363 7784
7364 7833
7365 1166
7366 86
7367 6250
7368 3048
7369 3658
7370 1268
7371 6756
7372 1636
7373 629
7374 284
7375 8014
7376 6503
7377 1790
7378 6644
7379 3974
7380 3399
7381 3113
7382 853
7383 1558
7384 2610
7385 2729
7386 2547
7387 2673
7388 6399
7389 732
7390 6696
7391 4847
7392 7594
7393 2805
7394 4353
7395 3300
7396 5223
7397 1394
7398 3875
7399 2866
7400 8078
7401 2052
7402 2243
7403 499
7404 5030
7405 5726
7406 1839
7407 922
7408 3499
7409 4069
7410 4513
7411 7903
7412 7750
7413 3601
7414 4682
7415 6028
7416 5117
7417 2314
7418 1045
7419 6100
7420 2166
7421 3044
7422 1298
7423 5583
7424 7419
7425 6564
7426 7798
7427 5868
7428 2416
7429 1910
7430 3947
7431 6226
7432 1560
7433 8133
7434 6921
7435 3714
7436 1195
7437 825
7438 5774
7439 19
7440 1487
7441 2677
7442 3156
7443 4163
7444 6432
7445 7483
7446 3094
7447 2973
7448 4950
7449 2746
7450 615
7451 3256
7452 242
7453 8063
7454 2103
7455 6860
7456 2613
7457 7219
7458 1987
7459 7284
7460 7615
7461 3614
7462 4257
7463 4765
7464 7127
7465 161
7466 3417
7467 4650
7468 2797
7469 4079
7470 2871
7471 5375
7472 989
7473 7682
7474 4838
7475 1670
7476 4315
7477 7554
7478 6810
7479 6705
7480 6132
7481 6323
7482 4890
7483 6758
7484 5211
7485 2348
7486 1219
7487 5818
7488 2414
7489 5595
7490 2161
7491 3764
7492 2051
7493 1269
7494 424
7495 5748
7496 4127
7497 3364
7498 334
7499 1410
7500 1505
7501 7761
7502 2299
7503 4711
7504 6944
7505 1351
7506 7491
7507 5984
7508 4027
7509 899
7510 6548
7511 5262
7512 7040
7513 6488
7514 1911
7515 8104
7516 15
7517 3056
7518 3704
7519 5546
7520 3851
7521 4427
7522 7129
7523 1996
7524 1575
7525 7666
7526 3478
7527 7911
7528 1054
7529 4558
7530 1833
7531 4870
7532 2229
7533 3281
7534 6105
7535 851
7536 4347
7537 4965
7538 2642
7539 7961
7540 275
7541 3979
7542 4275
7543 5173
7544 472
7545 5678
7546 6678
7547 981
7548 6161
7549 5463
7550 386
7551 3107
7552 6341
7553 5911
7554 531
7555 1270
7556 1186
7557 2717
7558 8163
7559 7212
7560 761
7561 6450
7562 2879
7563 1719
7564 2979
7565 4642
7566 2123
7567 5729
7568 1656
7569 7568
7570 4205
7571 7097
7572 3392
7573 6026
7574 8076
7575 4149
7576 5123
7577 5511
7578 6950
7579 44
7580 6769
7581 2519
7582 5816
7583 2360
7584 658
7585 3927
7586 3811
7587 4957
7588 1955
7589 6607
7590 3666
7591 5018
7592 4714
7593 260
7594 3752
7595 6284
7596 3565
7597 4410
7598 4090
7599 3325
7600 6535
7601 1454
7602 883
7603 116
7604 7149
7605 5203
7606 2745
7607 7898
7608 8026
7609 7241
7610 7625
7611 1359
7612 3978
7613 3513
7614 2668
7615 719
7616 1885
7617 784
7618 1578
7619 7849
7620 3384
7621 7535
7622 5304
7623 2597
7624 7429
7625 4649
7626 2011
7627 340
7628 5978
7629 6832
7630 1260
7631 5617
7632 5743
7633 3124
7634 1715
7635 984
7636 2444
7637 2298
7638 6468
7639 5564
7640 1516
7641 3198
7642 6645
7643 8116
7644 1192
7645 4494
7646 4254
7647 1118
7648 3745
7649 4438
7650 2881
7651 7791
7652 894
7653 4900
7654 4165
7655 1039
7656 3571
7657 6252
7658 6558
7659 7733
7660 2153
7661 268
7662 474
7663 1937
7664 7943
7665 6770
7666 3064
7667 2238
7668 8003
7669 105
7670 2930
7671 7841
7672 7643
7673 7169
7674 665
7675 39
7676 5933
7677 7002
7678 5083
7679 568
7680 6130
7681 5623
7682 6940
7683 5393
7684 4643
7685 3933
7686 7516
7687 5996
7688 1468
7689 5159
7690 3121
7691 413
7692 1787
7693 2633
7694 2992
7695 5499
7696 1986
7697 3517
7698 1238
7699 5028
7700 4052
7701 6067
7702 1305
7703 3189
7704 3411
7705 4528
7706 4244
7707 2543
7708 3327
7709 2711
7710 5344
7711 960
7712 2828
7713 5731
7714 2065
7715 3707
7716 2404
7717 7311
7718 87
7719 7066
7720 4311
7721 5782
7722 3856
7723 2765
7724 1095
7725 8121
7726 8176
7727 7115
7728 6156
7729 1598
7730 8011
7731 3654
7732 4896
7733 1684
7734 3579
7735 239
7736 3982
7737 2323
7738 5830
7739 7640
7740 500
7741 1448
7742 6340
7743 6757
7744 4590
7745 7951
7746 743
7747 6572
7748 3084
7749 5179
7750 1538
7751 6883
7752 3380
7753 4193
7754 1223
7755 4686
7756 3906
7757 6996
7758 5010
7759 1353
7760 141
7761 8061
7762 1766
7763 3440
7764 5338
7765 2521
7766 7852
7767 7170
7768 4734
7769 3259
7770 316
7771 401
7772 4136
7773 5992
7774 887
7775 5091
7776 2402
7777 3323
7778 3502
7779 6182
7780 1982
7781 2135
7782 670
7783 6453
7784 7068
7785 7445
7786 1299
7787 3192
7788 1665
7789 2290
7790 5568
7791 831
7792 4581
7793 2836
7794 4373
7795 6128
7796 3074
7797 509
7798 2787
7799 2723
7800 5508
7801 1017
7802 7998
7803 4314
7804 1126
7805 3743
7806 453
7807 6663
7808 7258
7809 2938
7810 1600
7811 1828
7812 5024
7813 8147
7814 5654
7815 7746
7816 3830
7817 7551
7818 1763
7819 2554
7820 3946
7821 7502
7822 4717
7823 6953
7824 7145
7825 7355
7826 1412
7827 2359
7828 4524
7829 1526
7830 4823
7831 2454
7832 7817
7833 6023
7834 7089
7835 7006
7836 1252
7837 397
7838 3610
7839 2305
7840 6816
7841 2638
7842 6611
7843 3684
7844 6718
7845 5710
7846 2814
7847 3431
7848 6349
7849 840
7850 5458
7851 3269
7852 7193
7853 3330
7854 5855
7855 6246
7856 4607
7857 1990
7858 6893
7859 6659
7860 649
7861 2748
7862 7930
7863 1661
7864 1909
7865 3804
7866 1196
7867 7288
7868 3073
7869 469
7870 1477
7871 5289
7872 5954
7873 7649
7874 3219
7875 2372
7876 8153
7877 48
7878 785
7879 1793
7880 6541
7881 2486
7882 5218
7883 5095
7884 1051
7885 1404
7886 6414
7887 2061
7888 4539
7889 710
7890 2599
7891 8098
7892 2231
7893 5701
7894 3964
7895 1300
7896 2808
7897 939
7898 4963
7899 3908
7900 5522
7901 2988
7902 858
7903 7718
7904 7589
7905 4024
7906 988
7907 4833
7908 4737
7909 1246
7910 7505
7911 8032
7912 145
7913 6082
7914 7773
7915 7179
7916 3857
7917 7290
7918 1965
7919 7374
7920 5343
7921 3501
7922 6997
7923 7638
7924 4623
7925 7937
7926 3176
7927 1767
7928 5614
7929 3120
7930 2441
7931 7083
7932 1613
7933 4143
7934 2538
7935 3668
7936 5209
7937 1523
7938 5038
7939 8129
7940 787
7941 6537
7942 5755
7943 1336
7944 7853
7945 1672
7946 2343
7947 6012
7948 585
7949 4420
7950 5917
7951 940
7952 6872
7953 7442
7954 3008
7955 7569
7956 3405
7957 4574
7958 312
7959 1441
7960 3937
7961 6715
7962 7760
7963 119
7964 1015
7965 6064
7966 423
7967 2851
7968 867
7969 4264
7970 3322
7971 2254
7972 246
7973 1919
7974 54
7975 2077
7976 8048
7977 5300
7978 669
7979 7030
7980 6378
7981 2136
7982 5557
7983 3678
7984 3090
7985 5206
7986 6666
7987 7521
7988 6433
7989 8138
7990 2415
7991 5852
7992 1089
7993 6328
7994 3835
7995 7214
7996 2760
7997 6577
7998 5007
7999 5461
8000 6243
8001 367
8002 7630
8003 4905
8004 7275
8005 4579
8006 1975
8007 5921
8008 7966
8009 1173
8010 2549
8011 3473
8012 4010
8013 475
8014 1325
8015 5793
8016 794
8017 7705
8018 3415
8019 3619
8020 2219
8021 7872
8022 6955
8023 3948
8024 3177
8025 4520
8026 195
8027 4300
8028 1031
8029 6074
8030 4376
8031 1440
8032 1500
8033 3030
8034 4098
8035 7511
8036 2970
8037 8125
8038 1622
8039 2843
8040 7157
8041 5261
8042 3527
8043 2500
8044 7075
8045 6673
8046 2107
8047 6382
8048 5981
8049 4668
8050 2777
8051 847
8052 8049
8053 2053
8054 668
8055 7597
8056 3311
8057 2437
8058 4719
8059 5196
8060 1743
8061 7216
8062 250
8063 1286
8064 3086
8065 6131
8066 2583
8067 5615
8068 3826
8069 470
8070 6330
8071 5567
8072 4018
8073 3962
8074 83
8075 4324
8076 4429
8077 5439
8078 1035
8079 795
8080 2213
8081 3705
8082 5930
8083 7016
8084 6561
8085 6455
8086 5694
8087 904
8088 1961
8089 359
8090 7986
8091 3205
8092 1212
8093 7085
8094 7669
8095 7921
8096 6775
8097 1664
8098 5247
8099 7755
8100 6058
8101 3631
8102 2832
8103 5318
8104 6877
8105 4126
8106 7277
8107 8087
8108 5794
8109 2661
8110 238
8111 7469
8112 3046
8113 2997
8114 1814
8115 6000
8116 2783
8117 3362
8118 4263
8119 4604
8120 2541
8121 3834
8122 4017
8123 8140
8124 1371
8125 6386
8126 7221
8127 2013
8128 1497
8129 2062
8130 513
8131 769
8132 449
8133 4716
8134 7390
8135 7618
8136 6583
8137 3302
8138 7522
8139 947
8140 5636
8141 7128
8142 4526
8143 6492
8144 8020
8145 3165
8146 7056
8147 5220
8148 865
8149 6084
8150 2216
8151 1952
8152 5939
8153 88
8154 1618
8155 6165
8156 5317
8157 4406
8158 7283
8159 7471
8160 3621
8161 2875
8162 5747
8163 4134
8164 2794
8165 1249
8166 371
8167 221
8168 1025
8169 3809
8170 4583
8171 8144
8172 2994
8173 1358
8174 515
8175 2226
8176 2091
8177 3201
8178 1624
8179 806
8180 8043
8181 5240
8182 7662
8183 1972
8184 2212
8185 2215
8186 788
8187 1642
8188 1959
8189 813
8190 4530
8191 6449
