BER Performance of Bit-based Message Passinlg in MIMO Channel
Gallager (20, 7) LDPC code
Dimension of Parity Check matrix: (15,20)
Column Weight = 3, Row Weight = 4
Number of transmit antenna is 2
Number of receive antenna is 2
Vehicular speed: 500.000000 km/h
Maximum Doppler frequency: 1157.407407
Channel fading rate: 0.119051
Maximum number of bits of simulation = 1020000

Eb/No     BER
0.000000:
2.014706e-001 
1.683824e-001 
1.533497e-001 
1.459150e-001 
1.419118e-001 
1.360294e-001 
1.296569e-001 
1.270425e-001 
1.267974e-001 
1.257353e-001 

2.000000:
1.821078e-001 
1.410131e-001 
1.303105e-001 
1.183007e-001 
1.109477e-001 
1.046569e-001 
1.013072e-001 
9.665033e-002 
9.542484e-002 
9.526144e-002 

4.000000:
1.370448e-001 
8.711485e-002 
6.708683e-002 
5.630252e-002 
5.056022e-002 
4.800420e-002 
4.502801e-002 
4.383754e-002 
4.177171e-002 
4.093137e-002 

BER Performance of Bit-based Message Passinlg in MIMO Channel
Gallager (20, 7) LDPC code
Dimension of Parity Check matrix: (15,20)
Column Weight = 3, Row Weight = 4
Number of transmit antenna is 2
Number of receive antenna is 2
Vehicular speed: 500.000000 km/h
Maximum Doppler frequency: 1157.407407
Channel fading rate: 0.119051
Maximum number of bits of simulation = 1020000

Eb/No     BER
0.000000:
2.358220e-001 
2.185143e-001 
2.121606e-001 
2.086727e-001 
2.064668e-001 
2.044872e-001 
2.025075e-001 
2.018665e-001 
2.010935e-001 
2.009238e-001 

2.000000:
1.843244e-001 
1.495524e-001 
1.355286e-001 
1.262042e-001 
1.211104e-001 
1.170503e-001 
1.145567e-001 
1.134271e-001 
1.125107e-001 
1.115835e-001 

4.000000:
1.346595e-001 
8.431810e-002 
6.629902e-002 
5.703782e-002 
5.244660e-002 
5.034576e-002 
4.795606e-002 
4.620536e-002 
4.490109e-002 
4.391632e-002 

6.000000:
8.308137e-002 
3.130784e-002 
1.875980e-002 
1.433627e-002 
1.278333e-002 
1.186471e-002 
1.098137e-002 
1.016863e-002 
9.785294e-003 
9.472549e-003 

8.000000:
4.908922e-002 
9.880392e-003 
4.331373e-003 
2.937255e-003 
2.630392e-003 
2.398039e-003 
2.243137e-003 
2.063725e-003 
1.877451e-003 
1.811765e-003 

10.000000:
2.497745e-002 
2.002941e-003 
5.892157e-004 
3.666667e-004 
2.950980e-004 
2.656863e-004 
2.196078e-004 
1.921569e-004 
1.578431e-004 
1.549020e-004 

12.000000:
1.210882e-002 
4.872549e-004 
1.019608e-004 
5.490196e-005 
4.313725e-005 
3.039216e-005 
2.843137e-005 
2.058824e-005 
2.058824e-005 
2.450980e-005 

14.000000:
4.398039e-003 
5.098039e-005 
6.862745e-006 
1.960784e-006 
9.803922e-007 
0.000000e+000 
0.000000e+000 
0.000000e+000 
0.000000e+000 
0.000000e+000 

16.000000:
2.589216e-003 
2.843137e-005 
1.078431e-005 
3.921569e-006 
1.960784e-006 
9.803922e-007 
9.803922e-007 
9.803922e-007 
0.000000e+000 
0.000000e+000 

Total elapsed time: 30589(sec)

BER Performance of Bit-based Message Passinlg in MIMO Channel
Gallager (20, 7) LDPC code
Dimension of Parity Check matrix: (15,20)
Column Weight = 3, Row Weight = 4
Number of transmit antenna is 2
Number of receive antenna is 2
Vehicular speed: 500.000000 km/h
Maximum Doppler frequency: 1157.407407
Channel fading rate: 0.119051
Maximum number of bits of simulation = 10200000

Eb/No     BER
0.000000:
2.375189e-001 
2.203620e-001 
2.126131e-001 
2.089744e-001 
2.052602e-001 
2.044306e-001 
2.030920e-001 
2.020739e-001 
2.005656e-001 
2.002451e-001 

2.000000:
1.685007e-001 
1.281694e-001 
1.128043e-001 
1.036596e-001 
9.762508e-002 
9.320487e-002 
9.106660e-002 
8.905510e-002 
8.771974e-002 
8.637593e-002 

4.000000:
1.256410e-001 
7.644419e-002 
5.891403e-002 
5.059201e-002 
4.606712e-002 
4.365008e-002 
4.156109e-002 
3.992459e-002 
3.895928e-002 
3.797888e-002 

6.000000:
8.362236e-002 
3.369636e-002 
2.107496e-002 
1.652331e-002 
1.507469e-002 
1.422609e-002 
1.339021e-002 
1.238901e-002 
1.196125e-002 
1.157163e-002 

8.000000:
4.984158e-002 
1.041460e-002 
4.646446e-003 
3.207895e-003 
2.822067e-003 
2.610186e-003 
2.375505e-003 
2.227110e-003 
2.056504e-003 
1.981815e-003 

10.000000:
2.523608e-002 
2.142745e-003 
6.608824e-004 
4.164706e-004 
3.632353e-004 
3.324510e-004 
2.953922e-004 
2.712745e-004 
2.519608e-004 
2.347059e-004 

12.000000:
1.103971e-002 
3.815686e-004 
8.637255e-005 
5.401961e-005 
4.607843e-005 
4.264706e-005 
3.539216e-005 
3.401961e-005 
3.137255e-005 
3.009804e-005 

14.000000:
4.162255e-003 
5.401961e-005 
1.352941e-005 
7.450980e-006 
5.098039e-006 
4.019608e-006 
4.313725e-006 
3.235294e-006 
2.549020e-006 
2.745098e-006 

16.000000:
1.778235e-003 
9.705882e-006 
2.254902e-006 
1.568627e-006 
1.372549e-006 
1.274510e-006 
8.823529e-007 
8.823529e-007 
6.862745e-007 
7.843137e-007 

Total elapsed time: 257342(sec)

