BER Performance of Bit-based Message Passinlg in MIMO Channel
Gallager (20, 7) LDPC code
Dimension of Parity Check matrix: (15,20)
Column Weight = 3, Row Weight = 4
Number of transmit antenna is 4
Number of receive antenna is 4
Vehicular speed: 250.000000 km/h
Maximum Doppler frequency: 578.703704
Channel fading rate: 0.059525
Maximum number of bits of simulation = 10225000

Eb/No     BER
0.000000:
2.329025e-001 2.075969e-001 1.994586e-001 1.951973e-001 1.909710e-001 1.884736e-001 1.862731e-001 1.837583e-001 1.839329e-001 1.825009e-001 

2.000000:
1.962770e-001 1.579907e-001 1.429429e-001 1.365637e-001 1.321960e-001 1.297844e-001 1.274728e-001 1.241609e-001 1.215048e-001 1.210602e-001 

4.000000:
1.669451e-001 1.097120e-001 9.085167e-002 8.439962e-002 8.081364e-002 7.893915e-002 7.610024e-002 7.434121e-002 7.188943e-002 7.079598e-002 

6.000000:
1.181589e-001 5.492176e-002 3.890465e-002 3.402445e-002 3.189976e-002 3.037897e-002 2.848166e-002 2.677017e-002 2.563814e-002 2.454034e-002 

8.000000:
8.728525e-002 2.616461e-002 1.478246e-002 1.226542e-002 1.128823e-002 1.045111e-002 9.692514e-003 9.144416e-003 8.445733e-003 8.100034e-003 

10.000000:
6.624346e-002 1.320016e-002 6.429025e-003 5.300450e-003 4.720612e-003 4.295357e-003 3.856245e-003 3.501814e-003 3.263166e-003 3.087028e-003 

12.000000:
4.923334e-002 6.414099e-003 2.814850e-003 2.392189e-003 2.078646e-003 1.897912e-003 1.707024e-003 1.576652e-003 1.447633e-003 1.360312e-003 

BER Performance of Bit-based Message Passinlg in MIMO Channel
Gallager (20, 7) LDPC code
Dimension of Parity Check matrix: (15,20)
Column Weight = 3, Row Weight = 4
Number of transmit antenna is 4
Number of receive antenna is 4
Vehicular speed: 250.000000 km/h
Maximum Doppler frequency: 578.703704
Channel fading rate: 0.059525
Maximum number of bits of simulation = 10225000

Eb/No     BER
14.000000:
2.753535e-002 1.515892e-005 1.760391e-005 1.046455e-005 6.943765e-006 7.237164e-006 6.943765e-006 6.161369e-006 5.672372e-006 5.085575e-006 

BER Performance of Bit-based Message Passinlg in MIMO Channel
Gallager (20, 7) LDPC code
Dimension of Parity Check matrix: (15,20)
Column Weight = 3, Row Weight = 4
Number of transmit antenna is 4
Number of receive antenna is 4
Vehicular speed: 250.000000 km/h
Maximum Doppler frequency: 578.703704
Channel fading rate: 0.059525
Maximum number of bits of simulation = 1022500

Eb/No     BER
0.000000:
2.313417e-001 2.045691e-001 1.960422e-001 1.887836e-001 1.854676e-001 1.804095e-001 1.781479e-001 1.758863e-001 1.765587e-001 1.761919e-001 

2.000000:
1.966993e-001 1.540648e-001 1.350041e-001 1.238590e-001 1.154849e-001 1.111553e-001 1.119397e-001 1.107070e-001 1.099430e-001 1.090770e-001 

4.000000:
1.586165e-001 9.268190e-002 6.206897e-002 4.763511e-002 4.359666e-002 4.526600e-002 4.518590e-002 4.440604e-002 4.327628e-002 4.272405e-002 

6.000000:
1.110357e-001 3.307090e-002 1.127335e-002 8.189731e-003 9.146210e-003 9.437653e-003 9.167726e-003 8.912469e-003 8.765770e-003 8.652323e-003 

8.000000:
8.252616e-002 9.299756e-003 1.515892e-003 1.671394e-003 1.866993e-003 1.820049e-003 1.768215e-003 1.722249e-003 1.689976e-003 1.688998e-003 

10.000000:
6.022005e-002 1.513936e-003 3.599022e-004 3.354523e-004 3.432763e-004 3.540342e-004 3.520782e-004 3.119804e-004 3.178484e-004 3.012225e-004 

12.000000:
4.246455e-002 1.858191e-004 1.281174e-004 8.215159e-005 6.454768e-005 5.672372e-005 4.694377e-005 3.911980e-005 4.400978e-005 3.911980e-005 

14.000000:
2.763814e-002 1.466993e-005 2.151589e-005 5.867971e-006 4.889976e-006 9.779951e-007 1.955990e-006 9.779951e-007 0.000000e+000 9.779951e-007 

