0 1229
1 990
2 7167
3 80
4 1838
5 2391
6 2049
7 4016
8 6667
9 3452
10 1614
11 595
12 6918
13 2585
14 4874
15 4266
16 7586
17 6044
18 6973
19 2905
20 6250
21 6331
22 557
23 3400
24 3154
25 2326
26 340
27 4480
28 4665
29 5921
30 5339
31 7809
32 4082
33 3109
34 4840
35 1466
36 4572
37 5483
38 490
39 6883
40 31
41 3756
42 2292
43 1599
44 4131
45 6811
46 5611
47 1941
48 1831
49 2418
50 894
51 1726
52 1361
53 3234
54 1253
55 3812
56 7078
57 7678
58 4222
59 7567
60 5403
61 3306
62 6676
63 7263
64 8064
65 4487
66 2947
67 3434
68 6952
69 2347
70 6157
71 6421
72 930
73 5880
74 3136
75 6237
76 5510
77 2041
78 1555
79 549
80 4278
81 6074
82 5043
83 4389
84 5993
85 2167
86 5261
87 7987
88 5590
89 1486
90 4823
91 4699
92 1957
93 5429
94 2407
95 1692
96 4170
97 846
98 7759
99 1168
100 4526
101 6565
102 1784
103 1432
104 3703
105 3044
106 7692
107 8113
108 622
109 7515
110 1238
111 142
112 1562
113 7633
114 1611
115 1003
116 5138
117 4317
118 1873
119 5068
120 2256
121 7238
122 5576
123 6406
124 7601
125 2929
126 6686
127 4862
128 1369
129 6239
130 1092
131 6023
132 3414
133 1189
134 6545
135 2033
136 3866
137 5321
138 2378
139 5965
140 2208
141 2999
142 199
143 4964
144 1684
145 2717
146 2473
147 7999
148 7727
149 1032
150 3104
151 7519
152 3659
153 1506
154 7559
155 6279
156 4457
157 4685
158 5199
159 2664
160 5681
161 323
162 3215
163 4574
164 4378
165 5854
166 2134
167 5913
168 1854
169 1887
170 4286
171 1297
172 3507
173 7217
174 2195
175 1246
176 709
177 4726
178 7480
179 545
180 3011
181 3578
182 2593
183 6927
184 151
185 5366
186 7971
187 2099
188 7664
189 4831
190 4940
191 5036
192 7885
193 7184
194 1722
195 5467
196 4541
197 4221
198 1011
199 4769
200 262
201 7030
202 7291
203 5127
204 3186
205 5924
206 619
207 5552
208 1574
209 1059
210 4479
211 4896
212 4626
213 1770
214 7109
215 2495
216 6708
217 3515
218 419
219 357
220 651
221 5087
222 6383
223 2249
224 7564
225 1470
226 7436
227 1116
228 2800
229 2637
230 3224
231 6022
232 2171
233 2765
234 1270
235 4367
236 826
237 5834
238 1720
239 769
240 4666
241 3873
242 1019
243 7143
244 1827
245 2338
246 511
247 5242
248 2084
249 1058
250 7272
251 6980
252 596
253 965
254 6925
255 668
256 3758
257 365
258 5405
259 3630
260 4910
261 200
262 6807
263 903
264 4158
265 4772
266 2246
267 2449
268 3086
269 2735
270 7796
271 3675
272 2668
273 7853
274 3248
275 5557
276 3351
277 7341
278 6424
279 6057
280 810
281 7551
282 2524
283 5031
284 3799
285 1025
286 7936
287 4733
288 2341
289 4627
290 4563
291 5869
292 4885
293 5761
294 4197
295 3757
296 7604
297 873
298 6493
299 6604
300 1699
301 1897
302 6118
303 5102
304 1422
305 5369
306 6532
307 5233
308 1841
309 3275
310 6316
311 6277
312 5973
313 1558
314 3322
315 4163
316 4819
317 2985
318 1782
319 4243
320 6750
321 7558
322 5410
323 767
324 5001
325 2814
326 4691
327 1334
328 3056
329 4490
330 2443
331 5266
332 4622
333 5845
334 125
335 6085
336 389
337 2477
338 1127
339 5932
340 7451
341 5449
342 244
343 2687
344 1074
345 6976
346 3673
347 4284
348 6051
349 1674
350 5115
351 2223
352 3120
353 4806
354 2533
355 2386
356 3170
357 4123
358 2916
359 7840
360 2258
361 3753
362 1746
363 3831
364 7062
365 452
366 6543
367 2012
368 7640
369 4977
370 7531
371 2776
372 7733
373 5806
374 4006
375 1417
376 2474
377 2744
378 5655
379 5388
380 620
381 1604
382 5185
383 1384
384 6843
385 7769
386 6196
387 3535
388 2342
389 4507
390 7164
391 6158
392 7917
393 4861
394 5455
395 7345
396 3727
397 4348
398 1566
399 1347
400 4789
401 3789
402 1773
403 8002
404 7689
405 108
406 7254
407 240
408 1507
409 6903
410 7013
411 6345
412 2948
413 7624
414 5304
415 1078
416 3446
417 3067
418 7507
419 3974
420 8039
421 4294
422 4751
423 3223
424 6173
425 5371
426 2690
427 7186
428 1460
429 6955
430 1544
431 7929
432 6082
433 5943
434 7113
435 5201
436 8100
437 3661
438 6306
439 6605
440 4410
441 1665
442 6274
443 6132
444 2411
445 955
446 3555
447 7685
448 7007
449 4219
450 4648
451 547
452 4804
453 5756
454 5132
455 4287
456 1718
457 6681
458 4371
459 2064
460 2128
461 5080
462 1350
463 7831
464 3265
465 2848
466 4062
467 1210
468 3704
469 2710
470 1771
471 6521
472 5499
473 6753
474 1309
475 1915
476 4967
477 1646
478 639
479 1073
480 3992
481 8132
482 4698
483 4859
484 3468
485 3435
486 8008
487 5300
488 5396
489 3326
490 2384
491 6806
492 7365
493 6692
494 1134
495 2053
496 5945
497 3174
498 2866
499 6233
500 8190
501 944
502 5097
503 4039
504 6975
505 690
506 129
507 2833
508 7897
509 6347
510 6458
511 1292
512 3935
513 792
514 6884
515 456
516 3252
517 3544
518 6527
519 2793
520 1367
521 7994
522 5755
523 176
524 5654
525 3583
526 2942
527 4340
528 2751
529 4373
530 1031
531 3700
532 2641
533 7943
534 253
535 6100
536 2188
537 5817
538 5041
539 2240
540 7776
541 5386
542 5166
543 5952
544 6425
545 6615
546 315
547 7137
548 4204
549 132
550 5506
551 7016
552 7430
553 6249
554 5332
555 8089
556 7991
557 8174
558 1796
559 7743
560 6796
561 2393
562 562
563 1346
564 2757
565 7190
566 6346
567 3620
568 7338
569 6899
570 5282
571 6294
572 1985
573 7923
574 7074
575 6743
576 5213
577 3355
578 863
579 71
580 1763
581 1477
582 4330
583 3429
584 3267
585 4974
586 5779
587 5604
588 4901
589 7482
590 485
591 6231
592 5023
593 4450
594 152
595 4050
596 3110
597 7638
598 1714
599 7302
600 2877
601 2608
602 6403
603 691
604 6036
605 3190
606 7336
607 5903
608 5535
609 5961
610 1939
611 1190
612 6984
613 2305
614 4130
615 3806
616 6596
617 6516
618 6187
619 1503
620 975
621 763
622 1989
623 5383
624 8052
625 7026
626 6756
627 4876
628 5338
629 2784
630 3889
631 1279
632 8109
633 4549
634 7824
635 7211
636 4055
637 1545
638 3008
639 3556
640 120
641 5747
642 6930
643 2035
644 209
645 3146
646 1423
647 4708
648 2408
649 7715
650 5660
651 5028
652 6171
653 1357
654 5914
655 5445
656 6612
657 7653
658 954
659 4442
660 7499
661 487
662 2486
663 1169
664 1110
665 640
666 6446
667 2832
668 5971
669 450
670 4399
671 7894
672 1548
673 8030
674 2104
675 2597
676 1878
677 1256
678 1679
679 179
680 2675
681 4621
682 5094
683 5653
684 7945
685 404
686 2177
687 1963
688 5181
689 7044
690 7465
691 5758
692 5296
693 5367
694 3875
695 7189
696 6862
697 1300
698 6782
699 8134
700 3332
701 3064
702 328
703 6209
704 1608
705 7246
706 6284
707 5472
708 5979
709 4280
710 3152
711 679
712 2820
713 2372
714 494
715 4451
716 1141
717 6485
718 7632
719 7346
720 6539
721 2004
722 385
723 2998
724 4593
725 4970
726 7668
727 2086
728 6378
729 4088
730 7119
731 8
732 4920
733 8041
734 964
735 3418
736 6228
737 7461
738 1697
739 1748
740 50
741 5910
742 1247
743 7880
744 7793
745 4538
746 1498
747 6117
748 7229
749 6611
750 904
751 1198
752 5193
753 569
754 2218
755 5740
756 5787
757 5019
758 5663
759 2937
760 4483
761 2506
762 2351
763 4739
764 8076
765 1395
766 4183
767 3150
768 2868
769 7192
770 3802
771 7094
772 6268
773 3065
774 7327
775 3455
776 8116
777 4255
778 255
779 1233
780 1531
781 2549
782 374
783 530
784 6361
785 7022
786 6305
787 1318
788 6758
789 5287
790 4788
791 5713
792 1820
793 7617
794 6
795 2112
796 6179
797 3506
798 145
799 961
800 884
801 4742
802 7425
803 4081
804 3788
805 3126
806 3236
807 2404
808 3625
809 3014
810 7503
811 583
812 7313
813 4175
814 8175
815 917
816 6068
817 1257
818 6134
819 2023
820 5047
821 6280
822 8131
823 2766
824 2264
825 322
826 6986
827 713
828 2468
829 1220
830 3278
831 5305
832 5239
833 1942
834 3839
835 6589
836 5188
837 4440
838 4345
839 6496
840 3185
841 7683
842 2661
843 3743
844 3375
845 3130
846 501
847 2397
848 3425
849 5398
850 7594
851 2349
852 1680
853 648
854 3607
855 101
856 6397
857 7772
858 1983
859 2627
860 1310
861 4609
862 1261
863 2459
864 5075
865 3258
866 4239
867 3509
868 5187
869 7197
870 1830
871 4065
872 8024
873 6515
874 7549
875 6205
876 214
877 3000
878 1439
879 5809
880 1492
881 5459
882 1103
883 606
884 7388
885 3664
886 6744
887 2952
888 5331
889 3156
890 3543
891 2729
892 983
893 7247
894 1888
895 4784
896 6818
897 5852
898 5513
899 4510
900 2093
901 2621
902 2385
903 6244
904 699
905 3762
906 7136
907 777
908 7873
909 3829
910 3953
911 2339
912 8013
913 5376
914 1412
915 1368
916 844
917 7557
918 2251
919 277
920 4628
921 6388
922 105
923 6334
924 6868
925 3526
926 6658
927 5126
928 2
929 2917
930 745
931 4478
932 5288
933 3886
934 6081
935 2038
936 3705
937 8152
938 5049
939 4683
940 1856
941 675
942 3383
943 2707
944 3996
945 7964
946 5727
947 7741
948 7477
949 475
950 412
951 284
952 3226
953 2971
954 337
955 2269
956 4422
957 7230
958 7286
959 1593
960 7789
961 7438
962 865
963 2337
964 1196
965 4505
966 4946
967 2469
968 2429
969 6609
970 2831
971 3167
972 2380
973 375
974 4115
975 4882
976 2007
977 44
978 5223
979 4290
980 2672
981 1478
982 5142
983 7138
984 1711
985 7050
986 950
987 1803
988 6962
989 3899
990 1363
991 5718
992 4227
993 6542
994 1900
995 5058
996 7527
997 6747
998 8176
999 6435
1000 7720
1001 3325
1002 5823
1003 3973
1004 5565
1005 6505
1006 5016
1007 7394
1008 816
1009 1114
1010 988
1011 6644
1012 7935
1013 2651
1014 2944
1015 2754
1016 1484
1017 1195
1018 6071
1019 1723
1020 1415
1021 6896
1022 2300
1023 3073
1024 5752
1025 5182
1026 687
1027 589
1028 3475
1029 4608
1030 4455
1031 7997
1032 4423
1033 2424
1034 4906
1035 1966
1036 7172
1037 5453
1038 5137
1039 3636
1040 4135
1041 7625
1042 1899
1043 165
1044 6266
1045 7256
1046 5664
1047 3343
1048 7704
1049 3151
1050 1146
1051 2867
1052 85
1053 6312
1054 807
1055 1846
1056 5782
1057 919
1058 4808
1059 235
1060 524
1061 0
1062 5709
1063 1624
1064 1668
1065 4418
1066 3790
1067 5582
1068 4734
1069 4935
1070 6355
1071 6944
1072 585
1073 1801
1074 6911
1075 6060
1076 6764
1077 136
1078 6413
1079 3362
1080 7530
1081 7574
1082 7681
1083 5527
1084 2669
1085 5303
1086 8093
1087 4005
1088 3531
1089 3496
1090 4248
1091 3040
1092 2730
1093 1436
1094 352
1095 6571
1096 4134
1097 4775
1098 1882
1099 2406
1100 4998
1101 4684
1102 3780
1103 1137
1104 192
1105 6460
1106 2951
1107 2232
1108 5140
1109 3816
1110 5799
1111 2536
1112 2314
1113 7899
1114 5677
1115 2456
1116 6176
1117 7306
1118 4339
1119 2652
1120 4961
1121 8029
1122 8171
1123 3309
1124 1364
1125 7053
1126 394
1127 2758
1128 6494
1129 3580
1130 479
1131 563
1132 1649
1133 7799
1134 2025
1135 4136
1136 5307
1137 512
1138 4194
1139 3357
1140 2598
1141 7972
1142 6840
1143 2993
1144 730
1145 8079
1146 5173
1147 6286
1148 4449
1149 7609
1150 4847
1151 1056
1152 3394
1153 1595
1154 6370
1155 6180
1156 1260
1157 3676
1158 5217
1159 4358
1160 1108
1161 7387
1162 1693
1163 2844
1164 3297
1165 4715
1166 100
1167 438
1168 6625
1169 2772
1170 5082
1171 5451
1172 5310
1173 7320
1174 2061
1175 7106
1176 5379
1177 594
1178 7847
1179 35
1180 1787
1181 3908
1182 2158
1183 3746
1184 3955
1185 3238
1186 2121
1187 790
1188 180
1189 631
1190 6320
1191 7502
1192 6998
1193 3518
1194 2413
1195 1496
1196 5249
1197 5571
1198 3993
1199 1319
1200 1847
1201 6046
1202 7470
1203 1222
1204 2516
1205 6429
1206 3115
1207 4773
1208 299
1209 5283
1210 4682
1211 7867
1212 3626
1213 3447
1214 6687
1215 3155
1216 1918
1217 1685
1218 559
1219 4396
1220 2124
1221 7700
1222 7209
1223 7323
1224 6175
1225 5158
1226 4329
1227 715
1228 1172
1229 2333
1230 3397
1231 766
1232 4040
1233 4459
1234 4098
1235 4229
1236 2839
1237 7447
1238 5670
1239 3504
1240 2382
1241 2798
1242 5908
1243 6602
1244 3119
1245 7542
1246 7148
1247 6645
1248 2426
1249 3244
1250 6025
1251 5125
1252 5274
1253 3663
1254 7366
1255 8182
1256 3197
1257 1456
1258 271
1259 5053
1260 2197
1261 1399
1262 226
1263 7756
1264 79
1265 911
1266 3023
1267 2500
1268 3957
1269 6106
1270 625
1271 4730
1272 5225
1273 4632
1274 5659
1275 477
1276 6677
1277 7248
1278 6860
1279 1890
1280 7471
1281 1316
1282 7329
1283 5363
1284 6313
1285 177
1286 4238
1287 1228
1288 2432
1289 4174
1290 4501
1291 2332
1292 130
1293 6350
1294 1627
1295 405
1296 3766
1297 2964
1298 1581
1299 2294
1300 5708
1301 3646
1302 6630
1303 1391
1304 725
1305 7893
1306 6729
1307 4650
1308 5601
1309 5244
1310 4825
1311 4595
1312 6876
1313 4722
1314 258
1315 7061
1316 825
1317 5922
1318 3349
1319 3876
1320 6817
1321 8010
1322 4430
1323 1341
1324 3069
1325 5336
1326 3508
1327 7479
1328 110
1329 6113
1330 1136
1331 4363
1332 5658
1333 2037
1334 2003
1335 7679
1336 2653
1337 4488
1338 3194
1339 3617
1340 8133
1341 4975
1342 1568
1343 2229
1344 1517
1345 3939
1346 3584
1347 2291
1348 582
1349 1742
1350 5697
1351 64
1352 6836
1353 408
1354 15
1355 5077
1356 346
1357 7287
1358 2563
1359 7463
1360 4692
1361 3826
1362 7642
1363 5963
1364 6956
1365 5851
1366 1881
1367 3674
1368 836
1369 2419
1370 5519
1371 3247
1372 6554
1373 6133
1374 1353
1375 2696
1376 4616
1377 6396
1378 6013
1379 1512
1380 6217
1381 3893
1382 4265
1383 1556
1384 4911
1385 1218
1386 6504
1387 1817
1388 7790
1389 1764
1390 2856
1391 1419
1392 1263
1393 5897
1394 7196
1395 5683
1396 354
1397 7147
1398 7458
1399 4379
1400 6951
1401 2773
1402 1623
1403 4308
1404 8033
1405 6748
1406 3837
1407 6894
1408 5719
1409 1106
1410 3374
1411 8160
1412 8118
1413 6680
1414 2343
1415 2261
1416 891
1417 2890
1418 6207
1419 2573
1420 6524
1421 1356
1422 2203
1423 7235
1424 5644
1425 7771
1426 3139
1427 5894
1428 327
1429 5989
1430 7977
1431 5045
1432 5109
1433 5437
1434 1991
1435 6827
1436 3464
1437 2609
1438 229
1439 7282
1440 616
1441 6089
1442 3912
1443 3004
1444 2130
1445 7441
1446 835
1447 6029
1448 2425
1449 1729
1450 6765
1451 4476
1452 410
1453 5707
1454 6728
1455 5265
1456 3498
1457 3835
1458 5343
1459 7892
1460 1864
1461 4319
1462 4550
1463 7666
1464 4056
1465 3801
1466 5071
1467 7761
1468 3530
1469 6188
1470 2806
1471 2262
1472 4091
1473 2320
1474 5807
1475 5613
1476 2908
1477 8172
1478 5179
1479 4681
1480 1631
1481 3398
1482 3760
1483 1392
1484 5104
1485 8048
1486 1767
1487 6761
1488 321
1489 1588
1490 2949
1491 5881
1492 3574
1493 2519
1494 2201
1495 5711
1496 6874
1497 6968
1498 2719
1499 5675
1500 4528
1501 4387
1502 1155
1503 1280
1504 3499
1505 7354
1506 2855
1507 2371
1508 7731
1509 3911
1510 4941
1511 3241
1512 695
1513 2589
1514 5149
1515 1927
1516 5997
1517 7212
1518 2011
1519 7969
1520 4670
1521 1416
1522 8050
1523 3111
1524 3280
1525 4058
1526 5529
1527 7672
1528 1248
1529 539
1530 2063
1531 63
1532 3018
1533 6864
1534 752
1535 1066
1536 7582
1537 7179
1538 6620
1539 2252
1540 6352
1541 3159
1542 6296
1543 6937
1544 7082
1545 1612
1546 7722
1547 2504
1548 4785
1549 3976
1550 6803
1551 6726
1552 2915
1553 3683
1554 3858
1555 4518
1556 1135
1557 3769
1558 29
1559 3527
1560 1964
1561 1258
1562 1738
1563 4335
1564 4579
1565 6969
1566 7139
1567 6258
1568 5237
1569 4980
1570 2102
1571 7536
1572 7675
1573 780
1574 3423
1575 1043
1576 233
1577 1797
1578 137
1579 5092
1580 6921
1581 3206
1582 6358
1583 1677
1584 6780
1585 4052
1586 7487
1587 1081
1588 8009
1589 6655
1590 538
1591 7389
1592 4382
1593 818
1594 7798
1595 7356
1596 7591
1597 2796
1598 659
1599 1536
1600 5298
1601 6865
1602 6262
1603 2150
1604 4649
1605 2969
1606 4300
1607 7975
1608 3843
1609 1569
1610 241
1611 2016
1612 857
1613 2356
1614 42
1615 4583
1616 5128
1617 4981
1618 3896
1619 6974
1620 2283
1621 3715
1622 6731
1623 7011
1624 1626
1625 6901
1626 6530
1627 7538
1628 8055
1629 7871
1630 4750
1631 5406
1632 1850
1633 5679
1634 355
1635 8123
1636 7163
1637 3406
1638 2499
1639 5070
1640 1371
1641 6101
1642 2164
1643 1565
1644 1922
1645 3142
1646 1660
1647 4511
1648 916
1649 655
1650 1755
1651 756
1652 3488
1653 3232
1654 6330
1655 6711
1656 2837
1657 4947
1658 2574
1659 6141
1660 3324
1661 4992
1662 4425
1663 1472
1664 978
1665 7469
1666 83
1667 268
1668 1426
1669 3869
1670 2966
1671 3982
1672 2460
1673 574
1674 8028
1675 3107
1676 6938
1677 3742
1678 34
1679 6040
1680 301
1681 1551
1682 4156
1683 5362
1684 2235
1685 4540
1686 7747
1687 808
1688 7581
1689 1385
1690 1695
1691 3779
1692 2352
1693 4690
1694 6878
1695 1516
1696 4936
1697 2742
1698 1274
1699 4023
1700 4436
1701 7087
1702 4350
1703 3614
1704 1320
1705 3874
1706 1858
1707 8026
1708 2317
1709 566
1710 6614
1711 5037
1712 1601
1713 6499
1714 3002
1715 7990
1716 172
1717 6398
1718 1014
1719 6012
1720 2803
1721 2580
1722 7556
1723 5666
1724 2021
1725 6994
1726 1638
1727 1911
1728 5588
1729 2945
1730 7051
1731 867
1732 6666
1733 7459
1734 5250
1735 3728
1736 1744
1737 7930
1738 453
1739 2282
1740 7851
1741 3103
1742 1980
1743 2427
1744 2851
1745 3593
1746 923
1747 645
1748 6299
1749 573
1750 2062
1751 1427
1752 7898
1753 4987
1754 4922
1755 5545
1756 3655
1757 5942
1758 7402
1759 1352
1760 7645
1761 2110
1762 5436
1763 1173
1764 7084
1765 5171
1766 2476
1767 1090
1768 3034
1769 6979
1770 2250
1771 3836
1772 4607
1773 605
1774 5762
1775 5638
1776 148
1777 3792
1778 4406
1779 6820
1780 1278
1781 6518
1782 2991
1783 6405
1784 2187
1785 1481
1786 6904
1787 7687
1788 1690
1789 225
1790 4815
1791 1832
1792 1870
1793 22
1794 2139
1795 7848
1796 1615
1797 4568
1798 4116
1799 5944
1800 3296
1801 6478
1802 2857
1803 7553
1804 1077
1805 5133
1806 7004
1807 6632
1808 7434
1809 711
1810 469
1811 6324
1812 772
1813 6124
1814 6070
1815 4729
1816 7614
1817 3462
1818 6856
1819 3514
1820 6821
1821 2490
1822 6193
1823 3999
1824 1004
1825 5279
1826 2392
1827 6684
1828 3082
1829 6387
1830 876
1831 2213
1832 6778
1833 3699
1834 4634
1835 5489
1836 5750
1837 4216
1838 4267
1839 5040
1840 7952
1841 8027
1842 4177
1843 4032
1844 4464
1845 1944
1846 486
1847 1589
1848 4403
1849 5574
1850 592
1851 1475
1852 2087
1853 1530
1854 7473
1855 183
1856 3849
1857 3542
1858 5621
1859 5425
1860 288
1861 980
1862 2636
1863 2795
1864 428
1865 3180
1866 2575
1867 6673
1868 2909
1869 705
1870 6887
1871 5874
1872 5381
1873 3966
1874 3336
1875 4199
1876 5254
1877 4830
1878 5995
1879 7922
1880 2336
1881 4996
1882 6578
1883 7649
1884 2843
1885 800
1886 6056
1887 4412
1888 6184
1889 7381
1890 1323
1891 1829
1892 8014
1893 4044
1894 6369
1895 6225
1896 154
1897 5826
1898 7415
1899 3805
1900 3084
1901 6798
1902 2911
1903 3852
1904 1731
1905 4137
1906 1688
1907 4210
1908 39
1909 4756
1910 1202
1911 599
1912 1163
1913 5867
1914 5315
1915 3639
1916 854
1917 4856
1918 6517
1919 7862
1920 935
1921 793
1922 1573
1923 2852
1924 5110
1925 4951
1926 7107
1927 202
1928 1920
1929 1825
1930 7545
1931 7766
1932 6400
1933 5746
1934 3392
1935 2310
1936 1874
1937 2522
1938 7806
1939 88
1940 5277
1941 4171
1942 3695
1943 4694
1944 343
1945 1377
1946 654
1947 7298
1948 6567
1949 4539
1950 7058
1951 2355
1952 1123
1953 2716
1954 7508
1955 4438
1956 418
1957 761
1958 6512
1959 1285
1960 6665
1961 1442
1962 3353
1963 3478
1964 252
1965 4276
1966 1666
1967 5169
1968 4054
1969 4575
1970 6445
1971 1009
1972 2015
1973 4126
1974 7122
1975 7474
1976 2768
1977 7961
1978 1792
1979 1828
1980 4240
1981 4982
1982 5877
1983 5999
1984 5918
1985 3175
1986 5743
1987 1389
1988 5262
1989 3687
1990 7563
1991 4414
1992 430
1993 2892
1994 1488
1995 1201
1996 3637
1997 2541
1998 653
1999 7919
2000 1933
2001 6966
2002 3366
2003 1609
2004 6197
2005 4114
2006 5471
2007 1654
2008 6440
2009 5211
2010 6487
2011 7682
2012 2769
2013 6696
2014 1255
2015 8084
2016 3408
2017 2214
2018 3132
2019 3269
2020 7297
2021 368
2022 6301
2023 6875
2024 6908
2025 1099
2026 4601
2027 6160
2028 5270
2029 554
2030 2939
2031 1789
2032 5074
2033 305
2034 1967
2035 2518
2036 7721
2037 7630
2038 2679
2039 2410
2040 5556
2041 3166
2042 5468
2043 1406
2044 5507
2045 4551
2046 2759
2047 4654
2048 7985
2049 6529
2050 3411
2051 5000
2052 72
2053 3090
2054 5
2055 3627
2056 106
2057 900
2058 7397
2059 6185
2060 467
2061 7524
2062 2157
2063 6362
2064 822
2065 6941
2066 7252
2067 5135
2068 2812
2069 4086
2070 5853
2071 3589
2072 4948
2073 5253
2074 2373
2075 7932
2076 2847
2077 6031
2078 5748
2079 754
2080 3892
2081 4012
2082 7047
2083 3037
2084 56
2085 7289
2086 6130
2087 3382
2088 362
2089 3800
2090 5486
2091 6409
2092 6575
2093 6238
2094 6204
2095 7420
2096 289
2097 7989
2098 97
2099 6608
2100 4377
2101 5783
2102 2741
2103 3768
2104 7881
2105 703
2106 4984
2107 4193
2108 3611
2109 411
2110 652
2111 5090
2112 3649
2113 1343
2114 1076
2115 503
2116 5235
2117 6784
2118 4341
2119 6643
2120 1875
2121 7637
2122 6829
2123 3689
2124 2350
2125 864
2126 2807
2127 4256
2128 920
2129 551
2130 5712
2131 1538
2132 6253
2133 3541
2134 5141
2135 2207
2136 1296
2137 4546
2138 5389
2139 184
2140 2046
2141 4747
2142 5177
2143 989
2144 3290
2145 2135
2146 6135
2147 6049
2148 5951
2149 1165
2150 735
2151 7993
2152 2245
2153 7879
2154 6528
2155 1727
2156 6880
2157 7544
2158 1972
2159 7498
2160 7924
2161 2455
2162 1435
2163 4513
2164 2910
2165 1129
2166 4782
2167 3604
2168 6190
2169 945
2170 4083
2171 443
2172 5816
2173 7284
2174 4638
2175 117
2176 1071
2177 5531
2178 1658
2179 5032
2180 3094
2181 4372
2182 5566
2183 1174
2184 5976
2185 8088
2186 7092
2187 3752
2188 558
2189 5614
2190 5358
2191 4909
2192 895
2193 4034
2194 667
2195 6339
2196 3784
2197 1804
2198 6694
2199 3479
2200 2997
2201 3969
2202 7010
2203 2561
2204 7207
2205 4307
2206 5394
2207 2702
2208 4420
2209 7940
2210 9
2211 3671
2212 3359
2213 3605
2214 1640
2215 7427
2216 1069
2217 4778
2218 2953
2219 1734
2220 4644
2221 6794
2222 3847
2223 7708
2224 3285
2225 358
2226 6852
2227 3934
2228 3516
2229 4142
2230 737
2231 1181
2232 2760
2233 65
2234 2899
2235 1021
2236 2511
2237 4254
2238 3402
2239 3986
2240 8120
2241 7611
2242 8023
2243 7231
2244 5538
2245 7081
2246 167
2247 5395
2248 5130
2249 1445
2250 6116
2251 2950
2252 6540
2253 2375
2254 310
2255 5774
2256 4578
2257 3098
2258 7751
2259 2244
2260 7850
2261 3850
2262 3189
2263 1089
2264 7269
2265 5317
2266 4104
2267 2205
2268 5937
2269 3588
2270 2894
2271 3668
2272 4972
2273 604
2274 4826
2275 6650
2276 7988
2277 820
2278 1618
2279 4223
2280 5146
2281 2107
2282 48
2283 1976
2284 7579
2285 7334
2286 425
2287 2470
2288 1529
2289 3929
2290 5724
2291 508
2292 1863
2293 5776
2294 5534
2295 140
2296 4625
2297 2838
2298 1905
2299 7859
2300 5808
2301 2779
2302 5039
2303 2922
2304 2438
2305 2296
2306 5940
2307 3388
2308 7117
2309 5202
2310 7048
2311 1259
2312 4763
2313 6656
2314 294
2315 1151
2316 4190
2317 3711
2318 7295
2319 4338
2320 6892
2321 5320
2322 5900
2323 4120
2324 4492
2325 5580
2326 7808
2327 113
2328 2029
2329 2345
2330 1317
2331 2968
2332 7554
2333 6481
2334 929
2335 6591
2336 5046
2337 838
2338 3480
2339 3216
2340 3536
2341 1990
2342 6191
2343 1476
2344 3568
2345 7699
2346 4753
2347 3268
2348 2543
2349 6304
2350 295
2351 729
2352 577
2353 7353
2354 4049
2355 6727
2356 4013
2357 6513
2358 7778
2359 1709
2360 5742
2361 5306
2362 6844
2363 6337
2364 4460
2365 2276
2366 893
2367 5263
2368 1176
2369 1868
2370 2321
2371 773
2372 7888
2373 7141
2374 1973
2375 5850
2376 7643
2377 1495
2378 661
2379 1054
2380 464
2381 6662
2382 2695
2383 8019
2384 8072
2385 5586
2386 8165
2387 7360
2388 3221
2389 3991
2390 5969
2391 3177
2392 809
2393 2360
2394 3798
2395 2138
2396 7089
2397 3009
2398 5619
2399 231
2400 2635
2401 4502
2402 6593
2403 3537
2404 6104
2405 3386
2406 5055
2407 2556
2408 5264
2409 21
2410 7814
2411 553
2412 2946
2413 1541
2414 3948
2415 4059
2416 1097
2417 1740
2418 1358
2419 4262
2420 700
2421 8036
2422 3877
2423 5505
2424 7003
2425 7408
2426 1879
2427 6472
2428 3239
2429 3085
2430 3731
2431 498
2432 7517
2433 2263
2434 5959
2435 5624
2436 3344
2437 4657
2438 4828
2439 2108
2440 7613
2441 5290
2442 7787
2443 7944
2444 3451
2445 4529
2446 626
2447 2643
2448 1524
2449 384
2450 7251
2451 6368
2452 138
2453 3772
2454 8126
2455 99
2456 3943
2457 1336
2458 6854
2459 7737
2460 6447
2461 206
2462 1821
2463 2209
2464 4078
2465 5720
2466 753
2467 707
2468 4153
2469 6723
2470 6486
2471 5160
2472 2551
2473 6017
2474 67
2475 3709
2476 4441
2477 4849
2478 3053
2479 6533
2480 3379
2481 4713
2482 5059
2483 2322
2484 6996
2485 5608
2486 3582
2487 3522
2488 339
2489 963
2490 5888
2491 159
2492 674
2493 2440
2494 4241
2495 7187
2496 6325
2497 1471
2498 387
2499 638
2500 6610
2501 1138
2502 830
2503 2505
2504 7698
2505 3444
2506 4019
2507 3171
2508 6381
2509 1587
2510 8130
2511 6556
2512 7913
2513 5136
2514 6831
2515 1023
2516 5176
2517 45
2518 5297
2519 2804
2520 4168
2521 8038
2522 2142
2523 7392
2524 451
2525 1522
2526 7264
2527 5849
2528 6679
2529 5885
2530 311
2531 966
2532 4655
2533 6795
2534 5723
2535 7775
2536 7005
2537 4391
2538 6290
2539 5627
2540 7068
2541 2028
2542 4855
2543 5021
2544 853
2545 1387
2546 2612
2547 4355
2548 2872
2549 1932
2550 2088
2551 4592
2552 5464
2553 3797
2554 7218
2555 6098
2556 6732
2557 7870
2558 3389
2559 4094
2560 1683
2561 2819
2562 4929
2563 5810
2564 3951
2565 7605
2566 7815
2567 642
2568 7535
2569 4192
2570 7258
2571 1648
2572 2129
2573 4149
2574 1570
2575 6402
2576 7019
2577 3076
2578 5629
2579 7472
2580 504
2581 1375
2582 1303
2583 7937
2584 5929
2585 4646
2586 7902
2587 7398
2588 555
2589 5409
2590 5248
2591 3319
2592 8020
2593 6810
2594 2787
2595 2215
2596 6310
2597 1913
2598 5819
2599 7705
2600 239
2601 2961
2602 6256
2603 6576
2604 431
2605 4105
2606 349
2607 7083
2608 6035
2609 2529
2610 1590
2611 1
2612 3078
2613 993
2614 3487
2615 828
2616 7807
2617 2403
2618 4025
2619 4259
2620 2708
2621 7915
2622 7261
2623 3854
2624 7842
2625 3200
2626 1340
2627 312
2628 1393
2629 3679
2630 5883
2631 2785
2632 5103
2633 6377
2634 4779
2635 7493
2636 8086
2637 2174
2638 4564
2639 4725
2640 4295
2641 3587
2642 345
2643 628
2644 4475
2645 590
2646 5968
2647 7750
2648 3329
2649 3981
2650 5302
2651 2013
2652 6475
2653 6419
2654 420
2655 6241
2656 478
2657 2101
2658 3643
2659 842
2660 6062
2661 2513
2662 6626
2663 3205
2664 5463
2665 1650
2666 7946
2667 3722
2668 249
2669 7124
2670 2302
2671 2216
2672 4736
2673 3456
2674 3
2675 7032
2676 92
2677 7449
2678 4376
2679 3272
2680 5802
2681 4643
2682 1543
2683 611
2684 1132
2685 5247
2686 886
2687 1586
2688 3813
2689 3407
2690 4303
2691 4586
2692 8103
2693 1984
2694 3047
2695 4943
2696 3227
2697 1207
2698 2079
2699 851
2700 8137
2701 5011
2702 281
2703 4554
2704 6172
2705 1834
2706 2122
2707 7213
2708 724
2709 2926
2710 7552
2711 4764
2712 6072
2713 3650
2714 5785
2715 211
2716 5549
2717 1519
2718 3560
2719 7696
2720 3888
2721 1669
2722 1469
2723 341
2724 7279
2725 1308
2726 4400
2727 6560
2728 454
2729 7429
2730 6965
2731 2841
2732 4203
2733 4983
2734 5956
2735 1402
2736 1020
2737 6426
2738 276
2739 2692
2740 3217
2741 6001
2742 3938
2743 1193
2744 926
2745 4613
2746 6757
2747 2606
2748 7049
2749 4865
2750 238
2751 5465
2752 3062
2753 309
2754 6177
2755 2452
2756 5099
2757 879
2758 155
2759 2659
2760 7123
2761 791
2762 704
2763 2778
2764 1785
2765 5259
2766 1636
2767 2153
2768 3317
2769 1304
2770 5939
2771 3864
2772 632
2773 1564
2774 8187
2775 5418
2776 6078
2777 6721
2778 7695
2779 4562
2780 6270
2781 1411
2782 7228
2783 4695
2784 6030
2785 3513
2786 8119
2787 6771
2788 3466
2789 8153
2790 3759
2791 5840
2792 7457
2793 526
2794 969
2795 1833
2796 7310
2797 7813
2798 2853
2799 1768
2800 54
2801 3108
2802 4205
2803 1288
2804 5567
2805 7986
2806 587
2807 7099
2808 823
2809 7883
2810 5803
2811 2484
2812 2657
2813 7920
2814 4524
2815 2987
2816 7370
2817 8044
2818 218
2819 1410
2820 1951
2821 5625
2822 7684
2823 6410
2824 7455
2825 7780
2826 5086
2827 5906
2828 4489
2829 4953
2830 510
2831 5232
2832 1909
2833 1707
2834 3608
2835 458
2836 6561
2837 7635
2838 6479
2839 14
2840 2211
2841 2166
2842 5485
2843 4577
2844 3787
2845 7233
2846 5780
2847 4035
2848 1634
2849 331
2850 3006
2851 7858
2852 7921
2853 6002
2854 6088
2855 1414
2856 5195
2857 3977
2858 2962
2859 5856
2860 7339
2861 598
2862 5034
2863 4390
2864 1060
2865 4486
2866 6222
2867 672
2868 7399
2869 896
2870 1464
2871 6417
2872 8142
2873 3430
2874 7445
2875 6953
2876 4119
2877 3182
2878 2019
2879 6785
2880 2782
2881 2094
2882 6722
2883 1721
2884 8063
2885 2842
2886 5649
2887 6682
2888 2897
2889 4741
2890 2132
2891 5591
2892 3307
2893 7219
2894 6598
2895 2329
2896 1139
2897 5299
2898 7998
2899 1580
2900 7314
2901 6059
2902 1800
2903 3783
2904 4063
2905 5344
2906 3830
2907 621
2908 1893
2909 6647
2910 678
2911 6329
2912 1949
2913 7884
2914 2075
2915 6492
2916 3960
2917 5794
2918 3161
2919 3913
2920 7072
2921 7495
2922 3020
2923 5954
2924 2743
2925 6534
2926 6105
2927 5084
2928 7820
2929 1016
2930 5558
2931 925
2932 4218
2933 2498
2934 1752
2935 2462
2936 4986
2937 7303
2938 265
2939 565
2940 1664
2941 3861
2942 4818
2943 7555
2944 2880
2945 4516
2946 2845
2947 3561
2948 612
2949 7437
2950 741
2951 843
2952 3339
2953 3601
2954 4727
2955 5286
2956 4661
2957 116
2958 1251
2959 4435
2960 7134
2961 3372
2962 7646
2963 1182
2964 3956
2965 4938
2966 915
2967 692
2968 2665
2969 7319
2970 170
2971 3906
2972 5886
2973 2376
2974 1284
2975 7185
2976 5454
2977 5216
2978 7984
2979 6929
2980 6055
2981 6523
2982 2050
2983 502
2984 409
2985 5760
2986 2487
2987 5948
2988 3113
2989 1943
2990 1633
2991 1001
2992 962
2993 880
2994 4783
2995 1567
2996 1815
2997 5512
2998 2723
2999 7262
3000 747
3001 3828
3002 4858
3003 6391
3004 6847
3005 4923
3006 4138
3007 5143
3008 1084
3009 7753
3010 6623
3011 7396
3012 7568
3013 5106
3014 7804
3015 5812
3016 6897
3017 3904
3018 1149
3019 3413
3020 7023
3021 6336
3022 4993
3023 1302
3024 2906
3025 1230
3026 254
3027 3042
3028 2277
3029 3080
3030 4704
3031 5705
3032 3519
3033 4813
3034 5605
3035 7660
3036 7618
3037 3851
3038 3750
3039 1577
3040 3669
3041 2555
3042 827
3043 535
3044 43
3045 2979
3046 3230
3047 6303
3048 5793
3049 6547
3050 7359
3051 5957
3052 3717
3053 398
3054 6394
3055 7418
3056 2388
3057 5192
3058 1091
3059 124
3060 2886
3061 635
3062 7856
3063 2304
3064 4201
3065 7802
3066 5521
3067 1652
3068 1715
3069 6886
3070 4395
3071 6735
3072 5275
3073 6064
3074 1560
3075 921
3076 4064
3077 1226
3078 1895
3079 6961
3080 2147
3081 5324
3082 5072
3083 1809
3084 6454
3085 1039
3086 3079
3087 5690
3088 3043
3089 2745
3090 5206
3091 8032
3092 6276
3093 8151
3094 3500
3095 2933
3096 4721
3097 6628
3098 5640
3099 4884
3100 4675
3101 6333
3102 5981
3103 7324
3104 6730
3105 7926
3106 2395
3107 4375
3108 4523
3109 934
3110 3432
3111 2705
3112 6227
3113 4002
3114 3585
3115 6509
3116 7513
3117 3751
3118 3534
3119 4969
3120 2324
3121 397
3122 6691
3123 2475
3124 2202
3125 7774
3126 3385
3127 1970
3128 1745
3129 5186
3130 2098
3131 1891
3132 2629
3133 1184
3134 4042
3135 330
3136 4200
3137 5384
3138 6559
3139 6928
3140 7020
3141 256
3142 7739
3143 5841
3144 4837
3145 701
3146 7676
3147 8083
3148 6804
3149 1093
3150 6026
3151 6851
3152 3019
3153 6618
3154 4429
3155 1706
3156 656
3157 4315
3158 576
3159 521
3160 4469
3161 6183
3162 4618
3163 7299
3164 1930
3165 6464
3166 6119
3167 7801
3168 3416
3169 905
3170 347
3171 3672
3172 3370
3173 5154
3174 2052
3175 2545
3176 8141
3177 4365
3178 19
3179 3962
3180 3214
3181 720
3182 2175
3183 1806
3184 6497
3185 6674
3186 4080
3187 2488
3188 168
3189 1273
3190 5878
3191 8074
3192 1694
3193 1145
3194 2965
3195 7176
3196 6285
3197 7340
3198 4536
3199 4182
3200 7271
3201 1203
3202 525
3203 952
3204 1756
3205 2931
3206 6954
3207 5152
3208 5411
3209 2604
3210 7080
3211 5828
3212 1382
3213 2726
3214 7657
3215 8004
3216 2639
3217 128
3218 6642
3219 1520
3220 2799
3221 8185
3222 781
3223 3910
3224 2864
3225 4833
3226 4591
3227 6416
3228 702
3229 1443
3230 3315
3231 4777
3232 4899
3233 7292
3234 7043
3235 3660
3236 4207
3237 3178
3238 6384
3239 4709
3240 5422
3241 1759
3242 266
3243 4994
3244 383
3245 4333
3246 5858
3247 5342
3248 1264
3249 2740
3250 2412
3251 4148
3252 6592
3253 3253
3254 5891
3255 3602
3256 217
3257 3941
3258 11
3259 4047
3260 7912
3261 1912
3262 7097
3263 3563
3264 784
3265 6519
3266 5804
3267 6146
3268 6799
3269 3775
3270 5592
3271 7376
3272 7697
3273 1360
3274 3198
3275 260
3276 7947
3277 1040
3278 3311
3279 1461
3280 7744
3281 3015
3282 135
3283 4398
3284 5018
3285 2114
3286 402
3287 7063
3288 1553
3289 4836
3290 2761
3291 8012
3292 3279
3293 722
3294 2448
3295 8125
3296 536
3297 6224
3298 6654
3299 4968
3300 1836
3301 7905
3302 4361
3303 5098
3304 6066
3305 7281
3306 2980
3307 7658
3308 3621
3309 849
3310 757
3311 2689
3312 7783
3313 634
3314 7965
3315 1448
3316 5964
3317 6752
3318 1252
3319 3169
3320 5657
3321 7069
3322 267
3323 3031
3324 353
3325 7170
3326 7407
3327 4774
3328 6295
3329 4676
3330 6137
3331 4482
3332 3417
3333 3461
3334 6476
3335 462
3336 2060
3337 712
3338 6834
3339 2562
3340 3312
3341 7501
3342 5434
3343 423
3344 855
3345 4999
3346 778
3347 3693
3348 2688
3349 5870
3350 7548
3351 7206
3352 1896
3353 2330
3354 4642
3355 2493
3356 6786
3357 1678
3358 5477
3359 164
3360 6093
3361 5246
3362 5129
3363 5972
3364 2923
3365 2775
3366 4520
3367 3619
3368 6170
3369 2876
3370 6202
3371 3380
3372 5347
3373 367
3374 2068
3375 52
3376 3465
3377 2127
3378 1156
3379 3972
3380 329
3381 7729
3382 6737
3383 3138
3384 615
3385 7484
3386 4737
3387 2454
3388 1822
3389 1354
3390 5796
3391 5551
3392 2508
3393 4864
3394 1866
3395 5594
3396 3058
3397 3521
3398 2204
3399 734
3400 670
3401 6393
3402 4484
3403 8129
3404 3422
3405 7104
3406 5907
3407 5491
3408 6842
3409 5736
3410 2280
3411 1916
3412 2691
3413 6342
3414 5438
3415 3754
3416 2010
3417 5661
3418 8016
3419 1213
3420 4230
3421 7830
3422 4787
3423 515
3424 5561
3425 5012
3426 3153
3427 366
3428 4096
3429 4428
3430 1877
3431 4534
3432 1786
3433 872
3434 3361
3435 1268
3436 4724
3437 3218
3438 6006
3439 3458
3440 548
3441 4293
3442 3707
3443 3665
3444 7762
3445 1366
3446 6621
3447 3415
3448 2763
3449 6972
3450 7145
3451 5693
3452 5121
3453 7
3454 4678
3455 2416
3456 5730
3457 6219
3458 2727
3459 6716
3460 4144
3461 994
3462 1889
3463 4848
3464 2285
3465 3945
3466 2893
3467 6264
3468 146
3469 2117
3470 6103
3471 275
3472 6587
3473 7709
3474 1048
3475 868
3476 4057
3477 2644
3478 1559
3479 3123
3480 449
3481 6866
3482 7200
3483 1447
3484 3810
3485 3331
3486 5284
3487 2557
3488 1489
3489 956
3490 7846
3491 1232
3492 3030
3493 1993
3494 4089
3495 7277
3496 8042
3497 356
3498 7927
3499 6634
3500 4991
3501 5919
3502 3089
3503 6902
3504 7887
3505 7168
3506 3445
3507 556
3508 6373
3509 6442
3510 4810
3511 3971
3512 1546
3513 1079
3514 2485
3515 7052
3516 7764
3517 1928
3518 2039
3519 1321
3520 6153
3521 6779
3522 6949
3523 5884
3524 740
3525 3304
3526 5466
3527 188
3528 7959
3529 3882
3530 5514
3531 7017
3532 1490
3533 4069
3534 7843
3535 5680
3536 3072
3537 2095
3538 7565
3539 5380
3540 4612
3541 3615
3542 245
3543 5813
3544 2640
3545 7265
3546 360
3547 4888
3548 3213
3549 2530
3550 1632
3551 1583
3552 2043
3553 399
3554 3547
3555 5420
3556 7914
3557 6839
3558 8186
3559 4202
3560 4755
3561 860
3562 5986
3563 5066
3564 1267
3565 4829
3566 4576
3567 5165
3568 3745
3569 7443
3570 4320
3571 1862
3572 6150
3573 3610
3574 1493
3575 910
3576 4445
3577 2148
3578 7602
3579 2293
3580 472
3581 544
3582 4000
3583 1122
3584 5322
3585 3680
3586 5600
3587 3147
3588 4863
3589 3421
3590 1045
3591 2334
3592 6906
3593 2808
3594 1955
3595 3039
3596 8073
3597 4630
3598 6857
3599 6568
3600 2510
3601 733
3602 7250
3603 5633
3604 1388
3605 7210
3606 3770
3607 4915
3608 361
3609 1482
3610 664
3611 3209
3612 6766
3613 2771
3614 5733
3615 7908
3616 313
3617 6482
3618 7717
3619 4289
3620 1525
3621 7422
3622 2711
3623 3712
3624 1625
3625 1204
3626 4566
3627 870
3628 815
3629 6382
3630 3059
3631 6090
3632 1062
3633 455
3634 4647
3635 1929
3636 5982
3637 4074
3638 6970
3639 5493
3640 6661
3641 4533
3642 4109
3643 5311
3644 118
3645 6936
3646 5602
3647 5108
3648 5770
3649 4965
3650 7278
3651 6793
3652 5543
3653 2559
3654 4912
3655 7440
3656 2658
3657 7901
3658 1783
3659 3575
3660 5357
3661 3822
3662 7351
3663 6563
3664 3778
3665 3184
3666 1819
3667 2089
3668 3391
3669 4845
3670 5278
3671 4269
3672 1667
3673 6127
3674 7160
3675 316
3676 1133
3677 7475
3678 23
3679 4641
3680 6021
3681 3016
3682 6724
3683 1576
3684 6084
3685 2861
3686 4880
3687 6210
3688 6957
3689 5714
3690 4933
3691 119
3692 6332
3693 4323
3694 2123
3695 1857
3696 7597
3697 2615
3698 3670
3699 7791
3700 4496
3701 3271
3702 7285
3703 4257
3704 4701
3705 5950
3706 516
3707 210
3708 4456
3709 5773
3710 3827
3711 7432
3712 3524
3713 5478
3714 3891
3715 6367
3716 2647
3717 644
3718 6441
3719 448
3720 1724
3721 8099
3722 2189
3723 359
3724 4745
3725 1671
3726 770
3727 874
3728 6699
3729 5400
3730 7878
3731 7786
3732 4503
3733 4799
3734 3570
3735 7518
3736 1592
3737 2436
3738 4582
3739 1444
3740 5864
3741 6109
3742 7941
3743 5553
3744 7718
3745 1824
3746 2387
3747 981
3748 3377
3749 3823
3750 6009
3751 293
3752 1153
3753 2733
3754 4689
3755 7665
3756 677
3757 2480
3758 1192
3759 1107
3760 7403
3761 3202
3762 5252
3763 4220
3764 2152
3765 5020
3766 3952
3767 1315
3768 5063
3769 5703
3770 3549
3771 5635
3772 2348
3773 2836
3774 6308
3775 1483
3776 6958
3777 3088
3778 2446
3779 3283
3780 4060
3781 7755
3782 5947
3783 7367
3784 5212
3785 7925
3786 3859
3787 6473
3788 4718
3789 2720
3790 2576
3791 396
3792 8046
3793 7446
3794 6156
3795 6858
3796 7712
3797 8173
3798 1209
3799 5329
3800 4468
3801 2009
3802 3250
3803 7818
3804 7875
3805 7249
3806 4966
3807 1450
3808 2826
3809 4211
3810 1788
3811 5435
3812 3057
3813 4250
3814 898
3815 5164
3816 6248
3817 1953
3818 1072
3819 2978
3820 2913
3821 5668
3822 2746
3823 8011
3824 3998
3825 3774
3826 7155
3827 6380
3828 856
3829 6597
3830 2313
3831 4680
3832 1865
3833 139
3834 6287
3835 6710
3836 248
3837 1188
3838 7259
3839 2547
3840 614
3841 4085
3842 378
3843 8047
3844 1337
3845 2105
3846 7827
3847 1409
3848 3282
3849 933
3850 5170
3851 6822
3852 1030
3853 4447
3854 3538
3855 5419
3856 2178
3857 4
3858 7500
3859 5033
3860 1096
3861 657
3862 5767
3863 4653
3864 1766
3865 6114
3866 2662
3867 2466
3868 4614
3869 1855
3870 6736
3871 3867
3872 123
3873 1687
3874 7740
3875 3350
3876 3091
3877 3915
3878 2146
3879 1453
3880 372
3881 5474
3882 6781
3883 4288
3884 4161
3885 7456
3886 6019
3887 1131
3888 4462
3889 5983
3890 1547
3891 571
3892 7181
3893 4036
3894 4344
3895 8075
3896 1199
3897 3559
3898 5892
3899 335
3900 4639
3901 4571
3902 232
3903 7610
3904 3947
3905 3440
3906 5530
3907 7371
3908 7723
3909 641
3910 924
3911 7909
3912 970
3913 2119
3914 4926
3915 6318
3916 5860
3917 3718
3918 7066
3919 7976
3920 1373
3921 4277
3922 93
3923 291
3924 2442
3925 2323
3926 5228
3927 6148
3928 4776
3929 4343
3930 2756
3931 3566
3932 465
3933 3029
3934 215
3935 2789
3936 2266
3937 6607
3938 6837
3939 1157
3940 5941
3941 3532
3942 2078
3943 1907
3944 943
3945 7239
3946 4560
3947 2494
3948 3299
3949 2649
3950 5024
3951 3105
3952 1401
3953 7950
3954 4832
3955 8140
3956 5578
3957 4011
3958 7140
3959 5500
3960 6218
3961 4794
3962 7034
3963 5151
3964 2145
3965 3782
3966 4679
3967 727
3968 6988
3969 5191
3970 6905
3971 1227
3972 7895
3973 2903
3974 3979
3975 4960
3976 5700
3977 5788
3978 1670
3979 3598
3980 2001
3981 7067
3982 7745
3983 1049
3984 1540
3985 4629
3986 3698
3987 6557
3988 3818
3989 4867
3990 2616
3991 629
3992 7713
3993 7781
3994 1885
3995 6247
3996 6407
3997 5537
3998 1703
3999 8179
4000 3733
4001 4053
4002 6495
4003 1397
4004 5122
4005 5241
4006 5172
4007 6606
4008 4407
4009 7027
4010 6742
4011 5656
4012 1500
4013 5208
4014 7296
4015 2433
4016 8085
4017 6322
4018 4805
4019 3579
4020 2762
4021 429
4022 73
4023 728
4024 286
4025 3196
4026 1937
4027 4852
4028 2988
4029 6211
4030 2156
4031 1051
4032 4107
4033 5359
4034 6832
4035 196
4036 3763
4037 7379
4038 787
4039 6164
4040 7204
4041 7130
4042 6617
4043 3066
4044 5710
4045 1128
4046 5960
4047 4264
4048 1380
4049 5243
4050 1996
4051 1613
4052 2883
4053 8138
4054 1171
4055 4816
4056 3505
4057 2287
4058 4008
4059 5541
4060 7748
4061 3841
4062 1451
4063 3323
4064 850
4065 7702
4066 909
4067 1339
4068 7000
4069 1798
4070 6048
4071 2663
4072 2451
4073 1225
4074 6438
4075 4905
4076 601
4077 3638
4078 7344
4079 3569
4080 3968
4081 7910
4082 2144
4083 2628
4084 4515
4085 1940
4086 7661
4087 696
4088 208
4089 3229
4090 5183
4091 1903
4092 6552
4093 2255
4094 4084
4095 5353
4096 4651
4097 5825
4098 5741
4099 7188
4100 1535
4101 1761
4102 1075
4103 6584
4104 7105
4105 6269
4106 1235
4107 4326
4108 1282
4109 6489
4110 2972
4111 2523
4112 2430
4113 4892
4114 3368
4115 3173
4116 2364
4117 4531
4118 7694
4119 2566
4120 6959
4121 6404
4122 7462
4123 5692
4124 6033
4125 4253
4126 4835
4127 5927
4128 4652
4129 1325
4130 3846
4131 4439
4132 5268
4133 6079
4134 2042
4135 3989
4136 575
4137 5487
4138 3738
4139 5112
4140 3212
4141 197
4142 6768
4143 2181
4144 7655
4145 2860
4146 3333
4147 5818
4148 3459
4149 3930
4150 427
4151 6162
4152 7307
4153 948
4154 4889
4155 5048
4156 7240
4157 7504
4158 7014
4159 4314
4160 1479
4161 995
4162 6526
4163 6363
4164 6845
4165 4790
4166 3409
4167 4022
4168 6653
4169 2090
4170 5159
4171 7889
4172 5251
4173 3128
4174 7073
4175 285
4176 2160
4177 4687
4178 8091
4179 5837
4180 801
4181 61
4182 2224
4183 5378
4184 6143
4185 1533
4186 5915
4187 5073
4188 1266
4189 1635
4190 3187
4191 1876
4192 6047
4193 446
4194 3629
4195 3919
4196 6466
4197 2358
4198 2709
4199 6981
4200 4738
4201 7724
4202 5030
4203 7823
4204 3046
4205 1760
4206 1712
4207 5423
4208 7343
4209 4894
4210 2297
4211 147
4212 1298
4213 38
4214 4851
4215 5702
4216 7162
4217 212
4218 3885
4219 4602
4220 2797
4221 4164
4222 6128
4223 776
4224 4007
4225 3474
4226 1035
4227 3840
4228 946
4229 875
4230 1349
4231 1514
4232 7505
4233 683
4234 8154
4235 8022
4236 5038
4237 7623
4238 3803
4239 7267
4240 5424
4241 2222
4242 649
4243 4291
4244 5797
4245 4473
4246 543
4247 157
4248 3246
4249 392
4250 6392
4251 7572
4252 1965
4253 7734
4254 5460
4255 2363
4256 4046
4257 3373
4258 2920
4259 6900
4260 1245
4261 2017
4262 1100
4263 5832
4264 4924
4265 8106
4266 7955
4267 7393
4268 3958
4269 6491
4270 4869
4271 7828
4272 7439
4273 27
4274 2750
4275 718
4276 4793
4277 2465
4278 7516
4279 6054
4280 5722
4281 1527
4282 7677
4283 5123
4284 1330
4285 4494
4286 3334
4287 6580
4288 59
4289 914
4290 2554
4291 7009
4292 7788
4293 4187
4294 4356
4295 4228
4296 482
4297 4918
4298 3393
4299 1657
4300 8059
4301 4956
4302 380
4303 6522
4304 1998
4305 3868
4306 6813
4307 4587
4308 4101
4309 2607
4310 8096
4311 5326
4312 4404
4313 5044
4314 8003
4315 6399
4316 6112
4317 4026
4318 802
4319 6775
4320 5227
4321 3942
4322 2439
4323 5116
4324 3441
4325 7406
4326 1719
4327 435
4328 5291
4329 2546
4330 6010
4331 4301
4332 1656
4333 967
4334 1162
4335 3026
4336 2830
4337 6536
4338 1511
4339 5768
4340 4224
4341 6341
4342 1781
4343 6579
4344 5589
4345 7008
4346 1080
4347 4645
4348 2065
4349 2777
4350 264
4351 7763
4352 5935
4353 6474
4354 832
4355 7811
4356 3264
4357 499
4358 306
4359 6374
4360 4762
4361 2630
4362 732
4363 2565
4364 4573
4365 7076
4366 7639
4367 537
4368 2312
4369 8092
4370 7506
4371 5168
4372 7868
4373 3648
4374 1844
4375 6319
4376 3482
4377 3796
4378 363
4379 6760
4380 5872
4381 4275
4382 4838
4383 3959
4384 4942
4385 2982
4386 5067
4387 86
4388 5272
4389 5781
4390 5377
4391 7916
4392 292
4393 5508
4394 3691
4395 765
4396 2423
4397 6950
4398 5728
4399 3341
4400 4232
4401 2701
4402 4312
4403 1120
4404 6200
4405 7566
4406 1468
4407 6335
4408 3553
4409 908
4410 7390
4411 3083
4412 2882
4413 4180
4414 7528
4415 2365
4416 4705
4417 7832
4418 5821
4419 2192
4420 6468
4421 4273
4422 2024
4423 8105
4424 1884
4425 1794
4426 5764
4427 6123
4428 1250
4429 3633
4430 7659
4431 8188
4432 7951
4433 2849
4434 4353
4435 5554
4436 1651
4437 2450
4438 2739
4439 5717
4440 6707
4441 3724
4442 6550
4443 7071
4444 2631
4445 7726
4446 3222
4447 4117
4448 6891
4449 2572
4450 325
4451 395
4452 5648
4453 1057
4454 4834
4455 5805
4456 8005
4457 282
4458 2674
4459 3256
4460 947
4461 8090
4462 2301
4463 1396
4464 7800
4465 3005
4466 7315
4467 5475
4468 6997
4469 2198
4470 171
4471 4514
4472 6349
4473 7616
4474 1143
4475 624
4476 4744
4477 1986
4478 2786
4479 1730
4480 6415
4481 669
4482 2335
4483 4433
4484 115
4485 5064
4486 748
4487 5404
4488 5318
4489 5815
4490 6814
4491 7132
4492 6613
4493 5002
4494 3262
4495 8040
4496 7540
4497 7085
4498 6498
4499 6888
4500 1458
4501 7701
4502 3410
4503 4812
4504 2265
4505 3937
4506 2194
4507 5100
4508 8184
4509 7911
4510 3347
4511 6102
4512 6553
4513 3662
4514 1642
4515 2976
4516 714
4517 2676
4518 3081
4519 1312
4520 4757
4521 3454
4522 1242
4523 3773
4524 6637
4525 3713
4526 2316
4527 5414
4528 1012
4529 8121
4530 338
4531 4038
4532 522
4533 7091
4534 1931
4535 4952
4536 7834
4537 1532
4538 5564
4539 2081
4540 7372
4541 4461
4542 2238
4543 2525
4544 2810
4545 3371
4546 7333
4547 228
4548 7595
4549 1774
4550 4844
4551 3277
4552 3529
4553 7126
4554 3457
4555 5725
4556 4226
4557 1433
4558 8015
4559 7735
4560 1010
4561 3878
4562 3987
4563 5792
4564 7464
4565 5155
4566 407
4567 5632
4568 7983
4569 8161
4570 4552
4571 719
4572 2898
4573 1275
4574 7837
4575 837
4576 5346
4577 4437
4578 4188
4579 2770
4580 6067
4581 4393
4582 7644
4583 1717
4584 7205
4585 2161
4586 2226
4587 603
4588 471
4589 3427
4590 7121
4591 6660
4592 4297
4593 5234
4594 2732
4595 3845
4596 2963
4597 6470
4598 3335
4599 4067
4600 6018
4601 8094
4602 3694
4603 5753
4604 509
4605 3540
4606 4811
4607 4636
4608 4728
4609 7079
4610 2583
4611 3270
4612 5639
4613 731
4614 1050
4615 5498
4616 7363
4617 6791
4618 351
4619 5354
4620 7864
4621 4165
4622 2497
4623 2693
4624 2307
4625 16
4626 3616
4627 7448
4628 1018
4629 5180
4630 7629
4631 1805
4632 1425
4633 617
4634 7805
4635 6326
4636 7202
4637 4380
4638 2236
4639 7688
4640 6877
4641 1921
4642 5245
4643 5439
4644 1509
4645 4444
4646 4820
4647 1299
4648 6453
4649 6546
4650 476
4651 764
4652 1988
4653 811
4654 6638
4655 7114
4656 1147
4657 5004
4658 1872
4659 6816
4660 3284
4661 5401
4662 4760
4663 6260
4664 4504
4665 550
4666 2587
4667 8147
4668 3045
4669 7384
4670 6685
4671 7770
4672 2881
4673 87
4674 2248
4675 3719
4676 2713
4677 2368
4678 3237
4679 7325
4680 5550
4681 1344
4682 1241
4683 3887
4684 3472
4685 2281
4686 7018
4687 4597
4688 8081
4689 1462
4690 7153
4691 1810
4692 4902
4693 6194
4694 6083
4695 6586
4696 4700
4697 371
4698 2548
4699 3686
4700 4318
4701 5413
4702 4485
4703 7855
4704 5144
4705 2783
4706 7992
4707 4658
4708 6846
4709 1962
4710 6704
4711 5772
4712 2401
4713 3606
4714 1421
4715 7730
4716 5974
4717 2731
4718 7046
4719 6923
4720 5210
4721 2048
4722 623
4723 2650
4724 1017
4725 4913
4726 2111
4727 2273
4728 7525
4729 907
4730 1271
4731 5014
4732 4761
4733 1485
4734 376
4735 5327
4736 1795
4737 3781
4738 3817
4739 6348
4740 269
4741 7650
4742 1600
4743 4233
4744 6390
4745 1307
4746 5374
4747 3696
4748 3077
4749 698
4750 3944
4751 3231
4752 4283
4753 5887
4754 24
4755 6122
4756 3032
4757 5931
4758 6718
4759 6052
4760 862
4761 4336
4762 4605
4763 2902
4764 3364
4765 5065
4766 2970
4767 1239
4768 4369
4769 2479
4770 3433
4771 5005
4772 3192
4773 332
4774 6659
4775 2169
4776 6327
4777 5630
4778 1170
4779 3618
4780 2340
4781 7861
4782 6511
4783 742
4784 5800
4785 4125
4786 4767
4787 3259
4788 7765
4789 3545
4790 3140
4791 6050
4792 4249
4793 7182
4794 7569
4795 3316
4796 5426
4797 4824
4798 1644
4799 6835
4800 2420
4801 7029
4802 4509
4803 5715
4804 7283
4805 5392
4806 2553
4807 1757
4808 1869
4809 5606
4810 1585
4811 1231
4812 936
4813 2116
4814 1125
4815 6983
4816 1424
4817 5007
4818 593
4819 6940
4820 6664
4821 3025
4822 2271
4823 2753
4824 3609
4825 794
4826 5916
4827 163
4828 5504
4829 95
4830 5846
4831 4771
4832 1549
4833 527
4834 7404
4835 2306
4836 6480
4837 390
4838 3785
4839 7742
4840 6885
4841 3697
4842 2073
4843 7541
4844 3844
4845 8181
4846 6265
4847 4208
4848 3497
4849 2136
4850 1708
4851 762
4852 1083
4853 6307
4854 3358
4855 6755
4856 5577
4857 8068
4858 1992
4859 278
4860 7161
4861 1277
4862 4155
4863 6436
4864 2227
4865 5175
4866 942
4867 2850
4868 7410
4869 4588
4870 2794
4871 4765
4872 40
4873 6189
4874 4448
4875 2600
4876 1180
4877 4702
4878 5289
4879 2180
4880 98
4881 1126
4882 608
4883 2901
4884 2967
4885 3036
4886 6034
4887 4401
4888 3117
4889 3923
4890 5428
4891 259
4892 1751
4893 5069
4894 8060
4895 1332
4896 5716
4897 4997
4898 5596
4899 5555
4900 441
4901 3747
4902 3396
4903 7243
4904 4604
4905 7151
4906 5373
4907 5240
4908 5461
4909 1005
4910 6740
4911 2379
4912 89
4913 6510
4914 4559
4915 2097
4916 5029
4917 5920
4918 7839
4919 5496
4920 1449
4921 2558
4922 4839
4923 1959
4924 7896
4925 6823
4926 6549
4927 6919
4928 3901
4929 4037
4930 7321
4931 1775
4932 30
4933 1142
4934 1178
4935 3793
4936 1616
4937 3946
4938 4368
4939 5579
4940 660
4941 3624
4942 5330
4943 1811
4944 3266
4945 881
4946 3576
4947 1552
4948 6168
4949 4919
4950 6340
4951 480
4952 3453
4953 3842
4954 5766
4955 7383
4956 3141
4957 3340
4958 6830
4959 7491
4960 4112
4961 1701
4962 1240
4963 3096
4964 6926
4965 5687
4966 6077
4967 6583
4968 1935
4969 104
4970 4408
4971 2055
4972 6544
4973 517
4974 5412
4975 6693
4976 1197
4977 941
4978 2827
4979 5218
4980 2989
4981 7227
4982 991
4983 5470
4984 3902
4985 4261
4986 5134
4987 5348
4988 3681
4989 7177
4990 4620
4991 8061
4992 1430
4993 2353
4994 7966
4995 6192
4996 3961
4997 6289
4998 2884
4999 3795
5000 7060
5001 7096
5002 1152
5003 2648
5004 1378
5005 5662
5006 7375
5007 7293
5008 682
5009 3260
5010 783
5011 127
5012 3603
5013 951
5014 6855
5015 3012
5016 3484
5017 2058
5018 6739
5019 3714
5020 7521
5021 3071
5022 247
5023 1704
5024 320
5025 5010
5026 716
5027 7444
5028 1946
5029 4212
5030 3137
5031 1557
5032 8159
5033 2126
5034 7478
5035 2242
5036 6011
5037 1000
5038 4594
5039 2162
5040 3862
5041 3292
5042 1807
5043 4668
5044 3443
5045 1224
5046 5163
5047 4167
5048 493
5049 845
5050 4803
5051 6243
5052 7833
5053 1508
5054 785
5055 6914
5056 4402
5057 6675
5058 5801
5059 1290
5060 4521
5061 7033
5062 2610
5063 2044
5064 4754
5065 6075
5066 4854
5067 5893
5068 1999
5069 5356
5070 7938
5071 461
5072 6469
5073 2325
5074 1459
5075 1065
5076 7876
5077 4565
5078 5636
5079 7590
5080 3950
5081 3821
5082 4214
5083 3853
5084 4600
5085 647
5086 5222
5087 8189
5088 1113
5089 5323
5090 4160
5091 2369
5092 5568
5093 6871
5094 4095
5095 6142
5096 2125
5097 5022
5098 5399
5099 4878
5100 6738
5101 3160
5102 4272
5103 6178
5104 1208
5105 7400
5106 6640
5107 2721
5108 4351
5109 3730
5110 976
5111 2444
5112 4397
5113 5754
5114 7533
5115 5150
5116 150
5117 6585
5118 7214
5119 7612
5120 7979
5121 2221
5122 8098
5123 5309
5124 4313
5125 1602
5126 5581
5127 3305
5128 5238
5129 5879
5130 6292
5131 796
5132 3124
5133 3984
5134 2865
5135 4215
5136 6195
5137 8180
5138 1431
5139 8031
5140 3808
5141 2183
5142 75
5143 7654
5144 4989
5145 6991
5146 4890
5147 2620
5148 5726
5149 3179
5150 744
5151 6525
5152 5967
5153 4124
5154 3881
5155 182
5156 6412
5157 6572
5158 2722
5159 877
5160 5569
5161 2568
5162 1287
5163 3735
5164 528
5165 1237
5166 6788
5167 6689
5168 8114
5169 7486
5170 5118
5171 2415
5172 3100
5173 1575
5174 6315
5175 3491
5176 4302
5177 6053
5178 4720
5179 2257
5180 1473
5181 2225
5182 1042
5183 4800
5184 1161
5185 6963
5186 6181
5187 4028
5188 1607
5189 8025
5190 4752
5191 686
5192 2956
5193 1324
5194 3320
5195 5988
5196 3572
5197 3685
5198 5631
5199 7560
5200 2036
5201 7300
5202 7332
5203 5896
5204 2813
5205 2874
5206 4099
5207 6246
5208 7716
5209 2642
5210 1765
5211 5684
5212 3210
5213 391
5214 613
5215 4465
5216 1398
5217 2091
5218 6427
5219 6037
5220 4021
5221 8156
5222 3879
5223 3737
5224 4545
5225 1861
5226 6915
5227 5597
5228 1115
5229 484
5230 2567
5231 2163
5232 131
5233 2370
5234 6459
5235 7442
5236 4179
5237 5351
5238 5822
5239 3121
5240 5402
5241 6365
5242 3010
5243 899
5244 6719
5245 3528
5246 6570
5247 3918
5248 1063
5249 5081
5250 388
5251 3070
5252 1606
5253 7221
5254 643
5255 96
5256 1662
5257 7667
5258 5765
5259 8065
5260 6917
5261 8122
5262 7288
5263 4018
5264 4411
5265 4139
5266 688
5267 1194
5268 3158
5269 1480
5270 2399
5271 4945
5272 2231
5273 5667
5274 7490
5275 2755
5276 6431
5277 819
5278 1515
5279 298
5280 2435
5281 4846
5282 2008
5283 7368
5284 2362
5285 6016
5286 4904
5287 3102
5288 7939
5289 181
5290 3765
5291 636
5292 7534
5293 5433
5294 413
5295 3571
5296 1150
5297 3276
5298 5542
5299 1641
5300 782
5301 483
5302 1086
5303 5153
5304 987
5305 3228
5306 4740
5307 5946
5308 7795
5309 6502
5310 2617
5311 1374
5312 8139
5313 7433
5314 7492
5315 4995
5316 2992
5317 6351
5318 8051
5319 1408
5320 2936
5321 4802
5322 2885
5323 1594
5324 3983
5325 6065
5326 4173
5327 5382
5328 2421
5329 3562
5330 2149
5331 3099
5332 6848
5333 5573
5334 4015
5335 377
5336 7110
5337 4662
5338 1979
5339 6706
5340 7575
5341 1639
5342 2666
5343 7352
5344 7607
5345 1842
5346 7224
5347 1936
5348 5056
5349 178
5350 8071
5351 8001
5352 6789
5353 6507
5354 5528
5355 610
5356 928
5357 3035
5358 4385
5359 882
5360 2206
5361 7055
5362 5899
5363 3980
5364 1394
5365 2749
5366 434
5367 1121
5368 4768
5369 6097
5370 6566
5371 2514
5372 2441
5373 4159
5374 1643
5375 3890
5376 2900
5377 6038
5378 6932
5379 567
5380 4870
5381 7244
5382 3767
5383 4075
5384 6705
5385 3068
5386 7391
5387 5958
5388 5572
5389 7583
5390 1167
5391 3365
5392 6601
5393 3263
5394 6825
5395 257
5396 6633
5397 2698
5398 2960
5399 2072
5400 4954
5401 3106
5402 4656
5403 2278
5404 7956
5405 6236
5406 2638
5407 717
5408 1420
5409 7193
5410 6770
5411 7821
5412 6861
5413 3708
5414 7322
5415 6503
5416 3426
5417 7025
5418 6321
5419 4258
5420 6946
5421 3898
5422 3581
5423 3181
5424 7514
5425 1880
5426 3149
5427 3949
5428 5443
5429 3376
5430 1070
5431 4150
5432 417
5433 2706
5434 812
5435 6978
5436 6199
5437 8097
5438 74
5439 2327
5440 6263
5441 1038
5442 3777
5443 243
5444 283
5445 3623
5446 5831
5447 4061
5448 4292
5449 7854
5450 204
5451 3481
5452 2941
5453 998
5454 3013
5455 3287
5456 7454
5457 560
5458 4567
5459 6882
5460 1236
5461 370
5462 4971
5463 1952
5464 1563
5465 3739
5466 3682
5467 7075
5468 3928
5469 7028
5470 3567
5471 10
5472 5669
5473 7245
5474 2133
5475 6126
5476 4471
5477 4003
5478 1187
5479 6483
5480 4386
5481 7588
5482 7520
5483 2891
5484 1289
5485 198
5486 1659
5487 6802
5488 5194
5489 3127
5490 303
5491 6229
5492 2699
5493 5446
5494 3870
5495 813
5496 3048
5497 2614
5498 540
5499 3520
5500 261
5501 109
5502 156
5503 6039
5504 4887
5505 6683
5506 3485
5507 5078
5508 2396
5509 1596
5510 6649
5511 1691
5512 3690
5513 2570
5514 2815
5515 70
5516 1159
5517 4366
5518 1301
5519 7088
5520 7719
5521 2481
5522 5480
5523 6214
5524 7779
5525 5314
5526 1971
5527 6907
5528 3295
5529 4001
5530 3931
5531 507
5532 4542
5533 3642
5534 7825
5535 141
5536 1923
5537 6797
5538 5372
5539 5685
5540 2521
5541 5876
5542 4234
5543 7294
5544 6663
5545 5214
5546 5525
5547 4979
5548 6537
5549 1853
5550 7382
5551 3744
5552 7948
5553 7663
5554 7547
5555 82
5556 834
5557 3600
5558 6870
5559 1044
5560 2066
5561 2274
5562 6298
5563 7773
5564 2437
5565 187
5566 5737
5567 4937
5568 520
5569 2728
5570 4673
5571 746
5572 2571
5573 3791
5574 6790
5575 7836
5576 1499
5577 1186
5578 6073
5579 4041
5580 1981
5581 3405
5582 1859
5583 4973
5584 5101
5585 4841
5586 5676
5587 3477
5588 1823
5589 1655
5590 8066
5591 2818
5592 7874
5593 2983
5594 6909
5595 2176
5596 3363
5597 7337
5598 4606
5599 5308
5600 3143
5601 3573
5602 6690
5603 7980
5604 7674
5605 3051
5606 8191
5607 958
5608 7169
5609 774
5610 8146
5611 3314
5612 739
5613 3905
5614 7115
5615 4474
5616 5882
5617 3702
5618 194
5619 5688
5620 5440
5621 552
5622 3641
5623 1327
5624 6043
5625 4198
5626 1254
5627 6749
5628 7466
5629 7057
5630 350
5631 4766
5632 4714
5633 4584
5634 2686
5635 4413
5636 2537
5637 6254
5638 424
5639 1534
5640 6881
5641 3736
5642 1160
5643 6386
5644 7395
5645 4659
5646 5385
5647 4519
5648 1046
5649 3293
5650 1919
5651 666
5652 6574
5653 4325
5654 8017
5655 2200
5656 5925
5657 7736
5658 3199
5659 1441
5660 3122
5661 2268
5662 829
5663 1243
5664 2034
5665 5978
5666 3701
5667 5890
5668 3054
5669 2366
5670 5689
5671 2986
5672 2618
5673 1675
5674 1185
5675 46
5676 4781
5677 2879
5678 2718
5679 2109
5680 8070
5681 1140
5682 463
5683 4394
5684 706
5685 5570
5686 3448
5687 1728
5688 542
5689 4944
5690 1523
5691 2582
5692 1561
5693 7620
5694 4128
5695 1034
5696 6698
5697 3342
5698 3706
5699 7024
5700 2840
5701 5319
5702 7953
5703 888
5704 4014
5705 4548
5706 4092
5707 20
5708 6985
5709 3786
5710 1212
5711 5735
5712 7453
5713 8112
5714 6203
5715 7584
5716 5450
5717 3390
5718 6376
5719 4842
5720 2190
5721 7268
5722 5562
5723 693
5724 3493
5725 3907
5726 6916
5727 7703
5728 5079
5729 5926
5730 600
5731 6746
5732 6564
5733 2670
5734 5355
5735 7978
5736 3101
5737 4296
5738 5682
5739 436
5740 7127
5741 1910
5742 5295
5743 12
5744 2100
5745 1211
5746 7631
5747 3596
5748 133
5749 6107
5750 6987
5751 326
5752 6027
5753 3871
5754 8110
5755 2996
5756 708
5757 4990
5758 2059
5759 5595
5760 3723
5761 7489
5762 4686
5763 5035
5764 7045
5765 2170
5766 7728
5767 246
5768 4635
5769 7596
5770 4027
5771 7175
5772 191
5773 5734
5774 6863
5775 2601
5776 1055
5777 4580
5778 5847
5779 992
5780 7111
5781 4537
5782 6501
5783 6395
5784 7838
5785 4145
5786 1322
5787 831
5788 4417
5789 2863
5790 3251
5791 344
5792 6092
5793 1663
5794 2673
5795 4853
5796 7021
5797 5548
5798 7550
5799 3052
5800 3095
5801 3486
5802 474
5803 7511
5804 4743
5805 5488
5806 6212
5807 5052
5808 3925
5809 6261
5810 149
5811 4603
5812 2780
5813 7707
5814 7374
5815 1053
5816 58
5817 3523
5818 6873
5819 1345
5820 270
5821 4711
5822 3308
5823 6672
5824 4497
5825 1622
5826 7600
5827 2228
5828 2502
5829 4821
5830 2159
5831 3001
5832 2817
5833 2748
5834 5006
5835 2896
5836 1780
5837 8069
5838 4895
5839 481
5840 5276
5841 4405
5842 5615
5843 1386
5844 3856
5845 5739
5846 6121
5847 7512
5848 6773
5849 7039
5850 2309
5851 4927
5852 7714
5853 7135
5854 586
5855 4672
5856 1102
5857 1281
5858 2357
5859 6506
5860 4321
5861 8104
5862 5062
5863 798
5864 6668
5865 4723
5866 6366
5867 906
5868 6558
5869 5523
5870 8143
5871 2724
5872 514
5873 7361
5874 6935
5875 1413
5876 5209
5877 1487
5878 2959
5879 2579
5880 4807
5881 3450
5882 3988
5883 5610
5884 7671
5885 3291
5886 2319
5887 3494
5888 5889
5889 7826
5890 1119
5891 979
5892 7100
5893 4072
5894 4327
5895 6201
5896 1845
5897 5131
5898 5665
5899 4631
5900 6538
5901 3157
5902 1338
5903 3565
5904 2237
5905 3954
5906 2080
5907 1762
5908 4419
5909 7599
5910 758
5911 5484
5912 5838
5913 1689
5914 5057
5915 4898
5916 2656
5917 5397
5918 5786
5919 6408
5920 5585
5921 7497
5922 5962
5923 6920
5924 193
5925 3467
5926 8169
5927 6283
5928 7792
5929 3632
5930 1848
5931 6155
5932 3688
5933 7040
5934 4244
5935 6869
5936 4791
5937 531
5938 931
5939 5651
5940 3354
5941 4427
5942 6444
5943 3134
5944 2934
5945 439
5946 3424
5947 4093
5948 7203
5949 3599
5950 6772
5951 5294
5952 6651
5953 982
5954 2535
5955 8117
5956 6535
5957 4209
5958 6999
5959 5609
5960 2626
5961 6226
5962 4140
5963 2463
5964 1975
5965 890
5966 3188
5967 3050
5968 3651
5969 6934
5970 2344
5971 6569
5972 1262
5973 1814
5974 671
5975 2295
5976 1313
5977 3360
5978 6812
5979 7405
5980 1934
5981 5923
5982 7589
5983 3741
5984 7816
5985 7056
5986 201
5987 47
5988 6159
5989 5345
5990 1647
5991 2738
5992 7102
5993 5980
5994 1851
5995 7467
5996 2925
5997 1777
5998 5301
5999 7149
6000 6767
6001 7651
6002 7918
6003 6354
6004 2067
6005 1217
6006 6423
6007 2219
6008 5205
6009 3577
6010 2603
6011 2185
6012 6125
6013 5620
6014 6221
6015 5516
6016 444
6017 918
6018 3692
6019 7417
6020 2428
6021 2022
6022 3645
6023 290
6024 369
6025 1111
6026 6702
6027 7777
6028 7305
6029 6457
6030 234
6031 4508
6032 2279
6033 7098
6034 650
6035 8035
6036 3191
6037 5335
6038 5258
6039 1978
6040 8107
6041 1906
6042 1154
6043 3612
6044 6028
6045 878
6046 3883
6047 2677
6048 5634
6049 440
6050 3254
6051 6174
6052 1215
6053 7670
6054 2453
6055 4875
6056 169
6057 2875
6058 2243
6059 5017
6060 1578
6061 2584
6062 2645
6063 2383
6064 6990
6065 489
6066 2821
6067 771
6068 6389
6069 5539
6070 6087
6071 4225
6072 5375
6073 689
6074 8049
6075 7634
6076 1326
6077 4706
6078 5731
6079 5857
6080 6448
6081 4671
6082 7208
6083 4596
6084 6500
6085 6309
6086 1754
6087 1166
6088 5257
6089 4421
6090 2682
6091 6014
6092 3657
6093 1945
6094 839
6095 1681
6096 203
6097 3476
6098 1584
6099 421
6100 2888
6101 4877
6102 7577
6103 7065
6104 5671
6105 7266
6106 17
6107 3732
6108 3857
6109 460
6110 6850
6111 6364
6112 2002
6113 8021
6114 4236
6115 4517
6116 3131
6117 1006
6118 4917
6119 1355
6120 6455
6121 885
6122 7144
6123 6005
6124 7215
6125 7460
6126 8145
6127 2623
6128 4079
6129 6652
6130 3539
6131 3994
6132 7949
6133 5430
6134 3028
6135 7112
6136 1067
6137 5221
6138 4746
6139 6599
6140 6982
6141 7385
6142 4271
6143 2809
6144 5042
6145 7652
6146 76
6147 2267
6148 7849
6149 817
6150 1191
6151 3597
6152 4127
6153 173
6154 5167
6155 2678
6156 7270
6157 2359
6158 7906
6159 3346
6160 6418
6161 940
6162 4712
6163 2471
6164 4932
6165 4196
6166 4357
6167 6774
6168 2151
6169 5312
6170 1112
6171 1582
6172 111
6173 5349
6174 2303
6175 5236
6176 5515
6177 1700
6178 568
6179 1027
6180 6032
6181 8054
6182 1381
6183 4045
6184 6115
6185 8006
6186 7413
6187 4281
6188 4637
6189 488
6190 5050
6191 348
6192 2887
6193 927
6194 663
6195 1542
6196 7002
6197 8095
6198 7573
6199 7348
6200 6275
6201 7865
6202 3471
6203 4431
6204 710
6205 2247
6206 3395
6207 5839
6208 1603
6209 4206
6210 3049
6211 6801
6212 4925
6213 580
6214 2958
6215 1969
6216 5230
6217 4732
6218 8045
6219 2605
6220 5095
6221 5686
6222 5147
6223 4066
6224 7968
6225 2509
6226 1293
6227 4472
6228 7165
6229 1673
6230 3932
6231 213
6232 4669
6233 3439
6234 3855
6235 6670
6236 1908
6237 6099
6238 7656
6239 3125
6240 1725
6241 7416
6242 2172
6243 2431
6244 6213
6245 5955
6246 7101
6247 4900
6248 4590
6249 7886
6250 6015
6251 1510
6252 2975
6253 2611
6254 1982
6255 3219
6256 1621
6257 2928
6258 3399
6259 4146
6260 2528
6261 960
6262 4252
6263 3038
6264 6273
6265 3495
6266 4530
6267 4696
6268 4415
6269 4493
6270 7377
6271 3809
6272 4868
6273 5197
6274 7330
6275 8149
6276 2070
6277 2835
6278 6161
6279 223
6280 3162
6281 2346
6282 6627
6283 3771
6284 6411
6285 3684
6286 4454
6287 4610
6288 6849
6289 618
6290 2489
6291 2260
6292 2984
6293 804
6294 2940
6295 3550
6296 3726
6297 1749
6298 1605
6299 5013
6300 414
6301 2581
6302 4311
6303 7431
6304 5917
6305 5105
6306 1283
6307 3470
6308 6992
6309 8144
6310 3920
6311 7529
6312 6232
6313 4957
6314 5866
6315 6353
6316 579
6317 5647
6318 4908
6319 2199
6320 6769
6321 6588
6322 3964
6323 7725
6324 6432
6325 5271
6326 3677
6327 5432
6328 2056
6329 3220
6330 3286
6331 6629
6332 1835
6333 824
6334 4247
6335 8078
6336 5990
6337 1571
6338 7580
6339 3075
6340 4796
6341 1974
6342 5706
6343 1269
6344 4087
6345 2512
6346 6165
6347 4176
6348 4532
6349 69
6350 5875
6351 4362
6352 953
6353 1404
6354 1750
6355 5575
6356 2781
6357 1705
6358 7844
6359 7180
6360 5479
6361 2120
6362 7706
6363 7274
6364 2715
6365 5157
6366 6024
6367 6859
6368 280
6369 6945
6370 6600
6371 6317
6372 6697
6373 2602
6374 6230
6375 7904
6376 6989
6377 3740
6378 1572
6379 6754
6380 7810
6381 5107
6382 4324
6383 4527
6384 4697
6385 3294
6386 4470
6387 1348
6388 3195
6389 2389
6390 342
6391 7035
6392 6490
6393 5060
6394 3926
6395 5798
6396 4801
6397 814
6398 6800
6399 8168
6400 6145
6401 3144
6402 1221
6403 5641
6404 401
6405 4660
6406 1839
6407 1925
6408 7255
6409 6889
6410 1702
6411 6616
6412 5511
6413 8108
6414 1452
6415 51
6416 3834
6417 7125
6418 6379
6419 7496
6420 4707
6421 6430
6422 470
6423 1291
6424 4467
6425 3356
6426 2907
6427 4166
6428 8000
6429 1002
6430 7822
6431 4950
6432 5111
6433 4544
6434 3300
6435 7928
6436 2681
6437 2193
6438 426
6439 6328
6440 5269
6441 6042
6442 2507
6443 5421
6444 1672
6445 3201
6446 7754
6447 1379
6448 1954
6449 1901
6450 8037
6451 5842
6452 7331
6453 6783
6454 3061
6455 6372
6456 1713
6457 6477
6458 2390
6459 4306
6460 6433
6461 6257
6462 1342
6463 2938
6464 6220
6465 4151
6466 158
6467 4555
6468 6541
6469 2632
6470 3917
6471 869
6472 7690
6473 7364
6474 5281
6475 7401
6476 6646
6477 5350
6478 190
6479 3865
6480 7960
6481 8135
6482 4886
6483 5093
6484 272
6485 3512
6486 4004
6487 4108
6488 1926
6489 6338
6490 986
6491 7183
6492 5559
6493 6581
6494 2083
6495 4322
6496 4976
6497 400
6498 1118
6499 222
6500 2361
6501 3027
6502 4434
6503 3833
6504 2791
6505 6414
6506 5949
6507 3093
6508 5904
6509 1205
6510 2210
6511 4640
6512 49
6513 1403
6514 1591
6515 1294
6516 6741
6517 8018
6518 2685
6519 7216
6520 175
6521 3551
6522 5599
6523 3720
6524 6452
6525 126
6526 4872
6527 5861
6528 5220
6529 7546
6530 2924
6531 2577
6532 6110
6533 6147
6534 4446
6535 848
6536 5441
6537 7070
6538 3330
6539 3640
6540 2173
6541 7373
6542 8111
6543 6701
6544 513
6545 1840
6546 2030
6547 4304
6548 4570
6549 3097
6550 684
6551 797
6552 5360
6553 1148
6554 3442
6555 3903
6556 3548
6557 4827
6558 6235
6559 7852
6560 2859
6561 4688
6562 216
6563 4009
6564 6357
6565 2077
6566 5003
6567 7982
6568 2230
6569 3183
6570 2131
6571 1305
6572 5189
6573 37
6574 1696
6575 2918
6576 6695
6577 750
6578 6291
6579 1772
6580 2467
6581 4316
6582 3656
6583 786
6584 7037
6585 5536
6586 2179
6587 7378
6588 5704
6589 4184
6590 5476
6591 121
6592 6751
6593 4466
6594 8082
6595 3716
6596 442
6597 1513
6598 1164
6599 3328
6600 2704
6601 8170
6602 2654
6603 5814
6604 4866
6605 5771
6606 1554
6607 6993
6608 3503
6609 4589
6610 1101
6611 637
6612 2957
6613 3419
6614 334
6615 7257
6616 3666
6617 2788
6618 5219
6619 2921
6620 1716
6621 4735
6622 1013
6623 6461
6624 7328
6625 7158
6626 7380
6627 195
6628 4268
6629 7608
6630 3990
6631 4331
6632 6004
6633 3595
6634 726
6635 7662
6636 7095
6637 7863
6638 1144
6639 5267
6640 4076
6641 5114
6642 6853
6643 3041
6644 1637
6645 6242
6646 2212
6647 2955
6648 57
6649 8067
6650 5862
6651 665
6652 5970
6653 564
6654 957
6655 2539
6656 6815
6657 496
6658 5328
6659 2482
6660 6154
6661 1769
6662 7962
6663 221
6664 5444
6665 5628
6666 4535
6667 3302
6668 308
6669 6898
6670 5895
6671 5930
6672 4068
6673 7342
6674 743
6675 2299
6676 627
6677 4282
6678 1244
6679 4749
6680 7468
6681 4619
6682 2405
6683 373
6684 6096
6685 3245
6686 2825
6687 1117
6688 3460
6689 2747
6690 3832
6691 6288
6692 6182
6693 1645
6694 6828
6695 5120
6696 62
6697 1494
6698 968
6699 1791
6700 779
6701 7680
6702 7785
6703 7012
6704 3594
6705 852
6706 6776
6707 7752
6708 897
6709 6401
6710 207
6711 5509
6712 5650
6713 1987
6714 5061
6715 2680
6716 3208
6717 5408
6718 3387
6719 2625
6720 680
6721 287
6722 4132
6723 3546
6724 6443
6725 4186
6726 3678
6727 2054
6728 4043
6729 3848
6730 5795
6731 2592
6732 1537
6733 6824
6734 6548
6735 3916
6736 4334
6737 6314
6738 459
6739 1902
6740 8183
6741 5458
6742 4871
6743 3880
6744 2532
6745 2734
6746 2253
6747 7157
6748 8150
6749 6715
6750 1087
6751 2298
6752 6169
6753 227
6754 7578
6755 6669
6756 3074
6757 3313
6758 7510
6759 7064
6760 5285
6761 6463
6762 2974
6763 5334
6764 7001
6765 1802
6766 3729
6767 2828
6768 3592
6769 1200
6770 4556
6771 3922
6772 1037
6773 5518
6774 6619
6775 5391
6776 4237
6777 26
6778 5117
6779 1852
6780 1438
6781 506
6782 1676
6783 6003
6784 112
6785 6186
6786 6136
6787 7173
6788 7907
6789 578
6790 6720
6791 5076
6792 7543
6793 5905
6794 5778
6795 5820
6796 6311
6797 2703
6798 6942
6799 821
6800 541
6801 3261
6802 6531
6803 2994
6804 2184
6805 3927
6806 7059
6807 8127
6808 2515
6809 1956
6810 5745
6811 7481
6812 1094
6813 984
6814 4988
6815 5540
6816 1778
6817 3211
6818 68
6819 3163
6820 2667
6821 2103
6822 4814
6823 1837
6824 4251
6825 33
6826 5215
6827 630
6828 7931
6829 8058
6830 5490
6831 3378
6832 4921
6833 296
6834 1028
6835 7995
6836 6838
6837 3112
6838 3243
6839 7077
6840 2289
6841 251
6842 1735
6843 2483
6844 7891
6845 5607
6846 6759
6847 2239
6848 6948
6849 6120
6850 6278
6851 4525
6852 2186
6853 4962
6854 3437
6855 6678
6856 3900
6857 4263
6858 18
6859 2619
6860 2531
6861 5966
6862 8177
6863 1351
6864 174
6865 788
6866 985
6867 7494
6868 5646
6869 2792
6870 4332
6871 7423
6872 1219
6873 1314
6874 7199
6875 1405
6876 3021
6877 4780
6878 2000
6879 6792
6880 5775
6881 3860
6882 7860
6883 2402
6884 887
6885 1598
6886 5083
6887 546
6888 4978
6889 1497
6890 7537
6891 2032
6892 3289
6893 2165
6894 6555
6895 4585
6896 4907
6897 7648
6898 242
6899 2552
6900 2315
6901 415
6902 5207
6903 2981
6904 7942
6905 4033
6906 5936
6907 2736
6908 3168
6909 3814
6910 4246
6911 7120
6912 8043
6913 1015
6914 2871
6915 7686
6916 2398
6917 3635
6918 3936
6919 186
6920 5162
6921 2823
6922 7509
6923 3872
6924 7276
6925 7835
6926 7435
6927 5757
6928 447
6929 2005
6930 8007
6931 2217
6932 2624
6933 4392
6934 1295
6935 3492
6936 319
6937 2318
6938 7903
6939 4934
6940 7973
6941 497
6942 2447
6943 2496
6944 2564
6945 4260
6946 6943
6947 1753
6948 3807
6949 1446
6950 3622
6951 4020
6952 7711
6953 6603
6954 2824
6955 7350
6956 2935
6957 6008
6958 1491
6959 3345
6960 4663
6961 5008
6962 6091
6963 5584
6964 1898
6965 4111
6966 6323
6967 457
6968 2057
6969 2737
6970 4617
6971 759
6972 8148
6973 1036
6974 4298
6975 6451
6976 5469
6977 7036
6978 572
6979 3172
6980 2588
6981 5229
6982 7483
6983 6245
6984 3225
6985 3921
6986 2308
6987 4860
6988 3135
6989 3510
6990 3825
6991 2889
6992 6657
6993 7273
6994 7386
6995 7615
6996 5292
6997 5503
6998 7570
6999 2846
7000 4359
7001 5645
7002 6924
7003 7857
7004 8080
7005 3586
7006 2660
7007 1047
7008 6809
7009 4071
7010 5546
7011 1860
7012 591
7013 4279
7014 6437
7015 2047
7016 3233
7017 1463
7018 5361
7019 3473
7020 971
7021 41
7022 2613
7023 6344
7024 4113
7025 6129
7026 324
7027 2434
7028 134
7029 1526
7030 1223
7031 6763
7032 8162
7033 6216
7034 5784
7035 2954
7036 4873
7037 6624
7038 5119
7039 6255
7040 3003
7041 78
7042 7882
7043 7178
7044 2092
7045 7419
7046 6967
7047 6456
7048 8101
7049 2767
7050 2646
7051 7598
7052 996
7053 3063
7054 4195
7055 2020
7056 1686
7057 3273
7058 6061
7059 3613
7060 3436
7061 3815
7062 1407
7063 32
7064 5325
7065 3310
7066 3403
7067 4633
7068 4458
7069 1883
7070 6420
7071 6867
7072 2417
7073 803
7074 2168
7075 2234
7076 5501
7077 1311
7078 5448
7079 1105
7080 1158
7081 7201
7082 230
7083 7522
7084 3734
7085 6020
7086 7275
7087 5088
7088 1206
7089 6639
7090 2520
7091 307
7092 3489
7093 4667
7094 5547
7095 523
7096 1400
7097 5626
7098 4717
7099 3652
7100 561
7101 7015
7102 4955
7103 6971
7104 1960
7105 5732
7106 5280
7107 36
7108 1747
7109 738
7110 6484
7111 1082
7112 2829
7113 6360
7114 5791
7115 3274
7116 7174
7117 1026
7118 4103
7119 5481
7120 7309
7121 1276
7122 6058
7123 7877
7124 4352
7125 6872
7126 3148
7127 2154
7128 5902
7129 1365
7130 5699
7131 2354
7132 94
7133 4477
7134 2534
7135 2895
7136 2684
7137 7954
7138 2051
7139 646
7140 1467
7141 4143
7142 6422
7143 4770
7144 5863
7145 3895
7146 7237
7147 5744
7148 8034
7149 588
7150 1333
7151 6805
7152 1528
7153 5811
7154 806
7155 939
7156 7450
7157 2973
7158 153
7159 5370
7160 4309
7161 3301
7162 7038
7163 1033
7164 3164
7165 1843
7166 1758
7167 7191
7168 3490
7169 4547
7170 2400
7171 1904
7172 263
7173 3748
7174 1428
7175 6910
7176 4506
7177 6359
7178 1234
7179 2816
7180 5643
7181 1183
7182 6076
7183 4100
7184 6152
7185 491
7186 861
7187 6300
7188 6714
7189 5533
7190 6198
7191 1502
7192 1950
7193 2503
7194 570
7195 4939
7196 3327
7197 4384
7198 6641
7199 2919
7200 84
7201 2071
7202 2683
7203 144
7204 4453
7205 1335
7206 5293
7207 318
7208 219
7209 5598
7210 1610
7211 3007
7212 3281
7213 6841
7214 932
7215 2290
7216 7156
7217 5452
7218 1064
7219 4693
7220 7031
7221 7768
7222 1776
7223 751
7224 3249
7225 6913
7226 841
7227 274
7228 6251
7229 5051
7230 5729
7231 3963
7232 4370
7233 5674
7234 1737
7235 4615
7236 3165
7237 6745
7238 6520
7239 2932
7240 7485
7241 3431
7242 1029
7243 3204
7244 4561
7245 5495
7246 6833
7247 5994
7248 1434
7249 6167
7250 1329
7251 7220
7252 6471
7253 3552
7254 1098
7255 6108
7256 4213
7257 3118
7258 3819
7259 4903
7260 5934
7261 5407
7262 3749
7263 2622
7264 2286
7265 1539
7266 7129
7267 1130
7268 6893
7269 2082
7270 1474
7271 4809
7272 2869
7273 143
7274 3483
7275 3017
7276 2328
7277 4245
7278 5790
7279 1620
7280 4719
7281 7304
7282 7967
7283 5833
7284 3420
7285 4569
7286 7576
7287 7225
7288 6467
7289 5593
7290 3060
7291 4051
7292 5991
7293 673
7294 4285
7295 7819
7296 5642
7297 7409
7298 2254
7299 220
7300 1418
7301 7621
7302 2118
7303 6631
7304 1286
7305 2006
7306 1177
7307 2538
7308 736
7309 8163
7310 4181
7311 1214
7312 3129
7313 445
7314 2671
7315 4424
7316 1808
7317 2854
7318 7691
7319 5390
7320 5824
7321 7041
7322 4346
7323 3207
7324 25
7325 7476
7326 3710
7327 4024
7328 4463
7329 5652
7330 1741
7331 6960
7332 4141
7333 6281
7334 1465
7335 519
7336 6163
7337 4581
7338 7253
7339 5494
7340 5184
7341 2752
7342 7619
7343 6462
7344 2590
7345 4499
7346 3978
7347 3369
7348 4843
7349 4914
7350 2311
7351 6094
7352 1104
7353 7312
7354 3591
7355 6041
7356 273
7357 6787
7358 6688
7359 2458
7360 3647
7361 5912
7362 2045
7363 6223
7364 3033
7365 4349
7366 4759
7367 7749
7368 2977
7369 5843
7370 2927
7371 6140
7372 5678
7373 3824
7374 8056
7375 6648
7376 7812
7377 3203
7378 2596
7379 6375
7380 1938
7381 5544
7382 7526
7383 91
7384 2259
7385 3970
7386 4716
7387 6428
7388 4299
7389 2697
7390 6977
7391 3348
7392 5637
7393 6095
7394 2106
7395 6293
7396 1550
7397 2873
7398 5992
7399 1068
7400 4185
7401 7647
7402 2031
7403 609
7404 7280
7405 5442
7406 466
7407 8178
7408 5009
7409 5777
7410 902
7411 1440
7412 3558
7413 6562
7414 2990
7415 4106
7416 7195
7417 1849
7418 7424
7419 5844
7420 8087
7421 5901
7422 2196
7423 114
7424 1306
7425 1947
7426 7738
7427 3401
7428 2930
7429 3884
7430 2422
7431 6267
7432 5054
7433 1736
7434 5560
7435 4792
7436 4191
7437 4857
7438 5416
7439 7592
7440 1504
7441 6622
7442 5984
7443 7150
7444 4624
7445 1007
7446 5938
7447 2501
7448 7198
7449 597
7450 883
7451 4102
7452 8167
7453 4710
7454 2233
7455 2026
7456 7369
7457 5198
7458 5623
7459 1617
7460 6573
7461 4893
7462 2594
7463 2461
7464 4354
7465 529
7466 1871
7467 5848
7468 7970
7469 6508
7470 6151
7471 4217
7472 6259
7473 2076
7474 122
7475 4031
7476 1521
7477 1175
7478 4674
7479 6434
7480 4500
7481 6777
7482 7414
7483 5447
7484 6734
7485 4152
7486 4070
7487 913
7488 7194
7489 7335
7490 5517
7491 4959
7492 3863
7493 2774
7494 3644
7495 858
7496 6594
7497 4426
7498 7301
7499 5224
7500 382
7501 422
7502 4758
7503 6149
7504 5393
7505 6080
7506 1948
7507 5898
7508 2634
7509 7869
7510 7142
7511 2270
7512 55
7513 4010
7514 7757
7515 532
7516 1518
7517 162
7518 7958
7519 5759
7520 6551
7521 1743
7522 7042
7523 5985
7524 2595
7525 2027
7526 7108
7527 7627
7528 7693
7529 3755
7530 859
7531 5456
7532 805
7533 4364
7534 5337
7535 7452
7536 4270
7537 5204
7538 2995
7539 1008
7540 3502
7541 2331
7542 4677
7543 1793
7544 3463
7545 4073
7546 433
7547 8136
7548 4883
7549 1390
7550 4110
7551 5721
7552 4928
7553 2764
7554 5868
7555 2137
7556 2912
7557 7355
7558 5256
7559 7159
7560 901
7561 959
7562 5673
7563 1733
7564 2725
7565 7561
7566 5977
7567 1429
7568 3975
7569 205
7570 7412
7571 5522
7572 4157
7573 6947
7574 5025
7575 2275
7576 3804
7577 581
7578 1812
7579 7006
7580 3133
7581 5352
7582 6717
7583 1961
7584 1383
7585 3352
7586 7488
7587 3412
7588 4553
7589 4798
7590 3288
7591 795
7592 4231
7593 723
7594 4118
7595 1994
7596 4452
7597 2085
7598 4383
7599 6819
7600 3985
7601 7710
7602 1630
7603 6208
7604 6139
7605 676
7606 386
7607 4416
7608 473
7609 336
7610 4495
7611 3449
7612 7118
7613 4169
7614 102
7615 6590
7616 8164
7617 1739
7618 1328
7619 3940
7620 2377
7621 2790
7622 5415
7623 7934
7624 2241
7625 2655
7626 6450
7627 3838
7628 6890
7629 7866
7630 4030
7631 7154
7632 4897
7633 2943
7634 2586
7635 1179
7636 5829
7637 3776
7638 4129
7639 7760
7640 2014
7641 2492
7642 4949
7643 7900
7644 892
7645 6964
7646 5928
7647 8102
7648 1924
7649 7236
7650 938
7651 5603
7652 1790
7653 6007
7654 974
7655 7641
7656 3517
7657 103
7658 5696
7659 3554
7660 3024
7661 5387
7662 4274
7663 584
7664 5563
7665 2409
7666 1505
7667 2288
7668 8158
7669 6488
7670 7311
7671 5859
7672 6808
7673 7166
7674 1892
7675 6272
7676 7421
7677 3628
7678 534
7679 2544
7680 5769
7681 7133
7682 7523
7683 60
7684 1216
7685 5161
7686 2491
7687 4598
7688 2018
7689 5473
7690 3667
7691 4347
7692 5698
7693 3909
7694 5616
7695 416
7696 7845
7697 7767
7698 3525
7699 7587
7700 8166
7701 1597
7702 2712
7703 300
7704 6465
7705 161
7706 3469
7707 2113
7708 6385
7709 1867
7710 5364
7711 1455
7712 7732
7713 7803
7714 1914
7715 5200
7716 5520
7717 66
7718 5975
7719 5873
7720 5255
7721 4154
7722 5027
7723 999
7724 1501
7725 3428
7726 4850
7727 7933
7728 2526
7729 8062
7730 7260
7731 3820
7732 1376
7733 7636
7734 7571
7735 5145
7736 7673
7737 2878
7738 2220
7739 1997
7740 13
7741 8155
7742 4543
7743 3338
7744 3242
7745 7357
7746 4498
7747 607
7748 4731
7749 1041
7750 6063
7751 7872
7752 4189
7753 5865
7754 3176
7755 364
7756 5996
7757 5196
7758 279
7759 1813
7760 7308
7761 2834
7762 500
7763 3303
7764 2802
7765 81
7766 7974
7767 662
7768 5091
7769 6144
7770 3997
7771 3055
7772 5148
7773 6271
7774 7103
7775 1124
7776 3438
7777 5701
7778 8124
7779 972
7780 3924
7781 4558
7782 6086
7783 749
7784 6922
7785 4235
7786 5316
7787 7054
7788 847
7789 2457
7790 3761
7791 189
7792 5427
7793 6635
7794 3631
7795 7758
7796 3367
7797 6343
7798 1359
7799 7426
7800 6700
7801 2182
7802 107
7803 1653
7804 6762
7805 4623
7806 4963
7807 5273
7808 2700
7809 3725
7810 3116
7811 7349
7812 7316
7813 2143
7814 6240
7815 4930
7816 5871
7817 4443
7818 2517
7819 6595
7820 799
7821 3995
7822 5124
7823 5751
7824 937
7825 4491
7826 4090
7827 5691
7828 3255
7829 977
7830 4328
7831 8077
7832 6725
7833 2822
7834 4786
7835 381
7836 2870
7837 4879
7838 6045
7839 236
7840 6879
7841 4178
7842 1968
7843 7626
7844 6282
7845 3092
7846 3533
7847 2478
7848 5190
7849 5587
7850 1085
7851 1917
7852 3721
7853 889
7854 3318
7855 4388
7856 4599
7857 7146
7858 5156
7859 3381
7860 6439
7861 6111
7862 432
7863 4133
7864 5622
7865 7234
7866 2381
7867 4664
7868 8128
7869 2858
7870 6356
7871 685
7872 1052
7873 5260
7874 7784
7875 7817
7876 5431
7877 5738
7878 973
7879 2550
7880 6713
7881 5933
7882 1698
7883 5987
7884 5203
7885 2140
7886 4242
7887 6514
7888 4017
7889 7131
7890 2904
7891 7585
7892 3764
7893 495
7894 5855
7895 6206
7896 7532
7897 4172
7898 1249
7899 6912
7900 5365
7901 4611
7902 5313
7903 6449
7904 1457
7905 3654
7906 5492
7907 3564
7908 166
7909 1886
7910 1958
7911 3811
7912 6636
7913 6671
7914 2284
7915 1619
7916 912
7917 333
7918 3087
7919 2472
7920 1024
7921 8057
7922 5789
7923 7981
7924 250
7925 53
7926 7226
7927 6826
7928 6215
7929 4381
7930 2811
7931 5909
7932 406
7933 518
7934 6069
7935 5113
7936 5583
7937 3511
7938 4748
7939 6703
7940 4077
7941 3321
7942 5618
7943 2414
7944 4162
7945 5998
7946 1372
7947 5015
7948 6252
7949 7358
7950 4310
7951 3897
7952 2578
7953 3022
7954 304
7955 6895
7956 2115
7957 694
7958 1088
7959 1977
7960 3658
7961 6931
7962 6995
7963 4342
7964 3967
7965 5694
7966 2633
7967 5526
7968 2191
7969 755
7970 7090
7971 5953
7972 7606
7973 833
7974 5617
7975 7841
7976 468
7977 5482
7978 866
7979 7782
7980 3240
7981 6131
7982 5340
7983 4374
7984 1661
7985 1022
7986 3914
7987 5174
7988 2714
7989 6733
7990 7746
7991 5827
7992 237
7993 1437
7994 6302
7995 4822
7996 4337
7997 4122
7998 4881
7999 602
8000 6000
8001 1894
8002 7963
8003 1816
8004 5749
8005 4305
8006 7317
8007 6933
8008 7116
8009 2540
8010 7622
8011 4029
8012 1109
8013 5139
8014 3634
8015 2801
8016 5368
8017 4916
8018 302
8019 2599
8020 7428
8021 1061
8022 2445
8023 492
8024 4985
8025 3257
8026 5524
8027 1629
8028 7829
8029 6371
8030 658
8031 7232
8032 1732
8033 760
8034 840
8035 393
8036 3965
8037 1682
8038 3145
8039 5763
8040 7890
8041 7362
8042 90
8043 224
8044 3404
8045 5835
8046 160
8047 6582
8048 4432
8049 2272
8050 5457
8051 533
8052 1454
8053 5417
8054 2374
8055 1799
8056 6166
8057 7093
8058 7326
8059 5911
8060 1362
8061 4703
8062 633
8063 7152
8064 7290
8065 4360
8066 437
8067 5096
8068 2096
8069 7242
8070 4797
8071 7669
8072 7562
8073 2141
8074 6234
8075 2914
8076 5231
8077 4512
8078 5836
8079 4891
8080 5026
8081 2862
8082 7603
8083 185
8084 4048
8085 4121
8086 2527
8087 2394
8088 2560
8089 379
8090 1710
8091 4557
8092 4958
8093 3557
8094 3894
8095 6709
8096 1095
8097 6939
8098 1272
8099 5497
8100 5612
8101 1826
8102 5462
8103 5089
8104 5672
8105 7223
8106 7539
8107 1331
8108 3653
8109 789
8110 505
8111 2069
8112 3501
8113 997
8114 7318
8115 7797
8116 8115
8117 5830
8118 3590
8119 4795
8120 2367
8121 403
8122 2542
8123 5532
8124 297
8125 7128
8126 28
8127 721
8128 4931
8129 949
8130 4097
8131 3384
8132 7411
8133 1628
8134 4481
8135 6577
8136 5178
8137 681
8138 6297
8139 7593
8140 3794
8141 7996
8142 2591
8143 7957
8144 1995
8145 768
8146 2464
8147 5085
8148 5226
8149 2694
8150 7241
8151 2074
8152 77
8153 3298
8154 1265
8155 8157
8156 7628
8157 5333
8158 314
8159 1779
8160 2805
8161 4522
8162 1579
8163 871
8164 1818
8165 3114
8166 7171
8167 3235
8168 4147
8169 4409
8170 5695
8171 3193
8172 7347
8173 2040
8174 922
8175 2569
8176 697
8177 3337
8178 6138
8179 8053
8180 7794
8181 4817
8182 775
8183 7086
8184 7222
8185 3933
8186 2155
8187 1370
8188 6712
8189 5502
8190 317
8191 5341
