0.329720 0.693675 0.792051
0.355620 0.724924 0.818704
0.385540 0.758741 0.846801
0.420266 0.795809 0.877274
0.455501 0.828833 0.902590
0.498580 0.863877 0.927731
0.544425 0.895982 0.949005
0.597353 0.925969 0.967192
0.656734 0.953889 0.982966
0.724100 0.974840 0.992185
0.731029 0.976663 0.993150
0.739510 0.978791 0.993717
0.748000 0.980517 0.994372
0.756337 0.982643 0.995376
0.765737 0.984418 0.996018
0.774617 0.986206 0.996514
0.786660 0.988202 0.997172
0.797912 0.990010 0.997764
0.811266 0.991690 0.998221
0.827896 0.993766 0.998891
0.830580 0.994167 0.998971
0.855938 0.996528 0.999561
