13.000000 0.000000 0.329720
13.000000 0.099000 0.355620
13.000000 0.198000 0.385540
13.000000 0.297000 0.420266
13.000000 0.396000 0.455501
13.000000 0.495000 0.498580
13.000000 0.594000 0.544425
13.000000 0.693000 0.597353
13.000000 0.792000 0.656734
13.000000 0.891000 0.724100
13.000000 0.900000 0.731029
13.000000 0.909900 0.739510
13.000000 0.919800 0.748000
13.000000 0.929700 0.756337
13.000000 0.939600 0.765737
13.000000 0.949500 0.774617
13.000000 0.959400 0.786660
13.000000 0.969300 0.797912
13.000000 0.979200 0.811266
13.000000 0.989100 0.827896
13.000000 0.990000 0.830580
13.000000 0.999000 0.855938
