BER Performance of Bit-based Message Passinlg in MIMO Channel with Channel Estimation Error
Gallager (20, 7) LDPC code
Dimension of Parity Check matrix: (15,20)
Column Weight = 3, Row Weight = 4
Number of transmit antenna is 2
Number of receive antenna is 2
Vehicular speed: 350.000000 km/h
Maximum Doppler frequency: 810.185185
Channel fading rate: 0.083336
Maximum number of bits of simulation = 102000

Eb/No     BER
0.000000:
2.186275e-001 
2.030637e-001 
1.927696e-001 

BER Performance of Bit-based Message Passinlg in MIMO Channel with Channel Estimation Error
Gallager (20, 7) LDPC code
Dimension of Parity Check matrix: (15,20)
Column Weight = 3, Row Weight = 4
Number of transmit antenna is 2
Number of receive antenna is 2
Vehicular speed: 350.000000 km/h
Maximum Doppler frequency: 810.185185
Channel fading rate: 0.083336
Maximum number of bits of simulation = 102000

Eb/No     BER
BER Performance of Bit-based Message Passinlg in MIMO Channel with Channel Estimation Error
Gallager (20, 7) LDPC code
Dimension of Parity Check matrix: (15,20)
Column Weight = 3, Row Weight = 4
Number of transmit antenna is 2
Number of receive antenna is 2
Vehicular speed: 350.000000 km/h
Maximum Doppler frequency: 810.185185
Channel fading rate: 0.083336
Maximum number of bits of simulation = 102000

Eb/No     BER
BER Performance of Bit-based Message Passinlg in MIMO Channel with Channel Estimation Error
Gallager (20, 7) LDPC code
Dimension of Parity Check matrix: (15,20)
Column Weight = 3, Row Weight = 4
Number of transmit antenna is 2
Number of receive antenna is 2
Vehicular speed: 350.000000 km/h
Maximum Doppler frequency: 810.185185
Channel fading rate: 0.083336
Maximum number of bits of simulation = 102000

Eb/No     BER
BER Performance of Bit-based Message Passinlg in MIMO Channel with Channel Estimation Error
Gallager (20, 7) LDPC code
Dimension of Parity Check matrix: (15,20)
Column Weight = 3, Row Weight = 4
Number of transmit antenna is 2
Number of receive antenna is 2
Vehicular speed: 350.000000 km/h
Maximum Doppler frequency: 810.185185
Channel fading rate: 0.083336
Maximum number of bits of simulation = 102000

Eb/No     BER
BER Performance of Bit-based Message Passinlg in MIMO Channel with Channel Estimation Error
Gallager (20, 7) LDPC code
Dimension of Parity Check matrix: (15,20)
Column Weight = 3, Row Weight = 4
Number of transmit antenna is 2
Number of receive antenna is 2
Vehicular speed: 350.000000 km/h
Maximum Doppler frequency: 810.185185
Channel fading rate: 0.083336
Maximum number of bits of simulation = 102000

Eb/No     BER
BER Performance of Bit-based Message Passinlg in MIMO Channel with Channel Estimation Error
Gallager (20, 7) LDPC code
Dimension of Parity Check matrix: (15,20)
Column Weight = 3, Row Weight = 4
Number of transmit antenna is 2
Number of receive antenna is 2
Vehicular speed: 350.000000 km/h
Maximum Doppler frequency: 810.185185
Channel fading rate: 0.083336
Maximum number of bits of simulation = 102000

Eb/No     BER
BER Performance of Bit-based Message Passinlg in MIMO Channel with Channel Estimation Error
Gallager (20, 7) LDPC code
Dimension of Parity Check matrix: (15,20)
Column Weight = 3, Row Weight = 4
Number of transmit antenna is 2
Number of receive antenna is 2
Vehicular speed: 350.000000 km/h
Maximum Doppler frequency: 810.185185
Channel fading rate: 0.083336
Maximum number of bits of simulation = 102000

Eb/No     BER
BER Performance of Bit-based Message Passinlg in MIMO Channel with Channel Estimation Error
Gallager (20, 7) LDPC code
Dimension of Parity Check matrix: (15,20)
Column Weight = 3, Row Weight = 4
Number of transmit antenna is 2
Number of receive antenna is 2
Vehicular speed: 350.000000 km/h
Maximum Doppler frequency: 810.185185
Channel fading rate: 0.083336
Maximum number of bits of simulation = 102000

Eb/No     BER
BER Performance of Bit-based Message Passinlg in MIMO Channel with Channel Estimation Error
Gallager (20, 7) LDPC code
Dimension of Parity Check matrix: (15,20)
Column Weight = 3, Row Weight = 4
Number of transmit antenna is 2
Number of receive antenna is 2
Vehicular speed: 350.000000 km/h
Maximum Doppler frequency: 810.185185
Channel fading rate: 0.083336
Maximum number of bits of simulation = 102000

Eb/No     BER
BER Performance of Bit-based Message Passinlg in MIMO Channel with Channel Estimation Error
Gallager (20, 7) LDPC code
Dimension of Parity Check matrix: (15,20)
Column Weight = 3, Row Weight = 4
Number of transmit antenna is 2
Number of receive antenna is 2
Vehicular speed: 350.000000 km/h
Maximum Doppler frequency: 810.185185
Channel fading rate: 0.083336
Maximum number of bits of simulation = 102000

Eb/No     BER
BER Performance of Bit-based Message Passinlg in MIMO Channel with Channel Estimation Error
Gallager (20, 7) LDPC code
Dimension of Parity Check matrix: (15,20)
Column Weight = 3, Row Weight = 4
Number of transmit antenna is 2
Number of receive antenna is 2
Vehicular speed: 350.000000 km/h
Maximum Doppler frequency: 810.185185
Channel fading rate: 0.083336
Maximum number of bits of simulation = 102000

Eb/No     BER
BER Performance of Bit-based Message Passinlg in MIMO Channel with Channel Estimation Error
Gallager (20, 7) LDPC code
Dimension of Parity Check matrix: (15,20)
Column Weight = 3, Row Weight = 4
Number of transmit antenna is 2
Number of receive antenna is 2
Vehicular speed: 350.000000 km/h
Maximum Doppler frequency: 810.185185
Channel fading rate: 0.083336
Maximum number of bits of simulation = 102000

Eb/No     BER
BER Performance of Bit-based Message Passinlg in MIMO Channel with Channel Estimation Error
Gallager (20, 7) LDPC code
Dimension of Parity Check matrix: (15,20)
Column Weight = 3, Row Weight = 4
Number of transmit antenna is 2
Number of receive antenna is 2
Vehicular speed: 350.000000 km/h
Maximum Doppler frequency: 810.185185
Channel fading rate: 0.083336
Maximum number of bits of simulation = 102000

Eb/No     BER
BER Performance of Bit-based Message Passinlg in MIMO Channel with Channel Estimation Error
Gallager (20, 7) LDPC code
Dimension of Parity Check matrix: (15,20)
Column Weight = 3, Row Weight = 4
Number of transmit antenna is 2
Number of receive antenna is 2
Vehicular speed: 350.000000 km/h
Maximum Doppler frequency: 810.185185
Channel fading rate: 0.083336
Maximum number of bits of simulation = 102000

Eb/No     BER
BER Performance of Bit-based Message Passinlg in MIMO Channel with Channel Estimation Error
Gallager (20, 7) LDPC code
Dimension of Parity Check matrix: (15,20)
Column Weight = 3, Row Weight = 4
Number of transmit antenna is 2
Number of receive antenna is 2
Vehicular speed: 350.000000 km/h
Maximum Doppler frequency: 810.185185
Channel fading rate: 0.083336
Maximum number of bits of simulation = 1020000

Eb/No     BER
4.000000:
1.399798e-001 
8.655565e-002 
6.440311e-002 
5.312860e-002 
4.726427e-002 
4.416090e-002 
4.174957e-002 
3.960136e-002 
3.774510e-002 
3.699178e-002 

8.000000:
6.775980e-002 
1.804412e-002 
7.747059e-003 
4.887255e-003 
3.864706e-003 
3.422549e-003 
3.104902e-003 
2.751961e-003 
2.548039e-003 
2.376471e-003 

12.000000:
1.929118e-002 
2.864706e-003 
1.100980e-003 
5.637255e-004 
3.813725e-004 
2.764706e-004 
2.196078e-004 
1.705882e-004 
1.333333e-004 
1.049020e-004 

16.000000:
5.535294e-003 
2.647059e-004 
5.784314e-005 
2.647059e-005 
1.078431e-005 
1.176471e-005 
1.372549e-005 
9.803922e-006 
7.843137e-006 
9.803922e-007 

Total elapsed time: 19906(sec)

BER Performance of Bit-based Message Passinlg in MIMO Channel with Channel Estimation Error
Gallager (20, 7) LDPC code
Dimension of Parity Check matrix: (15,20)
Column Weight = 3, Row Weight = 4
Number of transmit antenna is 2
Number of receive antenna is 2
Vehicular speed: 350.000000 km/h
Maximum Doppler frequency: 810.185185
Channel fading rate: 0.083336
Maximum number of bits of simulation = 10200000

Eb/No     BER
0.000000:
2.370475e-001 
2.169495e-001 
2.089178e-001 
2.023944e-001 
1.983032e-001 
1.936463e-001 
1.910445e-001 
1.905543e-001 
1.899510e-001 
1.900830e-001 

2.000000:
1.768932e-001 
1.367647e-001 
1.170977e-001 
1.058739e-001 
9.988168e-002 
9.534314e-002 
9.169202e-002 
8.960446e-002 
8.700980e-002 
8.580122e-002 

4.000000:
1.322807e-001 
7.725930e-002 
5.622172e-002 
4.584590e-002 
4.047888e-002 
3.793363e-002 
3.587230e-002 
3.389580e-002 
3.276772e-002 
3.170563e-002 

6.000000:
8.940046e-002 
3.443131e-002 
1.870839e-002 
1.334066e-002 
1.125008e-002 
1.032390e-002 
9.338159e-003 
8.691436e-003 
8.075255e-003 
7.678975e-003 

8.000000:
5.766552e-002 
1.405498e-002 
6.081401e-003 
3.819695e-003 
3.046433e-003 
2.672960e-003 
2.375609e-003 
2.164343e-003 
1.995181e-003 
1.881090e-003 

BER Performance of Bit-based Message Passinlg in MIMO Channel with Channel Estimation Error
Gallager (20, 7) LDPC code
Dimension of Parity Check matrix: (15,20)
Column Weight = 3, Row Weight = 4
Number of transmit antenna is 2
Number of receive antenna is 2
Vehicular speed: 350.000000 km/h
Maximum Doppler frequency: 810.185185
Channel fading rate: 0.083336
Maximum number of bits of simulation = 10200000

Eb/No     BER
0.000000:
2.614305e-001 
2.479278e-001 
2.408422e-001 
2.370989e-001 
2.333333e-001 
2.297014e-001 
2.290330e-001 
2.279412e-001 
2.256684e-001 
2.264037e-001 

2.000000:
1.569240e-001 
1.169118e-001 
1.011642e-001 
9.225643e-002 
8.709406e-002 
8.392310e-002 
8.183977e-002 
7.990962e-002 
7.844669e-002 
7.673866e-002 

4.000000:
1.374538e-001 
8.793008e-002 
6.883093e-002 
6.033574e-002 
5.618294e-002 
5.350074e-002 
5.139660e-002 
4.909822e-002 
4.791435e-002 
4.677673e-002 

6.000000:
8.448043e-002 
3.154916e-002 
1.846165e-002 
1.372909e-002 
1.207468e-002 
1.132948e-002 
1.052840e-002 
9.772383e-003 
9.413747e-003 
9.037990e-003 

8.000000:
5.023669e-002 
9.606094e-003 
4.032763e-003 
2.696751e-003 
2.370907e-003 
2.223714e-003 
2.038671e-003 
1.887272e-003 
1.763125e-003 
1.691967e-003 

10.000000:
2.333873e-002 
1.699608e-003 
4.840196e-004 
2.938235e-004 
2.536275e-004 
2.284314e-004 
2.048039e-004 
1.887255e-004 
1.772549e-004 
1.666667e-004 

12.000000:
9.390882e-003 
1.809804e-004 
3.156863e-005 
1.990196e-005 
1.911765e-005 
1.637255e-005 
1.529412e-005 
1.323529e-005 
1.205882e-005 
1.137255e-005 

14.000000:
3.525000e-003 
2.843137e-005 
4.117647e-006 
1.764706e-006 
1.078431e-006 
5.882353e-007 
5.882353e-007 
6.862745e-007 
5.882353e-007 
3.921569e-007 

16.000000:
1.206569e-003 
2.941176e-006 
0.000000e+000 
0.000000e+000 
0.000000e+000 
0.000000e+000 
0.000000e+000 
0.000000e+000 
0.000000e+000 
0.000000e+000 

Total elapsed time: 290993(sec)

