BER Performance of Bit-based Message Passinlg in MIMO Channel
Gallager (20, 7) LDPC code
Dimension of Parity Check matrix: (15,20)
Column Weight = 3, Row Weight = 4
Number of transmit antenna is 2
Number of receive antenna is 2
Vehicular speed: 350.000000 km/h
Maximum Doppler frequency: 810.185185
Channel fading rate: 0.083336
Maximum number of bits of simulation = 1022500

Eb/No     BER
BER Performance of Bit-based Message Passinlg in MIMO Channel
Gallager (20, 7) LDPC code
Dimension of Parity Check matrix: (15,20)
Column Weight = 3, Row Weight = 4
Number of transmit antenna is 2
Number of receive antenna is 2
Vehicular speed: 350.000000 km/h
Maximum Doppler frequency: 810.185185
Channel fading rate: 0.083336
Maximum number of bits of simulation = 1022500

Eb/No     BER
0.000000:
2.962592e-001 
2.743276e-001 
2.687286e-001 
2.665281e-001 
2.641809e-001 
2.624450e-001 
2.629829e-001 
2.628117e-001 
2.629829e-001 
2.632029e-001 

2.000000:
2.588369e-001 
2.213762e-001 
2.086448e-001 
2.022529e-001 
1.979392e-001 
1.938177e-001 
1.918442e-001 
1.921062e-001 
1.908138e-001 
1.900454e-001 

4.000000:
2.480073e-001 
1.953790e-001 
1.714792e-001 
1.579707e-001 
1.485941e-001 
1.426773e-001 
1.390098e-001 
1.380196e-001 
1.390709e-001 
1.386919e-001 

6.000000:
2.178416e-001 
1.450014e-001 
1.101603e-001 
8.817577e-002 
7.626324e-002 
7.339038e-002 
7.375713e-002 
7.409671e-002 
7.252105e-002 
7.144798e-002 

8.000000:
1.797120e-001 
8.480848e-002 
4.661505e-002 
3.155121e-002 
2.771529e-002 
2.838631e-002 
2.887802e-002 
2.838087e-002 
2.815811e-002 
2.747351e-002 

10.000000:
1.663529e-001 
6.059457e-002 
2.253045e-002 
1.265453e-002 
1.170509e-002 
1.204556e-002 
1.212554e-002 
1.208212e-002 
1.196216e-002 
1.160112e-002 

12.000000:
1.425222e-001 
3.171051e-002 
6.467482e-003 
4.112469e-003 
3.922738e-003 
4.017604e-003 
3.982396e-003 
3.788753e-003 
3.787775e-003 
3.677262e-003 

14.000000:
1.160626e-001 
1.451149e-002 
2.068460e-003 
1.552078e-003 
1.524694e-003 
1.529584e-003 
1.488509e-003 
1.434719e-003 
1.371149e-003 
1.366259e-003 

16.000000:
9.925086e-002 
7.709535e-003 
1.111002e-003 
7.735941e-004 
6.836186e-004 
6.317848e-004 
6.151589e-004 
5.633252e-004 
5.271394e-004 
5.320293e-004 

Total elapsed time: 42896(sec)

BER Performance of Bit-based Message Passinlg in MIMO Channel
Gallager (20, 7) LDPC code
Dimension of Parity Check matrix: (15,20)
Column Weight = 3, Row Weight = 4
Number of transmit antenna is 2
Number of receive antenna is 2
Vehicular speed: 350.000000 km/h
Maximum Doppler frequency: 810.185185
Channel fading rate: 0.083336
Maximum number of bits of simulation = 10225000

Eb/No     BER
0.000000:
3.288509e-001 
3.176650e-001 
3.166870e-001 
3.151589e-001 
3.143337e-001 
3.146699e-001 
3.138447e-001 
3.136308e-001 
3.139976e-001 
3.140587e-001 

2.000000:
3.097555e-001 
2.894866e-001 
2.824694e-001 
2.809046e-001 
2.786797e-001 
2.767482e-001 
2.755501e-001 
2.745477e-001 
2.745232e-001 
2.746210e-001 

4.000000:
2.430454e-001 
1.940369e-001 
1.724124e-001 
1.589921e-001 
1.504754e-001 
1.451915e-001 
1.435887e-001 
1.429639e-001 
1.419995e-001 
1.403423e-001 

6.000000:
2.057068e-001 
1.290787e-001 
9.183152e-002 
7.018226e-002 
5.997444e-002 
5.734052e-002 
5.802401e-002 
5.858524e-002 
5.824628e-002 
5.720716e-002 

8.000000:
1.707766e-001 
7.879264e-002 
4.542147e-002 
3.316160e-002 
2.977064e-002 
2.966294e-002 
3.009372e-002 
3.018396e-002 
2.970369e-002 
2.931657e-002 

10.000000:
1.637980e-001 
6.259021e-002 
2.684037e-002 
1.757740e-002 
1.575986e-002 
1.598669e-002 
1.610304e-002 
1.580110e-002 
1.534745e-002 
1.520164e-002 

12.000000:
1.347881e-001 
2.791323e-002 
6.511970e-003 
4.052510e-003 
3.894843e-003 
4.050225e-003 
4.051748e-003 
3.986625e-003 
3.882656e-003 
3.817913e-003 

14.000000:
1.112505e-001 
1.267861e-002 
1.905223e-003 
1.372642e-003 
1.276854e-003 
1.291701e-003 
1.271825e-003 
1.244405e-003 
1.224050e-003 
1.201899e-003 

BER Performance of Bit-based Message Passinlg in MIMO Channel
Gallager (20, 7) LDPC code
Dimension of Parity Check matrix: (15,20)
Column Weight = 3, Row Weight = 4
Number of transmit antenna is 2
Number of receive antenna is 2
Vehicular speed: 350.000000 km/h
Maximum Doppler frequency: 810.185185
Channel fading rate: 0.083336
Maximum number of bits of simulation = 1022500

Eb/No     BER
0.000000:
3.391809e-001 
3.305929e-001 
3.283313e-001 
3.274756e-001 
3.279340e-001 
3.275978e-001 
3.276895e-001 
3.273533e-001 
3.270782e-001 
3.270782e-001 

2.000000:
2.895884e-001 
2.562958e-001 
2.488998e-001 
2.430725e-001 
2.389772e-001 
2.370823e-001 
2.357376e-001 
2.349633e-001 
2.344132e-001 
2.347392e-001 

4.000000:
2.354301e-001 
1.779284e-001 
1.510780e-001 
1.366081e-001 
1.255279e-001 
1.196488e-001 
1.180373e-001 
1.180596e-001 
1.175483e-001 
1.169371e-001 

6.000000:
2.163902e-001 
1.526546e-001 
1.223105e-001 
1.048900e-001 
9.588718e-002 
9.326755e-002 
9.315403e-002 
9.338980e-002 
9.311037e-002 
9.239434e-002 

8.000000:
1.982791e-001 
1.118347e-001 
7.419127e-002 
5.517679e-002 
4.791236e-002 
4.768667e-002 
4.851420e-002 
4.851890e-002 
4.826970e-002 
4.719767e-002 

10.000000:
1.547687e-001 
5.283047e-002 
1.959539e-002 
1.112075e-002 
1.033599e-002 
1.066330e-002 
1.061697e-002 
1.040993e-002 
1.016445e-002 
9.883469e-003 

12.000000:
1.378181e-001 
2.784645e-002 
5.124694e-003 
3.193154e-003 
3.233252e-003 
3.363325e-003 
3.346699e-003 
3.318337e-003 
3.221516e-003 
3.154034e-003 

14.000000:
1.063531e-001 
1.127335e-002 
1.675306e-003 
1.186308e-003 
1.038631e-003 
1.051345e-003 
9.584352e-004 
8.860636e-004 
8.694377e-004 
8.577017e-004 

16.000000:
8.878142e-002 
6.263081e-003 
9.251834e-004 
6.650367e-004 
5.603912e-004 
5.154034e-004 
5.026895e-004 
4.958435e-004 
4.772616e-004 
4.713936e-004 

Total elapsed time: 41492(sec)

BER Performance of Bit-based Message Passinlg in MIMO Channel
Gallager (20, 7) LDPC code
Dimension of Parity Check matrix: (15,20)
Column Weight = 3, Row Weight = 4
Number of transmit antenna is 2
Number of receive antenna is 2
Vehicular speed: 350.000000 km/h
Maximum Doppler frequency: 810.185185
Channel fading rate: 0.083336
Maximum number of bits of simulation = 10225000

Eb/No     BER
0.000000:
2.931337e-001 
2.636104e-001 
2.581703e-001 
2.541769e-001 
2.504686e-001 
2.481051e-001 
2.463121e-001 
2.454564e-001 
2.440913e-001 
2.447637e-001 

2.000000:
2.716789e-001 
2.410350e-001 
2.306846e-001 
2.252445e-001 
2.207416e-001 
2.176650e-001 
2.144662e-001 
2.146699e-001 
2.145477e-001 
2.150570e-001 

4.000000:
2.595355e-001 
2.168025e-001 
1.935072e-001 
1.823418e-001 
1.703749e-001 
1.628769e-001 
1.602418e-001 
1.590600e-001 
1.567373e-001 
1.571448e-001 

6.000000:
2.060446e-001 
1.346917e-001 
1.014942e-001 
8.391741e-002 
7.430046e-002 
7.241918e-002 
7.226297e-002 
7.280630e-002 
7.171285e-002 
7.110160e-002 

8.000000:
1.910554e-001 
9.977588e-002 
5.954564e-002 
4.165988e-002 
3.574436e-002 
3.509237e-002 
3.463393e-002 
3.438604e-002 
3.401589e-002 
3.417210e-002 

10.000000:
1.594496e-001 
5.409384e-002 
1.905777e-002 
1.065489e-002 
1.007092e-002 
1.064883e-002 
1.074279e-002 
1.062256e-002 
1.037301e-002 
1.018913e-002 

12.000000:
1.370466e-001 
3.035818e-002 
7.529890e-003 
4.533730e-003 
4.305615e-003 
4.445089e-003 
4.482478e-003 
4.378293e-003 
4.289231e-003 
4.205211e-003 

14.000000:
1.161269e-001 
1.487570e-002 
2.251759e-003 
1.584005e-003 
1.502000e-003 
1.499657e-003 
1.502000e-003 
1.467130e-003 
1.422200e-003 
1.378786e-003 

16.000000:
9.060186e-002 
5.938875e-003 
8.502689e-004 
6.084108e-004 
5.286064e-004 
5.099267e-004 
4.872372e-004 
4.783374e-004 
4.627873e-004 
4.402934e-004 

Total elapsed time: 193638(sec)

