0 2237
1 4116
2 6070
3 4815
4 2744
5 2508
6 4308
7 1247
8 2951
9 5280
10 4565
11 423
12 2317
13 1722
14 3400
15 3059
16 7881
17 5063
18 6719
19 7981
20 874
21 6184
22 1790
23 1637
24 2856
25 4202
26 6319
27 8117
28 4948
29 1488
30 3917
31 3817
32 4673
33 7207
34 1361
35 1087
36 7054
37 6823
38 5994
39 6489
40 355
41 3585
42 5575
43 174
44 5505
45 7658
46 8186
47 2644
48 597
49 6929
50 7380
51 7753
52 80
53 7463
54 5139
55 975
56 3253
57 6419
58 5397
59 5651
60 5824
61 4475
62 2013
63 5900
64 778
65 7564
66 3513
67 7306
68 2751
69 4065
70 2205
71 2506
72 2396
73 2950
74 3738
75 4809
76 5241
77 3124
78 1880
79 4274
80 476
81 5726
82 15
83 4137
84 6095
85 2298
86 4388
87 6752
88 6645
89 7954
90 3366
91 4876
92 7825
93 1768
94 1228
95 289
96 3881
97 1587
98 5030
99 3957
100 1702
101 4637
102 6336
103 1351
104 2102
105 403
106 1151
107 7168
108 6500
109 880
110 1493
111 7656
112 8184
113 589
114 161
115 6026
116 8058
117 4206
118 7016
119 5546
120 7094
121 5318
122 660
123 2647
124 3294
125 6846
126 2835
127 4954
128 6225
129 798
130 725
131 7293
132 7440
133 973
134 3559
135 1056
136 7538
137 4455
138 2500
139 4786
140 3203
141 2397
142 3717
143 7375
144 2906
145 5136
146 5837
147 4304
148 1977
149 86
150 4380
151 1864
152 5427
153 2760
154 6680
155 6433
156 3094
157 6942
158 4095
159 6091
160 5686
161 1241
162 3634
163 5954
164 2990
165 7789
166 2180
167 3918
168 4623
169 1613
170 271
171 3470
172 390
173 4536
174 1417
175 7676
176 7606
177 3984
178 7935
179 2256
180 1727
181 465
182 8002
183 3786
184 6361
185 4212
186 196
187 8124
188 7867
189 5616
190 2682
191 4950
192 0
193 6167
194 5321
195 5245
196 7055
197 3376
198 2587
199 6567
200 2056
201 6792
202 4857
203 840
204 7220
205 702
206 1016
207 3236
208 908
209 3166
210 1156
211 565
212 1335
213 5885
214 2337
215 1965
216 6256
217 5181
218 1811
219 7336
220 6024
221 2834
222 5470
223 5813
224 3700
225 6975
226 5694
227 1239
228 7131
229 4289
230 6475
231 4771
232 4627
233 1877
234 2133
235 7505
236 7432
237 2759
238 3301
239 315
240 1442
241 6895
242 1657
243 2220
244 4495
245 3936
246 4102
247 6657
248 5552
249 6321
250 3614
251 7756
252 4198
253 7662
254 7880
255 2412
256 3098
257 3538
258 1570
259 2686
260 8009
261 5365
262 2975
263 6151
264 47
265 5622
266 2528
267 5103
268 1743
269 3860
270 5282
271 6789
272 4840
273 449
274 4951
275 1014
276 6399
277 546
278 2060
279 4400
280 712
281 611
282 1376
283 7243
284 5211
285 199
286 1174
287 5995
288 8127
289 886
290 2904
291 2334
292 794
293 4277
294 111
295 6539
296 5699
297 3464
298 4626
299 3231
300 4002
301 5021
302 7528
303 4735
304 3382
305 5852
306 5787
307 350
308 7020
309 7459
310 1876
311 6703
312 6913
313 2618
314 7593
315 2804
316 7092
317 269
318 1455
319 1096
320 2124
321 6474
322 6616
323 2687
324 3741
325 7983
326 6293
327 4183
328 2978
329 1532
330 1250
331 1670
332 2543
333 7749
334 7314
335 3111
336 3900
337 6820
338 4834
339 7
340 6376
341 3655
342 5370
343 543
344 5536
345 1741
346 4527
347 5925
348 4107
349 7172
350 3814
351 3557
352 458
353 5290
354 2404
355 7889
356 5993
357 646
358 7681
359 6186
360 4411
361 71
362 4651
363 8082
364 3284
365 808
366 4265
367 2885
368 2053
369 1172
370 3474
371 1956
372 5807
373 5721
374 1322
375 8176
376 6721
377 4733
378 2263
379 5635
380 2474
381 951
382 6098
383 6552
384 7583
385 1074
386 5121
387 319
388 2625
389 136
390 7470
391 1468
392 4953
393 1863
394 7399
395 7076
396 7992
397 3403
398 5448
399 3736
400 1243
401 2340
402 1603
403 7320
404 4872
405 5207
406 3126
407 7248
408 5382
409 3042
410 2963
411 3960
412 3635
413 5923
414 4040
415 5544
416 6327
417 4568
418 3542
419 2717
420 6425
421 1732
422 451
423 4176
424 6931
425 4457
426 232
427 24
428 2410
429 638
430 6224
431 6816
432 2029
433 3283
434 7813
435 4106
436 3846
437 7885
438 4269
439 7706
440 6718
441 5745
442 762
443 4652
444 1928
445 5621
446 2813
447 515
448 2146
449 1099
450 1331
451 2484
452 2628
453 8070
454 5840
455 3216
456 834
457 5016
458 157
459 1024
460 4782
461 7482
462 1411
463 7394
464 3402
465 7095
466 6542
467 6008
468 5112
469 2238
470 7973
471 1183
472 7175
473 384
474 2919
475 5469
476 7276
477 4879
478 4344
479 7589
480 5265
481 5358
482 8154
483 4016
484 3058
485 1841
486 6075
487 3541
488 6307
489 4466
490 931
491 6949
492 88
493 2552
494 242
495 2309
496 2036
497 4532
498 3770
499 4191
500 6179
501 3686
502 1248
503 1621
504 6625
505 658
506 2415
507 7871
508 4256
509 750
510 6464
511 590
512 4083
513 3321
514 2848
515 1765
516 5761
517 2158
518 525
519 7804
520 3128
521 5558
522 6759
523 4696
524 8061
525 7508
526 2748
527 7378
528 3940
529 1424
530 5672
531 1549
532 4949
533 5089
534 3842
535 3468
536 7158
537 405
538 6530
539 1027
540 5165
541 5969
542 3213
543 6848
544 5230
545 1107
546 7586
547 815
548 2681
549 5414
550 4868
551 4764
552 2965
553 6369
554 3607
555 8131
556 1922
557 7665
558 2569
559 5864
560 265
561 6922
562 4533
563 4465
564 7965
565 7018
566 28
567 6066
568 1323
569 5322
570 922
571 1175
572 1623
573 2303
574 6176
575 2387
576 6284
577 4386
578 2889
579 1773
580 3705
581 2815
582 7286
583 5754
584 6605
585 4145
586 3293
587 541
588 2458
589 7732
590 7088
591 748
592 4636
593 5018
594 5679
595 3920
596 7479
597 2073
598 2004
599 6694
600 1399
601 6443
602 3143
603 188
604 7196
605 648
606 2162
607 6791
608 3475
609 5193
610 4053
611 6508
612 4287
613 1529
614 7872
615 378
616 7388
617 1075
618 5986
619 5599
620 5125
621 110
622 8126
623 3370
624 2599
625 3631
626 2706
627 3779
628 4470
629 7655
630 5873
631 6956
632 4560
633 1292
634 4835
635 4944
636 4745
637 6074
638 8026
639 4218
640 3843
641 275
642 1654
643 464
644 6269
645 6358
646 1812
647 6855
648 6152
649 3001
650 5258
651 883
652 5351
653 1201
654 2350
655 7124
656 4355
657 5038
658 4150
659 767
660 2913
661 3268
662 7959
663 5753
664 1429
665 1744
666 2067
667 201
668 18
669 3561
670 7563
671 7454
672 2827
673 7780
674 3149
675 6675
676 651
677 2452
678 6578
679 968
680 7315
681 6450
682 4678
683 3473
684 3951
685 3703
686 7192
687 1052
688 1575
689 8163
690 7888
691 547
692 5589
693 396
694 3629
695 5887
696 1502
697 6000
698 4830
699 1339
700 5176
701 4578
702 5477
703 1985
704 4048
705 4240
706 2540
707 6965
708 7034
709 8046
710 2657
711 7686
712 3398
713 3067
714 2742
715 85
716 2985
717 3780
718 1261
719 2181
720 4360
721 3334
722 473
723 5302
724 759
725 6880
726 6219
727 4167
728 1406
729 1714
730 4966
731 5066
732 4757
733 7953
734 5394
735 5800
736 13
737 7558
738 7111
739 4427
740 3182
741 293
742 2335
743 878
744 643
745 5673
746 4649
747 3874
748 6810
749 7400
750 6532
751 7764
752 1092
753 3466
754 1620
755 7252
756 1842
757 6087
758 6656
759 3973
760 2113
761 544
762 3652
763 2436
764 3572
765 6005
766 997
767 1171
768 5177
769 4266
770 6733
771 2849
772 1556
773 4066
774 7178
775 7696
776 8038
777 1474
778 6326
779 83
780 2674
781 4553
782 402
783 5890
784 1256
785 7625
786 3793
787 2959
788 6400
789 4832
790 3292
791 2188
792 150
793 2560
794 5580
795 4972
796 6982
797 1979
798 5374
799 4170
800 3072
801 218
802 1774
803 5795
804 7082
805 7876
806 8115
807 4359
808 5244
809 824
810 4619
811 17
812 669
813 6894
814 7536
815 5700
816 7346
817 3204
818 1383
819 6527
820 6215
821 5113
822 4458
823 1865
824 2749
825 3431
826 548
827 2266
828 3865
829 3937
830 3608
831 6620
832 2065
833 1676
834 3701
835 4275
836 915
837 6063
838 7968
839 6807
840 4007
841 328
842 4903
843 1512
844 7811
845 7419
846 479
847 3516
848 1208
849 1283
850 7687
851 7257
852 6138
853 760
854 6305
855 3306
856 2675
857 1137
858 2435
859 5899
860 5520
861 4801
862 2370
863 5379
864 100
865 7009
866 2544
867 3039
868 4726
869 7091
870 197
871 8157
872 6717
873 5609
874 4080
875 992
876 4572
877 2151
878 5032
879 620
880 6445
881 1971
882 401
883 7495
884 4393
885 843
886 7338
887 5811
888 5101
889 2893
890 7599
891 8064
892 5707
893 2826
894 2244
895 3925
896 6604
897 6232
898 3734
899 3406
900 3138
901 6928
902 2071
903 688
904 1859
905 4263
906 1425
907 2968
908 5270
909 6811
910 7765
911 3212
912 3626
913 1655
914 325
915 7912
916 1255
917 1065
918 529
919 4655
920 7274
921 4911
922 2747
923 5989
924 5509
925 4195
926 7683
927 4806
928 5339
929 768
930 1354
931 914
932 1758
933 2653
934 6352
935 1162
936 7205
937 2443
938 4015
939 7424
940 2556
941 3073
942 113
943 7002
944 34
945 7089
946 7999
947 2327
948 4104
949 7497
950 4422
951 618
952 1586
953 1942
954 7571
955 4730
956 5127
957 6455
958 3331
959 3830
960 6661
961 3504
962 2836
963 394
964 5020
965 5742
966 6280
967 3760
968 6135
969 6920
970 2092
971 5836
972 3408
973 6844
974 5629
975 7794
976 6732
977 8137
978 3229
979 230
980 692
981 6528
982 506
983 1094
984 1433
985 6056
986 5914
987 4354
988 3938
989 4547
990 2740
991 1853
992 305
993 3144
994 5214
995 4926
996 937
997 1245
998 2643
999 5548
1000 1030
1001 4631
1002 4175
1003 6380
1004 1736
1005 7645
1006 4813
1007 2920
1008 3592
1009 5295
1010 2219
1011 2388
1012 103
1013 782
1014 7148
1015 4442
1016 7933
1017 4090
1018 1618
1019 5391
1020 5987
1021 8065
1022 5142
1023 5478
1024 3856
1025 3040
1026 852
1027 6209
1028 1503
1029 3472
1030 4743
1031 7496
1032 7237
1033 7423
1034 7036
1035 6643
1036 3329
1037 3394
1038 389
1039 3740
1040 4271
1041 6926
1042 6819
1043 2838
1044 8130
1045 3221
1046 2576
1047 2311
1048 1363
1049 5791
1050 6744
1051 5893
1052 4009
1053 573
1054 5024
1055 7767
1056 7326
1057 1108
1058 463
1059 36
1060 4929
1061 2713
1062 667
1063 1270
1064 6454
1065 3146
1066 4577
1067 2109
1068 6561
1069 5555
1070 7700
1071 228
1072 1923
1073 3595
1074 6283
1075 7628
1076 1757
1077 2204
1078 1035
1079 938
1080 2421
1081 304
1082 1659
1083 4079
1084 6383
1085 4346
1086 5971
1087 5277
1088 3891
1089 5484
1090 2907
1091 4424
1092 6085
1093 6213
1094 2000
1095 8022
1096 4687
1097 7104
1098 7501
1099 5416
1100 1855
1101 7013
1102 780
1103 850
1104 7837
1105 5678
1106 7171
1107 2645
1108 6900
1109 3803
1110 1547
1111 124
1112 3358
1113 5157
1114 3288
1115 5798
1116 3456
1117 2995
1118 8183
1119 3667
1120 5087
1121 1366
1122 2794
1123 2275
1124 6773
1125 2539
1126 1158
1127 6663
1128 6457
1129 4235
1130 4986
1131 374
1132 542
1133 4919
1134 6571
1135 3976
1136 4776
1137 4612
1138 4500
1139 698
1140 2072
1141 3063
1142 5879
1143 5614
1144 2411
1145 1058
1146 38
1147 1299
1148 7580
1149 211
1150 613
1151 7673
1152 7265
1153 5259
1154 7427
1155 3536
1156 4394
1157 8110
1158 1992
1159 6027
1160 4124
1161 1445
1162 4706
1163 8000
1164 1631
1165 6379
1166 3151
1167 5323
1168 7022
1169 1746
1170 2887
1171 7512
1172 6905
1173 7138
1174 7805
1175 906
1176 5460
1177 6306
1178 130
1179 3792
1180 4854
1181 765
1182 5710
1183 3875
1184 1818
1185 6122
1186 5804
1187 2330
1188 1906
1189 310
1190 3414
1191 6673
1192 2728
1193 4199
1194 2620
1195 1216
1196 7337
1197 395
1198 2481
1199 1509
1200 3627
1201 6458
1202 4562
1203 3243
1204 2228
1205 5105
1206 4938
1207 3695
1208 841
1209 3070
1210 1041
1211 677
1212 6803
1213 3993
1214 5035
1215 1310
1216 5539
1217 6585
1218 3346
1219 3479
1220 562
1221 2076
1222 4407
1223 8136
1224 7730
1225 1435
1226 7445
1227 5943
1228 7990
1229 1604
1230 7921
1231 4114
1232 4681
1233 6392
1234 7647
1235 2977
1236 7071
1237 5615
1238 5174
1239 2395
1240 6974
1241 6020
1242 941
1243 6271
1244 3147
1245 741
1246 5297
1247 5436
1248 2150
1249 1
1250 5848
1251 4334
1252 6907
1253 4765
1254 6093
1255 248
1256 2761
1257 119
1258 3555
1259 6190
1260 1871
1261 4851
1262 1144
1263 7518
1264 183
1265 7235
1266 7819
1267 6668
1268 360
1269 483
1270 6734
1271 4203
1272 2482
1273 2837
1274 2240
1275 3685
1276 2304
1277 2672
1278 7369
1279 5772
1280 2577
1281 7145
1282 4018
1283 1222
1284 1687
1285 1804
1286 572
1287 3477
1288 1347
1289 8167
1290 2007
1291 3357
1292 4520
1293 6835
1294 5921
1295 8074
1296 3800
1297 4644
1298 5680
1299 1432
1300 3048
1301 4133
1302 1507
1303 7074
1304 7937
1305 7670
1306 7752
1307 891
1308 965
1309 7602
1310 645
1311 2962
1312 5048
1313 810
1314 4939
1315 5185
1316 1598
1317 6313
1318 3905
1319 6902
1320 4
1321 6115
1322 6440
1323 273
1324 1039
1325 5854
1326 3612
1327 4747
1328 5560
1329 7212
1330 1157
1331 126
1332 6033
1333 7282
1334 3116
1335 2174
1336 4204
1337 5350
1338 6595
1339 4390
1340 2103
1341 7847
1342 3227
1343 1937
1344 3729
1345 5423
1346 2550
1347 2406
1348 6758
1349 5494
1350 7489
1351 6192
1352 5750
1353 1356
1354 2680
1355 6525
1356 2328
1357 8010
1358 1668
1359 740
1360 503
1361 1747
1362 2033
1363 5675
1364 6996
1365 3353
1366 1447
1367 4115
1368 409
1369 7376
1370 4326
1371 192
1372 3052
1373 7566
1374 6824
1375 4587
1376 7115
1377 3547
1378 888
1379 1514
1380 5961
1381 2943
1382 2854
1383 3959
1384 8118
1385 576
1386 7928
1387 268
1388 5222
1389 6909
1390 6126
1391 4864
1392 2767
1393 3458
1394 4482
1395 3636
1396 1202
1397 6374
1398 655
1399 6052
1400 5850
1401 7761
1402 6611
1403 4029
1404 60
1405 1031
1406 3161
1407 6304
1408 3893
1409 7835
1410 1935
1411 2200
1412 1854
1413 5405
1414 3240
1415 6714
1416 5123
1417 5330
1418 2694
1419 6496
1420 2135
1421 3710
1422 1133
1423 1374
1424 3811
1425 1674
1426 8014
1427 4788
1428 5570
1429 801
1430 6223
1431 7217
1432 4109
1433 2043
1434 5486
1435 2465
1436 2292
1437 3333
1438 7015
1439 5042
1440 7324
1441 4384
1442 7418
1443 7639
1444 4664
1445 732
1446 386
1447 5703
1448 3025
1449 2878
1450 495
1451 8161
1452 7532
1453 5216
1454 1499
1455 4589
1456 224
1457 4963
1458 4888
1459 6779
1460 868
1461 6892
1462 8096
1463 3642
1464 4230
1465 5637
1466 1770
1467 2942
1468 5927
1469 6430
1470 6089
1471 3133
1472 1308
1473 1565
1474 1064
1475 76
1476 303
1477 1836
1478 983
1479 3433
1480 6330
1481 148
1482 1232
1483 7143
1484 2720
1485 2545
1486 7768
1487 7899
1488 4027
1489 3567
1490 6601
1491 1395
1492 625
1493 8005
1494 1138
1495 5793
1496 3877
1497 4316
1498 3244
1499 5481
1500 1921
1501 4122
1502 2189
1503 5093
1504 7294
1505 3794
1506 6504
1507 3958
1508 6159
1509 7626
1510 4666
1511 2467
1512 5720
1513 2859
1514 2042
1515 7227
1516 1639
1517 7514
1518 4737
1519 3367
1520 367
1521 4503
1522 6696
1523 746
1524 4599
1525 7442
1526 4816
1527 844
1528 8160
1529 8088
1530 2615
1531 2960
1532 2784
1533 7064
1534 5188
1535 2308
1536 1715
1537 7358
1538 5296
1539 1513
1540 485
1541 6413
1542 6243
1543 6856
1544 6345
1545 6957
1546 166
1547 3083
1548 7144
1549 5412
1550 980
1551 4924
1552 6778
1553 1801
1554 5956
1555 3594
1556 3681
1557 3485
1558 1098
1559 5617
1560 911
1561 7692
1562 42
1563 7988
1564 2125
1565 5002
1566 5823
1567 1903
1568 2379
1569 5551
1570 4335
1571 4192
1572 585
1573 2196
1574 3853
1575 3774
1576 233
1577 6090
1578 2026
1579 7585
1580 5740
1581 3928
1582 6591
1583 1392
1584 2511
1585 1640
1586 3207
1587 7799
1588 724
1589 6689
1590 321
1591 5074
1592 7428
1593 7875
1594 3364
1595 4438
1596 4808
1597 3017
1598 2673
1599 5161
1600 1265
1601 4672
1602 6492
1603 2596
1604 7061
1605 5325
1606 828
1607 8180
1608 6270
1609 6203
1610 4526
1611 4077
1612 2928
1613 7261
1614 1466
1615 979
1616 6870
1617 3092
1618 167
1619 3999
1620 5970
1621 2782
1622 3450
1623 1831
1624 7176
1625 1764
1626 2300
1627 1125
1628 4898
1629 7668
1630 5902
1631 3548
1632 7517
1633 6757
1634 484
1635 4978
1636 32
1637 5508
1638 6339
1639 3679
1640 4229
1641 2134
1642 1048
1643 2861
1644 2002
1645 5650
1646 5821
1647 6568
1648 2371
1649 6109
1650 6960
1651 8091
1652 1384
1653 3296
1654 261
1655 900
1656 399
1657 601
1658 5393
1659 753
1660 7824
1661 7377
1662 3935
1663 5106
1664 7911
1665 3615
1666 3179
1667 4603
1668 4769
1669 1578
1670 7031
1671 7596
1672 3782
1673 679
1674 5579
1675 4436
1676 4295
1677 4111
1678 1915
1679 4833
1680 4670
1681 6252
1682 3379
1683 5226
1684 2459
1685 1258
1686 115
1687 1675
1688 7214
1689 7134
1690 4516
1691 6891
1692 7745
1693 3038
1694 2607
1695 7660
1696 1783
1697 5915
1698 6036
1699 972
1700 530
1701 2949
1702 1463
1703 6666
1704 4997
1705 7279
1706 6441
1707 2137
1708 1160
1709 2855
1710 7506
1711 5815
1712 6317
1713 6165
1714 181
1715 2703
1716 6815
1717 3267
1718 6518
1719 2376
1720 4205
1721 445
1722 263
1723 882
1724 2242
1725 5454
1726 5360
1727 7347
1728 25
1729 6582
1730 5118
1731 8055
1732 1370
1733 3706
1734 791
1735 3603
1736 4754
1737 3969
1738 3888
1739 5588
1740 1541
1741 3524
1742 1989
1743 4923
1744 4312
1745 8182
1746 4086
1747 4671
1748 7976
1749 352
1750 7883
1751 5182
1752 1073
1753 6973
1754 3374
1755 4820
1756 7044
1757 1892
1758 106
1759 2593
1760 7729
1761 5950
1762 6038
1763 7121
1764 4564
1765 1733
1766 2788
1767 6667
1768 6899
1769 1230
1770 521
1771 2138
1772 3121
1773 7201
1774 6739
1775 4426
1776 2490
1777 5660
1778 5739
1779 2722
1780 615
1781 3300
1782 6162
1783 6386
1784 3041
1785 6229
1786 697
1787 7579
1788 2424
1789 2972
1790 2881
1791 7331
1792 6310
1793 866
1794 5860
1795 3225
1796 1827
1797 7657
1798 5312
1799 7453
1800 8040
1801 279
1802 3839
1803 6830
1804 1300
1805 3656
1806 5569
1807 5476
1808 185
1809 2215
1810 985
1811 3444
1812 2032
1813 3942
1814 392
1815 3576
1816 5237
1817 4920
1818 7877
1819 4675
1820 797
1821 8144
1822 1381
1823 93
1824 4281
1825 3747
1826 4849
1827 4125
1828 4571
1829 5951
1830 6966
1831 2655
1832 2564
1833 7137
1834 6520
1835 7777
1836 3153
1837 2108
1838 1522
1839 4481
1840 1146
1841 1080
1842 6621
1843 2326
1844 1594
1845 6046
1846 1739
1847 3302
1848 5138
1849 553
1850 3060
1851 7523
1852 6431
1853 5036
1854 5778
1855 1931
1856 2996
1857 4351
1858 6754
1859 5385
1860 7373
1861 7240
1862 902
1863 664
1864 2823
1865 320
1866 6175
1867 2734
1868 1667
1869 2439
1870 3508
1871 3238
1872 6356
1873 1806
1874 6282
1875 1211
1876 5313
1877 6850
1878 2010
1879 3427
1880 404
1881 8015
1882 3574
1883 3977
1884 5506
1885 6690
1886 2245
1887 69
1888 151
1889 5704
1890 4968
1891 2179
1892 2924
1893 7449
1894 817
1895 3721
1896 7688
1897 4647
1898 5224
1899 7607
1900 4828
1901 7308
1902 7123
1903 4543
1904 7843
1905 6522
1906 5907
1907 1396
1908 5626
1909 4139
1910 2362
1911 8128
1912 1118
1913 6096
1914 3903
1915 1295
1916 554
1917 7040
1918 6001
1919 2521
1920 3819
1921 4322
1922 3021
1923 490
1924 5079
1925 3312
1926 952
1927 5812
1928 2594
1929 6968
1930 1574
1931 2806
1932 1920
1933 2074
1934 4739
1935 1695
1936 6217
1937 301
1938 6452
1939 6384
1940 1795
1941 7770
1942 735
1943 3440
1944 4450
1945 4042
1946 4246
1947 7513
1948 1471
1949 5340
1950 8019
1951 3246
1952 387
1953 6756
1954 1200
1955 5150
1956 2168
1957 2241
1958 168
1959 5500
1960 7208
1961 7946
1962 3164
1963 657
1964 7654
1965 3704
1966 6691
1967 4906
1968 7140
1969 2872
1970 6862
1971 6320
1972 1020
1973 4142
1974 6554
1975 5567
1976 7310
1977 4667
1978 2666
1979 5001
1980 6144
1981 4561
1982 8162
1983 4805
1984 8093
1985 5266
1986 1132
1987 3551
1988 2738
1989 6006
1990 519
1991 5918
1992 831
1993 7426
1994 1365
1995 3310
1996 3032
1997 1962
1998 5084
1999 79
2000 1699
2001 6250
2002 4385
2003 2405
2004 2473
2005 453
2006 3840
2007 2045
2008 3637
2009 2952
2010 953
2011 1845
2012 7004
2013 5373
2014 1457
2015 728
2016 3995
2017 2338
2018 3442
2019 4273
2020 5175
2021 6618
2022 6073
2023 349
2024 6784
2025 5711
2026 7798
2027 8013
2028 605
2029 237
2030 1528
2031 7595
2032 3156
2033 149
2034 4889
2035 6442
2036 7515
2037 6685
2038 7893
2039 4456
2040 2843
2041 7162
2042 2209
2043 6366
2044 1034
2045 4969
2046 1291
2047 4539
2048 7296
2049 6888
2050 4818
2051 3931
2052 4621
2053 2723
2054 2650
2055 5438
2056 1213
2057 8107
2058 5300
2059 876
2060 7677
2061 5639
2062 7080
2063 3750
2064 1622
2065 3515
2066 2553
2067 5958
2068 4119
2069 527
2070 6545
2071 7405
2072 428
2073 5085
2074 40
2075 967
2076 3661
2077 5842
2078 3325
2079 1460
2080 1731
2081 4740
2082 6292
2083 2047
2084 3579
2085 1909
2086 6147
2087 2400
2088 5179
2089 2324
2090 4375
2091 6980
2092 3051
2093 8024
2094 5517
2095 1362
2096 2485
2097 314
2098 202
2099 3852
2100 7229
2101 4197
2102 628
2103 4441
2104 4900
2105 7945
2106 3188
2107 6762
2108 4026
2109 764
2110 6636
2111 2984
2112 4528
2113 7542
2114 3401
2115 6868
2116 4594
2117 5368
2118 1805
2119 7743
2120 2814
2121 7303
2122 2651
2123 6461
2124 5725
2125 8151
2126 2729
2127 2131
2128 1189
2129 4976
2130 5286
2131 3932
2132 3476
2133 1981
2134 6050
2135 7857
2136 5648
2137 1293
2138 3254
2139 4663
2140 436
2141 1593
2142 7613
2143 3319
2144 7466
2145 1472
2146 2910
2147 4829
2148 5847
2149 5440
2150 6161
2151 509
2152 6355
2153 870
2154 4358
2155 7023
2156 5135
2157 74
2158 1678
2159 4758
2160 2582
2161 8052
2162 6945
2163 163
2164 996
2165 2051
2166 2264
2167 3601
2168 4152
2169 7106
2170 1900
2171 6261
2172 251
2173 5924
2174 6630
2175 7198
2176 7985
2177 4036
2178 663
2179 2427
2180 7392
2181 6529
2182 3761
2183 7783
2184 7716
2185 1742
2186 1095
2187 4449
2188 2339
2189 4260
2190 8156
2191 5352
2192 3850
2193 2731
2194 595
2195 3145
2196 7263
2197 2175
2198 1217
2199 2667
2200 2824
2201 5763
2202 6743
2203 3954
2204 3036
2205 1820
2206 3500
2207 2513
2208 6840
2209 1611
2210 410
2211 1462
2212 6438
2213 6040
2214 4574
2215 7862
2216 789
2217 3341
2218 1964
2219 4638
2220 3226
2221 7546
2222 491
2223 7456
2224 4918
2225 6149
2226 1534
2227 21
2228 943
2229 5124
2230 2937
2231 1289
2232 3653
2233 2089
2234 1357
2235 4850
2236 7045
2237 5628
2238 5503
2239 330
2240 4146
2241 5966
2242 7941
2243 4034
2244 1893
2245 4720
2246 178
2247 6335
2248 5843
2249 6549
2250 6647
2251 701
2252 1119
2253 8007
2254 4988
2255 2407
2256 4477
2257 6258
2258 2306
2259 3841
2260 243
2261 1735
2262 1055
2263 4222
2264 6923
2265 7725
2266 8172
2267 5708
2268 2799
2269 6715
2270 8083
2271 3119
2272 860
2273 1803
2274 3956
2275 4373
2276 3424
2277 2639
2278 6060
2279 6446
2280 3570
2281 5229
2282 2214
2283 6822
2284 598
2285 4633
2286 7643
2287 7305
2288 3211
2289 1669
2290 5343
2291 7153
2292 2024
2293 1560
2294 7383
2295 2946
2296 929
2297 439
2298 2882
2299 64
2300 6137
2301 7059
2302 4796
2303 1288
2304 7567
2305 5535
2306 5137
2307 1198
2308 1464
2309 7870
2310 4075
2311 5641
2312 336
2313 7451
2314 5816
2315 518
2316 4552
2317 4725
2318 3498
2319 5053
2320 2492
2321 5938
2322 1377
2323 2118
2324 4943
2325 4306
2326 7225
2327 1925
2328 2289
2329 3351
2330 3716
2331 7719
2332 6297
2333 2735
2334 2572
2335 6206
2336 5461
2337 2801
2338 3822
2339 3080
2340 1113
2341 4221
2342 856
2343 1822
2344 666
2345 3286
2346 6473
2347 7934
2348 6861
2349 6577
2350 6069
2351 5246
2352 4447
2353 1025
2354 3011
2355 5738
2356 4646
2357 2034
2358 6711
2359 5347
2360 6785
2361 6382
2362 3175
2363 3420
2364 7299
2365 5
2366 940
2367 1745
2368 2886
2369 3618
2370 3964
2371 1648
2372 4151
2373 7070
2374 8041
2375 416
2376 5553
2377 8119
2378 7462
2379 4836
2380 5642
2381 187
2382 3529
2383 7382
2384 1548
2385 2203
2386 4035
2387 7005
2388 5081
2389 5866
2390 1410
2391 7806
2392 581
2393 4713
2394 5949
2395 329
2396 5152
2397 2270
2398 2698
2399 2385
2400 6641
2401 7615
2402 3768
2403 4365
2404 1316
2405 3689
2406 6938
2407 4916
2408 4232
2409 1950
2410 1884
2411 2566
2412 713
2413 5006
2414 5457
2415 5232
2416 101
2417 6088
2418 826
2419 4462
2420 262
2421 2115
2422 1191
2423 6706
2424 5376
2425 3241
2426 1054
2427 3102
2428 7914
2429 6574
2430 2774
2431 1780
2432 511
2433 6285
2434 6412
2435 7549
2436 2031
2437 5786
2438 6506
2439 7181
2440 3324
2441 8048
2442 4569
2443 3910
2444 7281
2445 903
2446 7710
2447 971
2448 431
2449 4789
2450 6825
2451 7081
2452 3510
2453 6158
2454 3419
2455 2902
2456 7017
2457 2994
2458 1518
2459 5522
2460 5147
2461 2455
2462 1688
2463 4148
2464 7472
2465 7640
2466 5662
2467 2
2468 5985
2469 3575
2470 5874
2471 340
2472 4341
2473 1385
2474 4237
2475 2533
2476 2336
2477 3702
2478 173
2479 1297
2480 4967
2481 5256
2482 823
2483 584
2484 2608
2485 7833
2486 1204
2487 4472
2488 4049
2489 3785
2490 5031
2491 1916
2492 1130
2493 2202
2494 7361
2495 6587
2496 6700
2497 4719
2498 6092
2499 3108
2500 5345
2501 6417
2502 5734
2503 3982
2504 6222
2505 8143
2506 4639
2507 3289
2508 7966
2509 7551
2510 3209
2511 995
2512 2781
2513 730
2514 7715
2515 6882
2516 7278
2517 7086
2518 108
2519 2888
2520 452
2521 4573
2522 6348
2523 889
2524 5170
2525 6519
2526 6958
2527 1852
2528 6780
2529 7425
2530 4135
2531 8062
2532 5612
2533 1786
2534 1459
2535 2447
2536 3588
2537 2097
2538 5944
2539 3915
2540 6157
2541 1530
2542 4262
2543 1355
2544 291
2545 3457
2546 3712
2547 1596
2548 2555
2549 5827
2550 524
2551 1700
2552 1210
2553 7891
2554 5061
2555 4989
2556 7187
2557 7791
2558 2641
2559 3849
2560 2221
2561 4445
2562 4055
2563 6023
2564 644
2565 4777
2566 5243
2567 1086
2568 5712
2569 4364
2570 3778
2571 3015
2572 5403
2573 4902
2574 6615
2575 5336
2576 3200
2577 7494
2578 5485
2579 7962
2580 7680
2581 380
2582 6420
2583 2796
2584 3986
2585 54
2586 3386
2587 7352
2588 8145
2589 227
2590 2318
2591 6262
2592 739
2593 4642
2594 3120
2595 2911
2596 825
2597 6829
2598 1006
2599 6494
2600 1996
2601 7592
2602 3591
2603 6988
2604 8068
2605 3919
2606 4209
2607 5144
2608 2408
2609 1901
2610 1368
2611 3495
2612 921
2613 3308
2614 2116
2615 6332
2616 5623
2617 5935
2618 2712
2619 1224
2620 7183
2621 5851
2622 5071
2623 1799
2624 7766
2625 3714
2626 2509
2627 3844
2628 1438
2629 6681
2630 556
2631 1614
2632 472
2633 2210
2634 7065
2635 2600
2636 1076
2637 6908
2638 313
2639 5263
2640 6564
2641 4824
2642 6086
2643 3045
2644 7694
2645 7971
2646 5381
2647 649
2648 5005
2649 12
2650 4892
2651 3201
2652 7476
2653 2776
2654 5755
2655 4096
2656 1698
2657 5463
2658 4582
2659 146
2660 4412
2661 6207
2662 4483
2663 7355
2664 2021
2665 2941
2666 758
2667 7576
2668 5543
2669 234
2670 3597
2671 4217
2672 6456
2673 8081
2674 6802
2675 2425
2676 913
2677 7831
2678 379
2679 5140
2680 6314
2681 3486
2682 1360
2683 1281
2684 8165
2685 3947
2686 1941
2687 7246
2688 5939
2689 6381
2690 3122
2691 5676
2692 2302
2693 2503
2694 3826
2695 3662
2696 1793
2697 1544
2698 990
2699 450
2700 3314
2701 7906
2702 3385
2703 5845
2704 7053
2705 2621
2706 1170
2707 2862
2708 4814
2709 6535
2710 6955
2711 659
2712 5283
2713 1627
2714 4887
2715 1869
2716 7650
2717 4973
2718 3755
2719 2128
2720 7991
2721 7433
2722 2756
2723 300
2724 4596
2725 5040
2726 6884
2727 1068
2728 4716
2729 6716
2730 6164
2731 4337
2732 6019
2733 2062
2734 7584
2735 6244
2736 564
2737 4250
2738 5744
2739 7499
2740 7130
2741 6629
2742 7327
2743 7733
2744 7812
2745 138
2746 4038
2747 5357
2748 4431
2749 3974
2750 1998
2751 6462
2752 5131
2753 8094
2754 858
2755 1352
2756 4499
2757 756
2758 2991
2759 3129
2760 6365
2761 5533
2762 3895
2763 2557
2764 1497
2765 377
2766 225
2767 2399
2768 7052
2769 2463
2770 8170
2771 5916
2772 2262
2773 5462
2774 444
2775 978
2776 3658
2777 1140
2778 5661
2779 1275
2780 3223
2781 7215
2782 3373
2783 6814
2784 4931
2785 1577
2786 70
2787 4860
2788 2659
2789 7918
2790 3507
2791 3762
2792 6912
2793 2875
2794 4750
2795 1914
2796 687
2797 6562
2798 6160
2799 5212
2800 1057
2801 604
2802 8027
2803 1843
2804 3064
2805 7438
2806 3587
2807 5818
2808 6236
2809 6662
2810 6067
2811 4278
2812 4076
2813 7853
2814 7722
2815 4579
2816 7646
2817 5013
2818 6495
2819 2140
2820 2008
2821 4402
2822 1696
2823 7329
2824 5356
2825 2809
2826 3305
2827 5526
2828 4479
2829 7565
2830 4685
2831 4143
2832 1481
2833 2357
2834 5287
2835 299
2836 1358
2837 4213
2838 5430
2839 2948
2840 3651
2841 918
2842 6396
2843 5634
2844 2248
2845 3985
2846 5998
2847 6797
2848 531
2849 7132
2850 1229
2851 4933
2852 46
2853 7917
2854 3859
2855 3428
2856 2437
2857 2652
2858 408
2859 6889
2860 4751
2861 3139
2862 7046
2863 8134
2864 4861
2865 5148
2866 1067
2867 3210
2868 1154
2869 3720
2870 3074
2871 5870
2872 813
2873 1939
2874 205
2875 8008
2876 2537
2877 6710
2878 5715
2879 3539
2880 4583
2881 7821
2882 3788
2883 2123
2884 5794
2885 1816
2886 7720
2887 4368
2888 711
2889 4054
2890 5353
2891 7398
2892 2821
2893 7219
2894 1672
2895 4648
2896 6505
2897 4467
2898 2724
2899 2352
2900 6166
2901 7588
2902 1543
2903 4149
2904 5257
2905 6245
2906 5076
2907 6617
2908 3006
2909 125
2910 898
2911 600
2912 4244
2913 7486
2914 2030
2915 1221
2916 3311
2917 2892
2918 5537
2919 5465
2920 3857
2921 3613
2922 339
2923 4925
2924 1367
2925 6952
2926 7068
2927 5952
2928 1003
2929 487
2930 6853
2931 3392
2932 6333
2933 3687
2934 2457
2935 1072
2936 829
2937 3165
2938 213
2939 5146
2940 5884
2941 2630
2942 6708
2943 7958
2944 5640
2945 7330
2946 1895
2947 7851
2948 8112
2949 41
2950 5706
2951 5820
2952 4336
2953 3497
2954 4778
2955 7682
2956 4852
2957 4995
2958 749
2959 4005
2960 7259
2961 1959
2962 6427
2963 2773
2964 4078
2965 3930
2966 1599
2967 4566
2968 7570
2969 1750
2970 3088
2971 2281
2972 2378
2973 3753
2974 6111
2975 147
2976 1478
2977 6596
2978 5349
2979 4665
2980 3269
2981 5250
2982 6246
2983 5561
2984 5468
2985 2211
2986 4168
2987 7165
2988 3002
2989 7407
2990 2873
2991 1234
2992 2077
2993 5070
2994 4484
2995 1353
2996 432
2997 3845
2998 6786
2999 1022
3000 549
3001 6989
3002 3648
3003 298
3004 5946
3005 362
3006 6664
3007 4270
3008 2442
3009 7079
3010 6350
3011 7333
3012 7775
3013 881
3014 5149
3015 6858
3016 6924
3017 7919
3018 8122
3019 3430
3020 1666
3021 5731
3022 3544
3023 23
3024 777
3025 3998
3026 4347
3027 1155
3028 5633
3029 2721
3030 2011
3031 1887
3032 8023
3033 7230
3034 1585
3035 4550
3036 6451
3037 1815
3038 4907
3039 3343
3040 4419
3041 7620
3042 4775
3043 4684
3044 3713
3045 5279
3046 6014
3047 672
3048 5344
3049 1444
3050 1516
3051 2581
3052 3245
3053 6526
3054 3777
3055 5213
3056 3077
3057 7150
3058 5077
3059 2935
3060 5856
3061 4996
3062 2852
3063 4094
3064 5428
3065 6185
3066 2274
3067 555
3068 2117
3069 7708
3070 5550
3071 7011
3072 231
3073 5941
3074 370
3075 6634
3076 2502
3077 7845
3078 3861
3079 6761
3080 6875
3081 1375
3082 2434
3083 6107
3084 897
3085 3007
3086 4618
3087 1051
3088 2349
3089 3503
3090 7535
3091 3950
3092 8153
3093 4296
3094 5664
3095 5730
3096 1972
3097 6266
3098 133
3099 4548
3100 3409
3101 1720
3102 738
3103 1829
3104 9
3105 4023
3106 3327
3107 3616
3108 1136
3109 7781
3110 8035
3111 814
3112 4194
3113 6391
3114 4871
3115 3169
3116 2710
3117 6470
3118 4469
3119 2185
3120 2632
3121 6016
3122 3764
3123 2568
3124 1475
3125 3698
3126 2048
3127 7266
3128 2825
3129 4756
3130 6553
3131 5380
3132 2279
3133 2927
3134 1206
3135 5172
3136 7135
3137 1304
3138 1643
3139 1539
3140 4958
3141 4127
3142 3087
3143 270
3144 5576
3145 5868
3146 478
3147 7007
3148 4372
3149 6139
3150 7698
3151 6866
3152 5264
3153 2383
3154 7573
3155 4643
3156 5942
3157 2453
3158 6781
3159 364
3160 7411
3161 3883
3162 6637
3163 5646
3164 7849
3165 1393
3166 912
3167 6221
3168 134
3169 1949
3170 695
3171 563
3172 5474
3173 3968
3174 3449
3175 1797
3176 8051
3177 4211
3178 1881
3179 988
3180 33
3181 4885
3182 1061
3183 6701
3184 5759
3185 6013
3186 8185
3187 7940
3188 2177
3189 6378
3190 2627
3191 4496
3192 3355
3193 3291
3194 7762
3195 3795
3196 4051
3197 3525
3198 6512
3199 5025
3200 2276
3201 7177
3202 1301
3203 4742
3204 2894
3205 7093
3206 2529
3207 3697
3208 6941
3209 3033
3210 3633
3211 1126
3212 1554
3213 1709
3214 5334
3215 6134
3216 7478
3217 4381
3218 5190
3219 4305
3220 1638
3221 773
3222 6311
3223 7307
3224 6795
3225 4956
3226 4588
3227 4807
3228 2777
3229 430
3230 6586
3231 3899
3232 2460
3233 907
3234 7604
3235 632
3236 2346
3237 7830
3238 6876
3239 1809
3240 7397
3241 5683
3242 165
3243 4669
3244 5114
3245 1966
3246 7012
3247 5834
3248 6669
3249 5979
3250 1059
3251 3132
3252 5556
3253 1421
3254 3979
3255 5901
3256 8056
3257 4507
3258 8132
3259 323
3260 2154
3261 72
3262 2662
3263 3451
3264 2058
3265 6510
3266 7203
3267 3208
3268 1290
3269 249
3270 4072
3271 6247
3272 3824
3273 3326
3274 3641
3275 842
3276 1898
3277 7947
3278 2982
3279 1553
3280 7763
3281 2272
3282 6076
3283 5242
3284 558
3285 4196
3286 3563
3287 2549
3288 5335
3289 7127
3290 3749
3291 6394
3292 2818
3293 412
3294 4928
3295 5751
3296 4307
3297 4575
3298 1485
3299 2454
3300 7469
3301 2908
3302 4410
3303 7649
3304 947
3305 5012
3306 1749
3307 6828
3308 5153
3309 6325
3310 6599
3311 1636
3312 4766
3313 709
3314 2364
3315 6999
3316 7313
3317 1369
3318 5566
3319 1153
3320 7854
3321 1042
3322 6156
3323 8090
3324 5422
3325 4858
3326 7384
3327 5877
3328 3955
3329 5957
3330 2193
3331 3069
3332 1814
3333 267
3334 6523
3335 6230
3336 162
3337 1990
3338 6679
3339 97
3340 4654
3341 848
3342 3304
3343 3142
3344 494
3345 4056
3346 7741
3347 3887
3348 5225
3349 4166
3350 630
3351 7210
3352 334
3353 7129
3354 7977
3355 2684
3356 3005
3357 7537
3358 6426
3359 2098
3360 2797
3361 5314
3362 5790
3363 2438
3364 4493
3365 4325
3366 1515
3367 16
3368 2565
3369 2929
3370 7458
3371 6048
3372 4936
3373 3407
3374 2293
3375 1913
3376 4558
3377 1303
3378 1650
3379 559
3380 6971
3381 3670
3382 5702
3383 959
3384 6351
3385 2367
3386 763
3387 3593
3388 7288
3389 3519
3390 5073
3391 7864
3392 6598
3393 6877
3394 5480
3395 4802
3396 2863
3397 4731
3398 1231
3399 6794
3400 1849
3401 3759
3402 1419
3403 4425
3404 696
3405 6238
3406 8042
3407 5858
3408 3297
3409 455
3410 2025
3411 4082
3412 7737
3413 7365
3414 7633
3415 3983
3416 879
3417 5239
3418 7157
3419 7972
3420 2183
3421 1082
3422 118
3423 5974
3424 4171
3425 8191
3426 6124
3427 3023
3428 3171
3429 2670
3430 1545
3431 1785
3432 7569
3433 2466
3434 2785
3435 4320
3436 6047
3437 337
3438 4940
3439 5154
3440 1961
3441 1164
3442 2288
3443 3089
3444 1630
3445 2534
3446 5781
3447 2119
3448 4615
3449 7485
3450 3832
3451 6516
3452 3584
3453 5592
3454 14
3455 4248
3456 7090
3457 5311
3458 7850
3459 2354
3460 4511
3461 6874
3462 984
3463 5684
3464 2900
3465 3448
3466 622
3467 3707
3468 1379
3469 189
3470 5524
3471 1888
3472 3520
3473 6808
3474 6961
3475 8059
3476 7236
3477 482
3478 3298
3479 4842
3480 6597
3481 7420
3482 761
3483 830
3484 4003
3485 3897
3486 917
3487 6410
3488 5044
3489 686
3490 6234
3491 6120
3492 5390
3493 4759
3494 1314
3495 1494
3496 1091
3497 7974
3498 4691
3499 4378
3500 259
3501 3215
3502 1738
3503 7555
3504 2789
3505 4313
3506 327
3507 3384
3508 2207
3509 2718
3510 6344
3511 5160
3512 5981
3513 5826
3514 4120
3515 2464
3516 6501
3517 7490
3518 91
3519 3066
3520 7627
3521 5317
3522 4979
3523 2082
3524 1203
3525 8173
3526 3818
3527 1817
3528 2006
3529 2305
3530 1584
3531 2605
3532 7894
3533 2936
3534 583
3535 2857
3536 3530
3537 6742
3538 1904
3539 7317
3540 5596
3541 3678
3542 4487
3543 5749
3544 1409
3545 6806
3546 434
3547 7083
3548 4590
3549 2541
3550 3465
3551 8067
3552 3299
3553 6632
3554 4236
3555 6211
3556 4006
3557 6986
3558 4870
3559 3884
3560 7807
3561 160
3562 502
3563 1038
3564 7197
3565 226
3566 5912
3567 7421
3568 5090
3569 747
3570 1271
3571 3189
3572 6898
3573 2764
3574 5253
3575 2186
3576 4367
3577 4761
3578 6318
3579 342
3580 816
3581 3377
3582 6435
3583 5523
3584 3008
3585 90
3586 1717
3587 966
3588 681
3589 6103
3590 1134
3591 4138
3592 7997
3593 1969
3594 5666
3595 1555
3596 2654
3597 7648
3598 3104
3599 2068
3600 2294
3601 7910
3602 1338
3603 6002
3604 5418
3605 2912
3606 5839
3607 2446
3608 7268
3609 1486
3610 5765
3611 4301
3612 3604
3613 1642
3614 4955
3615 4070
3616 7119
3617 7727
3618 6550
3619 7525
3620 570
3621 4525
3622 3728
3623 3512
3624 3913
3625 4233
3626 435
3627 154
3628 5178
3629 6187
3630 5338
3631 6787
3632 4609
3633 5934
3634 6674
3635 7029
3636 247
3637 3258
3638 7191
3639 2583
3640 7396
3641 4891
3642 2753
3643 6353
3644 4397
3645 2217
3646 3393
3647 5080
3648 5530
3649 4774
3650 6954
3651 6466
3652 6276
3653 2839
3654 935
3655 6865
3656 733
3657 1759
3658 3184
3659 1412
3660 50
3661 8155
3662 8050
3663 1907
3664 7597
3665 4686
3666 2299
3667 6041
3668 5458
3669 7957
3670 3796
3671 3018
3672 1268
3673 1340
3674 2105
3675 1180
3676 2483
3677 1029
3678 1689
3679 7829
3680 859
3681 3994
3682 6579
3683 7289
3684 517
3685 635
3686 1542
3687 2915
3688 1612
3689 7096
3690 1101
3691 2688
3692 7529
3693 3657
3694 5197
3695 3480
3696 131
3697 4310
3698 4999
3699 6693
3700 5897
3701 341
3702 7221
3703 3091
3704 208
3705 6204
3706 5656
3707 1986
3708 5341
3709 4184
3710 4591
3711 4409
3712 3415
3713 4768
3714 4476
3715 3566
3716 7353
3717 4899
3718 4093
3719 2613
3720 944
3721 2391
3722 6328
3723 5774
3724 53
3725 5269
3726 3278
3727 2787
3728 6901
3729 3350
3730 8043
3731 7435
3732 3723
3733 6065
3734 2201
3735 5421
3736 6813
3737 6403
3738 7659
3739 744
3740 7943
3741 6998
3742 1767
3743 3906
3744 7785
3745 6131
3746 6513
3747 6600
3748 1165
3749 448
3750 2487
3751 3016
3752 1426
3753 1320
3754 5111
3755 661
3756 5492
3757 3630
3758 2884
3759 7521
3760 2699
3761 1527
3762 4294
3763 818
3764 142
3765 2100
3766 550
3767 1607
3768 1078
3769 5886
3770 1908
3771 235
3772 7189
3773 3989
3774 5027
3775 4225
3776 343
3777 6205
3778 4606
3779 6747
3780 5964
3781 1013
3782 3540
3783 2325
3784 5647
3785 3131
3786 7349
3787 8149
3788 2590
3789 2413
3790 3787
3791 7264
3792 2803
3793 4091
3794 68
3795 5278
3796 7873
3797 3709
3798 1690
3799 6323
3800 4865
3801 4387
3802 6838
3803 3316
3804 4485
3805 5788
3806 3214
3807 1784
3808 4941
3809 7637
3810 2206
3811 6434
3812 4734
3813 6502
3814 3923
3815 7802
3816 7102
3817 5572
3818 7705
3819 3854
3820 457
3821 7950
3822 7030
3823 3024
3824 2909
3825 6648
3826 619
3827 7526
3828 1282
3829 8031
3830 1142
3831 1551
3832 7416
3833 2132
3834 6084
3835 5435
3836 238
3837 2685
3838 799
3839 5116
3840 691
3841 4180
3842 311
3843 946
3844 1461
3845 5959
3846 1933
3847 4017
3848 3590
3849 382
3850 6584
3851 4311
3852 2595
3853 4800
3854 5889
3855 2342
3856 6741
3857 1040
3858 2495
3859 3467
3860 87
3861 2028
3862 7223
3863 7321
3864 1673
3865 6171
3866 6360
3867 169
3868 4464
3869 1207
3870 8146
3871 5698
3872 2829
3873 3688
3874 5359
3875 5783
3876 3766
3877 5201
3878 6290
3879 4605
3880 3261
3881 3354
3882 7101
3883 4922
3884 5578
3885 4993
3886 3894
3887 7846
3888 19
3889 6665
3890 4694
3891 3176
3892 6484
3893 2983
3894 4398
3895 1851
3896 4535
3897 2914
3898 7927
3899 5510
3900 7667
3901 7755
3902 1380
3903 5292
3904 3112
3905 5432
3906 2099
3907 2705
3908 239
3909 1298
3910 5115
3911 4047
3912 796
3913 647
3914 6890
3915 4155
3916 1469
3917 540
3918 6068
3919 2409
3920 6799
3921 4315
3922 5878
3923 5978
3924 1049
3925 2268
3926 1128
3927 7553
3928 7026
3929 1761
3930 3501
3931 6132
3932 3623
3933 8036
3934 7363
3935 1994
3936 7444
3937 958
3938 1566
3939 7273
3940 437
3941 3758
3942 6216
3943 6338
3944 2510
3945 892
3946 4795
3947 1220
3948 4624
3949 2631
3950 3921
3951 2811
3952 1919
3953 7841
3954 3242
3955 6548
3956 7112
3957 5636
3958 3413
3959 7193
3960 4502
3961 5797
3962 3330
3963 7924
3964 5009
3965 4241
3966 7689
3967 129
3968 5249
3969 3690
3970 1647
3971 2091
3972 2333
3973 6735
3974 1284
3975 5151
3976 6633
3977 4058
3978 4910
3979 5363
3980 779
3981 6411
3982 5455
3983 345
3984 3834
3985 8113
3986 276
3987 4140
3988 6917
3989 578
3990 4324
3991 1127
3992 2922
3993 5568
3994 1484
3995 6817
3996 7623
3997 505
3998 6094
3999 8011
4000 7477
4001 3173
4002 1824
4003 7297
4004 1004
4005 3545
4006 7028
4007 6273
4008 6017
4009 2157
4010 6172
4011 2016
4012 2525
4013 4843
4014 5862
4015 939
4016 1943
4017 3625
4018 2766
4019 1209
4020 1712
4021 710
4022 7842
4023 5947
4024 2660
4025 44
4026 7374
4027 5682
4028 2830
4029 4518
4030 4399
4031 2449
4032 5039
4033 1415
4034 7128
4035 3447
4036 4779
4037 212
4038 3941
4039 6537
4040 3368
4041 2255
4042 7195
4043 4715
4044 6695
4045 6465
4046 5329
4047 7916
4048 372
4049 4957
4050 4050
4051 7552
4052 6911
4053 5488
4054 3271
4055 4309
4056 864
4057 2086
4058 792
4059 1313
4060 3790
4061 441
4062 5780
4063 1104
4064 6606
4065 1491
4066 5252
4067 7772
4068 4117
4069 8135
4070 3030
4071 5143
4072 3876
4073 6082
4074 2321
4075 2182
4076 1645
4077 7703
4078 627
4079 7051
4080 4632
4081 8028
4082 7634
4083 2938
4084 1958
4085 514
4086 963
4087 1878
4088 5855
4089 3533
4090 1558
4091 7408
4092 6371
4093 4245
4094 5399
4095 2679
4096 7316
4097 1416
4098 2433
4099 3606
4100 5059
4101 3196
4102 256
4103 2816
4104 190
4105 699
4106 4855
4107 3441
4108 5671
4109 7125
4110 6249
4111 48
4112 2538
4113 6524
4114 1033
4115 3360
4116 1169
4117 5489
4118 7493
4119 4454
4120 4383
4121 3724
4122 783
4123 6987
4124 6798
4125 1726
4126 7213
4127 2070
4128 6883
4129 6004
4130 4724
4131 7559
4132 7793
4133 6687
4134 8177
4135 5940
4136 4123
4137 354
4138 6182
4139 1349
4140 3096
4141 7699
4142 5777
4143 6105
4144 4994
4145 6623
4146 5557
4147 4022
4148 634
4149 425
4150 1951
4151 4592
4152 2331
4153 2223
4154 3280
4155 3862
4156 3014
4157 6423
4158 5310
4159 1633
4160 8053
4161 1428
4162 2719
4163 4660
4164 5128
4165 3645
4166 116
4167 3199
4168 6359
4169 512
4170 277
4171 4220
4172 3945
4173 1246
4174 7060
4175 7970
4176 6272
4177 2493
4178 5240
4179 1071
4180 4827
4181 6499
4182 7344
4183 5058
4184 7450
4185 4452
4186 5449
4187 775
4188 960
4189 1872
4190 3429
4191 700
4192 2947
4193 6939
4194 2111
4195 2426
4196 31
4197 4362
4198 6021
4199 4755
4200 7624
4201 7231
4202 2040
4203 3565
4204 7769
4205 2860
4206 5665
4207 1713
4208 6809
4209 5910
4210 5809
4211 8159
4212 1177
4213 4947
4214 6631
4215 6136
4216 2606
4217 4529
4218 186
4219 3101
4220 420
4221 4041
4222 2283
4223 1794
4224 3320
4225 4291
4226 2737
4227 4625
4228 5554
4229 1402
4230 2356
4231 3682
4232 6722
4233 5308
4234 7834
4235 863
4236 1601
4237 6349
4238 520
4239 7048
4240 2218
4241 3217
4242 633
4243 302
4244 5218
4245 3022
4246 5383
4247 1476
4248 1112
4249 7960
4250 7367
4251 776
4252 6226
4253 4821
4254 3801
4255 1944
4256 7301
4257 2504
4258 932
4259 2110
4260 7695
4261 4177
4262 1326
4263 4408
4264 7159
4265 7448
4266 6873
4267 1253
4268 7616
4269 4704
4270 5659
4271 3596
4272 2831
4273 1023
4274 3975
4275 5034
4276 5869
4277 4895
4278 6580
4279 5453
4280 7533
4281 8114
4282 4551
4283 82
4284 6467
4285 393
4286 6962
4287 2633
4288 5996
4289 3460
4290 1856
4291 4043
4292 1779
4293 1397
4294 8179
4295 4342
4296 3726
4297 6775
4298 3336
4299 2736
4300 8029
4301 1693
4302 1182
4303 6291
4304 2958
4305 7084
4306 6652
4307 3118
4308 637
4309 4474
4310 7844
4311 6116
4312 3251
4313 460
4314 1595
4315 7371
4316 5251
4317 4799
4318 6367
4319 2402
4320 5527
4321 3806
4322 5741
4323 2546
4324 274
4325 4118
4326 2101
4327 7776
4328 180
4329 7216
4330 4182
4331 4961
4332 942
4333 1267
4334 5625
4335 3907
4336 7908
4337 1967
4338 2227
4339 4620
4340 4688
4341 6212
4342 833
4343 1028
4344 6531
4345 8099
4346 5400
4347 4542
4348 8
4349 359
4350 528
4351 7302
4352 6946
4353 7684
4354 5888
4355 1483
4356 3461
4357 2316
4358 2858
4359 5159
4360 7539
4361 112
4362 1819
4363 6881
4364 1115
4365 1725
4366 1199
4367 6776
4368 1387
4369 3733
4370 3003
4371 7032
4372 594
4373 6654
4374 3338
4375 3157
4376 4377
4377 7975
4378 7110
4379 2037
4380 5326
4381 5235
4382 4863
4383 7415
4384 1615
4385 4783
4386 6118
4387 5075
4388 3828
4389 6408
4390 5502
4391 2741
4392 461
4393 2461
4394 5990
4395 717
4396 1883
4397 4962
4398 3527
4399 2149
4400 2649
4401 5819
4402 3090
4403 5632
4404 2231
4405 295
4406 835
4407 6202
4408 7820
4409 7202
4410 1960
4411 6546
4412 901
4413 4635
4414 3265
4415 5409
4416 2939
4417 2531
4418 1015
4419 8086
4420 4084
4421 3609
4422 5735
4423 7622
4424 3435
4425 2373
4426 2866
4427 6843
4428 4705
4429 4193
4430 7738
4431 4524
4432 7322
4433 7890
4434 1372
4435 7503
4436 4460
4437 6730
4438 10
4439 1152
4440 1249
4441 127
4442 1788
4443 8175
4444 3347
4445 7073
4446 1480
4447 2054
4448 617
4449 4343
4450 538
4451 3961
4452 6480
4453 4853
4454 5171
4455 6104
4456 5247
4457 7401
4458 3808
4459 6970
4460 5096
4461 1579
4462 1653
4463 2296
4464 2770
4465 716
4466 3010
4467 466
4468 5953
4469 2676
4470 7984
4471 1870
4472 6267
4473 6624
4474 7244
4475 6347
4476 925
4477 795
4478 2603
4479 3141
4480 3526
4481 4921
4482 5832
4483 7817
4484 1044
4485 209
4486 375
4487 5487
4488 3620
4489 2224
4490 5392
4491 8103
4492 6839
4493 6174
4494 4656
4495 5732
4496 2456
4497 7151
4498 4088
4499 3462
4500 7487
4501 7901
4502 6018
4503 6547
4504 3879
4505 4216
4506 1150
4507 6749
4508 1756
4509 281
4510 1987
4511 58
4512 1473
4513 2945
4514 1398
4515 5593
4516 568
4517 6481
4518 8178
4519 7335
4520 5194
4521 2847
4522 4428
4523 3264
4524 1315
4525 2160
4526 3809
4527 2345
4528 6964
4529 1616
4530 7581
4531 469
4532 4985
4533 4338
4534 6097
4535 5271
4536 1882
4537 3388
4538 4797
4539 3044
4540 5937
4541 7238
4542 5100
4543 6257
4544 3949
4545 4884
4546 2558
4547 1218
4548 948
4549 3556
4550 7828
4551 204
4552 2064
4553 4586
4554 2750
4555 6405
4556 4020
4557 1018
4558 4717
4559 6626
4560 3639
4561 7757
4562 5464
4563 6836
4564 2251
4565 5691
4566 7915
4567 8039
4568 5833
4569 2480
4570 845
4571 4208
4572 1807
4573 1684
4574 140
4575 7498
4576 6727
4577 1498
4578 1423
4579 2980
4580 4497
4581 1129
4582 690
4583 7366
4584 6511
4585 2880
4586 4101
4587 3130
4588 3873
4589 4653
4590 3784
4591 7057
4592 8189
4593 769
4594 2638
4595 7632
4596 2136
4597 66
4598 4302
4599 6057
4600 5019
4601 8125
4602 571
4603 7166
4604 5361
4605 6959
4606 5199
4607 3395
4608 5756
4609 369
4610 6237
4611 3237
4612 5120
4613 1342
4614 7822
4615 5627
4616 3057
4617 5991
4618 284
4619 1912
4620 3487
4621 1060
4622 4908
4623 4841
4624 1602
4625 2570
4626 5267
4627 2711
4628 7736
4629 2798
4630 6610
4631 4773
4632 2282
4633 6377
4634 4025
4635 498
4636 7938
4637 2358
4638 1708
4639 3696
4640 144
4641 214
4642 1223
4643 5859
4644 5549
4645 8044
4646 7258
4647 2035
4648 6782
4649 6301
4650 3944
4651 4157
4652 4486
4653 994
4654 4391
4655 4700
4656 6460
4657 6140
4658 803
4659 7541
4660 715
4661 5446
4662 7050
4663 2646
4664 3821
4665 3578
4666 1501
4667 610
4668 43
4669 893
4670 2141
4671 4259
4672 6910
4673 3375
4674 2486
4675 7618
4676 6071
4677 426
4678 3279
4679 5784
4680 8148
4681 5155
4682 7852
4683 331
4684 3055
4685 1436
4686 3488
4687 7402
4688 4998
4689 1343
4690 1088
4691 1861
4692 2574
4693 5982
4694 5082
4695 1963
4696 2277
4697 6576
4698 2768
4699 4831
4700 5315
4701 4057
4702 6218
4703 7784
4704 3672
4705 1683
4706 1252
4707 513
4708 5681
4709 7969
4710 4556
4711 1163
4712 6805
4713 3193
4714 7169
4715 2876
4716 5559
4717 4912
4718 4172
4719 4732
4720 156
4721 1782
4722 6372
4723 7319
4724 1009
4725 4396
4726 8033
4727 7245
4728 3771
4729 707
4730 3922
4731 7066
4732 5853
4733 2678
4734 806
4735 5426
4736 1505
4737 7717
4738 2106
4739 6476
4740 4332
4741 1590
4742 2027
4743 3345
4744 421
4745 623
4746 7519
4747 6130
4748 2374
4749 254
4750 326
4751 7591
4752 3421
4753 5000
4754 2973
4755 5785
4756 3272
4757 3054
4758 872
4759 4251
4760 3
4761 5133
4762 2258
4763 7422
4764 5288
4765 5932
4766 3554
4767 5206
4768 6556
4769 73
4770 3858
4771 7887
4772 1242
4773 1319
4774 4559
4775 4010
4776 6287
4777 6736
4778 2518
4779 4659
4780 1911
4781 1110
4782 6064
4783 1664
4784 4741
4785 7796
4786 1753
4787 3127
4788 5581
4789 6936
4790 8120
4791 2879
4792 5688
4793 4915
4794 5068
4795 1400
4796 6670
4797 4440
4798 2589
4799 4147
4800 3666
4801 141
4802 2448
4803 6407
4804 2656
4805 987
4806 7075
4807 2087
4808 2771
4809 7664
4810 2015
4811 8012
4812 5459
4813 7253
4814 3194
4815 592
4816 3772
4817 4822
4818 3356
4819 694
4820 1540
4821 2360
4822 6867
4823 6208
4824 3926
4825 246
4826 383
4827 2981
4828 492
4829 5922
4830 5814
4831 7534
4832 6471
4833 7379
4834 4321
4835 29
4836 5298
4837 5164
4838 1823
4839 7869
4840 6133
4841 3492
4842 3047
4843 3848
4844 5997
4845 4514
4846 1084
4847 7008
4848 3577
4849 7740
4850 2216
4851 1724
4852 1641
4853 6937
4854 4721
4855 2522
4856 4640
4857 2901
4858 5029
4859 5663
4860 6688
4861 1896
4862 869
4863 5582
4864 4162
4865 1430
4866 172
4867 7152
4868 1149
4869 2707
4870 5095
4871 1007
4872 3282
4873 934
4874 5369
4875 2127
4876 8069
4877 7447
4878 3195
4879 1345
4880 1991
4881 3745
4882 1254
4883 720
4884 2619
4885 6299
4886 2377
4887 316
4888 8181
4889 5499
4890 4068
4891 4823
4892 2805
4893 4934
4894 98
4895 4444
4896 7522
4897 7343
4898 6228
4899 7651
4900 614
4901 5752
4902 6766
4903 7922
4904 1573
4905 5255
4906 3972
4907 407
4908 477
4909 3823
4910 3362
4911 7242
4912 5883
4913 4339
4914 6533
4915 3496
4916 4267
4917 6148
4918 2057
4919 2208
4920 1825
4921 4554
4922 6469
4923 2890
4924 7827
4925 3600
4926 3093
4927 4661
4928 5586
4929 6037
4930 1729
4931 7077
4932 6983
4933 2496
4934 4163
4935 7587
4936 5156
4937 961
4938 4738
4939 5401
4940 6653
4941 240
4942 2992
4943 7739
4944 7155
4945 8034
4946 7417
4947 3190
4948 685
4949 1105
4950 1437
4951 2372
4952 1197
4953 6833
4954 4085
4955 2129
4956 8152
4957 2624
4958 847
4959 4965
4960 1286
4961 3266
4962 7351
4963 5033
4964 3691
4965 6277
4966 4844
4967 6364
4968 582
4969 5655
4970 7923
4971 4415
4972 1973
4973 2786
4974 1661
4975 5254
4976 27
4977 6767
4978 170
4979 5504
4980 5920
4981 3781
4982 3425
4983 4255
4984 7500
4985 1891
4986 1802
4987 6181
4988 2874
4989 3558
4990 351
4991 5805
4992 2714
4993 4545
4994 6051
4995 1571
4996 3952
4997 6933
4998 772
4999 2236
5000 2038
5001 3872
5002 6583
5003 5107
5004 2542
5005 4156
5006 1371
5007 4698
5008 7707
5009 3117
5010 6650
5011 7601
5012 6488
5013 3181
5014 949
5015 504
5016 1188
5017 4616
5018 1036
5019 7024
5020 4348
5021 8097
5022 3026
5023 236
5024 7173
5025 1449
5026 5402
5027 8030
5028 2315
5029 7269
5030 5719
5031 3322
5032 616
5033 6869
5034 7108
5035 5643
5036 7930
5037 1276
5038 8164
5039 1955
5040 7431
5041 2393
5042 6253
5043 4896
5044 1697
5045 3719
5046 2636
5047 123
5048 5215
5049 4420
5050 6800
5051 5518
5052 2864
5053 3789
5054 6146
5055 1771
5056 5316
5057 4226
5058 7823
5059 6418
5060 3647
5061 3505
5062 3412
5063 6049
5064 727
5065 5037
5066 4971
5067 4810
5068 1628
5069 5980
5070 4488
5071 800
5072 1563
5073 427
5074 6346
5075 6671
5076 2143
5077 3583
5078 318
5079 545
5080 5828
5081 2235
5082 7669
5083 1037
5084 4329
5085 2061
5086 4746
5087 2775
5088 4160
5089 6594
5090 3076
5091 1495
5092 7180
5093 7339
5094 871
5095 3904
5096 7010
5097 2987
5098 1109
5099 3987
5100 7742
5101 4668
5102 191
5103 8138
5104 5757
5105 4064
5106 5104
5107 2389
5108 6485
5109 5605
5110 6878
5111 1244
5112 7540
5113 640
5114 5685
5115 1401
5116 1334
5117 4563
5118 7109
5119 2692
5120 5186
5121 6173
5122 3168
5123 3715
5124 1934
5125 1711
5126 7913
5127 5521
5128 3281
5129 6790
5130 7262
5131 67
5132 2895
5133 3436
5134 6083
5135 2515
5136 5015
5137 5404
5138 4492
5139 4867
5140 6298
5141 936
5142 413
5143 1567
5144 5333
5145 522
5146 4942
5147 2579
5148 1646
5149 5973
5150 2041
5151 752
5152 7980
5153 308
5154 3580
5155 3053
5156 1830
5157 2257
5158 4331
5159 6644
5160 4784
5161 6565
5162 7001
5163 3878
5164 7390
5165 1063
5166 4200
5167 3996
5168 7754
5169 195
5170 5906
5171 1143
5172 3791
5173 6402
5174 4714
5175 7818
5176 5608
5177 7636
5178 1227
5179 4100
5180 1394
5181 2419
5182 5764
5183 4604
5184 639
5185 2769
5186 838
5187 2191
5188 3359
5189 1719
5190 6478
5191 3680
5192 6200
5193 1500
5194 6763
5195 1309
5196 5830
5197 8063
5198 2955
5199 5238
5200 3455
5201 7283
5202 6100
5203 2120
5204 3263
5205 6904
5206 5119
5207 454
5208 5501
5209 7126
5210 6288
5211 2661
5212 956
5213 5011
5214 1947
5215 2851
5216 102
5217 8141
5218 4433
5219 4945
5220 3178
5221 3564
5222 4517
5223 2498
5224 296
5225 2314
5226 729
5227 4356
5228 4793
5229 7042
5230 2022
5231 7403
5232 3114
5233 5999
5234 3896
5235 7491
5236 1159
5237 1837
5238 1608
5239 7713
5240 537
5241 6678
5242 7582
5243 7994
5244 3988
5245 4110
5246 5606
5247 6593
5248 5737
5249 223
5250 4702
5251 1238
5252 7895
5253 6385
5254 2755
5255 2414
5256 5386
5257 388
5258 5905
5259 5307
5260 1479
5261 1691
5262 3804
5263 846
5264 1081
5265 5231
5266 3673
5267 6821
5268 7222
5269 2954
5270 6477
5271 5822
5272 3303
5273 4178
5274 2194
5275 6114
5276 3028
5277 7113
5278 2602
5279 5516
5280 2114
5281 3378
5282 930
5283 8158
5284 4913
5285 5049
5286 145
5287 4534
5288 1403
5289 7309
5290 665
5291 1766
5292 4804
5293 6886
5294 7019
5295 4357
5296 3167
5297 4629
5298 6220
5299 1327
5300 8076
5301 3232
5302 5122
5303 4261
5304 2532
5305 1983
5306 486
5307 39
5308 3946
5309 1562
5310 3454
5311 7457
5312 7560
5313 1879
5314 1168
5315 5594
5316 3532
5317 5728
5318 278
5319 4697
5320 2355
5321 2871
5322 4435
5323 1017
5324 5305
5325 7704
5326 5968
5327 6340
5328 6569
5329 580
5330 2743
5331 366
5332 3632
5333 6642
5334 5227
5335 1492
5336 7190
5337 4046
5338 7956
5339 5792
5340 2243
5341 6110
5342 2677
5343 2428
5344 3020
5345 853
5346 7856
5347 5407
5348 4179
5349 6769
5350 6422
5351 1682
5352 770
5353 5511
5354 693
5355 7778
5356 1751
5357 1089
5358 7000
5359 4352
5360 2084
5361 4866
5362 137
5363 6841
5364 4512
5365 7385
5366 6487
5367 4580
5368 4987
5369 3699
5370 3220
5371 1997
5372 6180
5373 4763
5374 3307
5375 7287
5376 5051
5377 2159
5378 210
5379 1272
5380 3506
5381 5667
5382 1194
5383 3805
5384 3880
5385 438
5386 2561
5387 8147
5388 5896
5389 4268
5390 5328
5391 1588
5392 3404
5393 6029
5394 1846
5395 5601
5396 2841
5397 982
5398 6265
5399 1487
5400 3619
5401 7184
5402 7568
5403 4690
5404 3113
5405 11
5406 7678
5407 2476
5408 2261
5409 2746
5410 4416
5411 348
5412 4000
5413 899
5414 5204
5415 7484
5416 5437
5417 579
5418 7087
5419 714
5420 6557
5421 7882
5422 2933
5423 6750
5424 2351
5425 6990
5426 4130
5427 6676
5428 1079
5429 7359
5430 1927
5431 1660
5432 4970
5433 6101
5434 827
5435 1389
5436 5773
5437 1755
5438 6368
5439 8003
5440 4873
5441 2184
5442 3043
5443 3274
5444 5515
5445 5963
5446 3471
5447 3810
5448 5668
5449 4350
5450 4600
5451 182
5452 282
5453 3742
5454 2001
5455 105
5456 3927
5457 5132
5458 6826
5459 5880
5460 2547
5461 6191
5462 1262
5463 1195
5464 7292
5465 2634
5466 1517
5467 8102
5468 2090
5469 4787
5470 2812
5471 7575
5472 5595
5473 2420
5474 3155
5475 7809
5476 4711
5477 4013
5478 5065
5479 2284
5480 3599
5481 7206
5482 4282
5483 5354
5484 3399
5485 6503
5486 1839
5487 385
5488 2961
5489 552
5490 7117
5491 5445
5492 6692
5493 7393
5494 4531
5495 7879
5496 5210
5497 8171
5498 1032
5499 2348
5500 7025
5501 7714
5502 1341
5503 6357
5504 8018
5505 788
5506 919
5507 4185
5508 4890
5509 4087
5510 3235
5511 2896
5512 1929
5513 7948
5514 3825
5515 4395
5516 631
5517 6102
5518 2012
5519 3484
5520 283
5521 176
5522 3315
5523 3037
5524 6573
5525 2715
5526 3665
5527 4613
5528 468
5529 5760
5530 6849
5531 1521
5532 5928
5533 6783
5534 2093
5535 6032
5536 5598
5537 1701
5538 8089
5539 1184
5540 3752
5541 6925
5542 3137
5543 5861
5544 2548
5545 3929
5546 7311
5547 7815
5548 4297
5549 2213
5550 1439
5551 4803
5552 718
5553 532
5554 52
5555 6178
5556 4014
5557 7154
5558 6702
5559 5319
5560 6424
5561 6254
5562 4515
5563 7446
5564 2291
5565 3598
5566 1796
5567 5050
5568 2381
5569 1330
5570 1021
5571 363
5572 7520
5573 7631
5574 1606
5575 2479
5576 4136
5577 2853
5578 7998
5579 4405
5580 1873
5581 2969
5582 3219
5583 1100
5584 4683
5585 2648
5586 916
5587 4930
5588 641
5589 1953
5590 198
5591 4610
5592 5387
5593 5163
5594 7381
5595 5724
5596 6563
5597 805
5598 7039
5599 6847
5600 1257
5601 6331
5602 5514
5603 1187
5604 8142
5605 3674
5606 3469
5607 4215
5608 6490
5609 3323
5610 3071
5611 7731
5612 5955
5613 5846
5614 7797
5615 1496
5616 7925
5617 286
5618 1718
5619 1431
5620 5604
5621 470
5622 6723
5623 734
5624 4285
5625 7122
5626 551
5627 6197
5628 2247
5629 4749
5630 6054
5631 3892
5632 3535
5633 2018
5634 4498
5635 3390
5636 7211
5637 7475
5638 2763
5639 96
5640 2390
5641 7861
5642 6129
5643 4128
5644 5274
5645 6948
5646 4819
5647 1886
5648 4033
5649 2592
5650 4432
5651 7629
5652 2497
5653 398
5654 2832
5655 998
5656 2930
5657 5200
5658 4607
5659 1619
5660 5091
5661 7290
5662 3222
5663 1821
5664 5010
5665 3966
5666 5413
5667 626
5668 5479
5669 5718
5670 8084
5671 6863
5672 7033
5673 1235
5674 6389
5675 7697
5676 3668
5677 6551
5678 7792
5679 26
5680 7550
5681 3115
5682 1752
5683 7357
5684 1552
5685 4894
5686 6483
5687 4677
5688 1448
5689 7951
5690 5911
5691 4249
5692 6738
5693 2310
5694 1359
5695 6035
5696 489
5697 822
5698 5653
5699 292
5700 3886
5701 222
5702 7164
5703 6275
5704 3434
5705 1147
5706 1686
5707 4538
5708 2693
5709 7866
5710 5301
5711 4330
5712 3361
5713 2567
5714 6638
5715 3820
5716 2144
5717 4037
5718 117
5719 4112
5720 4744
5721 3509
5722 1952
5723 719
5724 2923
5725 361
5726 924
5727 6934
5728 6193
5729 5835
5730 4977
5731 4811
5732 5434
5733 5158
5734 4423
5735 2052
5736 3027
5737 7471
5738 5046
5739 7043
5740 7635
5741 1844
5742 6343
5743 8087
5744 6834
5745 2494
5746 993
5747 2233
5748 1772
5749 7239
5750 3172
5751 7701
5752 7404
5753 3602
5754 2802
5755 8016
5756 37
5757 1582
5758 7334
5759 6045
5760 1226
5761 5909
5762 6486
5763 569
5764 5366
5765 5709
5766 1378
5767 5512
5768 3250
5769 5236
5770 1443
5771 4188
5772 3718
5773 255
5774 7808
5775 4581
5776 7107
5777 7902
5778 1083
5779 2609
5780 6737
5781 5603
5782 3387
5783 6558
5784 2343
5785 2727
5786 2130
5787 7174
5788 1680
5789 4513
5790 4699
5791 4901
5792 839
5793 155
5794 6651
5795 2918
5796 1305
5797 5166
5798 6915
5799 467
5800 2005
5801 6242
5802 344
5803 3916
5804 1148
5805 7621
5806 5008
5807 3046
5808 6395
5809 1917
5810 955
5811 4288
5812 675
5813 4361
5814 3150
5815 2462
5816 1769
5817 7507
5818 6117
5819 8111
5820 1840
5821 3980
5822 8025
5823 3490
5824 2530
5825 7323
5826 7723
5827 6043
5828 4052
5829 1536
5830 5429
5831 3586
5832 3248
5833 7038
5834 2828
5835 5960
5836 6837
5837 2260
5838 5799
5839 1470
5840 539
5841 4630
5842 5332
5843 3827
5844 7795
5845 4826
5846 5262
5847 7860
5848 5547
5849 4159
5850 3744
5851 5695
5852 3671
5853 63
5854 6459
5855 2178
5856 7204
5857 4437
5858 6720
5859 606
5860 1046
5861 2944
5862 3423
5863 474
5864 1600
5865 784
5866 5145
5867 353
5868 1205
5869 2019
5870 2701
5871 7944
5872 2104
5873 2332
5874 6619
5875 1382
5876 4990
5877 7136
5878 977
5879 4510
5880 1740
5881 6943
5882 3086
5883 1141
5884 7474
5885 904
5886 7600
5887 671
5888 252
5889 2616
5890 7671
5891 3160
5892 6099
5893 8105
5894 4059
5895 4893
5896 2422
5897 5442
5898 132
5899 2842
5900 1279
5901 3971
5902 1848
5903 6854
5904 3230
5905 5808
5906 6316
5907 8187
5908 3335
5909 5919
5910 5228
5911 7855
5912 4727
5913 7325
5914 6034
5915 5072
5916 3611
5917 4242
5918 3748
5919 2516
5920 6241
5921 7747
5922 3882
5923 6729
5924 1456
5925 2226
5926 1535
5927 8032
5928 7250
5929 567
5930 6393
5931 3439
5932 4597
5933 6536
5934 2772
5935 4317
5936 5372
5937 5525
5938 2155
5939 4126
5940 6608
5941 1649
5942 2088
5943 3534
5944 2320
5945 6168
5946 7156
5947 4662
5948 999
5949 1391
5950 3034
5951 5736
5952 2017
5953 1135
5954 3813
5955 7547
5956 2611
5957 2964
5958 5304
5959 3152
5960 4812
5961 5452
5962 433
5963 4960
5964 4521
5965 4024
5966 62
5967 3684
5968 5658
5969 6793
5970 128
5971 4421
5972 2418
5973 280
5974 1263
5975 1808
5976 1946
5977 7481
5978 3287
5979 5168
5980 6953
5981 5069
5982 6072
5983 8104
5984 7619
5985 706
5986 7718
5987 5803
5988 5903
5989 7786
5990 2253
5991 2700
5992 4728
5993 3912
5994 873
5995 587
5996 6300
5997 4227
5998 7364
5999 510
6000 1580
6001 3218
6002 7967
6003 7254
6004 2176
6005 1508
6006 8168
6007 2800
6008 6429
6009 5584
6010 6517
6011 7147
6012 4300
6013 3522
6014 5234
6015 2319
6016 6646
6017 1662
6018 4878
6019 1179
6020 2069
6021 3452
6022 6169
6023 991
6024 3816
6025 3013
6026 6233
6027 1730
6028 3381
6029 4584
6030 8037
6031 3105
6032 2869
6033 406
6034 5727
6035 5424
6036 7072
6037 2573
6038 30
6039 1280
6040 7896
6041 7488
6042 221
6043 4657
6044 5306
6045 1858
6046 1427
6047 3644
6048 3992
6049 3317
6050 781
6051 6827
6052 1993
6053 4154
6054 335
6055 5141
6056 104
6057 2663
6058 3890
6059 4069
6060 6312
6061 4509
6062 678
6063 6728
6064 7653
6065 7006
6066 5654
6067 1093
6068 5972
6069 6080
6070 2507
6071 471
6072 6940
6073 3205
6074 6416
6075 6555
6076 7561
6077 7751
6078 5004
6079 5857
6080 4319
6081 2199
6082 3549
6083 2401
6084 7232
6085 4414
6086 5587
6087 1559
6088 2730
6089 5220
6090 2267
6091 7391
6092 1791
6093 6231
6094 861
6095 5519
6096 3099
6097 4882
6098 4791
6099 3746
6100 8078
6101 2575
6102 2926
6103 2083
6104 7926
6105 1336
6106 7298
6107 4723
6108 945
6109 6660
6110 3416
6111 2795
6112 1862
6113 5431
6114 3970
6115 745
6116 5723
6117 1251
6118 4165
6119 609
6120 7149
6121 6845
6122 1723
6123 1451
6124 3660
6125 1978
6126 4585
6127 3285
6128 7840
6129 3898
6130 114
6131 2998
6132 3349
6133 6077
6134 1185
6135 5092
6136 424
6137 1120
6138 6768
6139 287
6140 4247
6141 6421
6142 6581
6143 7760
6144 1010
6145 5028
6146 3517
6147 3163
6148 533
6149 7612
6150 2156
6151 5789
6152 356
6153 4060
6154 5624
6155 5281
6156 6322
6157 4379
6158 7464
6159 1629
6160 865
6161 7362
6162 4461
6163 3727
6164 6951
6165 5863
6166 3075
6167 7056
6168 7545
6169 8095
6170 2934
6171 8166
6172 7295
6173 4693
6174 5983
6175 3829
6176 1889
6177 2822
6178 6497
6179 5191
6180 2290
6181 2588
6182 2716
6183 7929
6184 4131
6185 1524
6186 2520
6187 194
6188 5346
6189 6196
6190 5507
6191 7199
6192 3990
6193 8020
6194 785
6195 1762
6196 6842
6197 3313
6198 2363
6199 55
6200 1273
6201 4570
6202 4959
6203 6751
6204 3605
6205 607
6206 7859
6207 4877
6208 7759
6209 290
6210 4298
6211 6588
6212 4798
6213 5690
6214 1453
6215 2431
6216 6387
6217 5088
6218 3000
6219 4234
6220 7630
6221 3206
6222 5585
6223 2020
6224 2197
6225 3459
6226 1069
6227 1694
6228 5420
6229 703
6230 7414
6231 3677
6232 7531
6233 895
6234 2932
6235 4504
6236 7085
6237 970
6238 2095
6239 5984
6240 5810
6241 2791
6242 3851
6243 6113
6244 7272
6245 2626
6246 1910
6247 4370
6248 6278
6249 7003
6250 4709
6251 2725
6252 5342
6253 1337
6254 2286
6255 7186
6256 391
6257 6683
6258 1557
6259 5908
6260 507
6261 4439
6262 5169
6263 3767
6264 7931
6265 139
6266 4144
6267 3943
6268 6887
6269 5233
6270 786
6271 8085
6272 8188
6273 7724
6274 1810
6275 2501
6276 3270
6277 593
6278 3352
6279 2380
6280 20
6281 1219
6282 4817
6283 264
6284 1408
6285 2999
6286 3103
6287 5687
6288 3531
6289 6760
6290 6472
6291 6589
6292 7810
6293 1090
6294 4983
6295 683
6296 4011
6297 7577
6298 2163
6299 3692
6300 3446
6301 5607
6302 5456
6303 6022
6304 4280
6305 4645
6306 3191
6307 2917
6308 7368
6309 4576
6310 1635
6311 5775
6312 6388
6313 3621
6314 3864
6315 7256
6316 1008
6317 4883
6318 2704
6319 6967
6320 1930
6321 887
6322 6112
6323 2846
6324 5348
6325 2063
6326 2623
6327 6259
6328 357
6329 4468
6330 440
6331 1318
6332 7160
6333 1519
6334 5205
6335 3933
6336 5892
6337 8109
6338 4092
6339 7726
6340 4753
6341 7898
6342 6893
6343 7434
6344 4403
6345 2398
6346 2271
6347 588
6348 2505
6349 153
6350 6177
6351 4161
6352 2986
6353 7644
6354 1828
6355 3081
6356 3776
6357 8017
6358 7067
6359 217
6360 1728
6361 5098
6362 2145
6363 6627
6364 6724
6365 1440
6366 1085
6367 5573
6368 1166
6369 5498
6370 4252
6371 6453
6372 3693
6373 6543
6374 3197
6375 5645
6376 3277
6377 743
6378 4549
6379 4641
6380 6788
6381 5806
6382 3344
6383 4846
6384 7233
6385 890
6386 3553
6387 5992
6388 5309
6389 2898
6390 6342
6391 1652
6392 6
6393 654
6394 5398
6395 3417
6396 2571
6397 2820
6398 1561
6399 2049
6400 496
6401 4980
6402 397
6403 7721
6404 1324
6405 7886
6406 1902
6407 5872
6408 7133
6409 2697
6410 4418
6411 821
6412 7467
6413 7548
6414 5217
6415 2287
6416 1976
6417 4073
6418 6240
6419 6930
6420 3029
6421 3110
6422 7350
6423 3836
6424 7986
6425 5126
6426 6058
6427 272
6428 7801
6429 6614
6430 5052
6431 962
6432 4729
6433 1106
6434 3909
6435 2165
6436 2392
6437 3646
6438 4164
6439 5574
6440 5733
6441 4253
6442 6436
6443 3257
6444 1754
6445 2499
6446 1832
6447 8057
6448 7271
6449 3735
6450 4794
6451 4614
6452 7021
6453 3528
6454 92
6455 8190
6456 4506
6457 6771
6458 7641
6459 159
6460 6538
6461 3369
6462 8121
6463 5652
6464 508
6465 3981
6466 1489
6467 5443
6468 373
6469 2044
6470 4869
6471 2903
6472 6308
6473 6864
6474 1583
6475 656
6476 3192
6477 2833
6478 5294
6479 2313
6480 1215
6481 5195
6482 1924
6483 2637
6484 736
6485 7468
6486 2976
6487 4984
6488 855
6489 2249
6490 7185
6491 7961
6492 7114
6493 241
6494 3107
6495 4045
6496 5904
6497 4710
6498 1663
6499 1386
6500 5130
6501 3866
6502 964
6503 7773
6504 6079
6505 6183
6506 2417
6507 2139
6508 4153
6509 5562
6510 1043
6511 6428
6512 7348
6513 1826
6514 3260
6515 3628
6516 3769
6517 4223
6518 4293
6519 4392
6520 4523
6521 7049
6522 6709
6523 7556
6524 1117
6525 6515
6526 7702
6527 3502
6528 7838
6529 2765
6530 497
6531 5746
6532 5490
6533 7277
6534 8049
6535 574
6536 6009
6537 6944
6538 81
6539 6260
6540 1482
6541 6362
6542 1546
6543 4459
6544 4847
6545 2850
6546 5377
6547 6612
6548 5272
6549 4608
6550 3948
6551 2519
6552 2689
6553 2347
6554 5043
6555 771
6556 429
6557 2075
6558 6860
6559 3158
6560 3380
6561 5670
6562 5895
6563 2239
6564 1954
6565 5189
6566 338
6567 7141
6568 905
6569 4707
6570 7436
6571 1404
6572 2612
6573 8129
6574 969
6575 682
6576 6145
6577 1838
6578 1329
6579 3019
6580 220
6581 2164
6582 4158
6583 3871
6584 4284
6585 1671
6586 3247
6587 3737
6588 4012
6589 1047
6590 7652
6591 7746
6592 4389
6593 3589
6594 1123
6595 6540
6596 3463
6597 2780
6598 6437
6599 3654
6600 6055
6601 7978
6602 501
6603 1214
6604 6753
6605 45
6606 7554
6607 6985
6608 4530
6609 6686
6610 5531
6611 1589
6612 7903
6613 5770
6614 4598
6615 1748
6616 2695
6617 5284
6618 2353
6619 837
6620 577
6621 6337
6622 5467
6623 2470
6624 7226
6625 5611
6626 6897
6627 754
6628 418
6629 5196
6630 7328
6631 4991
6632 5056
6633 4862
6634 5871
6635 3372
6636 4767
6637 2931
6638 7413
6639 5384
6640 3095
6641 3180
6642 1422
6643 8108
6644 1945
6645 7826
6646 2254
6647 2121
6648 1511
6649 4134
6650 6832
6651 2865
6652 253
6653 1302
6654 7675
6655 4283
6656 3262
6657 4680
6658 1145
6659 7097
6660 6189
6661 3552
6662 4349
6663 642
6664 6106
6665 6012
6666 4207
6667 4062
6668 2586
6669 3799
6670 6566
6671 35
6672 3924
6673 6993
6674 3708
6675 5689
6676 346
6677 7557
6678 1875
6679 5545
6680 1070
6681 4453
6682 1665
6683 6264
6684 135
6685 2762
6686 5801
6687 7897
6688 989
6689 6390
6690 7993
6691 6635
6692 731
6693 480
6694 857
6695 6740
6696 3617
6697 560
6698 2416
6699 5945
6700 5097
6701 4790
6702 1597
6703 7255
6704 7452
6705 5619
6706 2046
6707 4935
6708 3187
6709 3109
6710 5173
6711 8073
6712 2195
6713 4601
6714 5411
6715 2844
6716 266
6717 3997
6718 1531
6719 1332
6720 3256
6721 5324
6722 6927
6723 411
6724 6852
6725 1948
6726 3453
6727 1196
6728 6108
6729 4371
6730 2488
6731 2957
6732 3337
6733 5014
6734 650
6735 3815
6736 6570
6737 2635
6738 6030
6739 4679
6740 1446
6741 8140
6742 2112
6743 4097
6744 5541
6745 7120
6746 333
6747 4290
6748 5260
6749 2562
6750 7354
6751 7712
6752 7814
6753 5779
6754 2778
6755 4210
6756 6239
6757 7562
6758 7936
6759 1835
6760 1121
6761 1760
6762 6493
6763 535
6764 6677
6765 3901
6766 1634
6767 3568
6768 986
6769 152
6770 7460
6771 4522
6772 6303
6773 6764
6774 3683
6775 5109
6776 8006
6777 7642
6778 4760
6779 49
6780 5433
6781 7194
6782 4028
6783 1307
6784 6375
6785 2394
6786 4917
6787 4837
6788 3234
6789 811
6790 6981
6791 5930
6792 3061
6793 2192
6794 3162
6795 2709
6796 2014
6797 1918
6798 668
6799 6125
6800 8075
6801 447
6802 6572
6803 3773
6804 6025
6805 920
6806 3418
6807 5331
6808 5180
6809 2478
6810 4617
6811 1477
6812 5513
6813 5023
6814 1237
6815 4099
6816 2081
6817 5630
6818 7284
6819 5768
6820 4231
6821 312
6822 7939
6823 2640
6824 4430
6825 5838
6826 737
6827 6482
6828 6699
6829 7865
6830 1644
6831 3868
6832 6199
6833 4314
6834 2554
6835 7711
6836 7058
6837 2783
6838 1564
6839 2989
6840 206
6841 6294
6842 1787
6843 3546
6844 6796
6845 7594
6846 2295
6847 7511
6848 1001
6849 3659
6850 5444
6851 121
6852 7146
6853 534
6854 6363
6855 3309
6856 3079
6857 6977
6858 5248
6859 5933
6860 7395
6861 2198
6862 1333
6863 4762
6864 57
6865 6121
6866 2925
6867 1984
6868 8123
6869 3797
6870 7800
6871 4692
6872 8045
6873 4886
6874 1405
6875 3170
6876 602
6877 1905
6878 6903
6879 2361
6880 673
6881 2469
6882 5538
6883 5117
6884 802
6885 4031
6886 1490
6887 4108
6888 5769
6889 4473
6890 6560
6891 4595
6892 1264
6893 3437
6894 6011
6895 2126
6896 7979
6897 6479
6898 7218
6899 462
6900 7300
6901 1139
6902 5849
6903 2671
6904 2807
6905 7735
6906 5184
6907 6682
6908 4982
6909 884
6910 2559
6911 6198
6912 4187
6913 1045
6914 5620
6915 322
6916 3622
6917 7603
6918 6831
6919 7480
6920 2059
6921 5396
6922 5701
6923 5473
6924 6373
6925 6746
6926 7035
6927 1692
6928 3953
6929 7907
6930 1777
6931 4279
6932 3078
6933 3807
6934 2212
6935 258
6936 6081
6937 3290
6938 4785
6939 3012
6940 5931
6941 1605
6942 3224
6943 1874
6944 3159
6945 1980
6946 3523
6947 723
6948 177
6949 557
6950 2444
6951 6935
6952 8054
6953 4374
6954 1537
6955 7836
6956 1452
6957 2921
6958 4505
6959 5542
6960 4904
6961 950
6962 3391
6963 3885
6964 8139
6965 7234
6966 6468
6967 4071
6968 6015
6969 2322
6970 7748
6971 414
6972 7987
6973 1178
6974 6302
6975 5078
6976 5261
6977 2691
6978 1259
6979 22
6980 6534
6981 1325
6982 109
6983 7386
6984 2094
6985 7574
6986 2793
6987 7116
6988 2517
6989 4141
6990 4703
6991 6765
6992 1710
6993 5776
6994 2617
6995 5364
6996 5693
6997 7473
6998 3082
6999 3643
7000 7679
7001 2230
7002 854
7003 4239
7004 5162
7005 3765
7006 1114
7007 6609
7008 250
7009 1936
7010 5882
7011 5618
7012 5439
7013 1798
7014 766
7015 3491
7016 652
7017 4328
7018 3174
7019 6153
7020 6906
7021 4974
7022 7878
7023 1609
7024 3571
7025 499
7026 4611
7027 1019
7028 4406
7029 7224
7030 2023
7031 4838
7032 4905
7033 2997
7034 3348
7035 8098
7036 6227
7037 6053
7038 3963
7039 175
7040 2329
7041 7758
7042 5047
7043 4039
7044 5967
7045 6370
7046 6992
7047 8001
7048 99
7049 2870
7050 7389
7051 6296
7052 4494
7053 2471
7054 7590
7055 1321
7056 923
7057 7099
7058 415
7059 4708
7060 6448
7061 3273
7062 6704
7063 3650
7064 2664
7065 2598
7066 2790
7067 2172
7068 5717
7069 1706
7070 5276
7071 4105
7072 7304
7073 1192
7074 6514
7075 1418
7076 5415
7077 257
7078 3731
7079 3867
7080 586
7081 2259
7082 5841
7083 6628
7084 6818
7085 662
7086 7524
7087 3136
7088 5600
7089 790
7090 1834
7091 1504
7092 7832
7093 5187
7094 1626
7095 2009
7096 7200
7097 1940
7098 347
7099 6919
7100 8101
7101 4429
7102 1000
7103 4169
7104 3405
7105 6119
7106 5529
7107 3550
7108 2080
7109 4825
7110 4004
7111 6028
7112 3202
7113 122
7114 7666
7115 5917
7116 2956
7117 4264
7118 2451
7119 2365
7120 7995
7121 6235
7122 442
7123 4345
7124 4540
7125 1306
7126 5054
7127 6309
7128 7734
7129 6707
7130 2739
7131 3649
7132 6991
7133 7410
7134 926
7135 7100
7136 2190
7137 2580
7138 3035
7139 6432
7140 7905
7141 216
7142 4622
7143 2891
7144 1102
7145 526
7146 5796
7147 3725
7148 4081
7149 1167
7150 684
7151 5447
7152 2817
7153 5375
7154 596
7155 3478
7156 5692
7157 2297
7158 7345
7159 4701
7160 1572
7161 1938
7162 1454
7163 3295
7164 5134
7165 51
7166 7502
7167 1656
7168 8133
7169 7270
7170 5219
7171 820
7172 3396
7173 7816
7174 6916
7175 6128
7176 307
7177 6640
7178 1737
7179 4839
7180 2055
7181 2966
7182 3569
7183 1026
7184 2491
7185 3835
7186 3154
7187 3914
7188 5926
7189 1847
7190 5577
7191 5303
7192 4181
7193 1233
7194 4404
7195 6559
7196 5022
7197 6010
7198 2708
7199 6248
7200 7685
7201 2167
7202 2423
7203 4909
7204 6851
7205 7098
7206 2584
7207 3640
7208 6341
7209 8021
7210 3085
7211 500
7212 3228
7213 1350
7214 6995
7215 4501
7216 2840
7217 4067
7218 419
7219 6463
7220 751
7221 2359
7222 1161
7223 3482
7224 5677
7225 5766
7226 4258
7227 674
7228 1988
7229 591
7230 7942
7231 3739
7232 7340
7233 4593
7234 4772
7235 5831
7236 1525
7237 909
7238 5389
7239 7771
7240 171
7241 3363
7242 5192
7243 1624
7244 6770
7245 2234
7246 1705
7247 1062
7248 5086
7249 2085
7250 3837
7251 6658
7252 2905
7253 1866
7254 8174
7255 5532
7256 7465
7257 3902
7258 56
7259 832
7260 285
7261 7617
7262 2726
7263 5976
7264 5597
7265 3560
7266 6143
7267 6214
7268 7693
7269 5268
7270 7179
7271 2432
7272 6544
7273 1434
7274 4658
7275 7839
7276 2585
7277 4932
7278 5017
7279 4480
7280 7260
7281 6315
7282 6984
7283 2974
7284 3084
7285 3185
7286 2169
7287 1225
7288 3259
7289 365
7290 1311
7291 5898
7292 4401
7293 6896
7294 516
7295 4174
7296 3991
7297 7949
7298 6404
7299 8066
7300 3756
7301 4074
7302 5729
7303 7341
7304 2344
7305 4544
7306 5337
7307 2819
7308 203
7309 1510
7310 1591
7311 721
7312 5083
7313 957
7314 3663
7315 5203
7316 6713
7317 6061
7318 8150
7319 1066
7320 3371
7321 1868
7322 6622
7323 1789
7324 7461
7325 5419
7326 2668
7327 4286
7328 1968
7329 5638
7330 3511
7331 5495
7332 7611
7333 6150
7334 7161
7335 4848
7336 2445
7337 94
7338 3908
7339 4650
7340 1441
7341 5825
7342 1707
7343 5273
7344 7709
7345 599
7346 294
7347 2601
7348 7251
7349 2536
7350 6507
7351 2250
7352 3049
7353 5563
7354 7848
7355 1328
7356 5929
7357 7037
7358 1176
7359 6295
7360 6801
7361 7920
7362 6969
7363 2066
7364 4190
7365 2970
7366 4030
7367 804
7368 6439
7369 4557
7370 4992
7371 2170
7372 4927
7373 3125
7374 2792
7375 4366
7376 704
7377 7989
7378 158
7379 1526
7380 1592
7381 5705
7382 6042
7383 5355
7384 8072
7385 3831
7386 981
7387 3624
7388 7437
7389 5062
7390 4722
7391 6684
7392 3426
7393 2366
7394 3342
7395 1982
7396 1775
7397 1111
7398 2867
7399 488
7400 6871
7401 3514
7402 3239
7403 3751
7404 1414
7405 5167
7406 7163
7407 4478
7408 5472
7409 6142
7410 7774
7411 624
7412 288
7413 89
7414 1890
7415 7690
7416 5291
7417 885
7418 2450
7419 2578
7420 7360
7421 5782
7422 2285
7423 2683
7424 4634
7425 400
7426 6997
7427 1287
7428 6590
7429 4186
7430 4103
7431 5631
7432 6251
7433 4856
7434 7509
7435 5965
7436 819
7437 6324
7438 4975
7439 2187
7440 2079
7441 3911
7442 6755
7443 5565
7444 4276
7445 1193
7446 6401
7447 6039
7448 8092
7449 4019
7450 689
7451 5713
7452 1681
7453 4376
7454 5041
7455 2758
7456 1002
7457 4567
7458 3581
7459 3443
7460 179
7461 1520
7462 3097
7463 3838
7464 1970
7465 5867
7466 3276
7467 1792
7468 5406
7469 1122
7470 3722
7471 5129
7472 6857
7473 8169
7474 6655
7475 3009
7476 4748
7477 7892
7478 1390
7479 7750
7480 7429
7481 4446
7482 928
7483 5198
7484 1867
7485 5285
7486 7167
7487 6921
7488 7578
7489 2665
7490 6163
7491 7963
7492 7356
7493 2489
7494 575
7495 481
7496 1277
7497 4201
7498 755
7499 5491
7500 7063
7501 4113
7502 77
7503 6274
7504 2386
7505 2307
7506 2173
7507 2845
7508 4881
7509 3365
7510 5802
7511 6745
7512 1617
7513 5610
7514 306
7515 6521
7516 2563
7517 8071
7518 4318
7519 1716
7520 4032
7521 4628
7522 3537
7523 5026
7524 6994
7525 2107
7526 6447
7527 3965
7528 3870
7529 7672
7530 653
7531 2916
7532 3610
7533 6354
7534 2779
7535 851
7536 5408
7537 3134
7538 229
7539 3694
7540 1974
7541 1458
7542 7291
7543 5977
7544 1800
7545 6649
7546 4443
7547 3062
7548 3763
7549 1173
7550 7170
7551 1550
7552 5875
7553 7572
7554 7455
7555 7982
7556 5293
7557 6170
7558 4695
7559 1885
7560 1269
7561 7868
7562 1373
7563 5696
7564 6859
7565 1011
7566 5483
7567 4228
7568 7105
7569 7779
7570 4537
7571 376
7572 2375
7573 4946
7574 3383
7575 5208
7576 75
7577 2278
7578 2696
7579 2468
7580 2993
7581 5591
7582 6255
7583 309
7584 2622
7585 8080
7586 3318
7587 3543
7588 4353
7589 6078
7590 5067
7591 6498
7592 5767
7593 757
7594 612
7595 2166
7596 1658
7597 2883
7598 4021
7599 4874
7600 6777
7601 7372
7602 3847
7603 1097
7604 207
7605 6947
7606 475
7607 3140
7608 1957
7609 5388
7610 6003
7611 2096
7612 7027
7613 1781
7614 6602
7615 2808
7616 5891
7617 910
7618 7280
7619 4098
7620 7964
7621 1533
7622 6397
7623 5275
7624 1260
7625 7483
7626 7863
7627 7663
7628 5669
7629 836
7630 5466
7631 3676
7632 680
7633 1186
7634 7209
7635 4780
7636 4448
7637 2403
7638 3411
7639 7728
7640 1388
7641 2269
7642 4674
7643 3757
7644 5003
7645 2967
7646 7139
7647 95
7648 6268
7649 4243
7650 2642
7651 2475
7652 297
7653 4541
7654 3499
7655 6154
7656 5108
7657 1467
7658 4363
7659 5209
7660 8116
7661 5590
7662 6705
7663 5771
7664 8047
7665 6879
7666 7387
7667 7598
7668 566
7669 4914
7670 3328
7671 1103
7672 6804
7673 3939
7674 1897
7675 219
7676 3050
7677 5371
7678 6972
7679 2868
7680 2122
7681 5913
7682 7275
7683 6575
7684 974
7685 3198
7686 1632
7687 5844
7688 4008
7689 6449
7690 7527
7691 7900
7692 1568
7693 5289
7694 4132
7695 368
7696 3123
7697 793
7698 2752
7699 1721
7700 5475
7701 4752
7702 2384
7703 877
7704 1344
7705 1266
7706 726
7707 7069
7708 1813
7709 3432
7710 3869
7711 2003
7712 2273
7713 7188
7714 4224
7715 6334
7716 2524
7717 3711
7718 6044
7719 4299
7720 6127
7721 4676
7722 7782
7723 2971
7724 3638
7725 3518
7726 6201
7727 5743
7728 4845
7729 4519
7730 2597
7731 5064
7732 1413
7733 7439
7734 7608
7735 1116
7736 5202
7737 4981
7738 6672
7739 1894
7740 3798
7741 621
7742 5410
7743 446
7744 1181
7745 5540
7746 7996
7747 7370
7748 2142
7749 8079
7750 3339
7751 120
7752 6872
7753 215
7754 7285
7755 7543
7756 7674
7757 6409
7758 4044
7759 1050
7760 4417
7761 7858
7762 5649
7763 1581
7764 6603
7765 812
7766 1677
7767 2732
7768 3967
7769 332
7770 1317
7771 7078
7772 1763
7773 6963
7774 5936
7775 4781
7776 3422
7777 2341
7778 6774
7779 2265
7780 3106
7781 7142
7782 742
7783 2897
7784 4214
7785 5817
7786 3889
7787 3233
7788 2527
7789 7788
7790 6123
7791 2988
7792 4897
7793 4292
7794 5327
7795 4489
7796 976
7797 3493
7798 3669
7799 2614
7800 5722
7801 6279
7802 5102
7803 4964
7804 6697
7805 7441
7806 6059
7807 2441
7808 4121
7809 493
7810 1850
7811 1212
7812 5471
7813 629
7814 3573
7815 5571
7816 59
7817 2161
7818 7318
7819 7955
7820 193
7821 7544
7822 2078
7823 7691
7824 896
7825 1926
7826 3775
7827 8106
7828 2810
7829 4712
7830 1995
7831 1651
7832 7241
7833 260
7834 5395
7835 6195
7836 3962
7837 1124
7838 6607
7839 5221
7840 4555
7841 1296
7842 6414
7843 324
7844 3135
7845 1450
7846 422
7847 807
7848 1053
7849 6772
7850 708
7851 2323
7852 6950
7853 5865
7854 1776
7855 1364
7856 7884
7857 2899
7858 5962
7859 2702
7860 5320
7861 4303
7862 4413
7863 2252
7864 3275
7865 1523
7866 4880
7867 6329
7868 7014
7869 4491
7870 7118
7871 5094
7872 3438
7873 536
7874 2429
7875 5747
7876 5497
7877 2526
7878 636
7879 7412
7880 3562
7881 2153
7882 3863
7883 5613
7884 2629
7885 6491
7886 143
7887 7605
7888 7342
7889 927
7890 6031
7891 4189
7892 7530
7893 7790
7894 1857
7895 3340
7896 6263
7897 3004
7898 4089
7899 5417
7900 61
7901 3664
7902 6141
7903 2050
7904 5183
7905 3732
7906 4792
7907 1240
7908 4718
7909 7267
7910 6698
7911 381
7912 5007
7913 1975
7914 1077
7915 245
7916 6918
7917 3186
7918 1012
7919 459
7920 849
7921 3934
7922 774
7923 1610
7924 1703
7925 7952
7926 4333
7927 4254
7928 8060
7929 3100
7930 2232
7931 6592
7932 5299
7933 5948
7934 1538
7935 7103
7936 4875
7937 2733
7938 5099
7939 3445
7940 6812
7941 5496
7942 5829
7943 561
7944 2472
7945 4508
7946 3802
7947 2301
7948 2368
7949 7406
7950 5748
7951 164
7952 2877
7953 3521
7954 1465
7955 5583
7956 7504
7957 2152
7958 7610
7959 5674
7960 705
7961 4001
7962 7874
7963 2953
7964 6398
7965 3031
7966 7803
7967 7182
7968 5425
7969 2591
7970 1312
7971 1860
7972 2039
7973 1190
7974 3255
7975 84
7976 317
7977 1778
7978 6286
7979 4434
7980 6188
7981 4952
7982 4736
7983 6914
7984 3675
7985 3332
7986 4173
7987 2658
7988 7312
7989 3177
7990 6725
7991 1625
7992 6979
7993 8100
7994 867
7995 1704
7996 2225
7997 933
7998 443
7999 5223
8000 4369
8001 6541
8002 5057
8003 4859
8004 5894
8005 6062
8006 4272
8007 6613
8008 7247
8009 2512
8010 3397
8011 3833
8012 2369
8013 1932
8014 7062
8015 4546
8016 3743
8017 8004
8018 2757
8019 3489
8020 2440
8021 5602
8022 5534
8023 7510
8024 1407
8025 523
8026 3978
8027 722
8028 7661
8029 2940
8030 7932
8031 3065
8032 5762
8033 2148
8034 4061
8035 5697
8036 787
8037 5441
8038 1278
8039 5975
8040 6406
8041 3252
8042 7744
8043 200
8044 7443
8045 107
8046 4770
8047 4463
8048 1506
8049 1999
8050 3582
8051 4689
8052 358
8053 1005
8054 603
8055 2610
8056 6976
8057 6289
8058 6210
8059 4937
8060 1685
8061 7332
8062 456
8063 6748
8064 862
8065 2229
8066 3148
8067 5045
8068 1576
8069 5881
8070 6885
8071 1131
8072 4238
8073 5362
8074 7249
8075 1833
8076 2514
8077 4323
8078 2690
8079 6639
8080 3812
8081 3389
8082 3730
8083 3481
8084 7047
8085 2754
8086 2382
8087 1899
8088 5110
8089 1348
8090 4129
8091 7516
8092 5564
8093 4602
8094 6509
8095 8077
8096 7638
8097 3056
8098 2147
8099 7904
8100 1420
8101 676
8102 5716
8103 5450
8104 1274
8105 2312
8106 5644
8107 3249
8108 6444
8109 6007
8110 7409
8111 4063
8112 2979
8113 184
8114 65
8115 4451
8116 7787
8117 371
8118 954
8119 2604
8120 6978
8121 4682
8122 6155
8123 608
8124 6281
8125 1734
8126 2477
8127 6712
8128 809
8129 2246
8130 875
8131 3183
8132 1569
8133 5876
8134 5482
8135 2171
8136 4219
8137 5378
8138 7228
8139 7041
8140 5055
8141 4340
8142 2669
8143 3410
8144 3855
8145 6731
8146 3754
8147 3483
8148 5758
8149 2745
8150 244
8151 5367
8152 78
8153 1346
8154 4471
8155 7492
8156 6415
8157 417
8158 7909
8159 6726
8160 7609
8161 3068
8162 1294
8163 4490
8164 5714
8165 1285
8166 5528
8167 5988
8168 2551
8169 894
8170 2222
8171 3494
8172 4257
8173 6194
8174 6932
8175 4382
8176 7430
8177 3783
8178 2535
8179 5657
8180 1236
8181 1679
8182 7614
8183 5060
8184 5451
8185 2523
8186 5493
8187 670
8188 2280
8189 4327
8190 2430
8191 6659
