BER Performance of Bit-based Message Passing in MIMO Channel
Receiver Channel Selection
Number of transmit antenna is 2
Number of receive antenna is 2
Maximum Doppler frequency: 1157.407407
Channel fading rate: 0.105822
Maximum number of bits of simulation = 122880

Eb/No     BER
0.000000:
2.239990e-001 
1.729736e-001 
1.661377e-001 
1.640625e-001 
1.640625e-001 
1.646729e-001 

5.000000:
1.904907e-001 
1.245117e-001 
1.110229e-001 
1.039429e-001 
1.041260e-001 
1.028442e-001 

10.000000:
1.654867e-001 
8.101400e-002 
5.826823e-002 
5.053711e-002 
4.711914e-002 
4.500326e-002 

15.000000:
1.582031e-001 
7.230632e-002 
4.445394e-002 
3.450521e-002 
2.897135e-002 
2.526855e-002 

20.000000:
1.458893e-001 
5.859375e-002 
3.399658e-002 
2.325439e-002 
1.867676e-002 
1.536560e-002 

25.000000:
1.346623e-001 
4.950421e-002 
2.552209e-002 
1.640437e-002 
1.218825e-002 
9.868915e-003 

30.000000:
1.341349e-001 
4.986572e-002 
2.742513e-002 
2.073161e-002 
2.016195e-002 
2.150472e-002 

Total elapsed time: 1053(sec)

