BER Performance of Bit-based Message Passinlg in MIMO Channel
Number of transmit antenna is 4
Number of receive antenna is 4
Vehicular speed: 250.000000 km/h
Maximum Doppler frequency: 578.703704
Channel fading rate: 0.059525
Maximum number of bits of simulation = 1024000

Eb/No     BER
0.000000 1.936646e-001 1.617126e-001 
2.000000 1.765747e-001 1.307983e-001 
4.000000 1.587853e-001 9.665152e-002 
6.000000 1.407539e-001 6.966824e-002 
8.000000 1.201477e-001 4.438128e-002 
10.000000 9.401948e-002 2.322330e-002 
12.000000 7.396561e-002 1.298828e-002 
14.000000 5.457324e-002 7.232422e-003 
16.000000 3.637305e-002 3.811523e-003 
Total elapsed time: 22806(sec)

BER Performance of Bit-based Message Passinlg in MIMO Channel
Number of transmit antenna is 4
Number of receive antenna is 4
Vehicular speed: 250.000000 km/h
Maximum Doppler frequency: 578.703704
Channel fading rate: 0.059525
Maximum number of bits of simulation = 1024000

Eb/No     BER
0.000000 1.956651e-001 1.626519e-001 1.563449e-001 1.543104e-001 1.541341e-001 1.538222e-001 1.537137e-001 1.537815e-001 1.536865e-001 1.537543e-001 
2.000000 1.751043e-001 1.296054e-001 1.179532e-001 1.148571e-001 1.141690e-001 1.136586e-001 1.139582e-001 1.137806e-001 1.134033e-001 1.134366e-001 
4.000000 1.599480e-001 9.866153e-002 8.002786e-002 7.583439e-002 7.359404e-002 7.323501e-002 7.216510e-002 7.227999e-002 7.172708e-002 7.210047e-002 
6.000000 1.330338e-001 6.308365e-002 4.567337e-002 4.216385e-002 4.061127e-002 4.005051e-002 3.881836e-002 3.868103e-002 3.852463e-002 3.864670e-002 
8.000000 1.109698e-001 3.748740e-002 2.391397e-002 2.268933e-002 2.184271e-002 2.067320e-002 2.011010e-002 1.993487e-002 1.964151e-002 1.971632e-002 
10.000000 9.208035e-002 2.194282e-002 1.363525e-002 1.588949e-002 1.546766e-002 1.321208e-002 1.425917e-002 1.309814e-002 1.328939e-002 1.374105e-002 
12.000000 7.407653e-002 1.305678e-002 9.484745e-003 1.338862e-002 1.272613e-002 9.847400e-003 1.245354e-002 1.042694e-002 1.074219e-002 1.190008e-002 
14.000000 5.501465e-002 7.248047e-003 6.970703e-003 1.051563e-002 9.345703e-003 7.139648e-003 9.964844e-003 7.808594e-003 8.359375e-003 9.083984e-003 
16.000000 3.595605e-002 3.759766e-003 4.725586e-003 6.473633e-003 5.776367e-003 4.491211e-003 6.346680e-003 4.901367e-003 5.458984e-003 5.574219e-003 
Total elapsed time: 73081(sec)

