BER Performance of Bit-based Message Passinlg in MIMO Channel
Gallager (20, 7) LDPC code
Dimension of Parity Check matrix: (15,20)
Column Weight = 3, Row Weight = 4
Number of transmit antenna is 2
Number of receive antenna is 2
Vehicular speed: 350.000000 km/h
Maximum Doppler frequency: 810.185185
Channel fading rate: 0.083336
Maximum number of bits of simulation = 10200000

Eb/No     BER
0.000000:
2.349060e-001 
2.248775e-001 
2.215278e-001 
2.201389e-001 
2.184436e-001 
2.175654e-001 
2.168709e-001 
2.165645e-001 
2.162786e-001 
2.160131e-001 

2.000000:
1.602941e-001 
1.332353e-001 
1.210490e-001 
1.138137e-001 
1.101667e-001 
1.074118e-001 
1.055882e-001 
1.044118e-001 
1.034020e-001 
1.023824e-001 

4.000000:
1.084955e-001 
7.345023e-002 
5.799774e-002 
5.003394e-002 
4.564103e-002 
4.252640e-002 
4.070890e-002 
3.959276e-002 
3.875943e-002 
3.782051e-002 

6.000000:
6.472724e-002 
3.069459e-002 
2.046456e-002 
1.648678e-002 
1.442481e-002 
1.328476e-002 
1.242017e-002 
1.183441e-002 
1.153198e-002 
1.127676e-002 

8.000000:
2.623000e-002 
6.400588e-003 
2.926765e-003 
1.867157e-003 
1.460588e-003 
1.259020e-003 
1.122843e-003 
1.025980e-003 
9.664706e-004 
9.203922e-004 

10.000000:
7.379020e-003 
8.011765e-004 
2.588235e-004 
1.443137e-004 
1.150000e-004 
9.627451e-005 
8.166667e-005 
7.000000e-005 
6.352941e-005 
5.882353e-005 

12.000000:
1.855490e-003 
9.892157e-005 
2.676471e-005 
1.382353e-005 
1.225490e-005 
1.107843e-005 
9.215686e-006 
8.431373e-006 
7.352941e-006 
7.549020e-006 

14.000000:
2.921569e-004 
5.980392e-006 
1.372549e-006 
6.862745e-007 
3.921569e-007 
3.921569e-007 
3.921569e-007 
1.078431e-006 
3.921569e-007 
2.941176e-007 

16.000000:
4.892157e-005 
9.803922e-008 
0.000000e+000 
0.000000e+000 
0.000000e+000 
0.000000e+000 
0.000000e+000 
0.000000e+000 
0.000000e+000 
0.000000e+000 

Total elapsed time: 232142(sec)

