BER Performance of Bit-based Message Passing in MIMO Channel
Receiver Channel Selection
Number of transmit antenna is 2
Number of receive antenna is 2
Maximum Doppler frequency: 810.185185
Channel fading rate: 0.074075
Maximum number of bits of simulation = 122880

Eb/No     BER
0.000000:
2.508545e-001 
2.175293e-001 
2.131348e-001 
2.130127e-001 
2.122803e-001 

5.000000:
2.099609e-001 
1.480713e-001 
1.328125e-001 
1.275635e-001 
1.259766e-001 

10.000000:
1.499430e-001 
6.791178e-002 
5.179850e-002 
4.569499e-002 
4.414876e-002 

15.000000:
1.177843e-001 
3.569878e-002 
2.144368e-002 
1.668294e-002 
1.494683e-002 

20.000000:
9.812826e-002 
2.408040e-002 
1.176758e-002 
8.284505e-003 
6.713867e-003 

25.000000:
8.107096e-002 
1.746419e-002 
7.853190e-003 
4.646810e-003 
3.613281e-003 

30.000000:
7.542318e-002 
1.535645e-002 
6.193034e-003 
3.857422e-003 
3.108724e-003 

Total elapsed time: 1417(sec)

