BER Performance of Bit-based Message Passing in MIMO Channel
Receiver Channel Selection
Number of transmit antenna is 4
Number of receive antenna is 4
Maximum number of bits of simulation = 1000000

Eb/No     BER
0.000000 1.834286e-001 1.552857e-001 1.471429e-001 1.442857e-001 1.425714e-001 1.438571e-001 1.440000e-001 1.428571e-001 1.430000e-001 1.430000e-001 
2.000000 1.629353e-001 1.181592e-001 1.076907e-001 1.059287e-001 1.045813e-001 1.047886e-001 1.039594e-001 1.042703e-001 1.046849e-001 1.040630e-001 
4.000000 1.496201e-001 9.179797e-002 7.625211e-002 7.238323e-002 7.041362e-002 7.041362e-002 6.985087e-002 7.055431e-002 6.914744e-002 7.048396e-002 
6.000000 1.303760e-001 6.023259e-002 4.410474e-002 3.982592e-002 3.781451e-002 3.785108e-002 3.693681e-002 3.748537e-002 3.700995e-002 3.660767e-002 
8.000000 1.126751e-001 3.999859e-002 2.411939e-002 2.079502e-002 1.939808e-002 1.890296e-002 1.787735e-002 1.831942e-002 1.764747e-002 1.771821e-002 
10.000000 9.563723e-002 2.258675e-002 1.127339e-002 9.161292e-003 7.755450e-003 7.515591e-003 7.055861e-003 6.889292e-003 6.356271e-003 6.682746e-003 
12.000000 7.801205e-002 1.214035e-002 4.862817e-003 3.656572e-003 2.893209e-003 2.757451e-003 2.412492e-003 2.436973e-003 2.138749e-003 2.232222e-003 
14.000000 5.896100e-002 5.749000e-003 2.063000e-003 1.495000e-003 1.147000e-003 1.013000e-003 9.000000e-004 8.590000e-004 7.800000e-004 7.700000e-004 
BER Performance of Bit-based Message Passing in MIMO Channel
Receiver Channel Selection
Number of transmit antenna is 4
Number of receive antenna is 4
Maximum number of bits of simulation = 1000000

Eb/No     BER
0.000000 2.232143e-001 1.977873e-001 1.948758e-001 1.942935e-001 1.946817e-001 1.948758e-001 1.950699e-001 1.948758e-001 1.948758e-001 1.946817e-001 
2.000000 2.044155e-001 1.651842e-001 1.615311e-001 1.589898e-001 1.596252e-001 1.589898e-001 1.589898e-001 1.594663e-001 1.591487e-001 1.591487e-001 
4.000000 1.850275e-001 1.460165e-001 1.375000e-001 1.388736e-001 1.372253e-001 1.376374e-001 1.375000e-001 1.376374e-001 1.377747e-001 1.376374e-001 
6.000000 1.714789e-001 1.260563e-001 1.159624e-001 1.159624e-001 1.177230e-001 1.180751e-001 1.176056e-001 1.177230e-001 1.180751e-001 1.176056e-001 
8.000000 1.555749e-001 9.965157e-002 9.137631e-002 8.754355e-002 8.658537e-002 8.675958e-002 8.719512e-002 8.702091e-002 8.649826e-002 8.719512e-002 
10.000000 1.418994e-001 8.177374e-002 7.220670e-002 7.122905e-002 7.039106e-002 7.087989e-002 7.018156e-002 7.004190e-002 7.032123e-002 6.990223e-002 
12.000000 1.327360e-001 6.945681e-002 5.888246e-002 5.721282e-002 5.648931e-002 5.571015e-002 5.532057e-002 5.576581e-002 5.565450e-002 5.576581e-002 
14.000000 1.163201e-001 5.688227e-002 4.670427e-002 4.467748e-002 4.467748e-002 4.441311e-002 4.450123e-002 4.414875e-002 4.454529e-002 4.410469e-002 
16.000000 1.000205e-001 4.380809e-002 3.536769e-002 3.437671e-002 3.447922e-002 3.413751e-002 3.434254e-002 3.427419e-002 3.427419e-002 3.424002e-002 
Total elapsed time: 1164(sec)

