BER Performance of Bit-based Message Passing in MIMO Channel
Receiver Channel Selection
Number of transmit antenna is 2
Number of receive antenna is 2
Maximum number of bits of simulation = 960000

Eb/No     BER
0.000000 2.955975e-001 2.633648e-001 2.623166e-001 2.610063e-001 2.617925e-001 2.615304e-001 2.620545e-001 2.620545e-001 2.623166e-001 2.623166e-001 
2.000000 2.640777e-001 2.461165e-001 2.424757e-001 2.436893e-001 2.417476e-001 2.422330e-001 2.424757e-001 2.432039e-001 2.429612e-001 2.429612e-001 
4.000000 2.415846e-001 2.192118e-001 2.118227e-001 2.073071e-001 2.056650e-001 2.054598e-001 2.056650e-001 2.062808e-001 2.056650e-001 2.054598e-001 
6.000000 2.270833e-001 1.738782e-001 1.647436e-001 1.589744e-001 1.597756e-001 1.591346e-001 1.599359e-001 1.597756e-001 1.604167e-001 1.604167e-001 
8.000000 2.092842e-001 1.422459e-001 1.371888e-001 1.321317e-001 1.321317e-001 1.314834e-001 1.308351e-001 1.297977e-001 1.292790e-001 1.297977e-001 
10.000000 1.852257e-001 1.124495e-001 9.686658e-002 8.945418e-002 8.650606e-002 8.701146e-002 8.633760e-002 8.507412e-002 8.498989e-002 8.431604e-002 
12.000000 1.642366e-001 8.688952e-002 6.804173e-002 6.341868e-002 6.092935e-002 6.092935e-002 6.104789e-002 6.116643e-002 6.045519e-002 5.932907e-002 
14.000000 1.385471e-001 5.923417e-002 4.392452e-002 3.977744e-002 3.829140e-002 3.670169e-002 3.645977e-002 3.611418e-002 3.545756e-002 3.459359e-002 
16.000000 1.135570e-001 3.998515e-002 2.766859e-002 2.389064e-002 2.314815e-002 2.251485e-002 2.194706e-002 2.166317e-002 2.164133e-002 2.185971e-002 
18.000000 8.192203e-002 2.556893e-002 1.585516e-002 1.320896e-002 1.201817e-002 1.163227e-002 1.138970e-002 1.110303e-002 1.089353e-002 1.105892e-002 
20.000000 5.578939e-002 1.417946e-002 8.335397e-003 6.705455e-003 6.086490e-003 5.658373e-003 5.395312e-003 5.194149e-003 5.080672e-003 5.163200e-003 
Total elapsed time: 1667(sec)

BER Performance of Bit-based Message Passing in MIMO Channel
Receiver Channel Selection
Number of transmit antenna is 2
Number of receive antenna is 2
Maximum number of bits of simulation = 960000

Eb/No     BER
0.000000 2.568493e-001 2.168236e-001 2.138271e-001 2.136130e-001 2.138271e-001 2.138271e-001 2.144692e-001 2.144692e-001 2.146832e-001 2.142551e-001 
5.000000 2.083760e-001 1.480533e-001 1.339652e-001 1.334529e-001 1.302510e-001 1.299949e-001 1.283299e-001 1.293545e-001 1.289703e-001 1.283299e-001 
10.000000 1.524004e-001 7.029215e-002 5.456829e-002 4.973018e-002 4.796241e-002 4.745069e-002 4.819501e-002 4.731113e-002 4.712505e-002 4.656680e-002 
15.000000 8.361388e-002 2.509352e-002 1.566916e-002 1.285328e-002 1.198047e-002 1.121155e-002 1.085827e-002 1.078554e-002 1.070241e-002 1.042186e-002 
20.000000 2.579115e-002 4.705680e-003 2.480262e-003 1.994923e-003 1.782282e-003 1.673527e-003 1.655672e-003 1.637817e-003 1.634570e-003 1.629701e-003 
25.000000 4.621875e-003 5.875000e-004 2.979167e-004 2.364583e-004 2.000000e-004 1.947917e-004 1.968750e-004 1.802083e-004 1.895833e-004 1.812500e-004 
30.000000 5.541667e-004 5.312500e-005 2.500000e-005 2.291667e-005 2.291667e-005 2.812500e-005 2.395833e-005 2.395833e-005 2.187500e-005 1.979167e-005 
Total elapsed time: 11881(sec)

