BER Performance of Bit-based Message Passing in MIMO Channel
Number of transmit antenna is 4
Number of receive antenna is 4
Maximum number of bits of simulation = 8000000

Eb/No     BER
0.000000 2.048755e-01 1.754841e-01 1.760028e-01 1.732365e-01 1.727178e-01 1.730636e-01 1.727178e-01 1.727178e-01 1.728907e-01 1.730636e-01 
BER Performance of Bit-based Message Passing in MIMO Channel
Number of transmit antenna is 4
Number of receive antenna is 4
Maximum number of bits of simulation = 8000000

Eb/No     BER
0.000000 2.089816e-01 1.799859e-01 1.773338e-01 1.771570e-01 1.773338e-01 1.780410e-01 1.771570e-01 1.771570e-01 1.769802e-01 1.771570e-01 
1.000000 2.076948e-01 1.690613e-01 1.653895e-01 1.631545e-01 1.607599e-01 1.601213e-01 1.599617e-01 1.599617e-01 1.601213e-01 1.599617e-01 
2.000000 1.901610e-01 1.433022e-01 1.348650e-01 1.304517e-01 1.287643e-01 1.303219e-01 1.301921e-01 1.307113e-01 1.299325e-01 1.299325e-01 
3.000000 1.768037e-01 1.221686e-01 1.088507e-01 1.067534e-01 1.047609e-01 1.053901e-01 1.052852e-01 1.054950e-01 1.055998e-01 1.049706e-01 
4.000000 1.625421e-01 1.032828e-01 8.821549e-02 8.560606e-02 8.451178e-02 8.451178e-02 8.425926e-02 8.476431e-02 8.434343e-02 8.425926e-02 
5.000000 1.598177e-01 8.456660e-02 7.386364e-02 6.943710e-02 6.738901e-02 6.646406e-02 6.633192e-02 6.567125e-02 6.633192e-02 6.613372e-02 
6.000000 1.465039e-01 7.001480e-02 5.530892e-02 4.874214e-02 4.698483e-02 4.800222e-02 4.777100e-02 4.675361e-02 4.555124e-02 4.633740e-02 
7.000000 1.397853e-01 5.294479e-02 3.773006e-02 3.352761e-02 3.110429e-02 3.119632e-02 3.064417e-02 3.058282e-02 3.073620e-02 3.070552e-02 
8.000000 1.316855e-01 4.066487e-02 2.555610e-02 2.142623e-02 2.075155e-02 2.158979e-02 2.134446e-02 2.103778e-02 2.140579e-02 2.046533e-02 
9.000000 1.212367e-01 3.063664e-02 1.703884e-02 1.297405e-02 1.143546e-02 1.172655e-02 1.140427e-02 1.134190e-02 1.095725e-02 1.040627e-02 
10.000000 1.146944e-01 2.334731e-02 1.162872e-02 7.739165e-03 6.495906e-03 6.066507e-03 5.652087e-03 5.417416e-03 5.152786e-03 5.002996e-03 
11.000000 1.053102e-01 1.667580e-02 6.661567e-03 3.866411e-03 2.920739e-03 2.606783e-03 2.437437e-03 2.199592e-03 2.034052e-03 1.904664e-03 
12.000000 9.528907e-02 1.262917e-02 4.266698e-03 2.185728e-03 1.460302e-03 1.208255e-03 1.044423e-03 9.183995e-04 8.475110e-04 7.900126e-04 
13.000000 8.551438e-02 9.078044e-03 2.563469e-03 1.128850e-03 6.551433e-04 4.654010e-04 3.628726e-04 3.153721e-04 2.805903e-04 2.598251e-04 
14.000000 7.540800e-02 6.656500e-03 1.592125e-03 6.102500e-04 3.075000e-04 1.887500e-04 1.268750e-04 1.037500e-04 8.425000e-05 7.312500e-05 
15.000000 6.539850e-02 4.642375e-03 9.056250e-04 2.977500e-04 1.305000e-04 7.137500e-05 4.412500e-05 3.037500e-05 2.150000e-05 1.625000e-05 
16.000000 5.504837e-02 3.189125e-03 5.441250e-04 1.660000e-04 6.925000e-05 2.987500e-05 1.600000e-05 9.625000e-06 6.625000e-06 5.875000e-06 
