BER Performance of Bit-based Message Passinlg in MIMO Channel
Gallager (20, 7) LDPC code
Dimension of Parity Check matrix: (15,20)
Column Weight = 3, Row Weight = 4
Number of transmit antenna is 4
Number of receive antenna is 4
Vehicular speed: 250.000000 km/h
Maximum Doppler frequency: 578.703704
Channel fading rate: 0.059525
Maximum number of bits of simulation = 1022500

Eb/No     BER
0.000000:
2.339155e-001 2.088543e-001 1.982710e-001 1.938351e-001 1.911980e-001 1.887880e-001 1.866923e-001 1.854523e-001 1.839329e-001 1.838107e-001 

2.000000:
1.964425e-001 1.589609e-001 1.460513e-001 1.389364e-001 1.366504e-001 1.329462e-001 1.301100e-001 1.276406e-001 1.286186e-001 1.259046e-001 

4.000000:
1.693154e-001 1.149072e-001 9.590824e-002 8.982454e-002 8.568244e-002 8.463972e-002 8.108011e-002 7.920322e-002 7.685891e-002 7.484539e-002 

6.000000:
1.257550e-001 6.449812e-002 4.789533e-002 4.419481e-002 4.222890e-002 3.984669e-002 3.753056e-002 3.644023e-002 3.466596e-002 3.362189e-002 

8.000000:
8.872019e-002 2.936483e-002 1.887504e-002 1.827563e-002 1.753030e-002 1.636564e-002 1.501959e-002 1.431632e-002 1.375240e-002 1.326077e-002 

10.000000:
6.817604e-002 1.588655e-002 1.012714e-002 1.052910e-002 9.934474e-003 9.171638e-003 8.746210e-003 8.460636e-003 8.172127e-003 8.120293e-003 

12.000000:
5.239218e-002 9.308557e-003 6.554523e-003 7.194132e-003 6.696333e-003 6.392176e-003 6.098778e-003 6.085086e-003 6.014670e-003 5.825917e-003 

BER Performance of Bit-based Message Passinlg in MIMO Channel
Gallager (20, 7) LDPC code
Dimension of Parity Check matrix: (15,20)
Column Weight = 3, Row Weight = 4
Number of transmit antenna is 4
Number of receive antenna is 4
Vehicular speed: 250.000000 km/h
Maximum Doppler frequency: 578.703704
Channel fading rate: 0.059525
Maximum number of bits of simulation = 1022500

Eb/No     BER
BER Performance of Bit-based Message Passinlg in MIMO Channel
Gallager (20, 7) LDPC code
Dimension of Parity Check matrix: (15,20)
Column Weight = 3, Row Weight = 4
Number of transmit antenna is 4
Number of receive antenna is 4
Vehicular speed: 250.000000 km/h
Maximum Doppler frequency: 578.703704
Channel fading rate: 0.059525
Maximum number of bits of simulation = 1022500

Eb/No     BER
0.000000:
2.312609e-001 2.049424e-001 1.949354e-001 1.891198e-001 1.866399e-001 1.849633e-001 1.825183e-001 1.795145e-001 1.793224e-001 1.792875e-001 

2.000000:
1.977751e-001 1.609291e-001 1.446455e-001 1.377139e-001 1.338386e-001 1.311736e-001 1.294010e-001 1.275672e-001 1.261858e-001 1.255990e-001 

4.000000:
1.647600e-001 1.083580e-001 8.921632e-002 8.231244e-002 7.780852e-002 7.571741e-002 7.242311e-002 6.995882e-002 6.825376e-002 6.711491e-002 

6.000000:
1.204207e-001 5.685361e-002 3.957569e-002 3.452781e-002 3.244448e-002 3.124745e-002 2.912082e-002 2.796200e-002 2.648991e-002 2.563162e-002 

8.000000:
8.755697e-002 2.697408e-002 1.531638e-002 1.262200e-002 1.184645e-002 1.097213e-002 1.005868e-002 9.248900e-003 8.648411e-003 8.096822e-003 

10.000000:
6.610660e-002 1.293203e-002 6.268949e-003 5.257702e-003 4.637653e-003 4.217115e-003 3.718337e-003 3.472861e-003 3.248900e-003 3.032763e-003 

12.000000:
4.909144e-002 6.500733e-003 2.981907e-003 2.513447e-003 2.343276e-003 2.046944e-003 1.827873e-003 1.695844e-003 1.594132e-003 1.435697e-003 

14.000000:
3.570367e-002 3.128606e-003 1.311491e-003 1.056235e-003 9.506112e-004 8.488998e-004 8.234719e-004 7.726161e-004 7.198044e-004 6.503667e-004 

16.000000:
2.288020e-002 1.399511e-003 6.728606e-004 5.369193e-004 4.782396e-004 4.156479e-004 3.589242e-004 2.914425e-004 2.806846e-004 2.806846e-004 

BER Performance of Bit-based Message Passinlg in MIMO Channel
Gallager (20, 7) LDPC code
Dimension of Parity Check matrix: (15,20)
Column Weight = 3, Row Weight = 4
Number of transmit antenna is 4
Number of receive antenna is 4
Vehicular speed: 250.000000 km/h
Maximum Doppler frequency: 578.703704
Channel fading rate: 0.059525
Maximum number of bits of simulation = 1022500

Eb/No     BER
0.000000:
2.311736e-001 2.052567e-001 1.951450e-001 1.910583e-001 1.877751e-001 1.847014e-001 1.822040e-001 1.808068e-001 1.809116e-001 1.793224e-001 

2.000000:
1.974939e-001 1.586553e-001 1.452812e-001 1.394254e-001 1.343765e-001 1.327628e-001 1.299022e-001 1.262592e-001 1.247677e-001 1.232641e-001 

4.000000:
1.640383e-001 1.093045e-001 8.940505e-002 8.245042e-002 7.879652e-002 7.676582e-002 7.559766e-002 7.319343e-002 7.138006e-002 6.919995e-002 

6.000000:
1.199572e-001 5.713121e-002 4.022769e-002 3.561787e-002 3.344285e-002 3.119652e-002 2.937551e-002 2.785758e-002 2.633710e-002 2.549154e-002 

8.000000:
8.676088e-002 2.639413e-002 1.493790e-002 1.254768e-002 1.148460e-002 1.067775e-002 9.928606e-003 9.230318e-003 8.651345e-003 8.185819e-003 

10.000000:
6.619071e-002 1.326357e-002 6.452812e-003 5.247922e-003 4.654279e-003 4.197555e-003 3.779951e-003 3.433741e-003 3.127628e-003 2.970171e-003 

12.000000:
4.893888e-002 6.445966e-003 2.847922e-003 2.305134e-003 1.997066e-003 1.912958e-003 1.731051e-003 1.569682e-003 1.486553e-003 1.402445e-003 

14.000000:
3.519609e-002 3.200978e-003 1.480685e-003 1.270416e-003 1.148166e-003 1.053301e-003 9.506112e-004 8.674817e-004 7.970660e-004 7.687042e-004 

16.000000:
2.328215e-002 1.467971e-003 6.875306e-004 5.916870e-004 4.860636e-004 4.264059e-004 3.823961e-004 3.110024e-004 2.963325e-004 2.669927e-004 

Total elapsed time: 87176(sec)

