BER Performance of Bit-based Message Passinlg in MIMO Channel
Gallager (20, 7) LDPC code
Dimension of Parity Check matrix: (15,20)
Column Weight = 3, Row Weight = 4
Number of transmit antenna is 2
Number of receive antenna is 2
Vehicular speed: 350.000000 km/h
Maximum Doppler frequency: 810.185185
Channel fading rate: 0.083336
Maximum number of bits of simulation = 10200000

Eb/No     BER
0.000000:
2.609314e-001 
2.572304e-001 
2.559559e-001 
2.550980e-001 
2.550490e-001 
2.545343e-001 
2.545833e-001 
2.542892e-001 
2.543627e-001 
2.543873e-001 

2.000000:
1.931699e-001 
1.801961e-001 
1.741667e-001 
1.715033e-001 
1.702124e-001 
1.696078e-001 
1.689542e-001 
1.688562e-001 
1.687092e-001 
1.683987e-001 

4.000000:
9.319012e-002 
6.775759e-002 
5.808824e-002 
5.340254e-002 
5.146098e-002 
5.040369e-002 
4.939446e-002 
4.856786e-002 
4.827951e-002 
4.816897e-002 

6.000000:
6.259018e-002 
3.884804e-002 
3.108814e-002 
2.734230e-002 
2.573067e-002 
2.473178e-002 
2.383000e-002 
2.342305e-002 
2.320107e-002 
2.316870e-002 

8.000000:
2.422234e-002 
1.064309e-002 
7.326518e-003 
6.056382e-003 
5.623132e-003 
5.276897e-003 
4.942507e-003 
4.732488e-003 
4.631351e-003 
4.557548e-003 

10.000000:
7.622353e-003 
2.090294e-003 
1.173039e-003 
8.939216e-004 
7.983333e-004 
7.168627e-004 
6.502941e-004 
6.013725e-004 
5.724510e-004 
5.545098e-004 

12.000000:
1.640196e-003 
2.713725e-004 
1.284314e-004 
8.696078e-005 
7.588235e-005 
6.568627e-005 
5.754902e-005 
5.245098e-005 
4.813725e-005 
4.656863e-005 

14.000000:
3.271569e-004 
2.500000e-005 
7.745098e-006 
4.215686e-006 
3.137255e-006 
2.156863e-006 
1.862745e-006 
1.274510e-006 
9.803922e-007 
1.176471e-006 

16.000000:
4.137255e-005 
1.862745e-006 
1.960784e-007 
0.000000e+000 
0.000000e+000 
0.000000e+000 
0.000000e+000 
0.000000e+000 
0.000000e+000 
0.000000e+000 

Total elapsed time: 192798(sec)

BER Performance of Bit-based Message Passinlg in MIMO Channel
Gallager (20, 7) LDPC code
Dimension of Parity Check matrix: (15,20)
Column Weight = 3, Row Weight = 4
Number of transmit antenna is 2
Number of receive antenna is 2
Vehicular speed: 350.000000 km/h
Maximum Doppler frequency: 810.185185
Channel fading rate: 0.083336
Maximum number of bits of simulation = 10200000

Eb/No     BER
0.000000:
2.274101e-001 
2.178922e-001 
2.146650e-001 
2.134600e-001 
2.125204e-001 
2.119281e-001 
2.117034e-001 
2.112541e-001 
2.111520e-001 
2.112541e-001 

2.000000:
1.973366e-001 
1.861111e-001 
1.794281e-001 
1.768954e-001 
1.747876e-001 
1.735784e-001 
1.730882e-001 
1.728105e-001 
1.726797e-001 
1.725817e-001 

4.000000:
1.132290e-001 
8.829814e-002 
7.858849e-002 
7.429613e-002 
7.180744e-002 
7.019231e-002 
6.907366e-002 
6.833208e-002 
6.781046e-002 
6.783560e-002 

6.000000:
7.588172e-002 
5.035332e-002 
4.123695e-002 
3.741087e-002 
3.541508e-002 
3.406544e-002 
3.318373e-002 
3.262669e-002 
3.229565e-002 
3.205373e-002 

8.000000:
2.473503e-002 
1.088037e-002 
7.615546e-003 
6.331384e-003 
5.851597e-003 
5.478746e-003 
5.176395e-003 
4.973881e-003 
4.853225e-003 
4.793133e-003 

10.000000:
7.229706e-003 
1.976863e-003 
1.125980e-003 
8.458824e-004 
7.590196e-004 
6.817647e-004 
6.328431e-004 
5.853922e-004 
5.564706e-004 
5.357843e-004 

12.000000:
1.761176e-003 
2.778431e-004 
1.265686e-004 
9.039216e-005 
7.960784e-005 
7.176471e-005 
6.450980e-005 
6.039216e-005 
5.411765e-005 
5.313725e-005 

14.000000:
3.612745e-004 
3.686275e-005 
1.294118e-005 
8.627451e-006 
8.627451e-006 
5.980392e-006 
4.509804e-006 
3.627451e-006 
3.333333e-006 
3.137255e-006 

16.000000:
4.441176e-005 
1.274510e-006 
9.803922e-008 
0.000000e+000 
0.000000e+000 
0.000000e+000 
0.000000e+000 
0.000000e+000 
0.000000e+000 
0.000000e+000 

Total elapsed time: 192181(sec)

