BER Performance of Bit-based Message Passing in MIMO Channel
LDPC Code of 16e 
Number of transmit antenna is 2
Number of receive antenna is 2
Vehicular speed: 250.000000 km/h
Maximum Doppler frequency: 578.703704
Channel fading rate: 0.059525
Maximum number of bits of simulation = 960000

Eb/No     BER
2.000000 1.977539e-001 1.793294e-001 1.754557e-001 1.731445e-001 1.722005e-001 1.714518e-001 1.698568e-001 1.694987e-001 1.689453e-001 1.695312e-001 
4.000000 1.184896e-001 7.715929e-002 5.833876e-002 4.712457e-002 3.950195e-002 3.513455e-002 3.214518e-002 3.019206e-002 2.894423e-002 2.781576e-002 
6.000000 7.752083e-002 3.185313e-002 1.628125e-002 9.239583e-003 5.691667e-003 3.716667e-003 2.706250e-003 2.128125e-003 1.791667e-003 1.553125e-003 
8.000000 4.053542e-002 7.935417e-003 2.046875e-003 6.343750e-004 2.312500e-004 9.791667e-005 3.750000e-005 1.666667e-005 4.166667e-006 0.000000e+000 
10.000000 1.658125e-002 9.750000e-004 7.604167e-005 5.208333e-006 0.000000e+000 0.000000e+000 0.000000e+000 0.000000e+000 0.000000e+000 0.000000e+000 
BER Performance of Bit-based Message Passing in MIMO Channel
LDPC Code of 16e 
Number of transmit antenna is 2
Number of receive antenna is 2
Vehicular speed: 250.000000 km/h
Maximum Doppler frequency: 578.703704
Channel fading rate: 0.059525
Maximum number of bits of simulation = 96000

Eb/No     BER
2.000000 2.041146e-001 1.900000e-001 1.849479e-001 1.831250e-001 1.811979e-001 1.782292e-001 1.768750e-001 1.771354e-001 1.763021e-001 1.761458e-001 
4.000000 1.654879e-001 1.330318e-001 1.202851e-001 1.117050e-001 1.038103e-001 9.904057e-002 9.621711e-002 9.457237e-002 9.205044e-002 9.029605e-002 
6.000000 7.811458e-002 3.529167e-002 1.978125e-002 1.275000e-002 8.750000e-003 6.895833e-003 5.166667e-003 3.593750e-003 2.645833e-003 2.020833e-003 
8.000000 4.261458e-002 9.010417e-003 2.468750e-003 8.229167e-004 2.291667e-004 3.125000e-005 0.000000e+000 0.000000e+000 0.000000e+000 0.000000e+000 
10.000000 1.811458e-002 1.531250e-003 2.604167e-004 1.041667e-005 2.083333e-005 1.041667e-005 0.000000e+000 0.000000e+000 0.000000e+000 0.000000e+000 
BER Performance of Bit-based Message Passing in MIMO Channel
LDPC Code of 16e 
Number of transmit antenna is 4
Number of receive antenna is 4
Vehicular speed: 250.000000 km/h
Maximum Doppler frequency: 578.703704
Channel fading rate: 0.059525
Maximum number of bits of simulation = 9984000

Eb/No     BER
BER Performance of Bit-based Message Passing in MIMO Channel
LDPC Code of 16e 
Number of transmit antenna is 4
Number of receive antenna is 4
Vehicular speed: 250.000000 km/h
Maximum Doppler frequency: 578.703704
Channel fading rate: 0.059525
Maximum number of bits of simulation = 9984000

Eb/No     BER
0.000000 2.218750e-001 2.052269e-001 2.034412e-001 2.033668e-001 2.037202e-001 2.037946e-001 2.037760e-001 2.036272e-001 2.035342e-001 2.035342e-001 
2.000000 1.930700e-001 1.648148e-001 1.559606e-001 1.535590e-001 1.510851e-001 1.496383e-001 1.491030e-001 1.480903e-001 1.481916e-001 1.482639e-001 
4.000000 1.615745e-001 1.161669e-001 9.456996e-002 7.985290e-002 6.818694e-002 5.859023e-002 5.142173e-002 4.535121e-002 4.002675e-002 3.582137e-002 
BER Performance of Bit-based Message Passing in MIMO Channel
LDPC Code of 16e 
Number of transmit antenna is 4
Number of receive antenna is 4
Vehicular speed: 250.000000 km/h
Maximum Doppler frequency: 578.703704
Channel fading rate: 0.059525
Maximum number of bits of simulation = 1152000

Eb/No     BER
0.000000 2.187500e-001 2.015625e-001 1.987956e-001 1.983073e-001 1.988281e-001 1.990560e-001 1.993815e-001 1.991862e-001 1.989583e-001 1.991211e-001 
2.000000 1.854167e-001 1.523003e-001 1.439453e-001 1.386068e-001 1.344401e-001 1.322917e-001 1.315104e-001 1.313802e-001 1.310113e-001 1.291450e-001 
4.000000 1.662923e-001 1.190267e-001 9.654948e-002 8.176541e-002 6.865234e-002 5.729709e-002 4.744466e-002 3.885634e-002 3.238932e-002 2.758789e-002 
BER Performance of Bit-based Message Passing in MIMO Channel
LDPC Code of 16e 
Number of transmit antenna is 4
Number of receive antenna is 4
Vehicular speed: 250.000000 km/h
Maximum Doppler frequency: 578.703704
Channel fading rate: 0.059525
Maximum number of bits of simulation = 768000

Eb/No     BER
0.000000 2.290365e-001 2.076823e-001 2.042969e-001 2.052083e-001 2.054688e-001 2.070313e-001 2.065104e-001 2.071615e-001 2.063802e-001 2.063802e-001 
2.000000 1.916016e-001 1.533854e-001 1.392578e-001 1.307292e-001 1.252604e-001 1.218099e-001 1.219401e-001 1.170573e-001 1.158854e-001 1.145182e-001 
4.000000 1.711227e-001 1.128038e-001 8.103299e-002 5.938947e-002 4.337384e-002 3.412905e-002 2.863137e-002 2.478299e-002 2.249711e-002 2.037037e-002 
6.000000 1.319453e-001 5.317578e-002 2.118750e-002 8.932292e-003 4.063802e-003 2.058594e-003 1.196615e-003 6.901042e-004 4.544271e-004 3.138021e-004 
8.000000 1.065378e-001 2.138802e-002 3.746094e-003 9.622396e-004 3.203125e-004 1.158854e-004 7.291667e-005 3.906250e-005 2.343750e-005 2.213542e-005 
10.000000 8.337240e-002 6.990885e-003 5.859375e-004 1.080729e-004 2.864583e-005 1.171875e-005 2.604167e-006 1.302083e-006 0.000000e+000 0.000000e+000 
BER Performance of Bit-based Message Passing in MIMO Channel
LDPC Code of 16e 
Number of transmit antenna is 4
Number of receive antenna is 4
Vehicular speed: 250.000000 km/h
Maximum Doppler frequency: 578.703704
Channel fading rate: 0.059525
Maximum number of bits of simulation = 1152000

Eb/No     BER
0.000000 2.212891e-001 2.062500e-001 2.045573e-001 2.032552e-001 2.014974e-001 2.023437e-001 2.020833e-001 2.022786e-001 2.020833e-001 2.024089e-001 
2.000000 1.854167e-001 1.569878e-001 1.458333e-001 1.425347e-001 1.393663e-001 1.392361e-001 1.371962e-001 1.378906e-001 1.363715e-001 1.345052e-001 
4.000000 1.655185e-001 1.201941e-001 9.817708e-002 8.225616e-002 7.015862e-002 5.936316e-002 5.108902e-002 4.537169e-002 4.077888e-002 3.811553e-002 
6.000000 1.229905e-001 5.732292e-002 2.646701e-002 1.109549e-002 4.348090e-003 1.736979e-003 7.578125e-004 3.185764e-004 1.371528e-004 6.944444e-005 
8.000000 9.602951e-002 2.419097e-002 4.758681e-003 1.104167e-003 2.586806e-004 6.336806e-005 1.128472e-005 1.736111e-006 8.680556e-007 0.000000e+000 
10.000000 7.236111e-002 7.859375e-003 7.881944e-004 1.319444e-004 1.215278e-005 2.604167e-006 0.000000e+000 0.000000e+000 0.000000e+000 0.000000e+000 
12.000000 5.047396e-002 1.992188e-003 1.345486e-004 1.562500e-005 0.000000e+000 0.000000e+000 0.000000e+000 0.000000e+000 0.000000e+000 0.000000e+000 
