BER Performance of Bit-based Message Passing in MIMO Channel
Receiver Channel Selection
Number of transmit antenna is 2
Number of receive antenna is 2
Maximum Doppler frequency: 324.074074
Channel fading rate: 0.029630
Maximum number of bits of simulation = 1024000

Eb/No     BER
0.000000:
2.728678e-001 
2.458700e-001 
2.435506e-001 
2.431030e-001 
2.432658e-001 
2.428792e-001 
2.429810e-001 
2.431234e-001 
2.432658e-001 
2.431641e-001 

5.000000:
2.138943e-001 
1.610107e-001 
1.537950e-001 
1.518962e-001 
1.512180e-001 
1.508111e-001 
1.506076e-001 
1.505805e-001 
1.505127e-001 
1.504449e-001 

10.000000:
1.802117e-001 
1.030345e-001 
8.232565e-002 
7.615751e-002 
7.393153e-002 
7.325655e-002 
7.285443e-002 
7.239488e-002 
7.213637e-002 
7.198558e-002 

15.000000:
9.763610e-002 
3.127015e-002 
1.904297e-002 
1.524101e-002 
1.361617e-002 
1.274864e-002 
1.238480e-002 
1.214659e-002 
1.197711e-002 
1.191667e-002 

20.000000:
4.439551e-002 
8.188477e-003 
4.006836e-003 
2.832031e-003 
2.455078e-003 
2.229492e-003 
2.172852e-003 
2.069336e-003 
2.066406e-003 
2.000000e-003 

25.000000:
1.926074e-002 
2.279297e-003 
8.427734e-004 
5.732422e-004 
4.902344e-004 
4.550781e-004 
4.501953e-004 
4.492188e-004 
4.550781e-004 
4.755859e-004 

30.000000:
1.232129e-002 
1.075195e-003 
3.720703e-004 
2.080078e-004 
1.796875e-004 
1.318359e-004 
1.630859e-004 
1.337891e-004 
1.738281e-004 
1.962891e-004 

Total elapsed time: 22819(sec)

