BER Performance of Bit-based Message Passing in MIMO Channel
Receiver Channel Selection
Number of transmit antenna is 4
Number of receive antenna is 4
Maximum number of bits of simulation = 1000000

Eb/No     BER
0.000000 1.876590e-001 1.623728e-001 1.626908e-001 1.599873e-001 1.599873e-001 1.587150e-001 1.598282e-001 1.596692e-001 1.598282e-001 1.593511e-001 
2.000000 1.706774e-001 1.223262e-001 1.125223e-001 1.135250e-001 1.121881e-001 1.120766e-001 1.117424e-001 1.114082e-001 1.109626e-001 1.116310e-001 
4.000000 1.437500e-001 8.394737e-002 6.901316e-002 6.703947e-002 6.427632e-002 6.519737e-002 6.565789e-002 6.559211e-002 6.565789e-002 6.592105e-002 
6.000000 1.284222e-001 5.849563e-002 4.223116e-002 3.926757e-002 3.760937e-002 3.711544e-002 3.595117e-002 3.517499e-002 3.524555e-002 3.535140e-002 
8.000000 1.122750e-001 3.857916e-002 2.397357e-002 2.072202e-002 1.915776e-002 1.936867e-002 1.805048e-002 1.820866e-002 1.769896e-002 1.759350e-002 
10.000000 9.362345e-002 2.275795e-002 1.150046e-002 9.104530e-003 7.835700e-003 7.747962e-003 7.235031e-003 7.154041e-003 6.634361e-003 6.762594e-003 
12.000000 7.831693e-002 1.243730e-002 5.034541e-003 3.846882e-003 3.075613e-003 2.789344e-003 2.559856e-003 2.533832e-003 2.372954e-003 2.368222e-003 
14.000000 5.854000e-002 5.773000e-003 2.074000e-003 1.421000e-003 1.080000e-003 9.500000e-004 8.410000e-004 8.050000e-004 7.280000e-004 7.400000e-004 
16.000000 3.960800e-002 2.350000e-003 7.330000e-004 5.120000e-004 4.020000e-004 3.720000e-004 3.210000e-004 2.880000e-004 2.660000e-004 2.600000e-004 
Total elapsed time: 22489(sec)

BER Performance of Bit-based Message Passing in MIMO Channel
Receiver Channel Selection
Number of transmit antenna is 4
Number of receive antenna is 4
Maximum number of bits of simulation = 1000000

Eb/No     BER
BER Performance of Bit-based Message Passing in MIMO Channel
Receiver Channel Selection
Number of transmit antenna is 4
Number of receive antenna is 4
Maximum number of bits of simulation = 1000000

Eb/No     BER
0.000000 2.009641e-001 1.728723e-001 1.682181e-001 1.672207e-001 1.657247e-001 1.663896e-001 1.658910e-001 1.665559e-001 1.657247e-001 1.663896e-001 
2.000000 1.676060e-001 1.252254e-001 1.139540e-001 1.130523e-001 1.132777e-001 1.140667e-001 1.131650e-001 1.122633e-001 1.126014e-001 1.128269e-001 
4.000000 1.503257e-001 9.747557e-002 8.534202e-002 8.355049e-002 8.224756e-002 8.232899e-002 8.249186e-002 8.078176e-002 8.110749e-002 8.151466e-002 
6.000000 1.397548e-001 7.242311e-002 5.761638e-002 5.512261e-002 5.309643e-002 5.273275e-002 5.153782e-002 5.216126e-002 5.221322e-002 5.200540e-002 
8.000000 1.224210e-001 4.714700e-002 3.296260e-002 2.971201e-002 2.823447e-002 2.745541e-002 2.721363e-002 2.710617e-002 2.638083e-002 2.689125e-002 
10.000000 1.068443e-001 3.200701e-002 1.791792e-002 1.519019e-002 1.410160e-002 1.377628e-002 1.321321e-002 1.291291e-002 1.246246e-002 1.252503e-002 
12.000000 9.048105e-002 2.060341e-002 1.009477e-002 8.025432e-003 7.017754e-003 6.795825e-003 6.399952e-003 6.441939e-003 6.070058e-003 6.010077e-003 
14.000000 7.294714e-002 1.119391e-002 4.928722e-003 3.710704e-003 3.221437e-003 2.933027e-003 2.719295e-003 2.639467e-003 2.595690e-003 2.585390e-003 
16.000000 5.452753e-002 5.602099e-003 2.253793e-003 1.760290e-003 1.519367e-003 1.471442e-003 1.370410e-003 1.358752e-003 1.286216e-003 1.296578e-003 
Total elapsed time: 16302(sec)

